[01m[K/home/quangsang/ego_ws/src/ego-planner-swarm/src/uav_simulator/so3_control/src/SO3Control.cpp:[m[K In member function ‘[01m[Kvoid SO3Control::calculateControl(const Vector3d&, const Vector3d&, const Vector3d&, double, double, const Vector3d&, const Vector3d&)[m[K’:
[01m[K/home/quangsang/ego_ws/src/ego-planner-swarm/src/uav_simulator/so3_control/src/SO3Control.cpp:38:70:[m[K [01;35m[Kwarning: [m[Kunused parameter ‘[01m[Kdes_yaw_dot[m[K’ [[01;35m[K-Wunused-parameter[m[K]
   38 |    const double des_yaw, [01;35m[Kconst double des_yaw_dot[m[K,
      |                          [01;35m[K~~~~~~~~~~~~~^~~~~~~~~~~[m[K

[01m[K/home/quangsang/ego_ws/src/ego-planner-swarm/src/uav_simulator/so3_control/src/so3_control_component.cpp:30:89:[m[K [01;35m[Kwarning: [m[K‘[01m[Kquadrotor_msgs::msg::PositionCommand_<std::allocator<void> >::ConstPtr[m[K’ is deprecated [[01;35m[K-Wdeprecated-declarations[m[K]
   30 | ::PositionCommand::ConstPtr &cmd[01;35m[K)[m[K;
      |                                 [01;35m[K^[m[K

In file included from [01m[K/home/quangsang/ego_ws/install/quadrotor_msgs/include/quadrotor_msgs/quadrotor_msgs/msg/position_command.hpp:7[m[K,
                 from [01m[K/home/quangsang/ego_ws/src/ego-planner-swarm/src/uav_simulator/so3_control/src/so3_control_component.cpp:5[m[K:
[01m[K/home/quangsang/ego_ws/install/quadrotor_msgs/include/quadrotor_msgs/quadrotor_msgs/msg/detail/position_command__struct.hpp:228:5:[m[K [01;36m[Knote: [m[Kdeclared here
  228 |     [01;36m[KConstPtr[m[K;
      |     [01;36m[K^~~~~~~~[m[K
[01m[K/home/quangsang/ego_ws/src/ego-planner-swarm/src/uav_simulator/so3_control/src/so3_control_component.cpp:31:69:[m[K [01;35m[Kwarning: [m[K‘[01m[Knav_msgs::msg::Odometry_<std::allocator<void> >::ConstPtr[m[K’ is deprecated [[01;35m[K-Wdeprecated-declarations[m[K]
   31 | s::msg::Odometry::ConstPtr &odom[01;35m[K)[m[K;
      |                                 [01;35m[K^[m[K

In file included from [01m[K/opt/ros/humble/include/nav_msgs/nav_msgs/msg/odometry.hpp:7[m[K,
                 from [01m[K/home/quangsang/ego_ws/src/ego-planner-swarm/src/uav_simulator/so3_control/src/so3_control_component.cpp:2[m[K:
[01m[K/opt/ros/humble/include/nav_msgs/nav_msgs/msg/detail/odometry__struct.hpp:146:5:[m[K [01;36m[Knote: [m[Kdeclared here
  146 |     [01;36m[KConstPtr[m[K;
      |     [01;36m[K^~~~~~~~[m[K
[01m[K/home/quangsang/ego_ws/src/ego-planner-swarm/src/uav_simulator/so3_control/src/so3_control_component.cpp:32:73:[m[K [01;35m[Kwarning: [m[K‘[01m[Kstd_msgs::msg::Bool_<std::allocator<void> >::ConstPtr[m[K’ is deprecated [[01;35m[K-Wdeprecated-declarations[m[K]
   32 | d_msgs::msg::Bool::ConstPtr &msg[01;35m[K)[m[K;
      |                                 [01;35m[K^[m[K

In file included from [01m[K/opt/ros/humble/include/std_msgs/std_msgs/msg/bool.hpp:7[m[K,
                 from [01m[K/home/quangsang/ego_ws/src/ego-planner-swarm/src/uav_simulator/so3_control/src/so3_control_component.cpp:10[m[K:
[01m[K/opt/ros/humble/include/std_msgs/std_msgs/msg/detail/bool__struct.hpp:105:5:[m[K [01;36m[Knote: [m[Kdeclared here
  105 |     [01;36m[KConstPtr[m[K;
      |     [01;36m[K^~~~~~~~[m[K
[01m[K/home/quangsang/ego_ws/src/ego-planner-swarm/src/uav_simulator/so3_control/src/so3_control_component.cpp:33:84:[m[K [01;35m[Kwarning: [m[K‘[01m[Kquadrotor_msgs::msg::Corrections_<std::allocator<void> >::ConstPtr[m[K’ is deprecated [[01;35m[K-Wdeprecated-declarations[m[K]
   33 | :msg::Corrections::ConstPtr &msg[01;35m[K)[m[K;
      |                                 [01;35m[K^[m[K

In file included from [01m[K/home/quangsang/ego_ws/install/quadrotor_msgs/include/quadrotor_msgs/quadrotor_msgs/msg/corrections.hpp:7[m[K,
                 from [01m[K/home/quangsang/ego_ws/src/ego-planner-swarm/src/uav_simulator/so3_control/src/so3_control_component.cpp:4[m[K:
[01m[K/home/quangsang/ego_ws/install/quadrotor_msgs/include/quadrotor_msgs/quadrotor_msgs/msg/detail/corrections__struct.hpp:116:5:[m[K [01;36m[Knote: [m[Kdeclared here
  116 |     [01;36m[KConstPtr[m[K;
      |     [01;36m[K^~~~~~~~[m[K
[01m[K/home/quangsang/ego_ws/src/ego-planner-swarm/src/uav_simulator/so3_control/src/so3_control_component.cpp:97:106:[m[K [01;35m[Kwarning: [m[K‘[01m[Kquadrotor_msgs::msg::PositionCommand_<std::allocator<void> >::ConstPtr[m[K’ is deprecated [[01;35m[K-Wdeprecated-declarations[m[K]
   97 | ::PositionCommand::ConstPtr &cmd[01;35m[K)[m[K
      |                                 [01;35m[K^[m[K

In file included from [01m[K/home/quangsang/ego_ws/install/quadrotor_msgs/include/quadrotor_msgs/quadrotor_msgs/msg/position_command.hpp:7[m[K,
                 from [01m[K/home/quangsang/ego_ws/src/ego-planner-swarm/src/uav_simulator/so3_control/src/so3_control_component.cpp:5[m[K:
[01m[K/home/quangsang/ego_ws/install/quadrotor_msgs/include/quadrotor_msgs/quadrotor_msgs/msg/detail/position_command__struct.hpp:228:5:[m[K [01;36m[Knote: [m[Kdeclared here
  228 |     [01;36m[KConstPtr[m[K;
      |     [01;36m[K^~~~~~~~[m[K
[01m[K/home/quangsang/ego_ws/src/ego-planner-swarm/src/uav_simulator/so3_control/src/so3_control_component.cpp:121:86:[m[K [01;35m[Kwarning: [m[K‘[01m[Knav_msgs::msg::Odometry_<std::allocator<void> >::ConstPtr[m[K’ is deprecated [[01;35m[K-Wdeprecated-declarations[m[K]
  121 | s::msg::Odometry::ConstPtr &odom[01;35m[K)[m[K
      |                                 [01;35m[K^[m[K

In file included from [01m[K/opt/ros/humble/include/nav_msgs/nav_msgs/msg/odometry.hpp:7[m[K,
                 from [01m[K/home/quangsang/ego_ws/src/ego-planner-swarm/src/uav_simulator/so3_control/src/so3_control_component.cpp:2[m[K:
[01m[K/opt/ros/humble/include/nav_msgs/nav_msgs/msg/detail/odometry__struct.hpp:146:5:[m[K [01;36m[Knote: [m[Kdeclared here
  146 |     [01;36m[KConstPtr[m[K;
      |     [01;36m[K^~~~~~~~[m[K
[01m[K/home/quangsang/ego_ws/src/ego-planner-swarm/src/uav_simulator/so3_control/src/so3_control_component.cpp:172:90:[m[K [01;35m[Kwarning: [m[K‘[01m[Kstd_msgs::msg::Bool_<std::allocator<void> >::ConstPtr[m[K’ is deprecated [[01;35m[K-Wdeprecated-declarations[m[K]
  172 | d_msgs::msg::Bool::ConstPtr &msg[01;35m[K)[m[K
      |                                 [01;35m[K^[m[K

In file included from [01m[K/opt/ros/humble/include/std_msgs/std_msgs/msg/bool.hpp:7[m[K,
                 from [01m[K/home/quangsang/ego_ws/src/ego-planner-swarm/src/uav_simulator/so3_control/src/so3_control_component.cpp:10[m[K:
[01m[K/opt/ros/humble/include/std_msgs/std_msgs/msg/detail/bool__struct.hpp:105:5:[m[K [01;36m[Knote: [m[Kdeclared here
  105 |     [01;36m[KConstPtr[m[K;
      |     [01;36m[K^~~~~~~~[m[K
[01m[K/home/quangsang/ego_ws/src/ego-planner-swarm/src/uav_simulator/so3_control/src/so3_control_component.cpp:183:58:[m[K [01;35m[Kwarning: [m[K‘[01m[Kquadrotor_msgs::msg::Corrections_<std::allocator<void> >::ConstPtr[m[K’ is deprecated [[01;35m[K-Wdeprecated-declarations[m[K]
  183 | :msg::Corrections::ConstPtr &msg[01;35m[K)[m[K
      |                                 [01;35m[K^[m[K

In file included from [01m[K/home/quangsang/ego_ws/install/quadrotor_msgs/include/quadrotor_msgs/quadrotor_msgs/msg/corrections.hpp:7[m[K,
                 from [01m[K/home/quangsang/ego_ws/src/ego-planner-swarm/src/uav_simulator/so3_control/src/so3_control_component.cpp:4[m[K:
[01m[K/home/quangsang/ego_ws/install/quadrotor_msgs/include/quadrotor_msgs/quadrotor_msgs/msg/detail/corrections__struct.hpp:116:5:[m[K [01;36m[Knote: [m[Kdeclared here
  116 |     [01;36m[KConstPtr[m[K;
      |     [01;36m[K^~~~~~~~[m[K
