-- The C compiler identification is GNU 9.5.0
-- The CXX compiler identification is GNU 9.5.0
-- Detecting C compiler ABI info
-- Detecting C compiler ABI info - done
-- Check for working C compiler: /usr/bin/cc - skipped
-- Detecting C compile features
-- Detecting C compile features - done
-- Detecting CXX compiler ABI info
-- Detecting CXX compiler ABI info - done
-- Check for working CXX compiler: /usr/bin/c++ - skipped
-- Detecting CXX compile features
-- Detecting CXX compile features - done
-- Found ament_cmake: 1.3.12 (/opt/ros/humble/share/ament_cmake/cmake)
-- Found Python3: /usr/bin/python3 (found version "3.10.12") found components: Interpreter 
-- Found rclcpp: 16.0.14 (/opt/ros/humble/share/rclcpp/cmake)
-- Found rosidl_generator_c: 3.1.7 (/opt/ros/humble/share/rosidl_generator_c/cmake)
-- Found rosidl_adapter: 3.1.7 (/opt/ros/humble/share/rosidl_adapter/cmake)
-- Found rosidl_generator_cpp: 3.1.7 (/opt/ros/humble/share/rosidl_generator_cpp/cmake)
-- Using all available rosidl_typesupport_c: rosidl_typesupport_fastrtps_c;rosidl_typesupport_introspection_c
-- Using all available rosidl_typesupport_cpp: rosidl_typesupport_fastrtps_cpp;rosidl_typesupport_introspection_cpp
-- Found rmw_implementation_cmake: 6.1.2 (/opt/ros/humble/share/rmw_implementation_cmake/cmake)
-- Found rmw_cyclonedds_cpp: 1.3.4 (/home/quangsang/ros2_ws/install/rmw_cyclonedds_cpp/share/rmw_cyclonedds_cpp/cmake)
-- Using RMW implementation 'rmw_cyclonedds_cpp' as default
-- Looking for pthread.h
-- Looking for pthread.h - found
-- Performing Test CMAKE_HAVE_LIBC_PTHREAD
-- Performing Test CMAKE_HAVE_LIBC_PTHREAD - Success
-- Found Threads: TRUE  
-- Found nav_msgs: 4.9.0 (/opt/ros/humble/share/nav_msgs/cmake)
-- Found sensor_msgs: 4.9.0 (/opt/ros/humble/share/sensor_msgs/cmake)
-- Found quadrotor_msgs: 0.0.0 (/home/quangsang/ego_ws/install/quadrotor_msgs/share/quadrotor_msgs/cmake)
-- Found tf2: 0.25.16 (/opt/ros/humble/share/tf2/cmake)
-- Found tf2_geometry_msgs: 0.25.16 (/opt/ros/humble/share/tf2_geometry_msgs/cmake)
-- Found eigen3_cmake_module: 0.1.1 (/opt/ros/humble/share/eigen3_cmake_module/cmake)
-- Found Eigen3: TRUE (found version "3.4.0") 
-- Ensuring Eigen3 include directory is part of orocos-kdl CMake target
-- Found cmake_utils: 0.0.0 (/home/quangsang/ego_ws/install/cmake_utils/share/cmake_utils/cmake)
-- Found ament_lint_auto: 0.12.14 (/opt/ros/humble/share/ament_lint_auto/cmake)
-- Added test 'cppcheck' to perform static code analysis on C / C++ code
-- Configured cppcheck include dirs: /home/quangsang/ego_ws/src/ego-planner-swarm/src/uav_simulator/so3_control/include
-- Configured cppcheck exclude dirs and/or files: 
-- Added test 'lint_cmake' to check CMake code style
-- Added test 'uncrustify' to check C / C++ code style
-- Configured uncrustify additional arguments: 
-- Added test 'xmllint' to check XML markup files
-- Configuring done
-- Generating done
-- Build files have been written to: /home/quangsang/ego_ws/build/so3_control
[ 25%] [32mBuilding CXX object CMakeFiles/SO3Control.dir/src/SO3Control.cpp.o[0m
[ 25%] [32mBuilding CXX object CMakeFiles/control_example.dir/src/control_example.cpp.o[0m
[ 37%] [32mBuilding CXX object CMakeFiles/so3_control_component_node.dir/rclcpp_components/node_main_so3_control_component_node.cpp.o[0m
[01m[K/home/quangsang/ego_ws/src/ego-planner-swarm/src/uav_simulator/so3_control/src/SO3Control.cpp:[m[K In member function ‘[01m[Kvoid SO3Control::calculateControl(const Vector3d&, const Vector3d&, const Vector3d&, double, double, const Vector3d&, const Vector3d&)[m[K’:
[01m[K/home/quangsang/ego_ws/src/ego-planner-swarm/src/uav_simulator/so3_control/src/SO3Control.cpp:38:70:[m[K [01;35m[Kwarning: [m[Kunused parameter ‘[01m[Kdes_yaw_dot[m[K’ [[01;35m[K-Wunused-parameter[m[K]
   38 |    const double des_yaw, [01;35m[Kconst double des_yaw_dot[m[K,
      |                          [01;35m[K~~~~~~~~~~~~~^~~~~~~~~~~[m[K

[ 50%] [32m[1mLinking CXX executable so3_control_component_node[0m
[ 62%] [32m[1mLinking CXX static library libSO3Control.a[0m
[ 62%] Built target SO3Control
[ 75%] [32mBuilding CXX object CMakeFiles/so3_control_component.dir/src/so3_control_component.cpp.o[0m
[ 75%] Built target so3_control_component_node
[ 87%] [32m[1mLinking CXX executable control_example[0m
[ 87%] Built target control_example
[01m[K/home/quangsang/ego_ws/src/ego-planner-swarm/src/uav_simulator/so3_control/src/so3_control_component.cpp:30:89:[m[K [01;35m[Kwarning: [m[K‘[01m[Kquadrotor_msgs::msg::PositionCommand_<std::allocator<void> >::ConstPtr[m[K’ is deprecated [[01;35m[K-Wdeprecated-declarations[m[K]
   30 | ::PositionCommand::ConstPtr &cmd[01;35m[K)[m[K;
      |                                 [01;35m[K^[m[K

In file included from [01m[K/home/quangsang/ego_ws/install/quadrotor_msgs/include/quadrotor_msgs/quadrotor_msgs/msg/position_command.hpp:7[m[K,
                 from [01m[K/home/quangsang/ego_ws/src/ego-planner-swarm/src/uav_simulator/so3_control/src/so3_control_component.cpp:5[m[K:
[01m[K/home/quangsang/ego_ws/install/quadrotor_msgs/include/quadrotor_msgs/quadrotor_msgs/msg/detail/position_command__struct.hpp:228:5:[m[K [01;36m[Knote: [m[Kdeclared here
  228 |     [01;36m[KConstPtr[m[K;
      |     [01;36m[K^~~~~~~~[m[K
[01m[K/home/quangsang/ego_ws/src/ego-planner-swarm/src/uav_simulator/so3_control/src/so3_control_component.cpp:31:69:[m[K [01;35m[Kwarning: [m[K‘[01m[Knav_msgs::msg::Odometry_<std::allocator<void> >::ConstPtr[m[K’ is deprecated [[01;35m[K-Wdeprecated-declarations[m[K]
   31 | s::msg::Odometry::ConstPtr &odom[01;35m[K)[m[K;
      |                                 [01;35m[K^[m[K

In file included from [01m[K/opt/ros/humble/include/nav_msgs/nav_msgs/msg/odometry.hpp:7[m[K,
                 from [01m[K/home/quangsang/ego_ws/src/ego-planner-swarm/src/uav_simulator/so3_control/src/so3_control_component.cpp:2[m[K:
[01m[K/opt/ros/humble/include/nav_msgs/nav_msgs/msg/detail/odometry__struct.hpp:146:5:[m[K [01;36m[Knote: [m[Kdeclared here
  146 |     [01;36m[KConstPtr[m[K;
      |     [01;36m[K^~~~~~~~[m[K
[01m[K/home/quangsang/ego_ws/src/ego-planner-swarm/src/uav_simulator/so3_control/src/so3_control_component.cpp:32:73:[m[K [01;35m[Kwarning: [m[K‘[01m[Kstd_msgs::msg::Bool_<std::allocator<void> >::ConstPtr[m[K’ is deprecated [[01;35m[K-Wdeprecated-declarations[m[K]
   32 | d_msgs::msg::Bool::ConstPtr &msg[01;35m[K)[m[K;
      |                                 [01;35m[K^[m[K

In file included from [01m[K/opt/ros/humble/include/std_msgs/std_msgs/msg/bool.hpp:7[m[K,
                 from [01m[K/home/quangsang/ego_ws/src/ego-planner-swarm/src/uav_simulator/so3_control/src/so3_control_component.cpp:10[m[K:
[01m[K/opt/ros/humble/include/std_msgs/std_msgs/msg/detail/bool__struct.hpp:105:5:[m[K [01;36m[Knote: [m[Kdeclared here
  105 |     [01;36m[KConstPtr[m[K;
      |     [01;36m[K^~~~~~~~[m[K
[01m[K/home/quangsang/ego_ws/src/ego-planner-swarm/src/uav_simulator/so3_control/src/so3_control_component.cpp:33:84:[m[K [01;35m[Kwarning: [m[K‘[01m[Kquadrotor_msgs::msg::Corrections_<std::allocator<void> >::ConstPtr[m[K’ is deprecated [[01;35m[K-Wdeprecated-declarations[m[K]
   33 | :msg::Corrections::ConstPtr &msg[01;35m[K)[m[K;
      |                                 [01;35m[K^[m[K

In file included from [01m[K/home/quangsang/ego_ws/install/quadrotor_msgs/include/quadrotor_msgs/quadrotor_msgs/msg/corrections.hpp:7[m[K,
                 from [01m[K/home/quangsang/ego_ws/src/ego-planner-swarm/src/uav_simulator/so3_control/src/so3_control_component.cpp:4[m[K:
[01m[K/home/quangsang/ego_ws/install/quadrotor_msgs/include/quadrotor_msgs/quadrotor_msgs/msg/detail/corrections__struct.hpp:116:5:[m[K [01;36m[Knote: [m[Kdeclared here
  116 |     [01;36m[KConstPtr[m[K;
      |     [01;36m[K^~~~~~~~[m[K
[01m[K/home/quangsang/ego_ws/src/ego-planner-swarm/src/uav_simulator/so3_control/src/so3_control_component.cpp:97:106:[m[K [01;35m[Kwarning: [m[K‘[01m[Kquadrotor_msgs::msg::PositionCommand_<std::allocator<void> >::ConstPtr[m[K’ is deprecated [[01;35m[K-Wdeprecated-declarations[m[K]
   97 | ::PositionCommand::ConstPtr &cmd[01;35m[K)[m[K
      |                                 [01;35m[K^[m[K

In file included from [01m[K/home/quangsang/ego_ws/install/quadrotor_msgs/include/quadrotor_msgs/quadrotor_msgs/msg/position_command.hpp:7[m[K,
                 from [01m[K/home/quangsang/ego_ws/src/ego-planner-swarm/src/uav_simulator/so3_control/src/so3_control_component.cpp:5[m[K:
[01m[K/home/quangsang/ego_ws/install/quadrotor_msgs/include/quadrotor_msgs/quadrotor_msgs/msg/detail/position_command__struct.hpp:228:5:[m[K [01;36m[Knote: [m[Kdeclared here
  228 |     [01;36m[KConstPtr[m[K;
      |     [01;36m[K^~~~~~~~[m[K
[01m[K/home/quangsang/ego_ws/src/ego-planner-swarm/src/uav_simulator/so3_control/src/so3_control_component.cpp:121:86:[m[K [01;35m[Kwarning: [m[K‘[01m[Knav_msgs::msg::Odometry_<std::allocator<void> >::ConstPtr[m[K’ is deprecated [[01;35m[K-Wdeprecated-declarations[m[K]
  121 | s::msg::Odometry::ConstPtr &odom[01;35m[K)[m[K
      |                                 [01;35m[K^[m[K

In file included from [01m[K/opt/ros/humble/include/nav_msgs/nav_msgs/msg/odometry.hpp:7[m[K,
                 from [01m[K/home/quangsang/ego_ws/src/ego-planner-swarm/src/uav_simulator/so3_control/src/so3_control_component.cpp:2[m[K:
[01m[K/opt/ros/humble/include/nav_msgs/nav_msgs/msg/detail/odometry__struct.hpp:146:5:[m[K [01;36m[Knote: [m[Kdeclared here
  146 |     [01;36m[KConstPtr[m[K;
      |     [01;36m[K^~~~~~~~[m[K
[01m[K/home/quangsang/ego_ws/src/ego-planner-swarm/src/uav_simulator/so3_control/src/so3_control_component.cpp:172:90:[m[K [01;35m[Kwarning: [m[K‘[01m[Kstd_msgs::msg::Bool_<std::allocator<void> >::ConstPtr[m[K’ is deprecated [[01;35m[K-Wdeprecated-declarations[m[K]
  172 | d_msgs::msg::Bool::ConstPtr &msg[01;35m[K)[m[K
      |                                 [01;35m[K^[m[K

In file included from [01m[K/opt/ros/humble/include/std_msgs/std_msgs/msg/bool.hpp:7[m[K,
                 from [01m[K/home/quangsang/ego_ws/src/ego-planner-swarm/src/uav_simulator/so3_control/src/so3_control_component.cpp:10[m[K:
[01m[K/opt/ros/humble/include/std_msgs/std_msgs/msg/detail/bool__struct.hpp:105:5:[m[K [01;36m[Knote: [m[Kdeclared here
  105 |     [01;36m[KConstPtr[m[K;
      |     [01;36m[K^~~~~~~~[m[K
[01m[K/home/quangsang/ego_ws/src/ego-planner-swarm/src/uav_simulator/so3_control/src/so3_control_component.cpp:183:58:[m[K [01;35m[Kwarning: [m[K‘[01m[Kquadrotor_msgs::msg::Corrections_<std::allocator<void> >::ConstPtr[m[K’ is deprecated [[01;35m[K-Wdeprecated-declarations[m[K]
  183 | :msg::Corrections::ConstPtr &msg[01;35m[K)[m[K
      |                                 [01;35m[K^[m[K

In file included from [01m[K/home/quangsang/ego_ws/install/quadrotor_msgs/include/quadrotor_msgs/quadrotor_msgs/msg/corrections.hpp:7[m[K,
                 from [01m[K/home/quangsang/ego_ws/src/ego-planner-swarm/src/uav_simulator/so3_control/src/so3_control_component.cpp:4[m[K:
[01m[K/home/quangsang/ego_ws/install/quadrotor_msgs/include/quadrotor_msgs/quadrotor_msgs/msg/detail/corrections__struct.hpp:116:5:[m[K [01;36m[Knote: [m[Kdeclared here
  116 |     [01;36m[KConstPtr[m[K;
      |     [01;36m[K^~~~~~~~[m[K
[100%] [32m[1mLinking CXX shared library libso3_control_component.so[0m
[100%] Built target so3_control_component
-- Install configuration: "Release"
-- Installing: /home/quangsang/ego_ws/install/so3_control/lib/so3_control/so3_control_component_node
-- Set runtime path of "/home/quangsang/ego_ws/install/so3_control/lib/so3_control/so3_control_component_node" to ""
-- Installing: /home/quangsang/ego_ws/install/so3_control/lib/so3_control/control_example
-- Set runtime path of "/home/quangsang/ego_ws/install/so3_control/lib/so3_control/control_example" to ""
-- Installing: /home/quangsang/ego_ws/install/so3_control/lib/libso3_control_component.so
-- Set runtime path of "/home/quangsang/ego_ws/install/so3_control/lib/libso3_control_component.so" to ""
-- Installing: /home/quangsang/ego_ws/install/so3_control/share/so3_control/config
-- Installing: /home/quangsang/ego_ws/install/so3_control/share/so3_control/config/corrections_hummingbird.yaml
-- Installing: /home/quangsang/ego_ws/install/so3_control/share/so3_control/config/corrections_pelican.yaml
-- Installing: /home/quangsang/ego_ws/install/so3_control/share/so3_control/config/gains_pelican.yaml
-- Installing: /home/quangsang/ego_ws/install/so3_control/share/so3_control/config/gains_hummingbird.yaml
-- Installing: /home/quangsang/ego_ws/install/so3_control/share/so3_control/config/gains.yaml
-- Installing: /home/quangsang/ego_ws/install/so3_control/share/ament_index/resource_index/package_run_dependencies/so3_control
-- Installing: /home/quangsang/ego_ws/install/so3_control/share/ament_index/resource_index/parent_prefix_path/so3_control
-- Installing: /home/quangsang/ego_ws/install/so3_control/share/so3_control/environment/ament_prefix_path.sh
-- Installing: /home/quangsang/ego_ws/install/so3_control/share/so3_control/environment/ament_prefix_path.dsv
-- Installing: /home/quangsang/ego_ws/install/so3_control/share/so3_control/environment/path.sh
-- Installing: /home/quangsang/ego_ws/install/so3_control/share/so3_control/environment/path.dsv
-- Installing: /home/quangsang/ego_ws/install/so3_control/share/so3_control/local_setup.bash
-- Installing: /home/quangsang/ego_ws/install/so3_control/share/so3_control/local_setup.sh
-- Installing: /home/quangsang/ego_ws/install/so3_control/share/so3_control/local_setup.zsh
-- Installing: /home/quangsang/ego_ws/install/so3_control/share/so3_control/local_setup.dsv
-- Installing: /home/quangsang/ego_ws/install/so3_control/share/so3_control/package.dsv
-- Installing: /home/quangsang/ego_ws/install/so3_control/share/ament_index/resource_index/packages/so3_control
-- Installing: /home/quangsang/ego_ws/install/so3_control/share/ament_index/resource_index/rclcpp_components/so3_control
-- Installing: /home/quangsang/ego_ws/install/so3_control/share/so3_control/cmake/so3_controlConfig.cmake
-- Installing: /home/quangsang/ego_ws/install/so3_control/share/so3_control/cmake/so3_controlConfig-version.cmake
-- Installing: /home/quangsang/ego_ws/install/so3_control/share/so3_control/package.xml
