[0.015s] Invoking command in '/home/quangsang/ego_ws/build/so3_control': CMAKE_PREFIX_PATH=/home/quangsang/ego_ws/install/quadrotor_msgs:/home/quangsang/ego_ws/install/cmake_utils:/home/quangsang/ros2_ws/install/ros_ign_bridge:/home/quangsang/ros2_ws/install/ros_gz_bridge:/home/quangsang/ros2_ws/install/ros_gz_interfaces:/home/quangsang/ros2_ws/install/rmw_cyclonedds_cpp:/home/quangsang/ros2_ws/install/px4_msgs:/home/quangsang/ros2_ws/install/gz_ros_bridge:/home/quangsang/ros2_ws/install/depthimage_to_pointcloud2:/home/quangsang/ros2_ws/install/cyclonedds:/home/quangsang/ego_ws/install/waypoint_generator:/home/quangsang/ego_ws/install/so3_quadrotor_simulator:/home/quangsang/ego_ws/install/uav_utils:/home/quangsang/ego_ws/install/rosmsg_tcp_bridge:/home/quangsang/ego_ws/install/offboard_control:/home/quangsang/ego_ws/install/ego_planner:/home/quangsang/ego_ws/install/bspline_opt:/home/quangsang/ego_ws/install/traj_utils:/home/quangsang/ego_ws/install/so3_control:/home/quangsang/ego_ws/install/poscmd_2_odom:/home/quangsang/ego_ws/install/odom_visualization:/home/quangsang/ego_ws/install/multi_map_server:/home/quangsang/ego_ws/install/local_sensing:/home/quangsang/ego_ws/install/px4_msgs:/home/quangsang/ego_ws/install/pose_utils:/home/quangsang/ego_ws/install/path_searching:/home/quangsang/ego_ws/install/plan_env:/home/quangsang/ego_ws/install/perception_pcl:/home/quangsang/ego_ws/install/mockamap:/home/quangsang/ego_ws/install/pcl_ros:/home/quangsang/ego_ws/install/map_generator:/home/quangsang/ego_ws/install/pcl_conversions:/home/quangsang/ego_ws/install/pcl_msgs:/home/quangsang/ego_ws/install/drone_detect:/home/quangsang/ros2_ws/install/gz_openvins_bridge:/home/quangsang/ros2_ws/install/obstacle_publisher:/opt/ros/humble LD_LIBRARY_PATH=/home/quangsang/ego_ws/install/quadrotor_msgs/lib:/home/quangsang/ros2_ws/install/ros_gz_bridge/lib:/home/quangsang/ros2_ws/install/ros_gz_interfaces/lib:/home/quangsang/ros2_ws/install/rmw_cyclonedds_cpp/lib:/home/quangsang/ros2_ws/install/px4_msgs/lib:/home/quangsang/ros2_ws/install/cyclonedds/lib:/home/quangsang/ego_ws/install/bspline_opt/lib:/home/quangsang/ego_ws/install/traj_utils/lib:/home/quangsang/ego_ws/install/so3_control/lib:/home/quangsang/ego_ws/install/multi_map_server/lib:/home/quangsang/ego_ws/install/px4_msgs/lib:/home/quangsang/ego_ws/install/pose_utils/lib:/home/quangsang/ego_ws/install/path_searching/lib:/home/quangsang/ego_ws/install/plan_env/lib:/home/quangsang/ego_ws/install/pcl_ros/lib:/home/quangsang/ego_ws/install/pcl_msgs/lib:/opt/ros/humble/opt/rviz_ogre_vendor/lib:/opt/ros/humble/lib/x86_64-linux-gnu:/opt/ros/humble/lib:/usr/local/cuda-11.8/lib64 /usr/bin/cmake /home/quangsang/ego_ws/src/ego-planner-swarm/src/uav_simulator/so3_control -DCMAKE_INSTALL_PREFIX=/home/quangsang/ego_ws/install/so3_control
[0.064s] -- The C compiler identification is GNU 9.5.0
[0.115s] -- The CXX compiler identification is GNU 9.5.0
[0.122s] -- Detecting C compiler ABI info
[0.173s] -- Detecting C compiler ABI info - done
[0.180s] -- Check for working C compiler: /usr/bin/cc - skipped
[0.180s] -- Detecting C compile features
[0.181s] -- Detecting C compile features - done
[0.183s] -- Detecting CXX compiler ABI info
[0.241s] -- Detecting CXX compiler ABI info - done
[0.247s] -- Check for working CXX compiler: /usr/bin/c++ - skipped
[0.250s] -- Detecting CXX compile features
[0.250s] -- Detecting CXX compile features - done
[0.250s] -- Found ament_cmake: 1.3.12 (/opt/ros/humble/share/ament_cmake/cmake)
[0.369s] -- Found Python3: /usr/bin/python3 (found version "3.10.12") found components: Interpreter 
[0.459s] -- Found rclcpp: 16.0.14 (/opt/ros/humble/share/rclcpp/cmake)
[0.493s] -- Found rosidl_generator_c: 3.1.7 (/opt/ros/humble/share/rosidl_generator_c/cmake)
[0.498s] -- Found rosidl_adapter: 3.1.7 (/opt/ros/humble/share/rosidl_adapter/cmake)
[0.503s] -- Found rosidl_generator_cpp: 3.1.7 (/opt/ros/humble/share/rosidl_generator_cpp/cmake)
[0.514s] -- Using all available rosidl_typesupport_c: rosidl_typesupport_fastrtps_c;rosidl_typesupport_introspection_c
[0.527s] -- Using all available rosidl_typesupport_cpp: rosidl_typesupport_fastrtps_cpp;rosidl_typesupport_introspection_cpp
[0.558s] -- Found rmw_implementation_cmake: 6.1.2 (/opt/ros/humble/share/rmw_implementation_cmake/cmake)
[0.559s] -- Found rmw_cyclonedds_cpp: 1.3.4 (/home/quangsang/ros2_ws/install/rmw_cyclonedds_cpp/share/rmw_cyclonedds_cpp/cmake)
[0.576s] -- Using RMW implementation 'rmw_cyclonedds_cpp' as default
[0.582s] -- Looking for pthread.h
[0.628s] -- Looking for pthread.h - found
[0.628s] -- Performing Test CMAKE_HAVE_LIBC_PTHREAD
[0.683s] -- Performing Test CMAKE_HAVE_LIBC_PTHREAD - Success
[0.684s] -- Found Threads: TRUE  
[0.739s] -- Found nav_msgs: 4.9.0 (/opt/ros/humble/share/nav_msgs/cmake)
[0.764s] -- Found sensor_msgs: 4.9.0 (/opt/ros/humble/share/sensor_msgs/cmake)
[0.778s] -- Found quadrotor_msgs: 0.0.0 (/home/quangsang/ego_ws/install/quadrotor_msgs/share/quadrotor_msgs/cmake)
[0.795s] -- Found tf2: 0.25.16 (/opt/ros/humble/share/tf2/cmake)
[0.803s] -- Found tf2_geometry_msgs: 0.25.16 (/opt/ros/humble/share/tf2_geometry_msgs/cmake)
[0.819s] -- Found eigen3_cmake_module: 0.1.1 (/opt/ros/humble/share/eigen3_cmake_module/cmake)
[0.820s] -- Found Eigen3: TRUE (found version "3.4.0") 
[0.820s] -- Ensuring Eigen3 include directory is part of orocos-kdl CMake target
[0.881s] -- Found cmake_utils: 0.0.0 (/home/quangsang/ego_ws/install/cmake_utils/share/cmake_utils/cmake)
[0.883s] -- Found ament_lint_auto: 0.12.14 (/opt/ros/humble/share/ament_lint_auto/cmake)
[0.966s] -- Added test 'cppcheck' to perform static code analysis on C / C++ code
[0.966s] -- Configured cppcheck include dirs: /home/quangsang/ego_ws/src/ego-planner-swarm/src/uav_simulator/so3_control/include
[0.966s] -- Configured cppcheck exclude dirs and/or files: 
[0.967s] -- Added test 'lint_cmake' to check CMake code style
[0.969s] -- Added test 'uncrustify' to check C / C++ code style
[0.969s] -- Configured uncrustify additional arguments: 
[0.969s] -- Added test 'xmllint' to check XML markup files
[0.971s] -- Configuring done
[0.992s] -- Generating done
[1.000s] -- Build files have been written to: /home/quangsang/ego_ws/build/so3_control
[1.010s] Invoked command in '/home/quangsang/ego_ws/build/so3_control' returned '0': CMAKE_PREFIX_PATH=/home/quangsang/ego_ws/install/quadrotor_msgs:/home/quangsang/ego_ws/install/cmake_utils:/home/quangsang/ros2_ws/install/ros_ign_bridge:/home/quangsang/ros2_ws/install/ros_gz_bridge:/home/quangsang/ros2_ws/install/ros_gz_interfaces:/home/quangsang/ros2_ws/install/rmw_cyclonedds_cpp:/home/quangsang/ros2_ws/install/px4_msgs:/home/quangsang/ros2_ws/install/gz_ros_bridge:/home/quangsang/ros2_ws/install/depthimage_to_pointcloud2:/home/quangsang/ros2_ws/install/cyclonedds:/home/quangsang/ego_ws/install/waypoint_generator:/home/quangsang/ego_ws/install/so3_quadrotor_simulator:/home/quangsang/ego_ws/install/uav_utils:/home/quangsang/ego_ws/install/rosmsg_tcp_bridge:/home/quangsang/ego_ws/install/offboard_control:/home/quangsang/ego_ws/install/ego_planner:/home/quangsang/ego_ws/install/bspline_opt:/home/quangsang/ego_ws/install/traj_utils:/home/quangsang/ego_ws/install/so3_control:/home/quangsang/ego_ws/install/poscmd_2_odom:/home/quangsang/ego_ws/install/odom_visualization:/home/quangsang/ego_ws/install/multi_map_server:/home/quangsang/ego_ws/install/local_sensing:/home/quangsang/ego_ws/install/px4_msgs:/home/quangsang/ego_ws/install/pose_utils:/home/quangsang/ego_ws/install/path_searching:/home/quangsang/ego_ws/install/plan_env:/home/quangsang/ego_ws/install/perception_pcl:/home/quangsang/ego_ws/install/mockamap:/home/quangsang/ego_ws/install/pcl_ros:/home/quangsang/ego_ws/install/map_generator:/home/quangsang/ego_ws/install/pcl_conversions:/home/quangsang/ego_ws/install/pcl_msgs:/home/quangsang/ego_ws/install/drone_detect:/home/quangsang/ros2_ws/install/gz_openvins_bridge:/home/quangsang/ros2_ws/install/obstacle_publisher:/opt/ros/humble LD_LIBRARY_PATH=/home/quangsang/ego_ws/install/quadrotor_msgs/lib:/home/quangsang/ros2_ws/install/ros_gz_bridge/lib:/home/quangsang/ros2_ws/install/ros_gz_interfaces/lib:/home/quangsang/ros2_ws/install/rmw_cyclonedds_cpp/lib:/home/quangsang/ros2_ws/install/px4_msgs/lib:/home/quangsang/ros2_ws/install/cyclonedds/lib:/home/quangsang/ego_ws/install/bspline_opt/lib:/home/quangsang/ego_ws/install/traj_utils/lib:/home/quangsang/ego_ws/install/so3_control/lib:/home/quangsang/ego_ws/install/multi_map_server/lib:/home/quangsang/ego_ws/install/px4_msgs/lib:/home/quangsang/ego_ws/install/pose_utils/lib:/home/quangsang/ego_ws/install/path_searching/lib:/home/quangsang/ego_ws/install/plan_env/lib:/home/quangsang/ego_ws/install/pcl_ros/lib:/home/quangsang/ego_ws/install/pcl_msgs/lib:/opt/ros/humble/opt/rviz_ogre_vendor/lib:/opt/ros/humble/lib/x86_64-linux-gnu:/opt/ros/humble/lib:/usr/local/cuda-11.8/lib64 /usr/bin/cmake /home/quangsang/ego_ws/src/ego-planner-swarm/src/uav_simulator/so3_control -DCMAKE_INSTALL_PREFIX=/home/quangsang/ego_ws/install/so3_control
[1.012s] Invoking command in '/home/quangsang/ego_ws/build/so3_control': CMAKE_PREFIX_PATH=/home/quangsang/ego_ws/install/quadrotor_msgs:/home/quangsang/ego_ws/install/cmake_utils:/home/quangsang/ros2_ws/install/ros_ign_bridge:/home/quangsang/ros2_ws/install/ros_gz_bridge:/home/quangsang/ros2_ws/install/ros_gz_interfaces:/home/quangsang/ros2_ws/install/rmw_cyclonedds_cpp:/home/quangsang/ros2_ws/install/px4_msgs:/home/quangsang/ros2_ws/install/gz_ros_bridge:/home/quangsang/ros2_ws/install/depthimage_to_pointcloud2:/home/quangsang/ros2_ws/install/cyclonedds:/home/quangsang/ego_ws/install/waypoint_generator:/home/quangsang/ego_ws/install/so3_quadrotor_simulator:/home/quangsang/ego_ws/install/uav_utils:/home/quangsang/ego_ws/install/rosmsg_tcp_bridge:/home/quangsang/ego_ws/install/offboard_control:/home/quangsang/ego_ws/install/ego_planner:/home/quangsang/ego_ws/install/bspline_opt:/home/quangsang/ego_ws/install/traj_utils:/home/quangsang/ego_ws/install/so3_control:/home/quangsang/ego_ws/install/poscmd_2_odom:/home/quangsang/ego_ws/install/odom_visualization:/home/quangsang/ego_ws/install/multi_map_server:/home/quangsang/ego_ws/install/local_sensing:/home/quangsang/ego_ws/install/px4_msgs:/home/quangsang/ego_ws/install/pose_utils:/home/quangsang/ego_ws/install/path_searching:/home/quangsang/ego_ws/install/plan_env:/home/quangsang/ego_ws/install/perception_pcl:/home/quangsang/ego_ws/install/mockamap:/home/quangsang/ego_ws/install/pcl_ros:/home/quangsang/ego_ws/install/map_generator:/home/quangsang/ego_ws/install/pcl_conversions:/home/quangsang/ego_ws/install/pcl_msgs:/home/quangsang/ego_ws/install/drone_detect:/home/quangsang/ros2_ws/install/gz_openvins_bridge:/home/quangsang/ros2_ws/install/obstacle_publisher:/opt/ros/humble LD_LIBRARY_PATH=/home/quangsang/ego_ws/install/quadrotor_msgs/lib:/home/quangsang/ros2_ws/install/ros_gz_bridge/lib:/home/quangsang/ros2_ws/install/ros_gz_interfaces/lib:/home/quangsang/ros2_ws/install/rmw_cyclonedds_cpp/lib:/home/quangsang/ros2_ws/install/px4_msgs/lib:/home/quangsang/ros2_ws/install/cyclonedds/lib:/home/quangsang/ego_ws/install/bspline_opt/lib:/home/quangsang/ego_ws/install/traj_utils/lib:/home/quangsang/ego_ws/install/so3_control/lib:/home/quangsang/ego_ws/install/multi_map_server/lib:/home/quangsang/ego_ws/install/px4_msgs/lib:/home/quangsang/ego_ws/install/pose_utils/lib:/home/quangsang/ego_ws/install/path_searching/lib:/home/quangsang/ego_ws/install/plan_env/lib:/home/quangsang/ego_ws/install/pcl_ros/lib:/home/quangsang/ego_ws/install/pcl_msgs/lib:/opt/ros/humble/opt/rviz_ogre_vendor/lib:/opt/ros/humble/lib/x86_64-linux-gnu:/opt/ros/humble/lib:/usr/local/cuda-11.8/lib64 /usr/bin/cmake --build /home/quangsang/ego_ws/build/so3_control -- -j20 -l20
[1.059s] [ 25%] [32mBuilding CXX object CMakeFiles/SO3Control.dir/src/SO3Control.cpp.o[0m
[1.059s] [ 25%] [32mBuilding CXX object CMakeFiles/control_example.dir/src/control_example.cpp.o[0m
[1.064s] [ 37%] [32mBuilding CXX object CMakeFiles/so3_control_component_node.dir/rclcpp_components/node_main_so3_control_component_node.cpp.o[0m
[3.494s] [01m[K/home/quangsang/ego_ws/src/ego-planner-swarm/src/uav_simulator/so3_control/src/SO3Control.cpp:[m[K In member function ‘[01m[Kvoid SO3Control::calculateControl(const Vector3d&, const Vector3d&, const Vector3d&, double, double, const Vector3d&, const Vector3d&)[m[K’:
[3.494s] [01m[K/home/quangsang/ego_ws/src/ego-planner-swarm/src/uav_simulator/so3_control/src/SO3Control.cpp:38:70:[m[K [01;35m[Kwarning: [m[Kunused parameter ‘[01m[Kdes_yaw_dot[m[K’ [[01;35m[K-Wunused-parameter[m[K]
[3.494s]    38 |    const double des_yaw, [01;35m[Kconst double des_yaw_dot[m[K,
[3.494s]       |                          [01;35m[K~~~~~~~~~~~~~^~~~~~~~~~~[m[K
[3.494s] 
[5.187s] [ 50%] [32m[1mLinking CXX executable so3_control_component_node[0m
[5.249s] [ 62%] [32m[1mLinking CXX static library libSO3Control.a[0m
[5.300s] [ 62%] Built target SO3Control
[5.314s] [ 75%] [32mBuilding CXX object CMakeFiles/so3_control_component.dir/src/so3_control_component.cpp.o[0m
[5.379s] [ 75%] Built target so3_control_component_node
[7.125s] [ 87%] [32m[1mLinking CXX executable control_example[0m
[7.240s] [ 87%] Built target control_example
[7.465s] [01m[K/home/quangsang/ego_ws/src/ego-planner-swarm/src/uav_simulator/so3_control/src/so3_control_component.cpp:30:89:[m[K [01;35m[Kwarning: [m[K‘[01m[Kquadrotor_msgs::msg::PositionCommand_<std::allocator<void> >::ConstPtr[m[K’ is deprecated [[01;35m[K-Wdeprecated-declarations[m[K]
[7.465s]    30 | ::PositionCommand::ConstPtr &cmd[01;35m[K)[m[K;
[7.465s]       |                                 [01;35m[K^[m[K
[7.465s] 
[7.465s] In file included from [01m[K/home/quangsang/ego_ws/install/quadrotor_msgs/include/quadrotor_msgs/quadrotor_msgs/msg/position_command.hpp:7[m[K,
[7.465s]                  from [01m[K/home/quangsang/ego_ws/src/ego-planner-swarm/src/uav_simulator/so3_control/src/so3_control_component.cpp:5[m[K:
[7.465s] [01m[K/home/quangsang/ego_ws/install/quadrotor_msgs/include/quadrotor_msgs/quadrotor_msgs/msg/detail/position_command__struct.hpp:228:5:[m[K [01;36m[Knote: [m[Kdeclared here
[7.465s]   228 |     [01;36m[KConstPtr[m[K;
[7.465s]       |     [01;36m[K^~~~~~~~[m[K
[7.465s] [01m[K/home/quangsang/ego_ws/src/ego-planner-swarm/src/uav_simulator/so3_control/src/so3_control_component.cpp:31:69:[m[K [01;35m[Kwarning: [m[K‘[01m[Knav_msgs::msg::Odometry_<std::allocator<void> >::ConstPtr[m[K’ is deprecated [[01;35m[K-Wdeprecated-declarations[m[K]
[7.465s]    31 | s::msg::Odometry::ConstPtr &odom[01;35m[K)[m[K;
[7.465s]       |                                 [01;35m[K^[m[K
[7.466s] 
[7.466s] In file included from [01m[K/opt/ros/humble/include/nav_msgs/nav_msgs/msg/odometry.hpp:7[m[K,
[7.466s]                  from [01m[K/home/quangsang/ego_ws/src/ego-planner-swarm/src/uav_simulator/so3_control/src/so3_control_component.cpp:2[m[K:
[7.466s] [01m[K/opt/ros/humble/include/nav_msgs/nav_msgs/msg/detail/odometry__struct.hpp:146:5:[m[K [01;36m[Knote: [m[Kdeclared here
[7.466s]   146 |     [01;36m[KConstPtr[m[K;
[7.466s]       |     [01;36m[K^~~~~~~~[m[K
[7.466s] [01m[K/home/quangsang/ego_ws/src/ego-planner-swarm/src/uav_simulator/so3_control/src/so3_control_component.cpp:32:73:[m[K [01;35m[Kwarning: [m[K‘[01m[Kstd_msgs::msg::Bool_<std::allocator<void> >::ConstPtr[m[K’ is deprecated [[01;35m[K-Wdeprecated-declarations[m[K]
[7.466s]    32 | d_msgs::msg::Bool::ConstPtr &msg[01;35m[K)[m[K;
[7.466s]       |                                 [01;35m[K^[m[K
[7.466s] 
[7.466s] In file included from [01m[K/opt/ros/humble/include/std_msgs/std_msgs/msg/bool.hpp:7[m[K,
[7.466s]                  from [01m[K/home/quangsang/ego_ws/src/ego-planner-swarm/src/uav_simulator/so3_control/src/so3_control_component.cpp:10[m[K:
[7.466s] [01m[K/opt/ros/humble/include/std_msgs/std_msgs/msg/detail/bool__struct.hpp:105:5:[m[K [01;36m[Knote: [m[Kdeclared here
[7.466s]   105 |     [01;36m[KConstPtr[m[K;
[7.466s]       |     [01;36m[K^~~~~~~~[m[K
[7.466s] [01m[K/home/quangsang/ego_ws/src/ego-planner-swarm/src/uav_simulator/so3_control/src/so3_control_component.cpp:33:84:[m[K [01;35m[Kwarning: [m[K‘[01m[Kquadrotor_msgs::msg::Corrections_<std::allocator<void> >::ConstPtr[m[K’ is deprecated [[01;35m[K-Wdeprecated-declarations[m[K]
[7.466s]    33 | :msg::Corrections::ConstPtr &msg[01;35m[K)[m[K;
[7.466s]       |                                 [01;35m[K^[m[K
[7.466s] 
[7.466s] In file included from [01m[K/home/quangsang/ego_ws/install/quadrotor_msgs/include/quadrotor_msgs/quadrotor_msgs/msg/corrections.hpp:7[m[K,
[7.466s]                  from [01m[K/home/quangsang/ego_ws/src/ego-planner-swarm/src/uav_simulator/so3_control/src/so3_control_component.cpp:4[m[K:
[7.466s] [01m[K/home/quangsang/ego_ws/install/quadrotor_msgs/include/quadrotor_msgs/quadrotor_msgs/msg/detail/corrections__struct.hpp:116:5:[m[K [01;36m[Knote: [m[Kdeclared here
[7.466s]   116 |     [01;36m[KConstPtr[m[K;
[7.466s]       |     [01;36m[K^~~~~~~~[m[K
[7.636s] [01m[K/home/quangsang/ego_ws/src/ego-planner-swarm/src/uav_simulator/so3_control/src/so3_control_component.cpp:97:106:[m[K [01;35m[Kwarning: [m[K‘[01m[Kquadrotor_msgs::msg::PositionCommand_<std::allocator<void> >::ConstPtr[m[K’ is deprecated [[01;35m[K-Wdeprecated-declarations[m[K]
[7.636s]    97 | ::PositionCommand::ConstPtr &cmd[01;35m[K)[m[K
[7.636s]       |                                 [01;35m[K^[m[K
[7.637s] 
[7.637s] In file included from [01m[K/home/quangsang/ego_ws/install/quadrotor_msgs/include/quadrotor_msgs/quadrotor_msgs/msg/position_command.hpp:7[m[K,
[7.637s]                  from [01m[K/home/quangsang/ego_ws/src/ego-planner-swarm/src/uav_simulator/so3_control/src/so3_control_component.cpp:5[m[K:
[7.637s] [01m[K/home/quangsang/ego_ws/install/quadrotor_msgs/include/quadrotor_msgs/quadrotor_msgs/msg/detail/position_command__struct.hpp:228:5:[m[K [01;36m[Knote: [m[Kdeclared here
[7.637s]   228 |     [01;36m[KConstPtr[m[K;
[7.637s]       |     [01;36m[K^~~~~~~~[m[K
[7.639s] [01m[K/home/quangsang/ego_ws/src/ego-planner-swarm/src/uav_simulator/so3_control/src/so3_control_component.cpp:121:86:[m[K [01;35m[Kwarning: [m[K‘[01m[Knav_msgs::msg::Odometry_<std::allocator<void> >::ConstPtr[m[K’ is deprecated [[01;35m[K-Wdeprecated-declarations[m[K]
[7.639s]   121 | s::msg::Odometry::ConstPtr &odom[01;35m[K)[m[K
[7.639s]       |                                 [01;35m[K^[m[K
[7.639s] 
[7.639s] In file included from [01m[K/opt/ros/humble/include/nav_msgs/nav_msgs/msg/odometry.hpp:7[m[K,
[7.639s]                  from [01m[K/home/quangsang/ego_ws/src/ego-planner-swarm/src/uav_simulator/so3_control/src/so3_control_component.cpp:2[m[K:
[7.639s] [01m[K/opt/ros/humble/include/nav_msgs/nav_msgs/msg/detail/odometry__struct.hpp:146:5:[m[K [01;36m[Knote: [m[Kdeclared here
[7.639s]   146 |     [01;36m[KConstPtr[m[K;
[7.639s]       |     [01;36m[K^~~~~~~~[m[K
[7.641s] [01m[K/home/quangsang/ego_ws/src/ego-planner-swarm/src/uav_simulator/so3_control/src/so3_control_component.cpp:172:90:[m[K [01;35m[Kwarning: [m[K‘[01m[Kstd_msgs::msg::Bool_<std::allocator<void> >::ConstPtr[m[K’ is deprecated [[01;35m[K-Wdeprecated-declarations[m[K]
[7.641s]   172 | d_msgs::msg::Bool::ConstPtr &msg[01;35m[K)[m[K
[7.641s]       |                                 [01;35m[K^[m[K
[7.641s] 
[7.641s] In file included from [01m[K/opt/ros/humble/include/std_msgs/std_msgs/msg/bool.hpp:7[m[K,
[7.641s]                  from [01m[K/home/quangsang/ego_ws/src/ego-planner-swarm/src/uav_simulator/so3_control/src/so3_control_component.cpp:10[m[K:
[7.641s] [01m[K/opt/ros/humble/include/std_msgs/std_msgs/msg/detail/bool__struct.hpp:105:5:[m[K [01;36m[Knote: [m[Kdeclared here
[7.641s]   105 |     [01;36m[KConstPtr[m[K;
[7.641s]       |     [01;36m[K^~~~~~~~[m[K
[7.643s] [01m[K/home/quangsang/ego_ws/src/ego-planner-swarm/src/uav_simulator/so3_control/src/so3_control_component.cpp:183:58:[m[K [01;35m[Kwarning: [m[K‘[01m[Kquadrotor_msgs::msg::Corrections_<std::allocator<void> >::ConstPtr[m[K’ is deprecated [[01;35m[K-Wdeprecated-declarations[m[K]
[7.643s]   183 | :msg::Corrections::ConstPtr &msg[01;35m[K)[m[K
[7.643s]       |                                 [01;35m[K^[m[K
[7.643s] 
[7.643s] In file included from [01m[K/home/quangsang/ego_ws/install/quadrotor_msgs/include/quadrotor_msgs/quadrotor_msgs/msg/corrections.hpp:7[m[K,
[7.643s]                  from [01m[K/home/quangsang/ego_ws/src/ego-planner-swarm/src/uav_simulator/so3_control/src/so3_control_component.cpp:4[m[K:
[7.643s] [01m[K/home/quangsang/ego_ws/install/quadrotor_msgs/include/quadrotor_msgs/quadrotor_msgs/msg/detail/corrections__struct.hpp:116:5:[m[K [01;36m[Knote: [m[Kdeclared here
[7.643s]   116 |     [01;36m[KConstPtr[m[K;
[7.643s]       |     [01;36m[K^~~~~~~~[m[K
[38.611s] [100%] [32m[1mLinking CXX shared library libso3_control_component.so[0m
[39.083s] [100%] Built target so3_control_component
[39.091s] Invoked command in '/home/quangsang/ego_ws/build/so3_control' returned '0': CMAKE_PREFIX_PATH=/home/quangsang/ego_ws/install/quadrotor_msgs:/home/quangsang/ego_ws/install/cmake_utils:/home/quangsang/ros2_ws/install/ros_ign_bridge:/home/quangsang/ros2_ws/install/ros_gz_bridge:/home/quangsang/ros2_ws/install/ros_gz_interfaces:/home/quangsang/ros2_ws/install/rmw_cyclonedds_cpp:/home/quangsang/ros2_ws/install/px4_msgs:/home/quangsang/ros2_ws/install/gz_ros_bridge:/home/quangsang/ros2_ws/install/depthimage_to_pointcloud2:/home/quangsang/ros2_ws/install/cyclonedds:/home/quangsang/ego_ws/install/waypoint_generator:/home/quangsang/ego_ws/install/so3_quadrotor_simulator:/home/quangsang/ego_ws/install/uav_utils:/home/quangsang/ego_ws/install/rosmsg_tcp_bridge:/home/quangsang/ego_ws/install/offboard_control:/home/quangsang/ego_ws/install/ego_planner:/home/quangsang/ego_ws/install/bspline_opt:/home/quangsang/ego_ws/install/traj_utils:/home/quangsang/ego_ws/install/so3_control:/home/quangsang/ego_ws/install/poscmd_2_odom:/home/quangsang/ego_ws/install/odom_visualization:/home/quangsang/ego_ws/install/multi_map_server:/home/quangsang/ego_ws/install/local_sensing:/home/quangsang/ego_ws/install/px4_msgs:/home/quangsang/ego_ws/install/pose_utils:/home/quangsang/ego_ws/install/path_searching:/home/quangsang/ego_ws/install/plan_env:/home/quangsang/ego_ws/install/perception_pcl:/home/quangsang/ego_ws/install/mockamap:/home/quangsang/ego_ws/install/pcl_ros:/home/quangsang/ego_ws/install/map_generator:/home/quangsang/ego_ws/install/pcl_conversions:/home/quangsang/ego_ws/install/pcl_msgs:/home/quangsang/ego_ws/install/drone_detect:/home/quangsang/ros2_ws/install/gz_openvins_bridge:/home/quangsang/ros2_ws/install/obstacle_publisher:/opt/ros/humble LD_LIBRARY_PATH=/home/quangsang/ego_ws/install/quadrotor_msgs/lib:/home/quangsang/ros2_ws/install/ros_gz_bridge/lib:/home/quangsang/ros2_ws/install/ros_gz_interfaces/lib:/home/quangsang/ros2_ws/install/rmw_cyclonedds_cpp/lib:/home/quangsang/ros2_ws/install/px4_msgs/lib:/home/quangsang/ros2_ws/install/cyclonedds/lib:/home/quangsang/ego_ws/install/bspline_opt/lib:/home/quangsang/ego_ws/install/traj_utils/lib:/home/quangsang/ego_ws/install/so3_control/lib:/home/quangsang/ego_ws/install/multi_map_server/lib:/home/quangsang/ego_ws/install/px4_msgs/lib:/home/quangsang/ego_ws/install/pose_utils/lib:/home/quangsang/ego_ws/install/path_searching/lib:/home/quangsang/ego_ws/install/plan_env/lib:/home/quangsang/ego_ws/install/pcl_ros/lib:/home/quangsang/ego_ws/install/pcl_msgs/lib:/opt/ros/humble/opt/rviz_ogre_vendor/lib:/opt/ros/humble/lib/x86_64-linux-gnu:/opt/ros/humble/lib:/usr/local/cuda-11.8/lib64 /usr/bin/cmake --build /home/quangsang/ego_ws/build/so3_control -- -j20 -l20
[39.093s] Invoking command in '/home/quangsang/ego_ws/build/so3_control': CMAKE_PREFIX_PATH=/home/quangsang/ego_ws/install/quadrotor_msgs:/home/quangsang/ego_ws/install/cmake_utils:/home/quangsang/ros2_ws/install/ros_ign_bridge:/home/quangsang/ros2_ws/install/ros_gz_bridge:/home/quangsang/ros2_ws/install/ros_gz_interfaces:/home/quangsang/ros2_ws/install/rmw_cyclonedds_cpp:/home/quangsang/ros2_ws/install/px4_msgs:/home/quangsang/ros2_ws/install/gz_ros_bridge:/home/quangsang/ros2_ws/install/depthimage_to_pointcloud2:/home/quangsang/ros2_ws/install/cyclonedds:/home/quangsang/ego_ws/install/waypoint_generator:/home/quangsang/ego_ws/install/so3_quadrotor_simulator:/home/quangsang/ego_ws/install/uav_utils:/home/quangsang/ego_ws/install/rosmsg_tcp_bridge:/home/quangsang/ego_ws/install/offboard_control:/home/quangsang/ego_ws/install/ego_planner:/home/quangsang/ego_ws/install/bspline_opt:/home/quangsang/ego_ws/install/traj_utils:/home/quangsang/ego_ws/install/so3_control:/home/quangsang/ego_ws/install/poscmd_2_odom:/home/quangsang/ego_ws/install/odom_visualization:/home/quangsang/ego_ws/install/multi_map_server:/home/quangsang/ego_ws/install/local_sensing:/home/quangsang/ego_ws/install/px4_msgs:/home/quangsang/ego_ws/install/pose_utils:/home/quangsang/ego_ws/install/path_searching:/home/quangsang/ego_ws/install/plan_env:/home/quangsang/ego_ws/install/perception_pcl:/home/quangsang/ego_ws/install/mockamap:/home/quangsang/ego_ws/install/pcl_ros:/home/quangsang/ego_ws/install/map_generator:/home/quangsang/ego_ws/install/pcl_conversions:/home/quangsang/ego_ws/install/pcl_msgs:/home/quangsang/ego_ws/install/drone_detect:/home/quangsang/ros2_ws/install/gz_openvins_bridge:/home/quangsang/ros2_ws/install/obstacle_publisher:/opt/ros/humble LD_LIBRARY_PATH=/home/quangsang/ego_ws/install/quadrotor_msgs/lib:/home/quangsang/ros2_ws/install/ros_gz_bridge/lib:/home/quangsang/ros2_ws/install/ros_gz_interfaces/lib:/home/quangsang/ros2_ws/install/rmw_cyclonedds_cpp/lib:/home/quangsang/ros2_ws/install/px4_msgs/lib:/home/quangsang/ros2_ws/install/cyclonedds/lib:/home/quangsang/ego_ws/install/bspline_opt/lib:/home/quangsang/ego_ws/install/traj_utils/lib:/home/quangsang/ego_ws/install/so3_control/lib:/home/quangsang/ego_ws/install/multi_map_server/lib:/home/quangsang/ego_ws/install/px4_msgs/lib:/home/quangsang/ego_ws/install/pose_utils/lib:/home/quangsang/ego_ws/install/path_searching/lib:/home/quangsang/ego_ws/install/plan_env/lib:/home/quangsang/ego_ws/install/pcl_ros/lib:/home/quangsang/ego_ws/install/pcl_msgs/lib:/opt/ros/humble/opt/rviz_ogre_vendor/lib:/opt/ros/humble/lib/x86_64-linux-gnu:/opt/ros/humble/lib:/usr/local/cuda-11.8/lib64 /usr/bin/cmake --install /home/quangsang/ego_ws/build/so3_control
[39.100s] -- Install configuration: "Release"
[39.100s] -- Installing: /home/quangsang/ego_ws/install/so3_control/lib/so3_control/so3_control_component_node
[39.102s] -- Set runtime path of "/home/quangsang/ego_ws/install/so3_control/lib/so3_control/so3_control_component_node" to ""
[39.102s] -- Installing: /home/quangsang/ego_ws/install/so3_control/lib/so3_control/control_example
[39.104s] -- Set runtime path of "/home/quangsang/ego_ws/install/so3_control/lib/so3_control/control_example" to ""
[39.104s] -- Installing: /home/quangsang/ego_ws/install/so3_control/lib/libso3_control_component.so
[39.129s] -- Set runtime path of "/home/quangsang/ego_ws/install/so3_control/lib/libso3_control_component.so" to ""
[39.129s] -- Installing: /home/quangsang/ego_ws/install/so3_control/share/so3_control/config
[39.129s] -- Installing: /home/quangsang/ego_ws/install/so3_control/share/so3_control/config/corrections_hummingbird.yaml
[39.129s] -- Installing: /home/quangsang/ego_ws/install/so3_control/share/so3_control/config/corrections_pelican.yaml
[39.129s] -- Installing: /home/quangsang/ego_ws/install/so3_control/share/so3_control/config/gains_pelican.yaml
[39.129s] -- Installing: /home/quangsang/ego_ws/install/so3_control/share/so3_control/config/gains_hummingbird.yaml
[39.129s] -- Installing: /home/quangsang/ego_ws/install/so3_control/share/so3_control/config/gains.yaml
[39.129s] -- Installing: /home/quangsang/ego_ws/install/so3_control/share/ament_index/resource_index/package_run_dependencies/so3_control
[39.129s] -- Installing: /home/quangsang/ego_ws/install/so3_control/share/ament_index/resource_index/parent_prefix_path/so3_control
[39.129s] -- Installing: /home/quangsang/ego_ws/install/so3_control/share/so3_control/environment/ament_prefix_path.sh
[39.129s] -- Installing: /home/quangsang/ego_ws/install/so3_control/share/so3_control/environment/ament_prefix_path.dsv
[39.129s] -- Installing: /home/quangsang/ego_ws/install/so3_control/share/so3_control/environment/path.sh
[39.129s] -- Installing: /home/quangsang/ego_ws/install/so3_control/share/so3_control/environment/path.dsv
[39.129s] -- Installing: /home/quangsang/ego_ws/install/so3_control/share/so3_control/local_setup.bash
[39.130s] -- Installing: /home/quangsang/ego_ws/install/so3_control/share/so3_control/local_setup.sh
[39.130s] -- Installing: /home/quangsang/ego_ws/install/so3_control/share/so3_control/local_setup.zsh
[39.130s] -- Installing: /home/quangsang/ego_ws/install/so3_control/share/so3_control/local_setup.dsv
[39.130s] -- Installing: /home/quangsang/ego_ws/install/so3_control/share/so3_control/package.dsv
[39.130s] -- Installing: /home/quangsang/ego_ws/install/so3_control/share/ament_index/resource_index/packages/so3_control
[39.130s] -- Installing: /home/quangsang/ego_ws/install/so3_control/share/ament_index/resource_index/rclcpp_components/so3_control
[39.130s] -- Installing: /home/quangsang/ego_ws/install/so3_control/share/so3_control/cmake/so3_controlConfig.cmake
[39.130s] -- Installing: /home/quangsang/ego_ws/install/so3_control/share/so3_control/cmake/so3_controlConfig-version.cmake
[39.130s] -- Installing: /home/quangsang/ego_ws/install/so3_control/share/so3_control/package.xml
[39.132s] Invoked command in '/home/quangsang/ego_ws/build/so3_control' returned '0': CMAKE_PREFIX_PATH=/home/quangsang/ego_ws/install/quadrotor_msgs:/home/quangsang/ego_ws/install/cmake_utils:/home/quangsang/ros2_ws/install/ros_ign_bridge:/home/quangsang/ros2_ws/install/ros_gz_bridge:/home/quangsang/ros2_ws/install/ros_gz_interfaces:/home/quangsang/ros2_ws/install/rmw_cyclonedds_cpp:/home/quangsang/ros2_ws/install/px4_msgs:/home/quangsang/ros2_ws/install/gz_ros_bridge:/home/quangsang/ros2_ws/install/depthimage_to_pointcloud2:/home/quangsang/ros2_ws/install/cyclonedds:/home/quangsang/ego_ws/install/waypoint_generator:/home/quangsang/ego_ws/install/so3_quadrotor_simulator:/home/quangsang/ego_ws/install/uav_utils:/home/quangsang/ego_ws/install/rosmsg_tcp_bridge:/home/quangsang/ego_ws/install/offboard_control:/home/quangsang/ego_ws/install/ego_planner:/home/quangsang/ego_ws/install/bspline_opt:/home/quangsang/ego_ws/install/traj_utils:/home/quangsang/ego_ws/install/so3_control:/home/quangsang/ego_ws/install/poscmd_2_odom:/home/quangsang/ego_ws/install/odom_visualization:/home/quangsang/ego_ws/install/multi_map_server:/home/quangsang/ego_ws/install/local_sensing:/home/quangsang/ego_ws/install/px4_msgs:/home/quangsang/ego_ws/install/pose_utils:/home/quangsang/ego_ws/install/path_searching:/home/quangsang/ego_ws/install/plan_env:/home/quangsang/ego_ws/install/perception_pcl:/home/quangsang/ego_ws/install/mockamap:/home/quangsang/ego_ws/install/pcl_ros:/home/quangsang/ego_ws/install/map_generator:/home/quangsang/ego_ws/install/pcl_conversions:/home/quangsang/ego_ws/install/pcl_msgs:/home/quangsang/ego_ws/install/drone_detect:/home/quangsang/ros2_ws/install/gz_openvins_bridge:/home/quangsang/ros2_ws/install/obstacle_publisher:/opt/ros/humble LD_LIBRARY_PATH=/home/quangsang/ego_ws/install/quadrotor_msgs/lib:/home/quangsang/ros2_ws/install/ros_gz_bridge/lib:/home/quangsang/ros2_ws/install/ros_gz_interfaces/lib:/home/quangsang/ros2_ws/install/rmw_cyclonedds_cpp/lib:/home/quangsang/ros2_ws/install/px4_msgs/lib:/home/quangsang/ros2_ws/install/cyclonedds/lib:/home/quangsang/ego_ws/install/bspline_opt/lib:/home/quangsang/ego_ws/install/traj_utils/lib:/home/quangsang/ego_ws/install/so3_control/lib:/home/quangsang/ego_ws/install/multi_map_server/lib:/home/quangsang/ego_ws/install/px4_msgs/lib:/home/quangsang/ego_ws/install/pose_utils/lib:/home/quangsang/ego_ws/install/path_searching/lib:/home/quangsang/ego_ws/install/plan_env/lib:/home/quangsang/ego_ws/install/pcl_ros/lib:/home/quangsang/ego_ws/install/pcl_msgs/lib:/opt/ros/humble/opt/rviz_ogre_vendor/lib:/opt/ros/humble/lib/x86_64-linux-gnu:/opt/ros/humble/lib:/usr/local/cuda-11.8/lib64 /usr/bin/cmake --install /home/quangsang/ego_ws/build/so3_control
