[0.017s] Invoking command in '/home/quangsang/ego_ws/build/pose_utils': CMAKE_PREFIX_PATH=${CMAKE_PREFIX_PATH}:/home/quangsang/ros2_ws/install/gz_openvins_bridge:/home/quangsang/ros2_ws/install/obstacle_publisher:/opt/ros/humble /usr/bin/cmake /home/quangsang/ego_ws/src/ego-planner-swarm/src/uav_simulator/Utils/pose_utils -DCMAKE_INSTALL_PREFIX=/home/quangsang/ego_ws/install/pose_utils
[0.059s] -- The C compiler identification is GNU 9.5.0
[0.095s] -- The CXX compiler identification is GNU 9.5.0
[0.100s] -- Detecting C compiler ABI info
[0.144s] -- Detecting C compiler ABI info - done
[0.149s] -- Check for working C compiler: /usr/bin/cc - skipped
[0.149s] -- Detecting C compile features
[0.149s] -- Detecting C compile features - done
[0.151s] -- Detecting CXX compiler ABI info
[0.204s] -- Detecting CXX compiler ABI info - done
[0.209s] -- Check for working CXX compiler: /usr/bin/c++ - skipped
[0.209s] -- Detecting CXX compile features
[0.210s] -- Detecting CXX compile features - done
[0.211s] -- Found ament_cmake: 1.3.12 (/opt/ros/humble/share/ament_cmake/cmake)
[0.319s] -- Found Python3: /usr/bin/python3 (found version "3.10.12") found components: Interpreter 
[0.385s] -- Found rclcpp: 16.0.14 (/opt/ros/humble/share/rclcpp/cmake)
[0.414s] -- Found rosidl_generator_c: 3.1.7 (/opt/ros/humble/share/rosidl_generator_c/cmake)
[0.417s] -- Found rosidl_adapter: 3.1.7 (/opt/ros/humble/share/rosidl_adapter/cmake)
[0.423s] -- Found rosidl_generator_cpp: 3.1.7 (/opt/ros/humble/share/rosidl_generator_cpp/cmake)
[0.431s] -- Using all available rosidl_typesupport_c: rosidl_typesupport_fastrtps_c;rosidl_typesupport_introspection_c
[0.445s] -- Using all available rosidl_typesupport_cpp: rosidl_typesupport_fastrtps_cpp;rosidl_typesupport_introspection_cpp
[0.494s] -- Found rmw_implementation_cmake: 6.1.2 (/opt/ros/humble/share/rmw_implementation_cmake/cmake)
[0.496s] -- Found rmw_cyclonedds_cpp: 1.3.4 (/home/quangsang/ros2_ws/install/rmw_cyclonedds_cpp/share/rmw_cyclonedds_cpp/cmake)
[0.513s] -- Using RMW implementation 'rmw_cyclonedds_cpp' as default
[0.519s] -- Looking for pthread.h
[0.570s] -- Looking for pthread.h - found
[0.571s] -- Performing Test CMAKE_HAVE_LIBC_PTHREAD
[0.621s] -- Performing Test CMAKE_HAVE_LIBC_PTHREAD - Success
[0.622s] -- Found Threads: TRUE  
[0.669s] -- Found Armadillo: /usr/include (found version "10.8.2") 
[0.671s] -- Found ament_lint_auto: 0.12.14 (/opt/ros/humble/share/ament_lint_auto/cmake)
[0.731s] -- Added test 'cppcheck' to perform static code analysis on C / C++ code
[0.731s] -- Configured cppcheck include dirs: /home/quangsang/ego_ws/src/ego-planner-swarm/src/uav_simulator/Utils/pose_utils/include/pose_utils
[0.731s] -- Configured cppcheck exclude dirs and/or files: 
[0.732s] -- Added test 'lint_cmake' to check CMake code style
[0.733s] -- Added test 'uncrustify' to check C / C++ code style
[0.733s] -- Configured uncrustify additional arguments: 
[0.733s] -- Added test 'xmllint' to check XML markup files
[0.736s] -- Configuring done
[0.739s] -- Generating done
[0.742s] -- Build files have been written to: /home/quangsang/ego_ws/build/pose_utils
[0.759s] Invoked command in '/home/quangsang/ego_ws/build/pose_utils' returned '0': CMAKE_PREFIX_PATH=${CMAKE_PREFIX_PATH}:/home/quangsang/ros2_ws/install/gz_openvins_bridge:/home/quangsang/ros2_ws/install/obstacle_publisher:/opt/ros/humble /usr/bin/cmake /home/quangsang/ego_ws/src/ego-planner-swarm/src/uav_simulator/Utils/pose_utils -DCMAKE_INSTALL_PREFIX=/home/quangsang/ego_ws/install/pose_utils
[0.760s] Invoking command in '/home/quangsang/ego_ws/build/pose_utils': CMAKE_PREFIX_PATH=${CMAKE_PREFIX_PATH}:/home/quangsang/ros2_ws/install/gz_openvins_bridge:/home/quangsang/ros2_ws/install/obstacle_publisher:/opt/ros/humble /usr/bin/cmake --build /home/quangsang/ego_ws/build/pose_utils -- -j20 -l20
[0.797s] [ 50%] [32mBuilding CXX object CMakeFiles/pose_utils.dir/src/pose_utils.cpp.o[0m
[2.300s] [01m[K/home/quangsang/ego_ws/src/ego-planner-swarm/src/uav_simulator/Utils/pose_utils/src/pose_utils.cpp:[m[K In function ‘[01m[Karma::mat jacobianF(const colvec&, const colvec&, double)[m[K’:
[2.302s] [01m[K/home/quangsang/ego_ws/src/ego-planner-swarm/src/uav_simulator/Utils/pose_utils/src/pose_utils.cpp:320:10:[m[K [01;35m[Kwarning: [m[Kunused variable ‘[01m[Kx[m[K’ [[01;35m[K-Wunused-variable[m[K]
[2.302s]   320 |   double [01;35m[Kx[m[K  = X(0);
[2.302s]       |          [01;35m[K^[m[K
[2.303s] [01m[K/home/quangsang/ego_ws/src/ego-planner-swarm/src/uav_simulator/Utils/pose_utils/src/pose_utils.cpp:321:10:[m[K [01;35m[Kwarning: [m[Kunused variable ‘[01m[Ky[m[K’ [[01;35m[K-Wunused-variable[m[K]
[2.303s]   321 |   double [01;35m[Ky[m[K  = X(1);
[2.303s]       |          [01;35m[K^[m[K
[2.303s] [01m[K/home/quangsang/ego_ws/src/ego-planner-swarm/src/uav_simulator/Utils/pose_utils/src/pose_utils.cpp:322:10:[m[K [01;35m[Kwarning: [m[Kunused variable ‘[01m[Kz[m[K’ [[01;35m[K-Wunused-variable[m[K]
[2.303s]   322 |   double [01;35m[Kz[m[K  = X(2);
[2.303s]       |          [01;35m[K^[m[K
[2.303s] [01m[K/home/quangsang/ego_ws/src/ego-planner-swarm/src/uav_simulator/Utils/pose_utils/src/pose_utils.cpp:326:10:[m[K [01;35m[Kwarning: [m[Kunused variable ‘[01m[Kvx[m[K’ [[01;35m[K-Wunused-variable[m[K]
[2.303s]   326 |   double [01;35m[Kvx[m[K = X(6);
[2.303s]       |          [01;35m[K^~[m[K
[2.303s] [01m[K/home/quangsang/ego_ws/src/ego-planner-swarm/src/uav_simulator/Utils/pose_utils/src/pose_utils.cpp:327:10:[m[K [01;35m[Kwarning: [m[Kunused variable ‘[01m[Kvy[m[K’ [[01;35m[K-Wunused-variable[m[K]
[2.303s]   327 |   double [01;35m[Kvy[m[K = X(7);
[2.303s]       |          [01;35m[K^~[m[K
[2.303s] [01m[K/home/quangsang/ego_ws/src/ego-planner-swarm/src/uav_simulator/Utils/pose_utils/src/pose_utils.cpp:328:10:[m[K [01;35m[Kwarning: [m[Kunused variable ‘[01m[Kvz[m[K’ [[01;35m[K-Wunused-variable[m[K]
[2.303s]   328 |   double [01;35m[Kvz[m[K = X(8);
[2.304s]       |          [01;35m[K^~[m[K
[2.304s] [01m[K/home/quangsang/ego_ws/src/ego-planner-swarm/src/uav_simulator/Utils/pose_utils/src/pose_utils.cpp:332:10:[m[K [01;35m[Kwarning: [m[Kunused variable ‘[01m[Kwx[m[K’ [[01;35m[K-Wunused-variable[m[K]
[2.304s]   332 |   double [01;35m[Kwx[m[K = U(3);
[2.304s]       |          [01;35m[K^~[m[K
[2.304s] [01m[K/home/quangsang/ego_ws/src/ego-planner-swarm/src/uav_simulator/Utils/pose_utils/src/pose_utils.cpp:[m[K In function ‘[01m[Karma::mat jacobianU(const colvec&, const colvec&, double)[m[K’:
[2.304s] [01m[K/home/quangsang/ego_ws/src/ego-planner-swarm/src/uav_simulator/Utils/pose_utils/src/pose_utils.cpp:434:10:[m[K [01;35m[Kwarning: [m[Kunused variable ‘[01m[Kx[m[K’ [[01;35m[K-Wunused-variable[m[K]
[2.304s]   434 |   double [01;35m[Kx[m[K  = X(0);
[2.304s]       |          [01;35m[K^[m[K
[2.304s] [01m[K/home/quangsang/ego_ws/src/ego-planner-swarm/src/uav_simulator/Utils/pose_utils/src/pose_utils.cpp:435:10:[m[K [01;35m[Kwarning: [m[Kunused variable ‘[01m[Ky[m[K’ [[01;35m[K-Wunused-variable[m[K]
[2.304s]   435 |   double [01;35m[Ky[m[K  = X(1);
[2.304s]       |          [01;35m[K^[m[K
[2.304s] [01m[K/home/quangsang/ego_ws/src/ego-planner-swarm/src/uav_simulator/Utils/pose_utils/src/pose_utils.cpp:436:10:[m[K [01;35m[Kwarning: [m[Kunused variable ‘[01m[Kz[m[K’ [[01;35m[K-Wunused-variable[m[K]
[2.304s]   436 |   double [01;35m[Kz[m[K  = X(2);
[2.305s]       |          [01;35m[K^[m[K
[2.305s] [01m[K/home/quangsang/ego_ws/src/ego-planner-swarm/src/uav_simulator/Utils/pose_utils/src/pose_utils.cpp:440:10:[m[K [01;35m[Kwarning: [m[Kunused variable ‘[01m[Kvx[m[K’ [[01;35m[K-Wunused-variable[m[K]
[2.305s]   440 |   double [01;35m[Kvx[m[K = X(6);
[2.305s]       |          [01;35m[K^~[m[K
[2.305s] [01m[K/home/quangsang/ego_ws/src/ego-planner-swarm/src/uav_simulator/Utils/pose_utils/src/pose_utils.cpp:441:10:[m[K [01;35m[Kwarning: [m[Kunused variable ‘[01m[Kvy[m[K’ [[01;35m[K-Wunused-variable[m[K]
[2.305s]   441 |   double [01;35m[Kvy[m[K = X(7);
[2.305s]       |          [01;35m[K^~[m[K
[2.305s] [01m[K/home/quangsang/ego_ws/src/ego-planner-swarm/src/uav_simulator/Utils/pose_utils/src/pose_utils.cpp:442:10:[m[K [01;35m[Kwarning: [m[Kunused variable ‘[01m[Kvz[m[K’ [[01;35m[K-Wunused-variable[m[K]
[2.305s]   442 |   double [01;35m[Kvz[m[K = X(8);
[2.305s]       |          [01;35m[K^~[m[K
[2.305s] [01m[K/home/quangsang/ego_ws/src/ego-planner-swarm/src/uav_simulator/Utils/pose_utils/src/pose_utils.cpp:443:10:[m[K [01;35m[Kwarning: [m[Kunused variable ‘[01m[Kax[m[K’ [[01;35m[K-Wunused-variable[m[K]
[2.305s]   443 |   double [01;35m[Kax[m[K = U(0);
[2.305s]       |          [01;35m[K^~[m[K
[2.305s] [01m[K/home/quangsang/ego_ws/src/ego-planner-swarm/src/uav_simulator/Utils/pose_utils/src/pose_utils.cpp:444:10:[m[K [01;35m[Kwarning: [m[Kunused variable ‘[01m[Kay[m[K’ [[01;35m[K-Wunused-variable[m[K]
[2.305s]   444 |   double [01;35m[Kay[m[K = U(1);
[2.305s]       |          [01;35m[K^~[m[K
[2.306s] [01m[K/home/quangsang/ego_ws/src/ego-planner-swarm/src/uav_simulator/Utils/pose_utils/src/pose_utils.cpp:445:10:[m[K [01;35m[Kwarning: [m[Kunused variable ‘[01m[Kaz[m[K’ [[01;35m[K-Wunused-variable[m[K]
[2.306s]   445 |   double [01;35m[Kaz[m[K = U(2);
[2.306s]       |          [01;35m[K^~[m[K
[2.306s] [01m[K/home/quangsang/ego_ws/src/ego-planner-swarm/src/uav_simulator/Utils/pose_utils/src/pose_utils.cpp:446:10:[m[K [01;35m[Kwarning: [m[Kunused variable ‘[01m[Kwx[m[K’ [[01;35m[K-Wunused-variable[m[K]
[2.306s]   446 |   double [01;35m[Kwx[m[K = U(3);
[2.306s]       |          [01;35m[K^~[m[K
[2.306s] [01m[K/home/quangsang/ego_ws/src/ego-planner-swarm/src/uav_simulator/Utils/pose_utils/src/pose_utils.cpp:447:10:[m[K [01;35m[Kwarning: [m[Kunused variable ‘[01m[Kwy[m[K’ [[01;35m[K-Wunused-variable[m[K]
[2.306s]   447 |   double [01;35m[Kwy[m[K = U(4);
[2.306s]       |          [01;35m[K^~[m[K
[2.306s] [01m[K/home/quangsang/ego_ws/src/ego-planner-swarm/src/uav_simulator/Utils/pose_utils/src/pose_utils.cpp:448:10:[m[K [01;35m[Kwarning: [m[Kunused variable ‘[01m[Kwz[m[K’ [[01;35m[K-Wunused-variable[m[K]
[2.306s]   448 |   double [01;35m[Kwz[m[K = U(5);
[2.306s]       |          [01;35m[K^~[m[K
[5.838s] [100%] [32m[1mLinking CXX shared library libpose_utils.so[0m
[6.035s] [100%] Built target pose_utils
[6.067s] Invoked command in '/home/quangsang/ego_ws/build/pose_utils' returned '0': CMAKE_PREFIX_PATH=${CMAKE_PREFIX_PATH}:/home/quangsang/ros2_ws/install/gz_openvins_bridge:/home/quangsang/ros2_ws/install/obstacle_publisher:/opt/ros/humble /usr/bin/cmake --build /home/quangsang/ego_ws/build/pose_utils -- -j20 -l20
[6.068s] Invoking command in '/home/quangsang/ego_ws/build/pose_utils': CMAKE_PREFIX_PATH=${CMAKE_PREFIX_PATH}:/home/quangsang/ros2_ws/install/gz_openvins_bridge:/home/quangsang/ros2_ws/install/obstacle_publisher:/opt/ros/humble /usr/bin/cmake --install /home/quangsang/ego_ws/build/pose_utils
[6.076s] -- Install configuration: ""
[6.076s] -- Installing: /home/quangsang/ego_ws/install/pose_utils/lib/libpose_utils.so
[6.079s] -- Set runtime path of "/home/quangsang/ego_ws/install/pose_utils/lib/libpose_utils.so" to ""
[6.079s] -- Installing: /home/quangsang/ego_ws/install/pose_utils/include/pose_utils
[6.079s] -- Installing: /home/quangsang/ego_ws/install/pose_utils/include/pose_utils/pose_utils.h
[6.079s] -- Installing: /home/quangsang/ego_ws/install/pose_utils/share/pose_utils/environment/library_path.sh
[6.079s] -- Installing: /home/quangsang/ego_ws/install/pose_utils/share/pose_utils/environment/library_path.dsv
[6.080s] -- Installing: /home/quangsang/ego_ws/install/pose_utils/share/ament_index/resource_index/package_run_dependencies/pose_utils
[6.080s] -- Installing: /home/quangsang/ego_ws/install/pose_utils/share/ament_index/resource_index/parent_prefix_path/pose_utils
[6.080s] -- Installing: /home/quangsang/ego_ws/install/pose_utils/share/pose_utils/environment/ament_prefix_path.sh
[6.080s] -- Installing: /home/quangsang/ego_ws/install/pose_utils/share/pose_utils/environment/ament_prefix_path.dsv
[6.081s] -- Installing: /home/quangsang/ego_ws/install/pose_utils/share/pose_utils/environment/path.sh
[6.081s] -- Installing: /home/quangsang/ego_ws/install/pose_utils/share/pose_utils/environment/path.dsv
[6.081s] -- Installing: /home/quangsang/ego_ws/install/pose_utils/share/pose_utils/local_setup.bash
[6.081s] -- Installing: /home/quangsang/ego_ws/install/pose_utils/share/pose_utils/local_setup.sh
[6.081s] -- Installing: /home/quangsang/ego_ws/install/pose_utils/share/pose_utils/local_setup.zsh
[6.081s] -- Installing: /home/quangsang/ego_ws/install/pose_utils/share/pose_utils/local_setup.dsv
[6.081s] -- Installing: /home/quangsang/ego_ws/install/pose_utils/share/pose_utils/package.dsv
[6.081s] -- Installing: /home/quangsang/ego_ws/install/pose_utils/share/ament_index/resource_index/packages/pose_utils
[6.081s] -- Installing: /home/quangsang/ego_ws/install/pose_utils/share/pose_utils/cmake/ament_cmake_export_include_directories-extras.cmake
[6.081s] -- Installing: /home/quangsang/ego_ws/install/pose_utils/share/pose_utils/cmake/ament_cmake_export_libraries-extras.cmake
[6.081s] -- Installing: /home/quangsang/ego_ws/install/pose_utils/share/pose_utils/cmake/pose_utilsConfig.cmake
[6.081s] -- Installing: /home/quangsang/ego_ws/install/pose_utils/share/pose_utils/cmake/pose_utilsConfig-version.cmake
[6.082s] -- Installing: /home/quangsang/ego_ws/install/pose_utils/share/pose_utils/package.xml
[6.085s] Invoked command in '/home/quangsang/ego_ws/build/pose_utils' returned '0': CMAKE_PREFIX_PATH=${CMAKE_PREFIX_PATH}:/home/quangsang/ros2_ws/install/gz_openvins_bridge:/home/quangsang/ros2_ws/install/obstacle_publisher:/opt/ros/humble /usr/bin/cmake --install /home/quangsang/ego_ws/build/pose_utils
