[0.022s] Invoking command in '/home/quangsang/ego_ws/build/cmake_utils': CMAKE_PREFIX_PATH=${CMAKE_PREFIX_PATH}:/home/quangsang/ros2_ws/install/gz_openvins_bridge:/home/quangsang/ros2_ws/install/obstacle_publisher:/opt/ros/humble /usr/bin/cmake --build /home/quangsang/ego_ws/build/cmake_utils -- -j20 -l20
[0.049s] Invoked command in '/home/quangsang/ego_ws/build/cmake_utils' returned '0': CMAKE_PREFIX_PATH=${CMAKE_PREFIX_PATH}:/home/quangsang/ros2_ws/install/gz_openvins_bridge:/home/quangsang/ros2_ws/install/obstacle_publisher:/opt/ros/humble /usr/bin/cmake --build /home/quangsang/ego_ws/build/cmake_utils -- -j20 -l20
[0.057s] Invoking command in '/home/quangsang/ego_ws/build/cmake_utils': CMAKE_PREFIX_PATH=${CMAKE_PREFIX_PATH}:/home/quangsang/ros2_ws/install/gz_openvins_bridge:/home/quangsang/ros2_ws/install/obstacle_publisher:/opt/ros/humble /usr/bin/cmake --install /home/quangsang/ego_ws/build/cmake_utils
[0.064s] -- Install configuration: ""
[0.064s] -- Up-to-date: /home/quangsang/ego_ws/install/cmake_utils/share/ament_index/resource_index/package_run_dependencies/cmake_utils
[0.064s] -- Up-to-date: /home/quangsang/ego_ws/install/cmake_utils/share/ament_index/resource_index/parent_prefix_path/cmake_utils
[0.064s] -- Up-to-date: /home/quangsang/ego_ws/install/cmake_utils/share/cmake_utils/environment/ament_prefix_path.sh
[0.064s] -- Up-to-date: /home/quangsang/ego_ws/install/cmake_utils/share/cmake_utils/environment/ament_prefix_path.dsv
[0.066s] -- Up-to-date: /home/quangsang/ego_ws/install/cmake_utils/share/cmake_utils/environment/path.sh
[0.066s] -- Up-to-date: /home/quangsang/ego_ws/install/cmake_utils/share/cmake_utils/environment/path.dsv
[0.066s] -- Up-to-date: /home/quangsang/ego_ws/install/cmake_utils/share/cmake_utils/local_setup.bash
[0.066s] -- Up-to-date: /home/quangsang/ego_ws/install/cmake_utils/share/cmake_utils/local_setup.sh
[0.067s] -- Up-to-date: /home/quangsang/ego_ws/install/cmake_utils/share/cmake_utils/local_setup.zsh
[0.067s] -- Up-to-date: /home/quangsang/ego_ws/install/cmake_utils/share/cmake_utils/local_setup.dsv
[0.067s] -- Installing: /home/quangsang/ego_ws/install/cmake_utils/share/cmake_utils/package.dsv
[0.067s] -- Up-to-date: /home/quangsang/ego_ws/install/cmake_utils/share/ament_index/resource_index/packages/cmake_utils
[0.067s] -- Up-to-date: /home/quangsang/ego_ws/install/cmake_utils/share/cmake_utils/cmake/cmake_utilsConfig.cmake
[0.067s] -- Up-to-date: /home/quangsang/ego_ws/install/cmake_utils/share/cmake_utils/cmake/cmake_utilsConfig-version.cmake
[0.067s] -- Up-to-date: /home/quangsang/ego_ws/install/cmake_utils/share/cmake_utils/package.xml
[0.070s] Invoked command in '/home/quangsang/ego_ws/build/cmake_utils' returned '0': CMAKE_PREFIX_PATH=${CMAKE_PREFIX_PATH}:/home/quangsang/ros2_ws/install/gz_openvins_bridge:/home/quangsang/ros2_ws/install/obstacle_publisher:/opt/ros/humble /usr/bin/cmake --install /home/quangsang/ego_ws/build/cmake_utils
