[0.068s] Invoking command in '/home/quangsang/ego_ws/build/multi_map_server': CMAKE_PREFIX_PATH=/home/quangsang/ego_ws/install/quadrotor_msgs:/home/quangsang/ego_ws/install/pose_utils:/home/quangsang/ros2_ws/install/ros_ign_bridge:/home/quangsang/ros2_ws/install/ros_gz_bridge:/home/quangsang/ros2_ws/install/ros_gz_interfaces:/home/quangsang/ros2_ws/install/rmw_cyclonedds_cpp:/home/quangsang/ros2_ws/install/px4_msgs:/home/quangsang/ros2_ws/install/gz_ros_bridge:/home/quangsang/ros2_ws/install/depthimage_to_pointcloud2:/home/quangsang/ros2_ws/install/cyclonedds:/home/quangsang/ego_ws/install/waypoint_generator:/home/quangsang/ego_ws/install/so3_quadrotor_simulator:/home/quangsang/ego_ws/install/uav_utils:/home/quangsang/ego_ws/install/rosmsg_tcp_bridge:/home/quangsang/ego_ws/install/offboard_control:/home/quangsang/ego_ws/install/ego_planner:/home/quangsang/ego_ws/install/bspline_opt:/home/quangsang/ego_ws/install/traj_utils:/home/quangsang/ego_ws/install/so3_control:/home/quangsang/ego_ws/install/poscmd_2_odom:/home/quangsang/ego_ws/install/odom_visualization:/home/quangsang/ego_ws/install/multi_map_server:/home/quangsang/ego_ws/install/local_sensing:/home/quangsang/ego_ws/install/px4_msgs:/home/quangsang/ego_ws/install/path_searching:/home/quangsang/ego_ws/install/plan_env:/home/quangsang/ego_ws/install/perception_pcl:/home/quangsang/ego_ws/install/mockamap:/home/quangsang/ego_ws/install/pcl_ros:/home/quangsang/ego_ws/install/map_generator:/home/quangsang/ego_ws/install/pcl_conversions:/home/quangsang/ego_ws/install/pcl_msgs:/home/quangsang/ego_ws/install/drone_detect:/home/quangsang/ego_ws/install/cmake_utils:/home/quangsang/ros2_ws/install/gz_openvins_bridge:/home/quangsang/ros2_ws/install/obstacle_publisher:/opt/ros/humble LD_LIBRARY_PATH=/home/quangsang/ego_ws/install/quadrotor_msgs/lib:/home/quangsang/ego_ws/install/pose_utils/lib:/home/quangsang/ros2_ws/install/ros_gz_bridge/lib:/home/quangsang/ros2_ws/install/ros_gz_interfaces/lib:/home/quangsang/ros2_ws/install/rmw_cyclonedds_cpp/lib:/home/quangsang/ros2_ws/install/px4_msgs/lib:/home/quangsang/ros2_ws/install/cyclonedds/lib:/home/quangsang/ego_ws/install/bspline_opt/lib:/home/quangsang/ego_ws/install/traj_utils/lib:/home/quangsang/ego_ws/install/so3_control/lib:/home/quangsang/ego_ws/install/multi_map_server/lib:/home/quangsang/ego_ws/install/px4_msgs/lib:/home/quangsang/ego_ws/install/path_searching/lib:/home/quangsang/ego_ws/install/plan_env/lib:/home/quangsang/ego_ws/install/pcl_ros/lib:/home/quangsang/ego_ws/install/pcl_msgs/lib:/opt/ros/humble/opt/rviz_ogre_vendor/lib:/opt/ros/humble/lib/x86_64-linux-gnu:/opt/ros/humble/lib:/usr/local/cuda-11.8/lib64 /usr/bin/cmake --build /home/quangsang/ego_ws/build/multi_map_server -- -j20 -l20
[0.120s] [  1%] Built target multi_map_server__cpp
[0.126s] [ 12%] Built target multi_map_server__rosidl_generator_c
[0.132s] [ 12%] Built target ament_cmake_python_copy_multi_map_server
[0.146s] [ 22%] Built target multi_map_server__rosidl_typesupport_introspection_cpp
[0.146s] [ 33%] Built target multi_map_server__rosidl_typesupport_cpp
[0.148s] [ 43%] Built target multi_map_server__rosidl_typesupport_fastrtps_cpp
[0.148s] [ 54%] Built target multi_map_server__rosidl_typesupport_fastrtps_c
[0.148s] [ 64%] Built target multi_map_server__rosidl_typesupport_introspection_c
[0.149s] [ 75%] Built target multi_map_server__rosidl_typesupport_c
[0.164s] [ 75%] Built target multi_map_server
[0.170s] [ 78%] Built target multi_map_visualization
[0.182s] [ 80%] Built target multi_map_server__py
[0.203s] [ 89%] Built target multi_map_server__rosidl_generator_py
[0.216s] [ 92%] Built target multi_map_server__rosidl_typesupport_c__pyext
[0.217s] [ 96%] Built target multi_map_server__rosidl_typesupport_introspection_c__pyext
[0.222s] [100%] Built target multi_map_server__rosidl_typesupport_fastrtps_c__pyext
[0.562s] running egg_info
[0.565s] writing multi_map_server.egg-info/PKG-INFO
[0.566s] writing dependency_links to multi_map_server.egg-info/dependency_links.txt
[0.566s] writing top-level names to multi_map_server.egg-info/top_level.txt
[0.579s] reading manifest file 'multi_map_server.egg-info/SOURCES.txt'
[0.583s] writing manifest file 'multi_map_server.egg-info/SOURCES.txt'
[0.619s] [100%] Built target ament_cmake_python_build_multi_map_server_egg
[0.639s] Invoked command in '/home/quangsang/ego_ws/build/multi_map_server' returned '0': CMAKE_PREFIX_PATH=/home/quangsang/ego_ws/install/quadrotor_msgs:/home/quangsang/ego_ws/install/pose_utils:/home/quangsang/ros2_ws/install/ros_ign_bridge:/home/quangsang/ros2_ws/install/ros_gz_bridge:/home/quangsang/ros2_ws/install/ros_gz_interfaces:/home/quangsang/ros2_ws/install/rmw_cyclonedds_cpp:/home/quangsang/ros2_ws/install/px4_msgs:/home/quangsang/ros2_ws/install/gz_ros_bridge:/home/quangsang/ros2_ws/install/depthimage_to_pointcloud2:/home/quangsang/ros2_ws/install/cyclonedds:/home/quangsang/ego_ws/install/waypoint_generator:/home/quangsang/ego_ws/install/so3_quadrotor_simulator:/home/quangsang/ego_ws/install/uav_utils:/home/quangsang/ego_ws/install/rosmsg_tcp_bridge:/home/quangsang/ego_ws/install/offboard_control:/home/quangsang/ego_ws/install/ego_planner:/home/quangsang/ego_ws/install/bspline_opt:/home/quangsang/ego_ws/install/traj_utils:/home/quangsang/ego_ws/install/so3_control:/home/quangsang/ego_ws/install/poscmd_2_odom:/home/quangsang/ego_ws/install/odom_visualization:/home/quangsang/ego_ws/install/multi_map_server:/home/quangsang/ego_ws/install/local_sensing:/home/quangsang/ego_ws/install/px4_msgs:/home/quangsang/ego_ws/install/path_searching:/home/quangsang/ego_ws/install/plan_env:/home/quangsang/ego_ws/install/perception_pcl:/home/quangsang/ego_ws/install/mockamap:/home/quangsang/ego_ws/install/pcl_ros:/home/quangsang/ego_ws/install/map_generator:/home/quangsang/ego_ws/install/pcl_conversions:/home/quangsang/ego_ws/install/pcl_msgs:/home/quangsang/ego_ws/install/drone_detect:/home/quangsang/ego_ws/install/cmake_utils:/home/quangsang/ros2_ws/install/gz_openvins_bridge:/home/quangsang/ros2_ws/install/obstacle_publisher:/opt/ros/humble LD_LIBRARY_PATH=/home/quangsang/ego_ws/install/quadrotor_msgs/lib:/home/quangsang/ego_ws/install/pose_utils/lib:/home/quangsang/ros2_ws/install/ros_gz_bridge/lib:/home/quangsang/ros2_ws/install/ros_gz_interfaces/lib:/home/quangsang/ros2_ws/install/rmw_cyclonedds_cpp/lib:/home/quangsang/ros2_ws/install/px4_msgs/lib:/home/quangsang/ros2_ws/install/cyclonedds/lib:/home/quangsang/ego_ws/install/bspline_opt/lib:/home/quangsang/ego_ws/install/traj_utils/lib:/home/quangsang/ego_ws/install/so3_control/lib:/home/quangsang/ego_ws/install/multi_map_server/lib:/home/quangsang/ego_ws/install/px4_msgs/lib:/home/quangsang/ego_ws/install/path_searching/lib:/home/quangsang/ego_ws/install/plan_env/lib:/home/quangsang/ego_ws/install/pcl_ros/lib:/home/quangsang/ego_ws/install/pcl_msgs/lib:/opt/ros/humble/opt/rviz_ogre_vendor/lib:/opt/ros/humble/lib/x86_64-linux-gnu:/opt/ros/humble/lib:/usr/local/cuda-11.8/lib64 /usr/bin/cmake --build /home/quangsang/ego_ws/build/multi_map_server -- -j20 -l20
[0.640s] Invoking command in '/home/quangsang/ego_ws/build/multi_map_server': CMAKE_PREFIX_PATH=/home/quangsang/ego_ws/install/quadrotor_msgs:/home/quangsang/ego_ws/install/pose_utils:/home/quangsang/ros2_ws/install/ros_ign_bridge:/home/quangsang/ros2_ws/install/ros_gz_bridge:/home/quangsang/ros2_ws/install/ros_gz_interfaces:/home/quangsang/ros2_ws/install/rmw_cyclonedds_cpp:/home/quangsang/ros2_ws/install/px4_msgs:/home/quangsang/ros2_ws/install/gz_ros_bridge:/home/quangsang/ros2_ws/install/depthimage_to_pointcloud2:/home/quangsang/ros2_ws/install/cyclonedds:/home/quangsang/ego_ws/install/waypoint_generator:/home/quangsang/ego_ws/install/so3_quadrotor_simulator:/home/quangsang/ego_ws/install/uav_utils:/home/quangsang/ego_ws/install/rosmsg_tcp_bridge:/home/quangsang/ego_ws/install/offboard_control:/home/quangsang/ego_ws/install/ego_planner:/home/quangsang/ego_ws/install/bspline_opt:/home/quangsang/ego_ws/install/traj_utils:/home/quangsang/ego_ws/install/so3_control:/home/quangsang/ego_ws/install/poscmd_2_odom:/home/quangsang/ego_ws/install/odom_visualization:/home/quangsang/ego_ws/install/multi_map_server:/home/quangsang/ego_ws/install/local_sensing:/home/quangsang/ego_ws/install/px4_msgs:/home/quangsang/ego_ws/install/path_searching:/home/quangsang/ego_ws/install/plan_env:/home/quangsang/ego_ws/install/perception_pcl:/home/quangsang/ego_ws/install/mockamap:/home/quangsang/ego_ws/install/pcl_ros:/home/quangsang/ego_ws/install/map_generator:/home/quangsang/ego_ws/install/pcl_conversions:/home/quangsang/ego_ws/install/pcl_msgs:/home/quangsang/ego_ws/install/drone_detect:/home/quangsang/ego_ws/install/cmake_utils:/home/quangsang/ros2_ws/install/gz_openvins_bridge:/home/quangsang/ros2_ws/install/obstacle_publisher:/opt/ros/humble LD_LIBRARY_PATH=/home/quangsang/ego_ws/install/quadrotor_msgs/lib:/home/quangsang/ego_ws/install/pose_utils/lib:/home/quangsang/ros2_ws/install/ros_gz_bridge/lib:/home/quangsang/ros2_ws/install/ros_gz_interfaces/lib:/home/quangsang/ros2_ws/install/rmw_cyclonedds_cpp/lib:/home/quangsang/ros2_ws/install/px4_msgs/lib:/home/quangsang/ros2_ws/install/cyclonedds/lib:/home/quangsang/ego_ws/install/bspline_opt/lib:/home/quangsang/ego_ws/install/traj_utils/lib:/home/quangsang/ego_ws/install/so3_control/lib:/home/quangsang/ego_ws/install/multi_map_server/lib:/home/quangsang/ego_ws/install/px4_msgs/lib:/home/quangsang/ego_ws/install/path_searching/lib:/home/quangsang/ego_ws/install/plan_env/lib:/home/quangsang/ego_ws/install/pcl_ros/lib:/home/quangsang/ego_ws/install/pcl_msgs/lib:/opt/ros/humble/opt/rviz_ogre_vendor/lib:/opt/ros/humble/lib/x86_64-linux-gnu:/opt/ros/humble/lib:/usr/local/cuda-11.8/lib64 /usr/bin/cmake --install /home/quangsang/ego_ws/build/multi_map_server
[0.645s] -- Install configuration: "Release"
[0.645s] -- Up-to-date: /home/quangsang/ego_ws/install/multi_map_server/share/ament_index/resource_index/rosidl_interfaces/multi_map_server
[0.646s] -- Up-to-date: /home/quangsang/ego_ws/install/multi_map_server/include/multi_map_server/multi_map_server
[0.646s] -- Up-to-date: /home/quangsang/ego_ws/install/multi_map_server/include/multi_map_server/multi_map_server/msg
[0.646s] -- Up-to-date: /home/quangsang/ego_ws/install/multi_map_server/include/multi_map_server/multi_map_server/msg/sparse_map3_d.h
[0.646s] -- Up-to-date: /home/quangsang/ego_ws/install/multi_map_server/include/multi_map_server/multi_map_server/msg/vertical_occupancy_grid_list.h
[0.646s] -- Up-to-date: /home/quangsang/ego_ws/install/multi_map_server/include/multi_map_server/multi_map_server/msg/multi_occupancy_grid.h
[0.646s] -- Up-to-date: /home/quangsang/ego_ws/install/multi_map_server/include/multi_map_server/multi_map_server/msg/rosidl_generator_c__visibility_control.h
[0.646s] -- Up-to-date: /home/quangsang/ego_ws/install/multi_map_server/include/multi_map_server/multi_map_server/msg/detail
[0.646s] -- Up-to-date: /home/quangsang/ego_ws/install/multi_map_server/include/multi_map_server/multi_map_server/msg/detail/multi_occupancy_grid__struct.h
[0.646s] -- Up-to-date: /home/quangsang/ego_ws/install/multi_map_server/include/multi_map_server/multi_map_server/msg/detail/sparse_map3_d__functions.h
[0.646s] -- Up-to-date: /home/quangsang/ego_ws/install/multi_map_server/include/multi_map_server/multi_map_server/msg/detail/vertical_occupancy_grid_list__functions.c
[0.646s] -- Up-to-date: /home/quangsang/ego_ws/install/multi_map_server/include/multi_map_server/multi_map_server/msg/detail/sparse_map3_d__struct.h
[0.646s] -- Up-to-date: /home/quangsang/ego_ws/install/multi_map_server/include/multi_map_server/multi_map_server/msg/detail/multi_occupancy_grid__functions.h
[0.646s] -- Up-to-date: /home/quangsang/ego_ws/install/multi_map_server/include/multi_map_server/multi_map_server/msg/detail/multi_sparse_map3_d__struct.h
[0.646s] -- Up-to-date: /home/quangsang/ego_ws/install/multi_map_server/include/multi_map_server/multi_map_server/msg/detail/multi_occupancy_grid__functions.c
[0.646s] -- Up-to-date: /home/quangsang/ego_ws/install/multi_map_server/include/multi_map_server/multi_map_server/msg/detail/vertical_occupancy_grid_list__type_support.h
[0.646s] -- Up-to-date: /home/quangsang/ego_ws/install/multi_map_server/include/multi_map_server/multi_map_server/msg/detail/sparse_map3_d__functions.c
[0.647s] -- Up-to-date: /home/quangsang/ego_ws/install/multi_map_server/include/multi_map_server/multi_map_server/msg/detail/sparse_map3_d__type_support.h
[0.647s] -- Up-to-date: /home/quangsang/ego_ws/install/multi_map_server/include/multi_map_server/multi_map_server/msg/detail/multi_sparse_map3_d__functions.c
[0.647s] -- Up-to-date: /home/quangsang/ego_ws/install/multi_map_server/include/multi_map_server/multi_map_server/msg/detail/multi_sparse_map3_d__functions.h
[0.647s] -- Up-to-date: /home/quangsang/ego_ws/install/multi_map_server/include/multi_map_server/multi_map_server/msg/detail/multi_occupancy_grid__type_support.h
[0.647s] -- Up-to-date: /home/quangsang/ego_ws/install/multi_map_server/include/multi_map_server/multi_map_server/msg/detail/vertical_occupancy_grid_list__functions.h
[0.647s] -- Up-to-date: /home/quangsang/ego_ws/install/multi_map_server/include/multi_map_server/multi_map_server/msg/detail/vertical_occupancy_grid_list__struct.h
[0.647s] -- Up-to-date: /home/quangsang/ego_ws/install/multi_map_server/include/multi_map_server/multi_map_server/msg/detail/multi_sparse_map3_d__type_support.h
[0.647s] -- Up-to-date: /home/quangsang/ego_ws/install/multi_map_server/include/multi_map_server/multi_map_server/msg/multi_sparse_map3_d.h
[0.647s] -- Up-to-date: /home/quangsang/ego_ws/install/multi_map_server/share/multi_map_server/environment/library_path.sh
[0.647s] -- Up-to-date: /home/quangsang/ego_ws/install/multi_map_server/share/multi_map_server/environment/library_path.dsv
[0.647s] -- Up-to-date: /home/quangsang/ego_ws/install/multi_map_server/lib/libmulti_map_server__rosidl_generator_c.so
[0.649s] -- Up-to-date: /home/quangsang/ego_ws/install/multi_map_server/include/multi_map_server/multi_map_server
[0.649s] -- Up-to-date: /home/quangsang/ego_ws/install/multi_map_server/include/multi_map_server/multi_map_server/msg
[0.649s] -- Up-to-date: /home/quangsang/ego_ws/install/multi_map_server/include/multi_map_server/multi_map_server/msg/rosidl_typesupport_fastrtps_c__visibility_control.h
[0.650s] -- Up-to-date: /home/quangsang/ego_ws/install/multi_map_server/include/multi_map_server/multi_map_server/msg/detail
[0.650s] -- Up-to-date: /home/quangsang/ego_ws/install/multi_map_server/include/multi_map_server/multi_map_server/msg/detail/vertical_occupancy_grid_list__rosidl_typesupport_fastrtps_c.h
[0.650s] -- Up-to-date: /home/quangsang/ego_ws/install/multi_map_server/include/multi_map_server/multi_map_server/msg/detail/multi_occupancy_grid__rosidl_typesupport_fastrtps_c.h
[0.650s] -- Up-to-date: /home/quangsang/ego_ws/install/multi_map_server/include/multi_map_server/multi_map_server/msg/detail/sparse_map3_d__rosidl_typesupport_fastrtps_c.h
[0.650s] -- Up-to-date: /home/quangsang/ego_ws/install/multi_map_server/include/multi_map_server/multi_map_server/msg/detail/multi_sparse_map3_d__rosidl_typesupport_fastrtps_c.h
[0.651s] -- Up-to-date: /home/quangsang/ego_ws/install/multi_map_server/lib/libmulti_map_server__rosidl_typesupport_fastrtps_c.so
[0.651s] -- Up-to-date: /home/quangsang/ego_ws/install/multi_map_server/include/multi_map_server/multi_map_server
[0.651s] -- Up-to-date: /home/quangsang/ego_ws/install/multi_map_server/include/multi_map_server/multi_map_server/msg
[0.651s] -- Up-to-date: /home/quangsang/ego_ws/install/multi_map_server/include/multi_map_server/multi_map_server/msg/multi_sparse_map3_d.hpp
[0.651s] -- Up-to-date: /home/quangsang/ego_ws/install/multi_map_server/include/multi_map_server/multi_map_server/msg/sparse_map3_d.hpp
[0.651s] -- Up-to-date: /home/quangsang/ego_ws/install/multi_map_server/include/multi_map_server/multi_map_server/msg/detail
[0.651s] -- Up-to-date: /home/quangsang/ego_ws/install/multi_map_server/include/multi_map_server/multi_map_server/msg/detail/multi_sparse_map3_d__type_support.hpp
[0.651s] -- Up-to-date: /home/quangsang/ego_ws/install/multi_map_server/include/multi_map_server/multi_map_server/msg/detail/vertical_occupancy_grid_list__traits.hpp
[0.651s] -- Up-to-date: /home/quangsang/ego_ws/install/multi_map_server/include/multi_map_server/multi_map_server/msg/detail/multi_occupancy_grid__struct.hpp
[0.652s] -- Up-to-date: /home/quangsang/ego_ws/install/multi_map_server/include/multi_map_server/multi_map_server/msg/detail/sparse_map3_d__struct.hpp
[0.652s] -- Up-to-date: /home/quangsang/ego_ws/install/multi_map_server/include/multi_map_server/multi_map_server/msg/detail/vertical_occupancy_grid_list__builder.hpp
[0.652s] -- Up-to-date: /home/quangsang/ego_ws/install/multi_map_server/include/multi_map_server/multi_map_server/msg/detail/multi_sparse_map3_d__traits.hpp
[0.652s] -- Up-to-date: /home/quangsang/ego_ws/install/multi_map_server/include/multi_map_server/multi_map_server/msg/detail/multi_occupancy_grid__type_support.hpp
[0.653s] -- Up-to-date: /home/quangsang/ego_ws/install/multi_map_server/include/multi_map_server/multi_map_server/msg/detail/sparse_map3_d__builder.hpp
[0.653s] -- Up-to-date: /home/quangsang/ego_ws/install/multi_map_server/include/multi_map_server/multi_map_server/msg/detail/multi_occupancy_grid__traits.hpp
[0.653s] -- Up-to-date: /home/quangsang/ego_ws/install/multi_map_server/include/multi_map_server/multi_map_server/msg/detail/sparse_map3_d__type_support.hpp
[0.653s] -- Up-to-date: /home/quangsang/ego_ws/install/multi_map_server/include/multi_map_server/multi_map_server/msg/detail/sparse_map3_d__traits.hpp
[0.654s] -- Up-to-date: /home/quangsang/ego_ws/install/multi_map_server/include/multi_map_server/multi_map_server/msg/detail/vertical_occupancy_grid_list__type_support.hpp
[0.654s] -- Up-to-date: /home/quangsang/ego_ws/install/multi_map_server/include/multi_map_server/multi_map_server/msg/detail/vertical_occupancy_grid_list__struct.hpp
[0.655s] -- Up-to-date: /home/quangsang/ego_ws/install/multi_map_server/include/multi_map_server/multi_map_server/msg/detail/multi_sparse_map3_d__struct.hpp
[0.655s] -- Up-to-date: /home/quangsang/ego_ws/install/multi_map_server/include/multi_map_server/multi_map_server/msg/detail/multi_sparse_map3_d__builder.hpp
[0.655s] -- Up-to-date: /home/quangsang/ego_ws/install/multi_map_server/include/multi_map_server/multi_map_server/msg/detail/multi_occupancy_grid__builder.hpp
[0.655s] -- Up-to-date: /home/quangsang/ego_ws/install/multi_map_server/include/multi_map_server/multi_map_server/msg/multi_occupancy_grid.hpp
[0.655s] -- Up-to-date: /home/quangsang/ego_ws/install/multi_map_server/include/multi_map_server/multi_map_server/msg/vertical_occupancy_grid_list.hpp
[0.655s] -- Up-to-date: /home/quangsang/ego_ws/install/multi_map_server/include/multi_map_server/multi_map_server/msg/rosidl_generator_cpp__visibility_control.hpp
[0.656s] -- Up-to-date: /home/quangsang/ego_ws/install/multi_map_server/include/multi_map_server/multi_map_server
[0.656s] -- Up-to-date: /home/quangsang/ego_ws/install/multi_map_server/include/multi_map_server/multi_map_server/msg
[0.656s] -- Up-to-date: /home/quangsang/ego_ws/install/multi_map_server/include/multi_map_server/multi_map_server/msg/detail
[0.656s] -- Up-to-date: /home/quangsang/ego_ws/install/multi_map_server/include/multi_map_server/multi_map_server/msg/detail/multi_sparse_map3_d__rosidl_typesupport_fastrtps_cpp.hpp
[0.656s] -- Up-to-date: /home/quangsang/ego_ws/install/multi_map_server/include/multi_map_server/multi_map_server/msg/detail/dds_fastrtps
[0.656s] -- Up-to-date: /home/quangsang/ego_ws/install/multi_map_server/include/multi_map_server/multi_map_server/msg/detail/multi_occupancy_grid__rosidl_typesupport_fastrtps_cpp.hpp
[0.657s] -- Up-to-date: /home/quangsang/ego_ws/install/multi_map_server/include/multi_map_server/multi_map_server/msg/detail/vertical_occupancy_grid_list__rosidl_typesupport_fastrtps_cpp.hpp
[0.657s] -- Up-to-date: /home/quangsang/ego_ws/install/multi_map_server/include/multi_map_server/multi_map_server/msg/detail/sparse_map3_d__rosidl_typesupport_fastrtps_cpp.hpp
[0.657s] -- Up-to-date: /home/quangsang/ego_ws/install/multi_map_server/include/multi_map_server/multi_map_server/msg/rosidl_typesupport_fastrtps_cpp__visibility_control.h
[0.657s] -- Up-to-date: /home/quangsang/ego_ws/install/multi_map_server/lib/libmulti_map_server__rosidl_typesupport_fastrtps_cpp.so
[0.657s] -- Up-to-date: /home/quangsang/ego_ws/install/multi_map_server/include/multi_map_server/multi_map_server
[0.657s] -- Up-to-date: /home/quangsang/ego_ws/install/multi_map_server/include/multi_map_server/multi_map_server/msg
[0.657s] -- Up-to-date: /home/quangsang/ego_ws/install/multi_map_server/include/multi_map_server/multi_map_server/msg/detail
[0.657s] -- Up-to-date: /home/quangsang/ego_ws/install/multi_map_server/include/multi_map_server/multi_map_server/msg/detail/multi_sparse_map3_d__rosidl_typesupport_introspection_c.h
[0.657s] -- Up-to-date: /home/quangsang/ego_ws/install/multi_map_server/include/multi_map_server/multi_map_server/msg/detail/sparse_map3_d__type_support.c
[0.657s] -- Up-to-date: /home/quangsang/ego_ws/install/multi_map_server/include/multi_map_server/multi_map_server/msg/detail/multi_sparse_map3_d__type_support.c
[0.657s] -- Up-to-date: /home/quangsang/ego_ws/install/multi_map_server/include/multi_map_server/multi_map_server/msg/detail/vertical_occupancy_grid_list__rosidl_typesupport_introspection_c.h
[0.657s] -- Up-to-date: /home/quangsang/ego_ws/install/multi_map_server/include/multi_map_server/multi_map_server/msg/detail/multi_occupancy_grid__type_support.c
[0.657s] -- Up-to-date: /home/quangsang/ego_ws/install/multi_map_server/include/multi_map_server/multi_map_server/msg/detail/multi_occupancy_grid__rosidl_typesupport_introspection_c.h
[0.657s] -- Up-to-date: /home/quangsang/ego_ws/install/multi_map_server/include/multi_map_server/multi_map_server/msg/detail/vertical_occupancy_grid_list__type_support.c
[0.657s] -- Up-to-date: /home/quangsang/ego_ws/install/multi_map_server/include/multi_map_server/multi_map_server/msg/detail/sparse_map3_d__rosidl_typesupport_introspection_c.h
[0.657s] -- Up-to-date: /home/quangsang/ego_ws/install/multi_map_server/include/multi_map_server/multi_map_server/msg/rosidl_typesupport_introspection_c__visibility_control.h
[0.657s] -- Up-to-date: /home/quangsang/ego_ws/install/multi_map_server/lib/libmulti_map_server__rosidl_typesupport_introspection_c.so
[0.657s] -- Up-to-date: /home/quangsang/ego_ws/install/multi_map_server/lib/libmulti_map_server__rosidl_typesupport_c.so
[0.658s] -- Up-to-date: /home/quangsang/ego_ws/install/multi_map_server/include/multi_map_server/multi_map_server
[0.658s] -- Up-to-date: /home/quangsang/ego_ws/install/multi_map_server/include/multi_map_server/multi_map_server/msg
[0.658s] -- Up-to-date: /home/quangsang/ego_ws/install/multi_map_server/include/multi_map_server/multi_map_server/msg/detail
[0.658s] -- Up-to-date: /home/quangsang/ego_ws/install/multi_map_server/include/multi_map_server/multi_map_server/msg/detail/sparse_map3_d__rosidl_typesupport_introspection_cpp.hpp
[0.658s] -- Up-to-date: /home/quangsang/ego_ws/install/multi_map_server/include/multi_map_server/multi_map_server/msg/detail/multi_occupancy_grid__rosidl_typesupport_introspection_cpp.hpp
[0.658s] -- Up-to-date: /home/quangsang/ego_ws/install/multi_map_server/include/multi_map_server/multi_map_server/msg/detail/sparse_map3_d__type_support.cpp
[0.658s] -- Up-to-date: /home/quangsang/ego_ws/install/multi_map_server/include/multi_map_server/multi_map_server/msg/detail/vertical_occupancy_grid_list__rosidl_typesupport_introspection_cpp.hpp
[0.658s] -- Up-to-date: /home/quangsang/ego_ws/install/multi_map_server/include/multi_map_server/multi_map_server/msg/detail/vertical_occupancy_grid_list__type_support.cpp
[0.658s] -- Up-to-date: /home/quangsang/ego_ws/install/multi_map_server/include/multi_map_server/multi_map_server/msg/detail/multi_sparse_map3_d__type_support.cpp
[0.658s] -- Up-to-date: /home/quangsang/ego_ws/install/multi_map_server/include/multi_map_server/multi_map_server/msg/detail/multi_occupancy_grid__type_support.cpp
[0.658s] -- Up-to-date: /home/quangsang/ego_ws/install/multi_map_server/include/multi_map_server/multi_map_server/msg/detail/multi_sparse_map3_d__rosidl_typesupport_introspection_cpp.hpp
[0.658s] -- Up-to-date: /home/quangsang/ego_ws/install/multi_map_server/lib/libmulti_map_server__rosidl_typesupport_introspection_cpp.so
[0.658s] -- Up-to-date: /home/quangsang/ego_ws/install/multi_map_server/lib/libmulti_map_server__rosidl_typesupport_cpp.so
[0.658s] -- Up-to-date: /home/quangsang/ego_ws/install/multi_map_server/share/multi_map_server/environment/pythonpath.sh
[0.658s] -- Up-to-date: /home/quangsang/ego_ws/install/multi_map_server/share/multi_map_server/environment/pythonpath.dsv
[0.658s] -- Up-to-date: /home/quangsang/ego_ws/install/multi_map_server/local/lib/python3.10/dist-packages/multi_map_server-0.0.0-py3.10.egg-info
[0.658s] -- Installing: /home/quangsang/ego_ws/install/multi_map_server/local/lib/python3.10/dist-packages/multi_map_server-0.0.0-py3.10.egg-info/SOURCES.txt
[0.658s] -- Installing: /home/quangsang/ego_ws/install/multi_map_server/local/lib/python3.10/dist-packages/multi_map_server-0.0.0-py3.10.egg-info/dependency_links.txt
[0.658s] -- Installing: /home/quangsang/ego_ws/install/multi_map_server/local/lib/python3.10/dist-packages/multi_map_server-0.0.0-py3.10.egg-info/PKG-INFO
[0.658s] -- Installing: /home/quangsang/ego_ws/install/multi_map_server/local/lib/python3.10/dist-packages/multi_map_server-0.0.0-py3.10.egg-info/top_level.txt
[0.658s] -- Up-to-date: /home/quangsang/ego_ws/install/multi_map_server/local/lib/python3.10/dist-packages/multi_map_server
[0.659s] -- Up-to-date: /home/quangsang/ego_ws/install/multi_map_server/local/lib/python3.10/dist-packages/multi_map_server/multi_map_server_s__rosidl_typesupport_fastrtps_c.cpython-310-x86_64-linux-gnu.so
[0.659s] -- Up-to-date: /home/quangsang/ego_ws/install/multi_map_server/local/lib/python3.10/dist-packages/multi_map_server/msg
[0.659s] -- Up-to-date: /home/quangsang/ego_ws/install/multi_map_server/local/lib/python3.10/dist-packages/multi_map_server/msg/_vertical_occupancy_grid_list_s.c
[0.659s] -- Up-to-date: /home/quangsang/ego_ws/install/multi_map_server/local/lib/python3.10/dist-packages/multi_map_server/msg/_multi_occupancy_grid_s.c
[0.659s] -- Up-to-date: /home/quangsang/ego_ws/install/multi_map_server/local/lib/python3.10/dist-packages/multi_map_server/msg/_multi_sparse_map3_d.py
[0.659s] -- Up-to-date: /home/quangsang/ego_ws/install/multi_map_server/local/lib/python3.10/dist-packages/multi_map_server/msg/_sparse_map3_d_s.c
[0.659s] -- Up-to-date: /home/quangsang/ego_ws/install/multi_map_server/local/lib/python3.10/dist-packages/multi_map_server/msg/_multi_occupancy_grid.py
[0.659s] -- Up-to-date: /home/quangsang/ego_ws/install/multi_map_server/local/lib/python3.10/dist-packages/multi_map_server/msg/__init__.py
[0.659s] -- Up-to-date: /home/quangsang/ego_ws/install/multi_map_server/local/lib/python3.10/dist-packages/multi_map_server/msg/_sparse_map3_d.py
[0.659s] -- Up-to-date: /home/quangsang/ego_ws/install/multi_map_server/local/lib/python3.10/dist-packages/multi_map_server/msg/_multi_sparse_map3_d_s.c
[0.659s] -- Up-to-date: /home/quangsang/ego_ws/install/multi_map_server/local/lib/python3.10/dist-packages/multi_map_server/msg/_vertical_occupancy_grid_list.py
[0.659s] -- Up-to-date: /home/quangsang/ego_ws/install/multi_map_server/local/lib/python3.10/dist-packages/multi_map_server/_multi_map_server_s.ep.rosidl_typesupport_c.c
[0.659s] -- Up-to-date: /home/quangsang/ego_ws/install/multi_map_server/local/lib/python3.10/dist-packages/multi_map_server/libmulti_map_server__rosidl_generator_py.so
[0.659s] -- Up-to-date: /home/quangsang/ego_ws/install/multi_map_server/local/lib/python3.10/dist-packages/multi_map_server/_multi_map_server_s.ep.rosidl_typesupport_fastrtps_c.c
[0.659s] -- Up-to-date: /home/quangsang/ego_ws/install/multi_map_server/local/lib/python3.10/dist-packages/multi_map_server/multi_map_server_s__rosidl_typesupport_c.cpython-310-x86_64-linux-gnu.so
[0.659s] -- Up-to-date: /home/quangsang/ego_ws/install/multi_map_server/local/lib/python3.10/dist-packages/multi_map_server/__init__.py
[0.659s] -- Up-to-date: /home/quangsang/ego_ws/install/multi_map_server/local/lib/python3.10/dist-packages/multi_map_server/_multi_map_server_s.ep.rosidl_typesupport_introspection_c.c
[0.659s] -- Up-to-date: /home/quangsang/ego_ws/install/multi_map_server/local/lib/python3.10/dist-packages/multi_map_server/multi_map_server_s__rosidl_typesupport_introspection_c.cpython-310-x86_64-linux-gnu.so
[0.665s] Listing '/home/quangsang/ego_ws/install/multi_map_server/local/lib/python3.10/dist-packages/multi_map_server'...
[0.665s] Listing '/home/quangsang/ego_ws/install/multi_map_server/local/lib/python3.10/dist-packages/multi_map_server/msg'...
[0.665s] -- Up-to-date: /home/quangsang/ego_ws/install/multi_map_server/local/lib/python3.10/dist-packages/multi_map_server/multi_map_server_s__rosidl_typesupport_fastrtps_c.cpython-310-x86_64-linux-gnu.so
[0.665s] -- Up-to-date: /home/quangsang/ego_ws/install/multi_map_server/local/lib/python3.10/dist-packages/multi_map_server/multi_map_server_s__rosidl_typesupport_introspection_c.cpython-310-x86_64-linux-gnu.so
[0.665s] -- Up-to-date: /home/quangsang/ego_ws/install/multi_map_server/local/lib/python3.10/dist-packages/multi_map_server/multi_map_server_s__rosidl_typesupport_c.cpython-310-x86_64-linux-gnu.so
[0.665s] -- Up-to-date: /home/quangsang/ego_ws/install/multi_map_server/lib/libmulti_map_server__rosidl_generator_py.so
[0.665s] -- Up-to-date: /home/quangsang/ego_ws/install/multi_map_server/share/multi_map_server/msg/MultiOccupancyGrid.idl
[0.665s] -- Up-to-date: /home/quangsang/ego_ws/install/multi_map_server/share/multi_map_server/msg/MultiSparseMap3D.idl
[0.665s] -- Up-to-date: /home/quangsang/ego_ws/install/multi_map_server/share/multi_map_server/msg/SparseMap3D.idl
[0.665s] -- Up-to-date: /home/quangsang/ego_ws/install/multi_map_server/share/multi_map_server/msg/VerticalOccupancyGridList.idl
[0.665s] -- Up-to-date: /home/quangsang/ego_ws/install/multi_map_server/share/multi_map_server/msg/MultiOccupancyGrid.msg
[0.665s] -- Up-to-date: /home/quangsang/ego_ws/install/multi_map_server/share/multi_map_server/msg/MultiSparseMap3D.msg
[0.665s] -- Up-to-date: /home/quangsang/ego_ws/install/multi_map_server/share/multi_map_server/msg/SparseMap3D.msg
[0.665s] -- Up-to-date: /home/quangsang/ego_ws/install/multi_map_server/share/multi_map_server/msg/VerticalOccupancyGridList.msg
[0.665s] -- Up-to-date: /home/quangsang/ego_ws/install/multi_map_server/lib/multi_map_server/multi_map_visualization
[0.665s] -- Up-to-date: /home/quangsang/ego_ws/install/multi_map_server/share/ament_index/resource_index/package_run_dependencies/multi_map_server
[0.665s] -- Up-to-date: /home/quangsang/ego_ws/install/multi_map_server/share/ament_index/resource_index/parent_prefix_path/multi_map_server
[0.666s] -- Up-to-date: /home/quangsang/ego_ws/install/multi_map_server/share/multi_map_server/environment/ament_prefix_path.sh
[0.666s] -- Up-to-date: /home/quangsang/ego_ws/install/multi_map_server/share/multi_map_server/environment/ament_prefix_path.dsv
[0.666s] -- Up-to-date: /home/quangsang/ego_ws/install/multi_map_server/share/multi_map_server/environment/path.sh
[0.666s] -- Up-to-date: /home/quangsang/ego_ws/install/multi_map_server/share/multi_map_server/environment/path.dsv
[0.666s] -- Up-to-date: /home/quangsang/ego_ws/install/multi_map_server/share/multi_map_server/local_setup.bash
[0.666s] -- Up-to-date: /home/quangsang/ego_ws/install/multi_map_server/share/multi_map_server/local_setup.sh
[0.666s] -- Up-to-date: /home/quangsang/ego_ws/install/multi_map_server/share/multi_map_server/local_setup.zsh
[0.666s] -- Up-to-date: /home/quangsang/ego_ws/install/multi_map_server/share/multi_map_server/local_setup.dsv
[0.666s] -- Installing: /home/quangsang/ego_ws/install/multi_map_server/share/multi_map_server/package.dsv
[0.666s] -- Up-to-date: /home/quangsang/ego_ws/install/multi_map_server/share/ament_index/resource_index/packages/multi_map_server
[0.666s] -- Up-to-date: /home/quangsang/ego_ws/install/multi_map_server/share/multi_map_server/cmake/export_multi_map_server__rosidl_generator_cExport.cmake
[0.666s] -- Up-to-date: /home/quangsang/ego_ws/install/multi_map_server/share/multi_map_server/cmake/export_multi_map_server__rosidl_generator_cExport-release.cmake
[0.666s] -- Up-to-date: /home/quangsang/ego_ws/install/multi_map_server/share/multi_map_server/cmake/export_multi_map_server__rosidl_typesupport_fastrtps_cExport.cmake
[0.666s] -- Up-to-date: /home/quangsang/ego_ws/install/multi_map_server/share/multi_map_server/cmake/export_multi_map_server__rosidl_typesupport_fastrtps_cExport-release.cmake
[0.666s] -- Up-to-date: /home/quangsang/ego_ws/install/multi_map_server/share/multi_map_server/cmake/export_multi_map_server__rosidl_generator_cppExport.cmake
[0.666s] -- Up-to-date: /home/quangsang/ego_ws/install/multi_map_server/share/multi_map_server/cmake/export_multi_map_server__rosidl_typesupport_fastrtps_cppExport.cmake
[0.666s] -- Up-to-date: /home/quangsang/ego_ws/install/multi_map_server/share/multi_map_server/cmake/export_multi_map_server__rosidl_typesupport_fastrtps_cppExport-release.cmake
[0.666s] -- Up-to-date: /home/quangsang/ego_ws/install/multi_map_server/share/multi_map_server/cmake/multi_map_server__rosidl_typesupport_introspection_cExport.cmake
[0.666s] -- Up-to-date: /home/quangsang/ego_ws/install/multi_map_server/share/multi_map_server/cmake/multi_map_server__rosidl_typesupport_introspection_cExport-release.cmake
[0.666s] -- Up-to-date: /home/quangsang/ego_ws/install/multi_map_server/share/multi_map_server/cmake/multi_map_server__rosidl_typesupport_cExport.cmake
[0.666s] -- Up-to-date: /home/quangsang/ego_ws/install/multi_map_server/share/multi_map_server/cmake/multi_map_server__rosidl_typesupport_cExport-release.cmake
[0.666s] -- Up-to-date: /home/quangsang/ego_ws/install/multi_map_server/share/multi_map_server/cmake/multi_map_server__rosidl_typesupport_introspection_cppExport.cmake
[0.666s] -- Up-to-date: /home/quangsang/ego_ws/install/multi_map_server/share/multi_map_server/cmake/multi_map_server__rosidl_typesupport_introspection_cppExport-release.cmake
[0.666s] -- Up-to-date: /home/quangsang/ego_ws/install/multi_map_server/share/multi_map_server/cmake/multi_map_server__rosidl_typesupport_cppExport.cmake
[0.666s] -- Up-to-date: /home/quangsang/ego_ws/install/multi_map_server/share/multi_map_server/cmake/multi_map_server__rosidl_typesupport_cppExport-release.cmake
[0.666s] -- Up-to-date: /home/quangsang/ego_ws/install/multi_map_server/share/multi_map_server/cmake/export_multi_map_server__rosidl_generator_pyExport.cmake
[0.666s] -- Up-to-date: /home/quangsang/ego_ws/install/multi_map_server/share/multi_map_server/cmake/export_multi_map_server__rosidl_generator_pyExport-release.cmake
[0.666s] -- Up-to-date: /home/quangsang/ego_ws/install/multi_map_server/share/multi_map_server/cmake/rosidl_cmake-extras.cmake
[0.666s] -- Up-to-date: /home/quangsang/ego_ws/install/multi_map_server/share/multi_map_server/cmake/ament_cmake_export_dependencies-extras.cmake
[0.666s] -- Up-to-date: /home/quangsang/ego_ws/install/multi_map_server/share/multi_map_server/cmake/ament_cmake_export_include_directories-extras.cmake
[0.667s] -- Up-to-date: /home/quangsang/ego_ws/install/multi_map_server/share/multi_map_server/cmake/ament_cmake_export_libraries-extras.cmake
[0.667s] -- Up-to-date: /home/quangsang/ego_ws/install/multi_map_server/share/multi_map_server/cmake/ament_cmake_export_targets-extras.cmake
[0.667s] -- Up-to-date: /home/quangsang/ego_ws/install/multi_map_server/share/multi_map_server/cmake/rosidl_cmake_export_typesupport_targets-extras.cmake
[0.667s] -- Up-to-date: /home/quangsang/ego_ws/install/multi_map_server/share/multi_map_server/cmake/rosidl_cmake_export_typesupport_libraries-extras.cmake
[0.667s] -- Up-to-date: /home/quangsang/ego_ws/install/multi_map_server/share/multi_map_server/cmake/multi_map_serverConfig.cmake
[0.667s] -- Up-to-date: /home/quangsang/ego_ws/install/multi_map_server/share/multi_map_server/cmake/multi_map_serverConfig-version.cmake
[0.667s] -- Up-to-date: /home/quangsang/ego_ws/install/multi_map_server/share/multi_map_server/package.xml
[0.667s] Invoked command in '/home/quangsang/ego_ws/build/multi_map_server' returned '0': CMAKE_PREFIX_PATH=/home/quangsang/ego_ws/install/quadrotor_msgs:/home/quangsang/ego_ws/install/pose_utils:/home/quangsang/ros2_ws/install/ros_ign_bridge:/home/quangsang/ros2_ws/install/ros_gz_bridge:/home/quangsang/ros2_ws/install/ros_gz_interfaces:/home/quangsang/ros2_ws/install/rmw_cyclonedds_cpp:/home/quangsang/ros2_ws/install/px4_msgs:/home/quangsang/ros2_ws/install/gz_ros_bridge:/home/quangsang/ros2_ws/install/depthimage_to_pointcloud2:/home/quangsang/ros2_ws/install/cyclonedds:/home/quangsang/ego_ws/install/waypoint_generator:/home/quangsang/ego_ws/install/so3_quadrotor_simulator:/home/quangsang/ego_ws/install/uav_utils:/home/quangsang/ego_ws/install/rosmsg_tcp_bridge:/home/quangsang/ego_ws/install/offboard_control:/home/quangsang/ego_ws/install/ego_planner:/home/quangsang/ego_ws/install/bspline_opt:/home/quangsang/ego_ws/install/traj_utils:/home/quangsang/ego_ws/install/so3_control:/home/quangsang/ego_ws/install/poscmd_2_odom:/home/quangsang/ego_ws/install/odom_visualization:/home/quangsang/ego_ws/install/multi_map_server:/home/quangsang/ego_ws/install/local_sensing:/home/quangsang/ego_ws/install/px4_msgs:/home/quangsang/ego_ws/install/path_searching:/home/quangsang/ego_ws/install/plan_env:/home/quangsang/ego_ws/install/perception_pcl:/home/quangsang/ego_ws/install/mockamap:/home/quangsang/ego_ws/install/pcl_ros:/home/quangsang/ego_ws/install/map_generator:/home/quangsang/ego_ws/install/pcl_conversions:/home/quangsang/ego_ws/install/pcl_msgs:/home/quangsang/ego_ws/install/drone_detect:/home/quangsang/ego_ws/install/cmake_utils:/home/quangsang/ros2_ws/install/gz_openvins_bridge:/home/quangsang/ros2_ws/install/obstacle_publisher:/opt/ros/humble LD_LIBRARY_PATH=/home/quangsang/ego_ws/install/quadrotor_msgs/lib:/home/quangsang/ego_ws/install/pose_utils/lib:/home/quangsang/ros2_ws/install/ros_gz_bridge/lib:/home/quangsang/ros2_ws/install/ros_gz_interfaces/lib:/home/quangsang/ros2_ws/install/rmw_cyclonedds_cpp/lib:/home/quangsang/ros2_ws/install/px4_msgs/lib:/home/quangsang/ros2_ws/install/cyclonedds/lib:/home/quangsang/ego_ws/install/bspline_opt/lib:/home/quangsang/ego_ws/install/traj_utils/lib:/home/quangsang/ego_ws/install/so3_control/lib:/home/quangsang/ego_ws/install/multi_map_server/lib:/home/quangsang/ego_ws/install/px4_msgs/lib:/home/quangsang/ego_ws/install/path_searching/lib:/home/quangsang/ego_ws/install/plan_env/lib:/home/quangsang/ego_ws/install/pcl_ros/lib:/home/quangsang/ego_ws/install/pcl_msgs/lib:/opt/ros/humble/opt/rviz_ogre_vendor/lib:/opt/ros/humble/lib/x86_64-linux-gnu:/opt/ros/humble/lib:/usr/local/cuda-11.8/lib64 /usr/bin/cmake --install /home/quangsang/ego_ws/build/multi_map_server
