[0.021s] Invoking command in '/home/quangsang/ego_ws/build/traj_utils': CMAKE_PREFIX_PATH=${CMAKE_PREFIX_PATH}:/home/quangsang/ros2_ws/install/gz_openvins_bridge:/home/quangsang/ros2_ws/install/obstacle_publisher:/opt/ros/humble /usr/bin/cmake --build /home/quangsang/ego_ws/build/traj_utils -- -j20 -l20
[0.052s] [35m[1mConsolidate compiler generated dependencies of target traj_utils__rosidl_generator_c[0m
[0.053s] [35m[1mConsolidate compiler generated dependencies of target traj_utils_lib[0m
[0.056s] [  2%] Built target traj_utils__cpp
[0.064s] [ 12%] Built target traj_utils__rosidl_generator_c
[0.065s] [35m[1mConsolidate compiler generated dependencies of target traj_utils__rosidl_typesupport_cpp[0m
[0.068s] [ 12%] Built target ament_cmake_python_copy_traj_utils
[0.069s] [35m[1mConsolidate compiler generated dependencies of target traj_utils__rosidl_typesupport_introspection_cpp[0m
[0.070s] [35m[1mConsolidate compiler generated dependencies of target traj_utils__rosidl_typesupport_fastrtps_cpp[0m
[0.077s] [35m[1mConsolidate compiler generated dependencies of target traj_utils__rosidl_typesupport_fastrtps_c[0m
[0.079s] [35m[1mConsolidate compiler generated dependencies of target traj_utils__rosidl_typesupport_introspection_c[0m
[0.080s] [35m[1mConsolidate compiler generated dependencies of target traj_utils__rosidl_typesupport_c[0m
[0.084s] [ 18%] Built target traj_utils_lib
[0.085s] [ 28%] Built target traj_utils__rosidl_typesupport_cpp
[0.087s] [ 38%] Built target traj_utils__rosidl_typesupport_introspection_cpp
[0.094s] [ 48%] Built target traj_utils__rosidl_typesupport_fastrtps_cpp
[0.094s] [ 58%] Built target traj_utils__rosidl_typesupport_c
[0.094s] [ 68%] Built target traj_utils__rosidl_typesupport_introspection_c
[0.094s] [ 78%] Built target traj_utils__rosidl_typesupport_fastrtps_c
[0.113s] [ 78%] Built target traj_utils
[0.132s] [ 80%] Built target traj_utils__py
[0.142s] [35m[1mConsolidate compiler generated dependencies of target traj_utils__rosidl_generator_py[0m
[0.155s] [ 88%] Built target traj_utils__rosidl_generator_py
[0.162s] [35m[1mConsolidate compiler generated dependencies of target traj_utils__rosidl_typesupport_introspection_c__pyext[0m
[0.162s] [35m[1mConsolidate compiler generated dependencies of target traj_utils__rosidl_typesupport_fastrtps_c__pyext[0m
[0.162s] [35m[1mConsolidate compiler generated dependencies of target traj_utils__rosidl_typesupport_c__pyext[0m
[0.171s] [ 96%] Built target traj_utils__rosidl_typesupport_c__pyext
[0.171s] [ 96%] Built target traj_utils__rosidl_typesupport_introspection_c__pyext
[0.176s] [100%] Built target traj_utils__rosidl_typesupport_fastrtps_c__pyext
[0.262s] running egg_info
[0.263s] writing traj_utils.egg-info/PKG-INFO
[0.263s] writing dependency_links to traj_utils.egg-info/dependency_links.txt
[0.263s] writing top-level names to traj_utils.egg-info/top_level.txt
[0.264s] reading manifest file 'traj_utils.egg-info/SOURCES.txt'
[0.265s] writing manifest file 'traj_utils.egg-info/SOURCES.txt'
[0.281s] [100%] Built target ament_cmake_python_build_traj_utils_egg
[0.293s] Invoked command in '/home/quangsang/ego_ws/build/traj_utils' returned '0': CMAKE_PREFIX_PATH=${CMAKE_PREFIX_PATH}:/home/quangsang/ros2_ws/install/gz_openvins_bridge:/home/quangsang/ros2_ws/install/obstacle_publisher:/opt/ros/humble /usr/bin/cmake --build /home/quangsang/ego_ws/build/traj_utils -- -j20 -l20
[0.294s] Invoking command in '/home/quangsang/ego_ws/build/traj_utils': CMAKE_PREFIX_PATH=${CMAKE_PREFIX_PATH}:/home/quangsang/ros2_ws/install/gz_openvins_bridge:/home/quangsang/ros2_ws/install/obstacle_publisher:/opt/ros/humble /usr/bin/cmake --install /home/quangsang/ego_ws/build/traj_utils
[0.298s] -- Install configuration: "Release"
[0.299s] -- Up-to-date: /home/quangsang/ego_ws/install/traj_utils/share/ament_index/resource_index/rosidl_interfaces/traj_utils
[0.299s] -- Up-to-date: /home/quangsang/ego_ws/install/traj_utils/include/traj_utils/traj_utils
[0.299s] -- Up-to-date: /home/quangsang/ego_ws/install/traj_utils/include/traj_utils/traj_utils/msg
[0.299s] -- Up-to-date: /home/quangsang/ego_ws/install/traj_utils/include/traj_utils/traj_utils/msg/rosidl_generator_c__visibility_control.h
[0.299s] -- Up-to-date: /home/quangsang/ego_ws/install/traj_utils/include/traj_utils/traj_utils/msg/data_disp.h
[0.299s] -- Up-to-date: /home/quangsang/ego_ws/install/traj_utils/include/traj_utils/traj_utils/msg/detail
[0.299s] -- Up-to-date: /home/quangsang/ego_ws/install/traj_utils/include/traj_utils/traj_utils/msg/detail/multi_bsplines__functions.c
[0.299s] -- Up-to-date: /home/quangsang/ego_ws/install/traj_utils/include/traj_utils/traj_utils/msg/detail/bspline__functions.c
[0.299s] -- Up-to-date: /home/quangsang/ego_ws/install/traj_utils/include/traj_utils/traj_utils/msg/detail/multi_bsplines__struct.h
[0.299s] -- Up-to-date: /home/quangsang/ego_ws/install/traj_utils/include/traj_utils/traj_utils/msg/detail/data_disp__functions.h
[0.299s] -- Up-to-date: /home/quangsang/ego_ws/install/traj_utils/include/traj_utils/traj_utils/msg/detail/bspline__type_support.h
[0.299s] -- Up-to-date: /home/quangsang/ego_ws/install/traj_utils/include/traj_utils/traj_utils/msg/detail/data_disp__type_support.h
[0.299s] -- Up-to-date: /home/quangsang/ego_ws/install/traj_utils/include/traj_utils/traj_utils/msg/detail/multi_bsplines__type_support.h
[0.299s] -- Up-to-date: /home/quangsang/ego_ws/install/traj_utils/include/traj_utils/traj_utils/msg/detail/bspline__struct.h
[0.299s] -- Up-to-date: /home/quangsang/ego_ws/install/traj_utils/include/traj_utils/traj_utils/msg/detail/data_disp__functions.c
[0.299s] -- Up-to-date: /home/quangsang/ego_ws/install/traj_utils/include/traj_utils/traj_utils/msg/detail/bspline__functions.h
[0.299s] -- Up-to-date: /home/quangsang/ego_ws/install/traj_utils/include/traj_utils/traj_utils/msg/detail/multi_bsplines__functions.h
[0.299s] -- Up-to-date: /home/quangsang/ego_ws/install/traj_utils/include/traj_utils/traj_utils/msg/detail/data_disp__struct.h
[0.299s] -- Up-to-date: /home/quangsang/ego_ws/install/traj_utils/include/traj_utils/traj_utils/msg/multi_bsplines.h
[0.299s] -- Up-to-date: /home/quangsang/ego_ws/install/traj_utils/include/traj_utils/traj_utils/msg/bspline.h
[0.299s] -- Up-to-date: /home/quangsang/ego_ws/install/traj_utils/share/traj_utils/environment/library_path.sh
[0.299s] -- Up-to-date: /home/quangsang/ego_ws/install/traj_utils/share/traj_utils/environment/library_path.dsv
[0.300s] -- Up-to-date: /home/quangsang/ego_ws/install/traj_utils/lib/libtraj_utils__rosidl_generator_c.so
[0.300s] -- Up-to-date: /home/quangsang/ego_ws/install/traj_utils/include/traj_utils/traj_utils
[0.300s] -- Up-to-date: /home/quangsang/ego_ws/install/traj_utils/include/traj_utils/traj_utils/msg
[0.300s] -- Up-to-date: /home/quangsang/ego_ws/install/traj_utils/include/traj_utils/traj_utils/msg/rosidl_typesupport_fastrtps_c__visibility_control.h
[0.300s] -- Up-to-date: /home/quangsang/ego_ws/install/traj_utils/include/traj_utils/traj_utils/msg/detail
[0.300s] -- Up-to-date: /home/quangsang/ego_ws/install/traj_utils/include/traj_utils/traj_utils/msg/detail/multi_bsplines__rosidl_typesupport_fastrtps_c.h
[0.300s] -- Up-to-date: /home/quangsang/ego_ws/install/traj_utils/include/traj_utils/traj_utils/msg/detail/bspline__rosidl_typesupport_fastrtps_c.h
[0.300s] -- Up-to-date: /home/quangsang/ego_ws/install/traj_utils/include/traj_utils/traj_utils/msg/detail/data_disp__rosidl_typesupport_fastrtps_c.h
[0.300s] -- Up-to-date: /home/quangsang/ego_ws/install/traj_utils/lib/libtraj_utils__rosidl_typesupport_fastrtps_c.so
[0.300s] -- Up-to-date: /home/quangsang/ego_ws/install/traj_utils/include/traj_utils/traj_utils
[0.300s] -- Up-to-date: /home/quangsang/ego_ws/install/traj_utils/include/traj_utils/traj_utils/msg
[0.300s] -- Up-to-date: /home/quangsang/ego_ws/install/traj_utils/include/traj_utils/traj_utils/msg/data_disp.hpp
[0.300s] -- Up-to-date: /home/quangsang/ego_ws/install/traj_utils/include/traj_utils/traj_utils/msg/bspline.hpp
[0.300s] -- Up-to-date: /home/quangsang/ego_ws/install/traj_utils/include/traj_utils/traj_utils/msg/detail
[0.300s] -- Up-to-date: /home/quangsang/ego_ws/install/traj_utils/include/traj_utils/traj_utils/msg/detail/bspline__type_support.hpp
[0.300s] -- Up-to-date: /home/quangsang/ego_ws/install/traj_utils/include/traj_utils/traj_utils/msg/detail/bspline__builder.hpp
[0.300s] -- Up-to-date: /home/quangsang/ego_ws/install/traj_utils/include/traj_utils/traj_utils/msg/detail/bspline__traits.hpp
[0.300s] -- Up-to-date: /home/quangsang/ego_ws/install/traj_utils/include/traj_utils/traj_utils/msg/detail/multi_bsplines__type_support.hpp
[0.300s] -- Up-to-date: /home/quangsang/ego_ws/install/traj_utils/include/traj_utils/traj_utils/msg/detail/multi_bsplines__builder.hpp
[0.300s] -- Up-to-date: /home/quangsang/ego_ws/install/traj_utils/include/traj_utils/traj_utils/msg/detail/data_disp__builder.hpp
[0.300s] -- Up-to-date: /home/quangsang/ego_ws/install/traj_utils/include/traj_utils/traj_utils/msg/detail/multi_bsplines__struct.hpp
[0.300s] -- Up-to-date: /home/quangsang/ego_ws/install/traj_utils/include/traj_utils/traj_utils/msg/detail/data_disp__struct.hpp
[0.300s] -- Up-to-date: /home/quangsang/ego_ws/install/traj_utils/include/traj_utils/traj_utils/msg/detail/bspline__struct.hpp
[0.300s] -- Up-to-date: /home/quangsang/ego_ws/install/traj_utils/include/traj_utils/traj_utils/msg/detail/data_disp__traits.hpp
[0.300s] -- Up-to-date: /home/quangsang/ego_ws/install/traj_utils/include/traj_utils/traj_utils/msg/detail/data_disp__type_support.hpp
[0.300s] -- Up-to-date: /home/quangsang/ego_ws/install/traj_utils/include/traj_utils/traj_utils/msg/detail/multi_bsplines__traits.hpp
[0.301s] -- Up-to-date: /home/quangsang/ego_ws/install/traj_utils/include/traj_utils/traj_utils/msg/rosidl_generator_cpp__visibility_control.hpp
[0.301s] -- Up-to-date: /home/quangsang/ego_ws/install/traj_utils/include/traj_utils/traj_utils/msg/multi_bsplines.hpp
[0.301s] -- Up-to-date: /home/quangsang/ego_ws/install/traj_utils/include/traj_utils/traj_utils
[0.301s] -- Up-to-date: /home/quangsang/ego_ws/install/traj_utils/include/traj_utils/traj_utils/msg
[0.301s] -- Up-to-date: /home/quangsang/ego_ws/install/traj_utils/include/traj_utils/traj_utils/msg/detail
[0.301s] -- Up-to-date: /home/quangsang/ego_ws/install/traj_utils/include/traj_utils/traj_utils/msg/detail/data_disp__rosidl_typesupport_fastrtps_cpp.hpp
[0.301s] -- Up-to-date: /home/quangsang/ego_ws/install/traj_utils/include/traj_utils/traj_utils/msg/detail/bspline__rosidl_typesupport_fastrtps_cpp.hpp
[0.301s] -- Up-to-date: /home/quangsang/ego_ws/install/traj_utils/include/traj_utils/traj_utils/msg/detail/dds_fastrtps
[0.301s] -- Up-to-date: /home/quangsang/ego_ws/install/traj_utils/include/traj_utils/traj_utils/msg/detail/multi_bsplines__rosidl_typesupport_fastrtps_cpp.hpp
[0.301s] -- Up-to-date: /home/quangsang/ego_ws/install/traj_utils/include/traj_utils/traj_utils/msg/rosidl_typesupport_fastrtps_cpp__visibility_control.h
[0.301s] -- Up-to-date: /home/quangsang/ego_ws/install/traj_utils/lib/libtraj_utils__rosidl_typesupport_fastrtps_cpp.so
[0.301s] -- Up-to-date: /home/quangsang/ego_ws/install/traj_utils/include/traj_utils/traj_utils
[0.301s] -- Up-to-date: /home/quangsang/ego_ws/install/traj_utils/include/traj_utils/traj_utils/msg
[0.301s] -- Up-to-date: /home/quangsang/ego_ws/install/traj_utils/include/traj_utils/traj_utils/msg/detail
[0.301s] -- Up-to-date: /home/quangsang/ego_ws/install/traj_utils/include/traj_utils/traj_utils/msg/detail/bspline__type_support.c
[0.301s] -- Up-to-date: /home/quangsang/ego_ws/install/traj_utils/include/traj_utils/traj_utils/msg/detail/multi_bsplines__rosidl_typesupport_introspection_c.h
[0.301s] -- Up-to-date: /home/quangsang/ego_ws/install/traj_utils/include/traj_utils/traj_utils/msg/detail/data_disp__rosidl_typesupport_introspection_c.h
[0.301s] -- Up-to-date: /home/quangsang/ego_ws/install/traj_utils/include/traj_utils/traj_utils/msg/detail/data_disp__type_support.c
[0.301s] -- Up-to-date: /home/quangsang/ego_ws/install/traj_utils/include/traj_utils/traj_utils/msg/detail/multi_bsplines__type_support.c
[0.301s] -- Up-to-date: /home/quangsang/ego_ws/install/traj_utils/include/traj_utils/traj_utils/msg/detail/bspline__rosidl_typesupport_introspection_c.h
[0.301s] -- Up-to-date: /home/quangsang/ego_ws/install/traj_utils/include/traj_utils/traj_utils/msg/rosidl_typesupport_introspection_c__visibility_control.h
[0.301s] -- Up-to-date: /home/quangsang/ego_ws/install/traj_utils/lib/libtraj_utils__rosidl_typesupport_introspection_c.so
[0.301s] -- Up-to-date: /home/quangsang/ego_ws/install/traj_utils/lib/libtraj_utils__rosidl_typesupport_c.so
[0.301s] -- Up-to-date: /home/quangsang/ego_ws/install/traj_utils/include/traj_utils/traj_utils
[0.301s] -- Up-to-date: /home/quangsang/ego_ws/install/traj_utils/include/traj_utils/traj_utils/msg
[0.301s] -- Up-to-date: /home/quangsang/ego_ws/install/traj_utils/include/traj_utils/traj_utils/msg/detail
[0.301s] -- Up-to-date: /home/quangsang/ego_ws/install/traj_utils/include/traj_utils/traj_utils/msg/detail/bspline__type_support.cpp
[0.301s] -- Up-to-date: /home/quangsang/ego_ws/install/traj_utils/include/traj_utils/traj_utils/msg/detail/data_disp__type_support.cpp
[0.301s] -- Up-to-date: /home/quangsang/ego_ws/install/traj_utils/include/traj_utils/traj_utils/msg/detail/data_disp__rosidl_typesupport_introspection_cpp.hpp
[0.301s] -- Up-to-date: /home/quangsang/ego_ws/install/traj_utils/include/traj_utils/traj_utils/msg/detail/bspline__rosidl_typesupport_introspection_cpp.hpp
[0.301s] -- Up-to-date: /home/quangsang/ego_ws/install/traj_utils/include/traj_utils/traj_utils/msg/detail/multi_bsplines__type_support.cpp
[0.301s] -- Up-to-date: /home/quangsang/ego_ws/install/traj_utils/include/traj_utils/traj_utils/msg/detail/multi_bsplines__rosidl_typesupport_introspection_cpp.hpp
[0.301s] -- Up-to-date: /home/quangsang/ego_ws/install/traj_utils/lib/libtraj_utils__rosidl_typesupport_introspection_cpp.so
[0.301s] -- Up-to-date: /home/quangsang/ego_ws/install/traj_utils/lib/libtraj_utils__rosidl_typesupport_cpp.so
[0.301s] -- Up-to-date: /home/quangsang/ego_ws/install/traj_utils/share/traj_utils/environment/pythonpath.sh
[0.301s] -- Up-to-date: /home/quangsang/ego_ws/install/traj_utils/share/traj_utils/environment/pythonpath.dsv
[0.301s] -- Up-to-date: /home/quangsang/ego_ws/install/traj_utils/local/lib/python3.10/dist-packages/traj_utils-0.0.0-py3.10.egg-info
[0.302s] -- Installing: /home/quangsang/ego_ws/install/traj_utils/local/lib/python3.10/dist-packages/traj_utils-0.0.0-py3.10.egg-info/SOURCES.txt
[0.302s] -- Installing: /home/quangsang/ego_ws/install/traj_utils/local/lib/python3.10/dist-packages/traj_utils-0.0.0-py3.10.egg-info/dependency_links.txt
[0.302s] -- Installing: /home/quangsang/ego_ws/install/traj_utils/local/lib/python3.10/dist-packages/traj_utils-0.0.0-py3.10.egg-info/PKG-INFO
[0.302s] -- Installing: /home/quangsang/ego_ws/install/traj_utils/local/lib/python3.10/dist-packages/traj_utils-0.0.0-py3.10.egg-info/top_level.txt
[0.302s] -- Up-to-date: /home/quangsang/ego_ws/install/traj_utils/local/lib/python3.10/dist-packages/traj_utils
[0.302s] -- Up-to-date: /home/quangsang/ego_ws/install/traj_utils/local/lib/python3.10/dist-packages/traj_utils/traj_utils_s__rosidl_typesupport_fastrtps_c.cpython-310-x86_64-linux-gnu.so
[0.302s] -- Up-to-date: /home/quangsang/ego_ws/install/traj_utils/local/lib/python3.10/dist-packages/traj_utils/msg
[0.302s] -- Up-to-date: /home/quangsang/ego_ws/install/traj_utils/local/lib/python3.10/dist-packages/traj_utils/msg/_data_disp.py
[0.302s] -- Up-to-date: /home/quangsang/ego_ws/install/traj_utils/local/lib/python3.10/dist-packages/traj_utils/msg/_bspline.py
[0.302s] -- Up-to-date: /home/quangsang/ego_ws/install/traj_utils/local/lib/python3.10/dist-packages/traj_utils/msg/__init__.py
[0.302s] -- Up-to-date: /home/quangsang/ego_ws/install/traj_utils/local/lib/python3.10/dist-packages/traj_utils/msg/_multi_bsplines_s.c
[0.302s] -- Up-to-date: /home/quangsang/ego_ws/install/traj_utils/local/lib/python3.10/dist-packages/traj_utils/msg/_data_disp_s.c
[0.302s] -- Up-to-date: /home/quangsang/ego_ws/install/traj_utils/local/lib/python3.10/dist-packages/traj_utils/msg/_multi_bsplines.py
[0.302s] -- Up-to-date: /home/quangsang/ego_ws/install/traj_utils/local/lib/python3.10/dist-packages/traj_utils/msg/_bspline_s.c
[0.302s] -- Up-to-date: /home/quangsang/ego_ws/install/traj_utils/local/lib/python3.10/dist-packages/traj_utils/libtraj_utils__rosidl_generator_py.so
[0.302s] -- Up-to-date: /home/quangsang/ego_ws/install/traj_utils/local/lib/python3.10/dist-packages/traj_utils/_traj_utils_s.ep.rosidl_typesupport_introspection_c.c
[0.302s] -- Up-to-date: /home/quangsang/ego_ws/install/traj_utils/local/lib/python3.10/dist-packages/traj_utils/_traj_utils_s.ep.rosidl_typesupport_c.c
[0.302s] -- Up-to-date: /home/quangsang/ego_ws/install/traj_utils/local/lib/python3.10/dist-packages/traj_utils/_traj_utils_s.ep.rosidl_typesupport_fastrtps_c.c
[0.302s] -- Up-to-date: /home/quangsang/ego_ws/install/traj_utils/local/lib/python3.10/dist-packages/traj_utils/__init__.py
[0.302s] -- Up-to-date: /home/quangsang/ego_ws/install/traj_utils/local/lib/python3.10/dist-packages/traj_utils/traj_utils_s__rosidl_typesupport_c.cpython-310-x86_64-linux-gnu.so
[0.302s] -- Up-to-date: /home/quangsang/ego_ws/install/traj_utils/local/lib/python3.10/dist-packages/traj_utils/traj_utils_s__rosidl_typesupport_introspection_c.cpython-310-x86_64-linux-gnu.so
[0.322s] Listing '/home/quangsang/ego_ws/install/traj_utils/local/lib/python3.10/dist-packages/traj_utils'...
[0.322s] Listing '/home/quangsang/ego_ws/install/traj_utils/local/lib/python3.10/dist-packages/traj_utils/msg'...
[0.325s] -- Up-to-date: /home/quangsang/ego_ws/install/traj_utils/local/lib/python3.10/dist-packages/traj_utils/traj_utils_s__rosidl_typesupport_fastrtps_c.cpython-310-x86_64-linux-gnu.so
[0.325s] -- Up-to-date: /home/quangsang/ego_ws/install/traj_utils/local/lib/python3.10/dist-packages/traj_utils/traj_utils_s__rosidl_typesupport_introspection_c.cpython-310-x86_64-linux-gnu.so
[0.325s] -- Up-to-date: /home/quangsang/ego_ws/install/traj_utils/local/lib/python3.10/dist-packages/traj_utils/traj_utils_s__rosidl_typesupport_c.cpython-310-x86_64-linux-gnu.so
[0.325s] -- Up-to-date: /home/quangsang/ego_ws/install/traj_utils/lib/libtraj_utils__rosidl_generator_py.so
[0.326s] -- Up-to-date: /home/quangsang/ego_ws/install/traj_utils/share/traj_utils/msg/Bspline.idl
[0.326s] -- Up-to-date: /home/quangsang/ego_ws/install/traj_utils/share/traj_utils/msg/DataDisp.idl
[0.326s] -- Up-to-date: /home/quangsang/ego_ws/install/traj_utils/share/traj_utils/msg/MultiBsplines.idl
[0.326s] -- Up-to-date: /home/quangsang/ego_ws/install/traj_utils/share/traj_utils/msg/Bspline.msg
[0.326s] -- Up-to-date: /home/quangsang/ego_ws/install/traj_utils/share/traj_utils/msg/DataDisp.msg
[0.326s] -- Up-to-date: /home/quangsang/ego_ws/install/traj_utils/share/traj_utils/msg/MultiBsplines.msg
[0.326s] -- Up-to-date: /home/quangsang/ego_ws/install/traj_utils/lib/libtraj_utils_lib.so
[0.326s] -- Up-to-date: /home/quangsang/ego_ws/install/traj_utils/include/traj_utils/traj_utils
[0.327s] -- Up-to-date: /home/quangsang/ego_ws/install/traj_utils/include/traj_utils/traj_utils/planning_visualization.h
[0.327s] -- Up-to-date: /home/quangsang/ego_ws/install/traj_utils/include/traj_utils/traj_utils/polynomial_traj.h
[0.327s] -- Up-to-date: /home/quangsang/ego_ws/install/traj_utils/include/traj_utils/traj_utils/plan_container.hpp
[0.327s] -- Up-to-date: /home/quangsang/ego_ws/install/traj_utils/share/ament_index/resource_index/package_run_dependencies/traj_utils
[0.327s] -- Up-to-date: /home/quangsang/ego_ws/install/traj_utils/share/ament_index/resource_index/parent_prefix_path/traj_utils
[0.327s] -- Up-to-date: /home/quangsang/ego_ws/install/traj_utils/share/traj_utils/environment/ament_prefix_path.sh
[0.327s] -- Up-to-date: /home/quangsang/ego_ws/install/traj_utils/share/traj_utils/environment/ament_prefix_path.dsv
[0.327s] -- Up-to-date: /home/quangsang/ego_ws/install/traj_utils/share/traj_utils/environment/path.sh
[0.327s] -- Up-to-date: /home/quangsang/ego_ws/install/traj_utils/share/traj_utils/environment/path.dsv
[0.327s] -- Up-to-date: /home/quangsang/ego_ws/install/traj_utils/share/traj_utils/local_setup.bash
[0.327s] -- Up-to-date: /home/quangsang/ego_ws/install/traj_utils/share/traj_utils/local_setup.sh
[0.327s] -- Up-to-date: /home/quangsang/ego_ws/install/traj_utils/share/traj_utils/local_setup.zsh
[0.327s] -- Up-to-date: /home/quangsang/ego_ws/install/traj_utils/share/traj_utils/local_setup.dsv
[0.327s] -- Installing: /home/quangsang/ego_ws/install/traj_utils/share/traj_utils/package.dsv
[0.327s] -- Up-to-date: /home/quangsang/ego_ws/install/traj_utils/share/ament_index/resource_index/packages/traj_utils
[0.327s] -- Up-to-date: /home/quangsang/ego_ws/install/traj_utils/share/traj_utils/cmake/export_traj_utils__rosidl_generator_cExport.cmake
[0.327s] -- Up-to-date: /home/quangsang/ego_ws/install/traj_utils/share/traj_utils/cmake/export_traj_utils__rosidl_generator_cExport-release.cmake
[0.327s] -- Up-to-date: /home/quangsang/ego_ws/install/traj_utils/share/traj_utils/cmake/export_traj_utils__rosidl_typesupport_fastrtps_cExport.cmake
[0.327s] -- Up-to-date: /home/quangsang/ego_ws/install/traj_utils/share/traj_utils/cmake/export_traj_utils__rosidl_typesupport_fastrtps_cExport-release.cmake
[0.327s] -- Up-to-date: /home/quangsang/ego_ws/install/traj_utils/share/traj_utils/cmake/export_traj_utils__rosidl_generator_cppExport.cmake
[0.327s] -- Up-to-date: /home/quangsang/ego_ws/install/traj_utils/share/traj_utils/cmake/export_traj_utils__rosidl_typesupport_fastrtps_cppExport.cmake
[0.327s] -- Up-to-date: /home/quangsang/ego_ws/install/traj_utils/share/traj_utils/cmake/export_traj_utils__rosidl_typesupport_fastrtps_cppExport-release.cmake
[0.327s] -- Up-to-date: /home/quangsang/ego_ws/install/traj_utils/share/traj_utils/cmake/traj_utils__rosidl_typesupport_introspection_cExport.cmake
[0.327s] -- Up-to-date: /home/quangsang/ego_ws/install/traj_utils/share/traj_utils/cmake/traj_utils__rosidl_typesupport_introspection_cExport-release.cmake
[0.327s] -- Up-to-date: /home/quangsang/ego_ws/install/traj_utils/share/traj_utils/cmake/traj_utils__rosidl_typesupport_cExport.cmake
[0.327s] -- Up-to-date: /home/quangsang/ego_ws/install/traj_utils/share/traj_utils/cmake/traj_utils__rosidl_typesupport_cExport-release.cmake
[0.327s] -- Up-to-date: /home/quangsang/ego_ws/install/traj_utils/share/traj_utils/cmake/traj_utils__rosidl_typesupport_introspection_cppExport.cmake
[0.328s] -- Up-to-date: /home/quangsang/ego_ws/install/traj_utils/share/traj_utils/cmake/traj_utils__rosidl_typesupport_introspection_cppExport-release.cmake
[0.328s] -- Up-to-date: /home/quangsang/ego_ws/install/traj_utils/share/traj_utils/cmake/traj_utils__rosidl_typesupport_cppExport.cmake
[0.328s] -- Up-to-date: /home/quangsang/ego_ws/install/traj_utils/share/traj_utils/cmake/traj_utils__rosidl_typesupport_cppExport-release.cmake
[0.328s] -- Up-to-date: /home/quangsang/ego_ws/install/traj_utils/share/traj_utils/cmake/export_traj_utils__rosidl_generator_pyExport.cmake
[0.328s] -- Up-to-date: /home/quangsang/ego_ws/install/traj_utils/share/traj_utils/cmake/export_traj_utils__rosidl_generator_pyExport-release.cmake
[0.328s] -- Up-to-date: /home/quangsang/ego_ws/install/traj_utils/share/traj_utils/cmake/rosidl_cmake-extras.cmake
[0.328s] -- Up-to-date: /home/quangsang/ego_ws/install/traj_utils/share/traj_utils/cmake/ament_cmake_export_dependencies-extras.cmake
[0.328s] -- Up-to-date: /home/quangsang/ego_ws/install/traj_utils/share/traj_utils/cmake/ament_cmake_export_include_directories-extras.cmake
[0.328s] -- Up-to-date: /home/quangsang/ego_ws/install/traj_utils/share/traj_utils/cmake/ament_cmake_export_libraries-extras.cmake
[0.328s] -- Up-to-date: /home/quangsang/ego_ws/install/traj_utils/share/traj_utils/cmake/ament_cmake_export_targets-extras.cmake
[0.328s] -- Up-to-date: /home/quangsang/ego_ws/install/traj_utils/share/traj_utils/cmake/rosidl_cmake_export_typesupport_targets-extras.cmake
[0.328s] -- Up-to-date: /home/quangsang/ego_ws/install/traj_utils/share/traj_utils/cmake/rosidl_cmake_export_typesupport_libraries-extras.cmake
[0.328s] -- Up-to-date: /home/quangsang/ego_ws/install/traj_utils/share/traj_utils/cmake/traj_utilsConfig.cmake
[0.328s] -- Up-to-date: /home/quangsang/ego_ws/install/traj_utils/share/traj_utils/cmake/traj_utilsConfig-version.cmake
[0.328s] -- Up-to-date: /home/quangsang/ego_ws/install/traj_utils/share/traj_utils/package.xml
[0.340s] Invoked command in '/home/quangsang/ego_ws/build/traj_utils' returned '0': CMAKE_PREFIX_PATH=${CMAKE_PREFIX_PATH}:/home/quangsang/ros2_ws/install/gz_openvins_bridge:/home/quangsang/ros2_ws/install/obstacle_publisher:/opt/ros/humble /usr/bin/cmake --install /home/quangsang/ego_ws/build/traj_utils
