-- The C compiler identification is GNU 9.5.0
-- The CXX compiler identification is GNU 9.5.0
-- Detecting C compiler ABI info
-- Detecting C compiler ABI info - done
-- Check for working C compiler: /usr/bin/cc - skipped
-- Detecting C compile features
-- Detecting C compile features - done
-- Detecting CXX compiler ABI info
-- Detecting CXX compiler ABI info - done
-- Check for working CXX compiler: /usr/bin/c++ - skipped
-- Detecting CXX compile features
-- Detecting CXX compile features - done
-- Found ament_cmake: 1.3.12 (/opt/ros/humble/share/ament_cmake/cmake)
-- Found Python3: /usr/bin/python3 (found version "3.10.12") found components: Interpreter 
-- Found rclcpp: 16.0.14 (/opt/ros/humble/share/rclcpp/cmake)
-- Found rosidl_generator_c: 3.1.7 (/opt/ros/humble/share/rosidl_generator_c/cmake)
-- Found rosidl_adapter: 3.1.7 (/opt/ros/humble/share/rosidl_adapter/cmake)
-- Found rosidl_generator_cpp: 3.1.7 (/opt/ros/humble/share/rosidl_generator_cpp/cmake)
-- Using all available rosidl_typesupport_c: rosidl_typesupport_fastrtps_c;rosidl_typesupport_introspection_c
-- Using all available rosidl_typesupport_cpp: rosidl_typesupport_fastrtps_cpp;rosidl_typesupport_introspection_cpp
-- Found rmw_implementation_cmake: 6.1.2 (/opt/ros/humble/share/rmw_implementation_cmake/cmake)
-- Found rmw_cyclonedds_cpp: 1.3.4 (/home/quangsang/ros2_ws/install/rmw_cyclonedds_cpp/share/rmw_cyclonedds_cpp/cmake)
-- Using RMW implementation 'rmw_cyclonedds_cpp' as default
-- Looking for pthread.h
-- Looking for pthread.h - found
-- Performing Test CMAKE_HAVE_LIBC_PTHREAD
-- Performing Test CMAKE_HAVE_LIBC_PTHREAD - Success
-- Found Threads: TRUE  
-- Found geometry_msgs: 4.9.0 (/opt/ros/humble/share/geometry_msgs/cmake)
-- Found visualization_msgs: 4.9.0 (/opt/ros/humble/share/visualization_msgs/cmake)
-- Found nav_msgs: 4.9.0 (/opt/ros/humble/share/nav_msgs/cmake)
-- Found pose_utils: 0.0.0 (/home/quangsang/ego_ws/install/pose_utils/share/pose_utils/cmake)
-- Found tf2: 0.25.16 (/opt/ros/humble/share/tf2/cmake)
-- Found tf2_geometry_msgs: 0.25.16 (/opt/ros/humble/share/tf2_geometry_msgs/cmake)
-- Found eigen3_cmake_module: 0.1.1 (/opt/ros/humble/share/eigen3_cmake_module/cmake)
-- Found Eigen3: TRUE (found version "3.4.0") 
-- Ensuring Eigen3 include directory is part of orocos-kdl CMake target
-- Found quadrotor_msgs: 0.0.0 (/home/quangsang/ego_ws/install/quadrotor_msgs/share/quadrotor_msgs/cmake)
-- Found laser_geometry: 2.4.0 (/opt/ros/humble/share/laser_geometry/cmake)
-- Found rosidl_default_generators: 1.2.0 (/opt/ros/humble/share/rosidl_default_generators/cmake)
-- Found Armadillo: /usr/include (found version "10.8.2") 
-- Found ament_cmake_ros: 0.10.0 (/opt/ros/humble/share/ament_cmake_ros/cmake)
-- Using all available rosidl_typesupport_c: rosidl_typesupport_fastrtps_c;rosidl_typesupport_introspection_c
-- Using all available rosidl_typesupport_cpp: rosidl_typesupport_fastrtps_cpp;rosidl_typesupport_introspection_cpp
-- Found PythonInterp: /usr/bin/python3 (found suitable version "3.10.12", minimum required is "3.6") 
-- Found python_cmake_module: 0.10.0 (/opt/ros/humble/share/python_cmake_module/cmake)
-- Found PythonLibs: /usr/lib/x86_64-linux-gnu/libpython3.10.so (found suitable version "3.10.12", minimum required is "3.5") 
-- Using PYTHON_EXECUTABLE: /usr/bin/python3
-- Using PYTHON_INCLUDE_DIRS: /usr/include/python3.10
-- Using PYTHON_LIBRARIES: /usr/lib/x86_64-linux-gnu/libpython3.10.so
-- Found PythonExtra: .so  
-- Found ament_lint_auto: 0.12.14 (/opt/ros/humble/share/ament_lint_auto/cmake)
-- Added test 'cppcheck' to perform static code analysis on C / C++ code
-- Configured cppcheck include dirs: /home/quangsang/ego_ws/src/ego-planner-swarm/src/uav_simulator/Utils/multi_map_server/include
-- Configured cppcheck exclude dirs and/or files: 
-- Added test 'lint_cmake' to check CMake code style
-- Added test 'uncrustify' to check C / C++ code style
-- Configured uncrustify additional arguments: 
-- Added test 'xmllint' to check XML markup files
-- Configuring done
-- Generating done
-- Build files have been written to: /home/quangsang/ego_ws/build/multi_map_server
[  1%] [34m[1mGenerating C code for ROS interfaces[0m
[  3%] [34m[1mGenerating C++ code for ROS interfaces[0m
[  3%] Built target ament_cmake_python_copy_multi_map_server
running egg_info
creating multi_map_server.egg-info
writing multi_map_server.egg-info/PKG-INFO
writing dependency_links to multi_map_server.egg-info/dependency_links.txt
writing top-level names to multi_map_server.egg-info/top_level.txt
writing manifest file 'multi_map_server.egg-info/SOURCES.txt'
reading manifest file 'multi_map_server.egg-info/SOURCES.txt'
writing manifest file 'multi_map_server.egg-info/SOURCES.txt'
[  3%] Built target ament_cmake_python_build_multi_map_server_egg
[  3%] Built target multi_map_server__cpp
[  7%] [34m[1mGenerating C++ type support for eProsima Fast-RTPS[0m
[  7%] [34m[1mGenerating C++ type support dispatch for ROS interfaces[0m
[  8%] [34m[1mGenerating C++ introspection for ROS interfaces[0m
[ 15%] [32mBuilding C object CMakeFiles/multi_map_server__rosidl_generator_c.dir/rosidl_generator_c/multi_map_server/msg/detail/multi_occupancy_grid__functions.c.o[0m
[ 15%] [32mBuilding C object CMakeFiles/multi_map_server__rosidl_generator_c.dir/rosidl_generator_c/multi_map_server/msg/detail/multi_sparse_map3_d__functions.c.o[0m
[ 15%] [32mBuilding C object CMakeFiles/multi_map_server__rosidl_generator_c.dir/rosidl_generator_c/multi_map_server/msg/detail/sparse_map3_d__functions.c.o[0m
[ 15%] [32mBuilding C object CMakeFiles/multi_map_server__rosidl_generator_c.dir/rosidl_generator_c/multi_map_server/msg/detail/vertical_occupancy_grid_list__functions.c.o[0m
[ 17%] [32m[1mLinking C shared library libmulti_map_server__rosidl_generator_c.so[0m
[ 17%] Built target multi_map_server__rosidl_generator_c
[ 22%] [34m[1mGenerating C type support dispatch for ROS interfaces[0m
[ 22%] [34m[1mGenerating C type support for eProsima Fast-RTPS[0m
[ 22%] [34m[1mGenerating C introspection for ROS interfaces[0m
[ 24%] [32mBuilding CXX object CMakeFiles/multi_map_server__rosidl_typesupport_cpp.dir/rosidl_typesupport_cpp/multi_map_server/msg/multi_occupancy_grid__type_support.cpp.o[0m
[ 26%] [32mBuilding CXX object CMakeFiles/multi_map_server__rosidl_typesupport_cpp.dir/rosidl_typesupport_cpp/multi_map_server/msg/multi_sparse_map3_d__type_support.cpp.o[0m
[ 28%] [32mBuilding CXX object CMakeFiles/multi_map_server__rosidl_typesupport_cpp.dir/rosidl_typesupport_cpp/multi_map_server/msg/sparse_map3_d__type_support.cpp.o[0m
[ 29%] [32mBuilding CXX object CMakeFiles/multi_map_server__rosidl_typesupport_cpp.dir/rosidl_typesupport_cpp/multi_map_server/msg/vertical_occupancy_grid_list__type_support.cpp.o[0m
[ 31%] [32mBuilding CXX object CMakeFiles/multi_map_server__rosidl_typesupport_introspection_cpp.dir/rosidl_typesupport_introspection_cpp/multi_map_server/msg/detail/multi_occupancy_grid__type_support.cpp.o[0m
[ 33%] [32mBuilding CXX object CMakeFiles/multi_map_server__rosidl_typesupport_introspection_cpp.dir/rosidl_typesupport_introspection_cpp/multi_map_server/msg/detail/multi_sparse_map3_d__type_support.cpp.o[0m
[ 35%] [32mBuilding CXX object CMakeFiles/multi_map_server__rosidl_typesupport_introspection_cpp.dir/rosidl_typesupport_introspection_cpp/multi_map_server/msg/detail/vertical_occupancy_grid_list__type_support.cpp.o[0m
[ 36%] [32mBuilding CXX object CMakeFiles/multi_map_server__rosidl_typesupport_introspection_cpp.dir/rosidl_typesupport_introspection_cpp/multi_map_server/msg/detail/sparse_map3_d__type_support.cpp.o[0m
[ 38%] [32mBuilding CXX object CMakeFiles/multi_map_server__rosidl_typesupport_fastrtps_cpp.dir/rosidl_typesupport_fastrtps_cpp/multi_map_server/msg/detail/dds_fastrtps/multi_occupancy_grid__type_support.cpp.o[0m
[ 40%] [32mBuilding CXX object CMakeFiles/multi_map_server__rosidl_typesupport_fastrtps_cpp.dir/rosidl_typesupport_fastrtps_cpp/multi_map_server/msg/detail/dds_fastrtps/multi_sparse_map3_d__type_support.cpp.o[0m
[ 42%] [32mBuilding CXX object CMakeFiles/multi_map_server__rosidl_typesupport_fastrtps_cpp.dir/rosidl_typesupport_fastrtps_cpp/multi_map_server/msg/detail/dds_fastrtps/sparse_map3_d__type_support.cpp.o[0m
[ 43%] [32mBuilding CXX object CMakeFiles/multi_map_server__rosidl_typesupport_fastrtps_cpp.dir/rosidl_typesupport_fastrtps_cpp/multi_map_server/msg/detail/dds_fastrtps/vertical_occupancy_grid_list__type_support.cpp.o[0m
[ 45%] [32mBuilding CXX object CMakeFiles/multi_map_server__rosidl_typesupport_c.dir/rosidl_typesupport_c/multi_map_server/msg/multi_occupancy_grid__type_support.cpp.o[0m
[ 49%] [32mBuilding CXX object CMakeFiles/multi_map_server__rosidl_typesupport_c.dir/rosidl_typesupport_c/multi_map_server/msg/sparse_map3_d__type_support.cpp.o[0m
[ 49%] [32mBuilding CXX object CMakeFiles/multi_map_server__rosidl_typesupport_c.dir/rosidl_typesupport_c/multi_map_server/msg/multi_sparse_map3_d__type_support.cpp.o[0m
[ 50%] [32mBuilding C object CMakeFiles/multi_map_server__rosidl_typesupport_introspection_c.dir/rosidl_typesupport_introspection_c/multi_map_server/msg/detail/multi_occupancy_grid__type_support.c.o[0m
[ 52%] [32mBuilding CXX object CMakeFiles/multi_map_server__rosidl_typesupport_c.dir/rosidl_typesupport_c/multi_map_server/msg/vertical_occupancy_grid_list__type_support.cpp.o[0m
[ 54%] [32mBuilding C object CMakeFiles/multi_map_server__rosidl_typesupport_introspection_c.dir/rosidl_typesupport_introspection_c/multi_map_server/msg/detail/multi_sparse_map3_d__type_support.c.o[0m
[ 56%] [32mBuilding C object CMakeFiles/multi_map_server__rosidl_typesupport_introspection_c.dir/rosidl_typesupport_introspection_c/multi_map_server/msg/detail/sparse_map3_d__type_support.c.o[0m
[ 57%] [32mBuilding C object CMakeFiles/multi_map_server__rosidl_typesupport_introspection_c.dir/rosidl_typesupport_introspection_c/multi_map_server/msg/detail/vertical_occupancy_grid_list__type_support.c.o[0m
[ 59%] [32m[1mLinking CXX shared library libmulti_map_server__rosidl_typesupport_c.so[0m
[ 59%] Built target multi_map_server__rosidl_typesupport_c
[ 61%] [32mBuilding CXX object CMakeFiles/multi_map_server__rosidl_typesupport_fastrtps_c.dir/rosidl_typesupport_fastrtps_c/multi_map_server/msg/detail/multi_occupancy_grid__type_support_c.cpp.o[0m
[ 63%] [32mBuilding CXX object CMakeFiles/multi_map_server__rosidl_typesupport_fastrtps_c.dir/rosidl_typesupport_fastrtps_c/multi_map_server/msg/detail/sparse_map3_d__type_support_c.cpp.o[0m
[ 64%] [32mBuilding CXX object CMakeFiles/multi_map_server__rosidl_typesupport_fastrtps_c.dir/rosidl_typesupport_fastrtps_c/multi_map_server/msg/detail/multi_sparse_map3_d__type_support_c.cpp.o[0m
[ 66%] [32mBuilding CXX object CMakeFiles/multi_map_server__rosidl_typesupport_fastrtps_c.dir/rosidl_typesupport_fastrtps_c/multi_map_server/msg/detail/vertical_occupancy_grid_list__type_support_c.cpp.o[0m
[ 68%] [32m[1mLinking C shared library libmulti_map_server__rosidl_typesupport_introspection_c.so[0m
[ 70%] [32m[1mLinking CXX shared library libmulti_map_server__rosidl_typesupport_cpp.so[0m
[ 70%] Built target multi_map_server__rosidl_typesupport_introspection_c
[ 70%] Built target multi_map_server__rosidl_typesupport_cpp
[ 71%] [32mBuilding CXX object CMakeFiles/multi_map_visualization.dir/src/multi_map_visualization.cc.o[0m
[ 73%] [32m[1mLinking CXX shared library libmulti_map_server__rosidl_typesupport_fastrtps_c.so[0m
[ 75%] [32m[1mLinking CXX shared library libmulti_map_server__rosidl_typesupport_fastrtps_cpp.so[0m
[ 77%] [32m[1mLinking CXX shared library libmulti_map_server__rosidl_typesupport_introspection_cpp.so[0m
[ 77%] Built target multi_map_server__rosidl_typesupport_fastrtps_c
[ 77%] Built target multi_map_server__rosidl_typesupport_introspection_cpp
[ 77%] Built target multi_map_server__rosidl_typesupport_fastrtps_cpp
[ 77%] Built target multi_map_server
[ 78%] [34m[1mGenerating Python code for ROS interfaces[0m
[ 78%] Built target multi_map_server__py
[ 85%] [32mBuilding C object CMakeFiles/multi_map_server__rosidl_generator_py.dir/rosidl_generator_py/multi_map_server/msg/_sparse_map3_d_s.c.o[0m
[ 85%] [32mBuilding C object CMakeFiles/multi_map_server__rosidl_generator_py.dir/rosidl_generator_py/multi_map_server/msg/_multi_occupancy_grid_s.c.o[0m
[ 85%] [32mBuilding C object CMakeFiles/multi_map_server__rosidl_generator_py.dir/rosidl_generator_py/multi_map_server/msg/_vertical_occupancy_grid_list_s.c.o[0m
[ 85%] [32mBuilding C object CMakeFiles/multi_map_server__rosidl_generator_py.dir/rosidl_generator_py/multi_map_server/msg/_multi_sparse_map3_d_s.c.o[0m
[ 87%] [32m[1mLinking C shared library rosidl_generator_py/multi_map_server/libmulti_map_server__rosidl_generator_py.so[0m
[ 87%] Built target multi_map_server__rosidl_generator_py
[ 89%] [32mBuilding C object CMakeFiles/multi_map_server__rosidl_typesupport_introspection_c__pyext.dir/rosidl_generator_py/multi_map_server/_multi_map_server_s.ep.rosidl_typesupport_introspection_c.c.o[0m
[ 92%] [32mBuilding C object CMakeFiles/multi_map_server__rosidl_typesupport_fastrtps_c__pyext.dir/rosidl_generator_py/multi_map_server/_multi_map_server_s.ep.rosidl_typesupport_fastrtps_c.c.o[0m
[ 92%] [32mBuilding C object CMakeFiles/multi_map_server__rosidl_typesupport_c__pyext.dir/rosidl_generator_py/multi_map_server/_multi_map_server_s.ep.rosidl_typesupport_c.c.o[0m
[ 94%] [32m[1mLinking C shared library rosidl_generator_py/multi_map_server/multi_map_server_s__rosidl_typesupport_introspection_c.cpython-310-x86_64-linux-gnu.so[0m
[ 96%] [32m[1mLinking C shared library rosidl_generator_py/multi_map_server/multi_map_server_s__rosidl_typesupport_c.cpython-310-x86_64-linux-gnu.so[0m
[ 98%] [32m[1mLinking C shared library rosidl_generator_py/multi_map_server/multi_map_server_s__rosidl_typesupport_fastrtps_c.cpython-310-x86_64-linux-gnu.so[0m
[ 98%] Built target multi_map_server__rosidl_typesupport_introspection_c__pyext
[ 98%] Built target multi_map_server__rosidl_typesupport_c__pyext
[ 98%] Built target multi_map_server__rosidl_typesupport_fastrtps_c__pyext
[100%] [32m[1mLinking CXX executable multi_map_visualization[0m
[100%] Built target multi_map_visualization
-- Install configuration: "Release"
-- Installing: /home/quangsang/ego_ws/install/multi_map_server/share/ament_index/resource_index/rosidl_interfaces/multi_map_server
-- Installing: /home/quangsang/ego_ws/install/multi_map_server/include/multi_map_server/multi_map_server
-- Installing: /home/quangsang/ego_ws/install/multi_map_server/include/multi_map_server/multi_map_server/msg
-- Installing: /home/quangsang/ego_ws/install/multi_map_server/include/multi_map_server/multi_map_server/msg/sparse_map3_d.h
-- Installing: /home/quangsang/ego_ws/install/multi_map_server/include/multi_map_server/multi_map_server/msg/vertical_occupancy_grid_list.h
-- Installing: /home/quangsang/ego_ws/install/multi_map_server/include/multi_map_server/multi_map_server/msg/multi_occupancy_grid.h
-- Installing: /home/quangsang/ego_ws/install/multi_map_server/include/multi_map_server/multi_map_server/msg/rosidl_generator_c__visibility_control.h
-- Installing: /home/quangsang/ego_ws/install/multi_map_server/include/multi_map_server/multi_map_server/msg/detail
-- Installing: /home/quangsang/ego_ws/install/multi_map_server/include/multi_map_server/multi_map_server/msg/detail/multi_occupancy_grid__struct.h
-- Installing: /home/quangsang/ego_ws/install/multi_map_server/include/multi_map_server/multi_map_server/msg/detail/sparse_map3_d__functions.h
-- Installing: /home/quangsang/ego_ws/install/multi_map_server/include/multi_map_server/multi_map_server/msg/detail/vertical_occupancy_grid_list__functions.c
-- Installing: /home/quangsang/ego_ws/install/multi_map_server/include/multi_map_server/multi_map_server/msg/detail/sparse_map3_d__struct.h
-- Installing: /home/quangsang/ego_ws/install/multi_map_server/include/multi_map_server/multi_map_server/msg/detail/multi_occupancy_grid__functions.h
-- Installing: /home/quangsang/ego_ws/install/multi_map_server/include/multi_map_server/multi_map_server/msg/detail/multi_sparse_map3_d__struct.h
-- Installing: /home/quangsang/ego_ws/install/multi_map_server/include/multi_map_server/multi_map_server/msg/detail/multi_occupancy_grid__functions.c
-- Installing: /home/quangsang/ego_ws/install/multi_map_server/include/multi_map_server/multi_map_server/msg/detail/vertical_occupancy_grid_list__type_support.h
-- Installing: /home/quangsang/ego_ws/install/multi_map_server/include/multi_map_server/multi_map_server/msg/detail/sparse_map3_d__functions.c
-- Installing: /home/quangsang/ego_ws/install/multi_map_server/include/multi_map_server/multi_map_server/msg/detail/sparse_map3_d__type_support.h
-- Installing: /home/quangsang/ego_ws/install/multi_map_server/include/multi_map_server/multi_map_server/msg/detail/multi_sparse_map3_d__functions.c
-- Installing: /home/quangsang/ego_ws/install/multi_map_server/include/multi_map_server/multi_map_server/msg/detail/multi_sparse_map3_d__functions.h
-- Installing: /home/quangsang/ego_ws/install/multi_map_server/include/multi_map_server/multi_map_server/msg/detail/multi_occupancy_grid__type_support.h
-- Installing: /home/quangsang/ego_ws/install/multi_map_server/include/multi_map_server/multi_map_server/msg/detail/vertical_occupancy_grid_list__functions.h
-- Installing: /home/quangsang/ego_ws/install/multi_map_server/include/multi_map_server/multi_map_server/msg/detail/vertical_occupancy_grid_list__struct.h
-- Installing: /home/quangsang/ego_ws/install/multi_map_server/include/multi_map_server/multi_map_server/msg/detail/multi_sparse_map3_d__type_support.h
-- Installing: /home/quangsang/ego_ws/install/multi_map_server/include/multi_map_server/multi_map_server/msg/multi_sparse_map3_d.h
-- Installing: /home/quangsang/ego_ws/install/multi_map_server/share/multi_map_server/environment/library_path.sh
-- Installing: /home/quangsang/ego_ws/install/multi_map_server/share/multi_map_server/environment/library_path.dsv
-- Installing: /home/quangsang/ego_ws/install/multi_map_server/lib/libmulti_map_server__rosidl_generator_c.so
-- Set runtime path of "/home/quangsang/ego_ws/install/multi_map_server/lib/libmulti_map_server__rosidl_generator_c.so" to ""
-- Up-to-date: /home/quangsang/ego_ws/install/multi_map_server/include/multi_map_server/multi_map_server
-- Up-to-date: /home/quangsang/ego_ws/install/multi_map_server/include/multi_map_server/multi_map_server/msg
-- Installing: /home/quangsang/ego_ws/install/multi_map_server/include/multi_map_server/multi_map_server/msg/rosidl_typesupport_fastrtps_c__visibility_control.h
-- Up-to-date: /home/quangsang/ego_ws/install/multi_map_server/include/multi_map_server/multi_map_server/msg/detail
-- Installing: /home/quangsang/ego_ws/install/multi_map_server/include/multi_map_server/multi_map_server/msg/detail/vertical_occupancy_grid_list__rosidl_typesupport_fastrtps_c.h
-- Installing: /home/quangsang/ego_ws/install/multi_map_server/include/multi_map_server/multi_map_server/msg/detail/multi_occupancy_grid__rosidl_typesupport_fastrtps_c.h
-- Installing: /home/quangsang/ego_ws/install/multi_map_server/include/multi_map_server/multi_map_server/msg/detail/sparse_map3_d__rosidl_typesupport_fastrtps_c.h
-- Installing: /home/quangsang/ego_ws/install/multi_map_server/include/multi_map_server/multi_map_server/msg/detail/multi_sparse_map3_d__rosidl_typesupport_fastrtps_c.h
-- Installing: /home/quangsang/ego_ws/install/multi_map_server/lib/libmulti_map_server__rosidl_typesupport_fastrtps_c.so
-- Set runtime path of "/home/quangsang/ego_ws/install/multi_map_server/lib/libmulti_map_server__rosidl_typesupport_fastrtps_c.so" to ""
-- Up-to-date: /home/quangsang/ego_ws/install/multi_map_server/include/multi_map_server/multi_map_server
-- Up-to-date: /home/quangsang/ego_ws/install/multi_map_server/include/multi_map_server/multi_map_server/msg
-- Installing: /home/quangsang/ego_ws/install/multi_map_server/include/multi_map_server/multi_map_server/msg/multi_sparse_map3_d.hpp
-- Installing: /home/quangsang/ego_ws/install/multi_map_server/include/multi_map_server/multi_map_server/msg/sparse_map3_d.hpp
-- Up-to-date: /home/quangsang/ego_ws/install/multi_map_server/include/multi_map_server/multi_map_server/msg/detail
-- Installing: /home/quangsang/ego_ws/install/multi_map_server/include/multi_map_server/multi_map_server/msg/detail/multi_sparse_map3_d__type_support.hpp
-- Installing: /home/quangsang/ego_ws/install/multi_map_server/include/multi_map_server/multi_map_server/msg/detail/vertical_occupancy_grid_list__traits.hpp
-- Installing: /home/quangsang/ego_ws/install/multi_map_server/include/multi_map_server/multi_map_server/msg/detail/multi_occupancy_grid__struct.hpp
-- Installing: /home/quangsang/ego_ws/install/multi_map_server/include/multi_map_server/multi_map_server/msg/detail/sparse_map3_d__struct.hpp
-- Installing: /home/quangsang/ego_ws/install/multi_map_server/include/multi_map_server/multi_map_server/msg/detail/vertical_occupancy_grid_list__builder.hpp
-- Installing: /home/quangsang/ego_ws/install/multi_map_server/include/multi_map_server/multi_map_server/msg/detail/multi_sparse_map3_d__traits.hpp
-- Installing: /home/quangsang/ego_ws/install/multi_map_server/include/multi_map_server/multi_map_server/msg/detail/multi_occupancy_grid__type_support.hpp
-- Installing: /home/quangsang/ego_ws/install/multi_map_server/include/multi_map_server/multi_map_server/msg/detail/sparse_map3_d__builder.hpp
-- Installing: /home/quangsang/ego_ws/install/multi_map_server/include/multi_map_server/multi_map_server/msg/detail/multi_occupancy_grid__traits.hpp
-- Installing: /home/quangsang/ego_ws/install/multi_map_server/include/multi_map_server/multi_map_server/msg/detail/sparse_map3_d__type_support.hpp
-- Installing: /home/quangsang/ego_ws/install/multi_map_server/include/multi_map_server/multi_map_server/msg/detail/sparse_map3_d__traits.hpp
-- Installing: /home/quangsang/ego_ws/install/multi_map_server/include/multi_map_server/multi_map_server/msg/detail/vertical_occupancy_grid_list__type_support.hpp
-- Installing: /home/quangsang/ego_ws/install/multi_map_server/include/multi_map_server/multi_map_server/msg/detail/vertical_occupancy_grid_list__struct.hpp
-- Installing: /home/quangsang/ego_ws/install/multi_map_server/include/multi_map_server/multi_map_server/msg/detail/multi_sparse_map3_d__struct.hpp
-- Installing: /home/quangsang/ego_ws/install/multi_map_server/include/multi_map_server/multi_map_server/msg/detail/multi_sparse_map3_d__builder.hpp
-- Installing: /home/quangsang/ego_ws/install/multi_map_server/include/multi_map_server/multi_map_server/msg/detail/multi_occupancy_grid__builder.hpp
-- Installing: /home/quangsang/ego_ws/install/multi_map_server/include/multi_map_server/multi_map_server/msg/multi_occupancy_grid.hpp
-- Installing: /home/quangsang/ego_ws/install/multi_map_server/include/multi_map_server/multi_map_server/msg/vertical_occupancy_grid_list.hpp
-- Installing: /home/quangsang/ego_ws/install/multi_map_server/include/multi_map_server/multi_map_server/msg/rosidl_generator_cpp__visibility_control.hpp
-- Up-to-date: /home/quangsang/ego_ws/install/multi_map_server/include/multi_map_server/multi_map_server
-- Up-to-date: /home/quangsang/ego_ws/install/multi_map_server/include/multi_map_server/multi_map_server/msg
-- Up-to-date: /home/quangsang/ego_ws/install/multi_map_server/include/multi_map_server/multi_map_server/msg/detail
-- Installing: /home/quangsang/ego_ws/install/multi_map_server/include/multi_map_server/multi_map_server/msg/detail/multi_sparse_map3_d__rosidl_typesupport_fastrtps_cpp.hpp
-- Installing: /home/quangsang/ego_ws/install/multi_map_server/include/multi_map_server/multi_map_server/msg/detail/dds_fastrtps
-- Installing: /home/quangsang/ego_ws/install/multi_map_server/include/multi_map_server/multi_map_server/msg/detail/multi_occupancy_grid__rosidl_typesupport_fastrtps_cpp.hpp
-- Installing: /home/quangsang/ego_ws/install/multi_map_server/include/multi_map_server/multi_map_server/msg/detail/vertical_occupancy_grid_list__rosidl_typesupport_fastrtps_cpp.hpp
-- Installing: /home/quangsang/ego_ws/install/multi_map_server/include/multi_map_server/multi_map_server/msg/detail/sparse_map3_d__rosidl_typesupport_fastrtps_cpp.hpp
-- Installing: /home/quangsang/ego_ws/install/multi_map_server/include/multi_map_server/multi_map_server/msg/rosidl_typesupport_fastrtps_cpp__visibility_control.h
-- Installing: /home/quangsang/ego_ws/install/multi_map_server/lib/libmulti_map_server__rosidl_typesupport_fastrtps_cpp.so
-- Set runtime path of "/home/quangsang/ego_ws/install/multi_map_server/lib/libmulti_map_server__rosidl_typesupport_fastrtps_cpp.so" to ""
-- Up-to-date: /home/quangsang/ego_ws/install/multi_map_server/include/multi_map_server/multi_map_server
-- Up-to-date: /home/quangsang/ego_ws/install/multi_map_server/include/multi_map_server/multi_map_server/msg
-- Up-to-date: /home/quangsang/ego_ws/install/multi_map_server/include/multi_map_server/multi_map_server/msg/detail
-- Installing: /home/quangsang/ego_ws/install/multi_map_server/include/multi_map_server/multi_map_server/msg/detail/multi_sparse_map3_d__rosidl_typesupport_introspection_c.h
-- Installing: /home/quangsang/ego_ws/install/multi_map_server/include/multi_map_server/multi_map_server/msg/detail/sparse_map3_d__type_support.c
-- Installing: /home/quangsang/ego_ws/install/multi_map_server/include/multi_map_server/multi_map_server/msg/detail/multi_sparse_map3_d__type_support.c
-- Installing: /home/quangsang/ego_ws/install/multi_map_server/include/multi_map_server/multi_map_server/msg/detail/vertical_occupancy_grid_list__rosidl_typesupport_introspection_c.h
-- Installing: /home/quangsang/ego_ws/install/multi_map_server/include/multi_map_server/multi_map_server/msg/detail/multi_occupancy_grid__type_support.c
-- Installing: /home/quangsang/ego_ws/install/multi_map_server/include/multi_map_server/multi_map_server/msg/detail/multi_occupancy_grid__rosidl_typesupport_introspection_c.h
-- Installing: /home/quangsang/ego_ws/install/multi_map_server/include/multi_map_server/multi_map_server/msg/detail/vertical_occupancy_grid_list__type_support.c
-- Installing: /home/quangsang/ego_ws/install/multi_map_server/include/multi_map_server/multi_map_server/msg/detail/sparse_map3_d__rosidl_typesupport_introspection_c.h
-- Installing: /home/quangsang/ego_ws/install/multi_map_server/include/multi_map_server/multi_map_server/msg/rosidl_typesupport_introspection_c__visibility_control.h
-- Installing: /home/quangsang/ego_ws/install/multi_map_server/lib/libmulti_map_server__rosidl_typesupport_introspection_c.so
-- Set runtime path of "/home/quangsang/ego_ws/install/multi_map_server/lib/libmulti_map_server__rosidl_typesupport_introspection_c.so" to ""
-- Installing: /home/quangsang/ego_ws/install/multi_map_server/lib/libmulti_map_server__rosidl_typesupport_c.so
-- Set runtime path of "/home/quangsang/ego_ws/install/multi_map_server/lib/libmulti_map_server__rosidl_typesupport_c.so" to ""
-- Up-to-date: /home/quangsang/ego_ws/install/multi_map_server/include/multi_map_server/multi_map_server
-- Up-to-date: /home/quangsang/ego_ws/install/multi_map_server/include/multi_map_server/multi_map_server/msg
-- Up-to-date: /home/quangsang/ego_ws/install/multi_map_server/include/multi_map_server/multi_map_server/msg/detail
-- Installing: /home/quangsang/ego_ws/install/multi_map_server/include/multi_map_server/multi_map_server/msg/detail/sparse_map3_d__rosidl_typesupport_introspection_cpp.hpp
-- Installing: /home/quangsang/ego_ws/install/multi_map_server/include/multi_map_server/multi_map_server/msg/detail/multi_occupancy_grid__rosidl_typesupport_introspection_cpp.hpp
-- Installing: /home/quangsang/ego_ws/install/multi_map_server/include/multi_map_server/multi_map_server/msg/detail/sparse_map3_d__type_support.cpp
-- Installing: /home/quangsang/ego_ws/install/multi_map_server/include/multi_map_server/multi_map_server/msg/detail/vertical_occupancy_grid_list__rosidl_typesupport_introspection_cpp.hpp
-- Installing: /home/quangsang/ego_ws/install/multi_map_server/include/multi_map_server/multi_map_server/msg/detail/vertical_occupancy_grid_list__type_support.cpp
-- Installing: /home/quangsang/ego_ws/install/multi_map_server/include/multi_map_server/multi_map_server/msg/detail/multi_sparse_map3_d__type_support.cpp
-- Installing: /home/quangsang/ego_ws/install/multi_map_server/include/multi_map_server/multi_map_server/msg/detail/multi_occupancy_grid__type_support.cpp
-- Installing: /home/quangsang/ego_ws/install/multi_map_server/include/multi_map_server/multi_map_server/msg/detail/multi_sparse_map3_d__rosidl_typesupport_introspection_cpp.hpp
-- Installing: /home/quangsang/ego_ws/install/multi_map_server/lib/libmulti_map_server__rosidl_typesupport_introspection_cpp.so
-- Set runtime path of "/home/quangsang/ego_ws/install/multi_map_server/lib/libmulti_map_server__rosidl_typesupport_introspection_cpp.so" to ""
-- Installing: /home/quangsang/ego_ws/install/multi_map_server/lib/libmulti_map_server__rosidl_typesupport_cpp.so
-- Set runtime path of "/home/quangsang/ego_ws/install/multi_map_server/lib/libmulti_map_server__rosidl_typesupport_cpp.so" to ""
-- Installing: /home/quangsang/ego_ws/install/multi_map_server/share/multi_map_server/environment/pythonpath.sh
-- Installing: /home/quangsang/ego_ws/install/multi_map_server/share/multi_map_server/environment/pythonpath.dsv
-- Installing: /home/quangsang/ego_ws/install/multi_map_server/local/lib/python3.10/dist-packages/multi_map_server-0.0.0-py3.10.egg-info
-- Installing: /home/quangsang/ego_ws/install/multi_map_server/local/lib/python3.10/dist-packages/multi_map_server-0.0.0-py3.10.egg-info/SOURCES.txt
-- Installing: /home/quangsang/ego_ws/install/multi_map_server/local/lib/python3.10/dist-packages/multi_map_server-0.0.0-py3.10.egg-info/dependency_links.txt
-- Installing: /home/quangsang/ego_ws/install/multi_map_server/local/lib/python3.10/dist-packages/multi_map_server-0.0.0-py3.10.egg-info/PKG-INFO
-- Installing: /home/quangsang/ego_ws/install/multi_map_server/local/lib/python3.10/dist-packages/multi_map_server-0.0.0-py3.10.egg-info/top_level.txt
-- Installing: /home/quangsang/ego_ws/install/multi_map_server/local/lib/python3.10/dist-packages/multi_map_server
-- Installing: /home/quangsang/ego_ws/install/multi_map_server/local/lib/python3.10/dist-packages/multi_map_server/multi_map_server_s__rosidl_typesupport_fastrtps_c.cpython-310-x86_64-linux-gnu.so
-- Installing: /home/quangsang/ego_ws/install/multi_map_server/local/lib/python3.10/dist-packages/multi_map_server/msg
-- Installing: /home/quangsang/ego_ws/install/multi_map_server/local/lib/python3.10/dist-packages/multi_map_server/msg/_vertical_occupancy_grid_list_s.c
-- Installing: /home/quangsang/ego_ws/install/multi_map_server/local/lib/python3.10/dist-packages/multi_map_server/msg/_multi_occupancy_grid_s.c
-- Installing: /home/quangsang/ego_ws/install/multi_map_server/local/lib/python3.10/dist-packages/multi_map_server/msg/_multi_sparse_map3_d.py
-- Installing: /home/quangsang/ego_ws/install/multi_map_server/local/lib/python3.10/dist-packages/multi_map_server/msg/_sparse_map3_d_s.c
-- Installing: /home/quangsang/ego_ws/install/multi_map_server/local/lib/python3.10/dist-packages/multi_map_server/msg/_multi_occupancy_grid.py
-- Installing: /home/quangsang/ego_ws/install/multi_map_server/local/lib/python3.10/dist-packages/multi_map_server/msg/__init__.py
-- Installing: /home/quangsang/ego_ws/install/multi_map_server/local/lib/python3.10/dist-packages/multi_map_server/msg/_sparse_map3_d.py
-- Installing: /home/quangsang/ego_ws/install/multi_map_server/local/lib/python3.10/dist-packages/multi_map_server/msg/_multi_sparse_map3_d_s.c
-- Installing: /home/quangsang/ego_ws/install/multi_map_server/local/lib/python3.10/dist-packages/multi_map_server/msg/_vertical_occupancy_grid_list.py
-- Installing: /home/quangsang/ego_ws/install/multi_map_server/local/lib/python3.10/dist-packages/multi_map_server/_multi_map_server_s.ep.rosidl_typesupport_c.c
-- Installing: /home/quangsang/ego_ws/install/multi_map_server/local/lib/python3.10/dist-packages/multi_map_server/libmulti_map_server__rosidl_generator_py.so
-- Installing: /home/quangsang/ego_ws/install/multi_map_server/local/lib/python3.10/dist-packages/multi_map_server/_multi_map_server_s.ep.rosidl_typesupport_fastrtps_c.c
-- Installing: /home/quangsang/ego_ws/install/multi_map_server/local/lib/python3.10/dist-packages/multi_map_server/multi_map_server_s__rosidl_typesupport_c.cpython-310-x86_64-linux-gnu.so
-- Installing: /home/quangsang/ego_ws/install/multi_map_server/local/lib/python3.10/dist-packages/multi_map_server/__init__.py
-- Installing: /home/quangsang/ego_ws/install/multi_map_server/local/lib/python3.10/dist-packages/multi_map_server/_multi_map_server_s.ep.rosidl_typesupport_introspection_c.c
-- Installing: /home/quangsang/ego_ws/install/multi_map_server/local/lib/python3.10/dist-packages/multi_map_server/multi_map_server_s__rosidl_typesupport_introspection_c.cpython-310-x86_64-linux-gnu.so
Listing '/home/quangsang/ego_ws/install/multi_map_server/local/lib/python3.10/dist-packages/multi_map_server'...
Compiling '/home/quangsang/ego_ws/install/multi_map_server/local/lib/python3.10/dist-packages/multi_map_server/__init__.py'...
Listing '/home/quangsang/ego_ws/install/multi_map_server/local/lib/python3.10/dist-packages/multi_map_server/msg'...
Compiling '/home/quangsang/ego_ws/install/multi_map_server/local/lib/python3.10/dist-packages/multi_map_server/msg/__init__.py'...
Compiling '/home/quangsang/ego_ws/install/multi_map_server/local/lib/python3.10/dist-packages/multi_map_server/msg/_multi_occupancy_grid.py'...
Compiling '/home/quangsang/ego_ws/install/multi_map_server/local/lib/python3.10/dist-packages/multi_map_server/msg/_multi_sparse_map3_d.py'...
Compiling '/home/quangsang/ego_ws/install/multi_map_server/local/lib/python3.10/dist-packages/multi_map_server/msg/_sparse_map3_d.py'...
Compiling '/home/quangsang/ego_ws/install/multi_map_server/local/lib/python3.10/dist-packages/multi_map_server/msg/_vertical_occupancy_grid_list.py'...
-- Installing: /home/quangsang/ego_ws/install/multi_map_server/local/lib/python3.10/dist-packages/multi_map_server/multi_map_server_s__rosidl_typesupport_fastrtps_c.cpython-310-x86_64-linux-gnu.so
-- Set runtime path of "/home/quangsang/ego_ws/install/multi_map_server/local/lib/python3.10/dist-packages/multi_map_server/multi_map_server_s__rosidl_typesupport_fastrtps_c.cpython-310-x86_64-linux-gnu.so" to ""
-- Installing: /home/quangsang/ego_ws/install/multi_map_server/local/lib/python3.10/dist-packages/multi_map_server/multi_map_server_s__rosidl_typesupport_introspection_c.cpython-310-x86_64-linux-gnu.so
-- Set runtime path of "/home/quangsang/ego_ws/install/multi_map_server/local/lib/python3.10/dist-packages/multi_map_server/multi_map_server_s__rosidl_typesupport_introspection_c.cpython-310-x86_64-linux-gnu.so" to ""
-- Installing: /home/quangsang/ego_ws/install/multi_map_server/local/lib/python3.10/dist-packages/multi_map_server/multi_map_server_s__rosidl_typesupport_c.cpython-310-x86_64-linux-gnu.so
-- Set runtime path of "/home/quangsang/ego_ws/install/multi_map_server/local/lib/python3.10/dist-packages/multi_map_server/multi_map_server_s__rosidl_typesupport_c.cpython-310-x86_64-linux-gnu.so" to ""
-- Installing: /home/quangsang/ego_ws/install/multi_map_server/lib/libmulti_map_server__rosidl_generator_py.so
-- Set runtime path of "/home/quangsang/ego_ws/install/multi_map_server/lib/libmulti_map_server__rosidl_generator_py.so" to ""
-- Installing: /home/quangsang/ego_ws/install/multi_map_server/share/multi_map_server/msg/MultiOccupancyGrid.idl
-- Installing: /home/quangsang/ego_ws/install/multi_map_server/share/multi_map_server/msg/MultiSparseMap3D.idl
-- Installing: /home/quangsang/ego_ws/install/multi_map_server/share/multi_map_server/msg/SparseMap3D.idl
-- Installing: /home/quangsang/ego_ws/install/multi_map_server/share/multi_map_server/msg/VerticalOccupancyGridList.idl
-- Installing: /home/quangsang/ego_ws/install/multi_map_server/share/multi_map_server/msg/MultiOccupancyGrid.msg
-- Installing: /home/quangsang/ego_ws/install/multi_map_server/share/multi_map_server/msg/MultiSparseMap3D.msg
-- Installing: /home/quangsang/ego_ws/install/multi_map_server/share/multi_map_server/msg/SparseMap3D.msg
-- Installing: /home/quangsang/ego_ws/install/multi_map_server/share/multi_map_server/msg/VerticalOccupancyGridList.msg
-- Installing: /home/quangsang/ego_ws/install/multi_map_server/lib/multi_map_server/multi_map_visualization
-- Set runtime path of "/home/quangsang/ego_ws/install/multi_map_server/lib/multi_map_server/multi_map_visualization" to ""
-- Installing: /home/quangsang/ego_ws/install/multi_map_server/share/ament_index/resource_index/package_run_dependencies/multi_map_server
-- Installing: /home/quangsang/ego_ws/install/multi_map_server/share/ament_index/resource_index/parent_prefix_path/multi_map_server
-- Installing: /home/quangsang/ego_ws/install/multi_map_server/share/multi_map_server/environment/ament_prefix_path.sh
-- Installing: /home/quangsang/ego_ws/install/multi_map_server/share/multi_map_server/environment/ament_prefix_path.dsv
-- Installing: /home/quangsang/ego_ws/install/multi_map_server/share/multi_map_server/environment/path.sh
-- Installing: /home/quangsang/ego_ws/install/multi_map_server/share/multi_map_server/environment/path.dsv
-- Installing: /home/quangsang/ego_ws/install/multi_map_server/share/multi_map_server/local_setup.bash
-- Installing: /home/quangsang/ego_ws/install/multi_map_server/share/multi_map_server/local_setup.sh
-- Installing: /home/quangsang/ego_ws/install/multi_map_server/share/multi_map_server/local_setup.zsh
-- Installing: /home/quangsang/ego_ws/install/multi_map_server/share/multi_map_server/local_setup.dsv
-- Installing: /home/quangsang/ego_ws/install/multi_map_server/share/multi_map_server/package.dsv
-- Installing: /home/quangsang/ego_ws/install/multi_map_server/share/ament_index/resource_index/packages/multi_map_server
-- Installing: /home/quangsang/ego_ws/install/multi_map_server/share/multi_map_server/cmake/export_multi_map_server__rosidl_generator_cExport.cmake
-- Installing: /home/quangsang/ego_ws/install/multi_map_server/share/multi_map_server/cmake/export_multi_map_server__rosidl_generator_cExport-release.cmake
-- Installing: /home/quangsang/ego_ws/install/multi_map_server/share/multi_map_server/cmake/export_multi_map_server__rosidl_typesupport_fastrtps_cExport.cmake
-- Installing: /home/quangsang/ego_ws/install/multi_map_server/share/multi_map_server/cmake/export_multi_map_server__rosidl_typesupport_fastrtps_cExport-release.cmake
-- Installing: /home/quangsang/ego_ws/install/multi_map_server/share/multi_map_server/cmake/export_multi_map_server__rosidl_generator_cppExport.cmake
-- Installing: /home/quangsang/ego_ws/install/multi_map_server/share/multi_map_server/cmake/export_multi_map_server__rosidl_typesupport_fastrtps_cppExport.cmake
-- Installing: /home/quangsang/ego_ws/install/multi_map_server/share/multi_map_server/cmake/export_multi_map_server__rosidl_typesupport_fastrtps_cppExport-release.cmake
-- Installing: /home/quangsang/ego_ws/install/multi_map_server/share/multi_map_server/cmake/multi_map_server__rosidl_typesupport_introspection_cExport.cmake
-- Installing: /home/quangsang/ego_ws/install/multi_map_server/share/multi_map_server/cmake/multi_map_server__rosidl_typesupport_introspection_cExport-release.cmake
-- Installing: /home/quangsang/ego_ws/install/multi_map_server/share/multi_map_server/cmake/multi_map_server__rosidl_typesupport_cExport.cmake
-- Installing: /home/quangsang/ego_ws/install/multi_map_server/share/multi_map_server/cmake/multi_map_server__rosidl_typesupport_cExport-release.cmake
-- Installing: /home/quangsang/ego_ws/install/multi_map_server/share/multi_map_server/cmake/multi_map_server__rosidl_typesupport_introspection_cppExport.cmake
-- Installing: /home/quangsang/ego_ws/install/multi_map_server/share/multi_map_server/cmake/multi_map_server__rosidl_typesupport_introspection_cppExport-release.cmake
-- Installing: /home/quangsang/ego_ws/install/multi_map_server/share/multi_map_server/cmake/multi_map_server__rosidl_typesupport_cppExport.cmake
-- Installing: /home/quangsang/ego_ws/install/multi_map_server/share/multi_map_server/cmake/multi_map_server__rosidl_typesupport_cppExport-release.cmake
-- Installing: /home/quangsang/ego_ws/install/multi_map_server/share/multi_map_server/cmake/export_multi_map_server__rosidl_generator_pyExport.cmake
-- Installing: /home/quangsang/ego_ws/install/multi_map_server/share/multi_map_server/cmake/export_multi_map_server__rosidl_generator_pyExport-release.cmake
-- Installing: /home/quangsang/ego_ws/install/multi_map_server/share/multi_map_server/cmake/rosidl_cmake-extras.cmake
-- Installing: /home/quangsang/ego_ws/install/multi_map_server/share/multi_map_server/cmake/ament_cmake_export_dependencies-extras.cmake
-- Installing: /home/quangsang/ego_ws/install/multi_map_server/share/multi_map_server/cmake/ament_cmake_export_include_directories-extras.cmake
-- Installing: /home/quangsang/ego_ws/install/multi_map_server/share/multi_map_server/cmake/ament_cmake_export_libraries-extras.cmake
-- Installing: /home/quangsang/ego_ws/install/multi_map_server/share/multi_map_server/cmake/ament_cmake_export_targets-extras.cmake
-- Installing: /home/quangsang/ego_ws/install/multi_map_server/share/multi_map_server/cmake/rosidl_cmake_export_typesupport_targets-extras.cmake
-- Installing: /home/quangsang/ego_ws/install/multi_map_server/share/multi_map_server/cmake/rosidl_cmake_export_typesupport_libraries-extras.cmake
-- Installing: /home/quangsang/ego_ws/install/multi_map_server/share/multi_map_server/cmake/multi_map_serverConfig.cmake
-- Installing: /home/quangsang/ego_ws/install/multi_map_server/share/multi_map_server/cmake/multi_map_serverConfig-version.cmake
-- Installing: /home/quangsang/ego_ws/install/multi_map_server/share/multi_map_server/package.xml
