[0.022s] Invoking command in '/home/quangsang/ego_ws/build/traj_utils': CMAKE_PREFIX_PATH=${CMAKE_PREFIX_PATH}:/home/quangsang/ros2_ws/install/gz_openvins_bridge:/home/quangsang/ros2_ws/install/obstacle_publisher:/opt/ros/humble /usr/bin/cmake --build /home/quangsang/ego_ws/build/traj_utils -- -j20 -l20
[0.070s] [  2%] Built target traj_utils__cpp
[0.072s] [ 12%] Built target traj_utils__rosidl_generator_c
[0.081s] [ 18%] Built target traj_utils_lib
[0.081s] [ 18%] Built target ament_cmake_python_copy_traj_utils
[0.093s] [ 28%] Built target traj_utils__rosidl_typesupport_cpp
[0.094s] [ 38%] Built target traj_utils__rosidl_typesupport_introspection_cpp
[0.103s] [ 48%] Built target traj_utils__rosidl_typesupport_c
[0.104s] [ 58%] Built target traj_utils__rosidl_typesupport_fastrtps_c
[0.105s] [ 68%] Built target traj_utils__rosidl_typesupport_fastrtps_cpp
[0.105s] [ 78%] Built target traj_utils__rosidl_typesupport_introspection_c
[0.122s] [ 78%] Built target traj_utils
[0.136s] [ 80%] Built target traj_utils__py
[0.149s] [ 88%] Built target traj_utils__rosidl_generator_py
[0.165s] [ 92%] Built target traj_utils__rosidl_typesupport_c__pyext
[0.167s] [ 96%] Built target traj_utils__rosidl_typesupport_fastrtps_c__pyext
[0.167s] [100%] Built target traj_utils__rosidl_typesupport_introspection_c__pyext
[0.281s] running egg_info
[0.282s] writing traj_utils.egg-info/PKG-INFO
[0.282s] writing dependency_links to traj_utils.egg-info/dependency_links.txt
[0.282s] writing top-level names to traj_utils.egg-info/top_level.txt
[0.284s] reading manifest file 'traj_utils.egg-info/SOURCES.txt'
[0.284s] writing manifest file 'traj_utils.egg-info/SOURCES.txt'
[0.305s] [100%] Built target ament_cmake_python_build_traj_utils_egg
[0.318s] Invoked command in '/home/quangsang/ego_ws/build/traj_utils' returned '0': CMAKE_PREFIX_PATH=${CMAKE_PREFIX_PATH}:/home/quangsang/ros2_ws/install/gz_openvins_bridge:/home/quangsang/ros2_ws/install/obstacle_publisher:/opt/ros/humble /usr/bin/cmake --build /home/quangsang/ego_ws/build/traj_utils -- -j20 -l20
[0.318s] Invoking command in '/home/quangsang/ego_ws/build/traj_utils': CMAKE_PREFIX_PATH=${CMAKE_PREFIX_PATH}:/home/quangsang/ros2_ws/install/gz_openvins_bridge:/home/quangsang/ros2_ws/install/obstacle_publisher:/opt/ros/humble /usr/bin/cmake --install /home/quangsang/ego_ws/build/traj_utils
[0.330s] -- Install configuration: "Release"
[0.330s] -- Up-to-date: /home/quangsang/ego_ws/install/traj_utils/share/ament_index/resource_index/rosidl_interfaces/traj_utils
[0.330s] -- Up-to-date: /home/quangsang/ego_ws/install/traj_utils/include/traj_utils/traj_utils
[0.330s] -- Up-to-date: /home/quangsang/ego_ws/install/traj_utils/include/traj_utils/traj_utils/msg
[0.330s] -- Up-to-date: /home/quangsang/ego_ws/install/traj_utils/include/traj_utils/traj_utils/msg/rosidl_generator_c__visibility_control.h
[0.330s] -- Up-to-date: /home/quangsang/ego_ws/install/traj_utils/include/traj_utils/traj_utils/msg/data_disp.h
[0.330s] -- Up-to-date: /home/quangsang/ego_ws/install/traj_utils/include/traj_utils/traj_utils/msg/detail
[0.330s] -- Up-to-date: /home/quangsang/ego_ws/install/traj_utils/include/traj_utils/traj_utils/msg/detail/multi_bsplines__functions.c
[0.330s] -- Up-to-date: /home/quangsang/ego_ws/install/traj_utils/include/traj_utils/traj_utils/msg/detail/bspline__functions.c
[0.331s] -- Up-to-date: /home/quangsang/ego_ws/install/traj_utils/include/traj_utils/traj_utils/msg/detail/multi_bsplines__struct.h
[0.331s] -- Up-to-date: /home/quangsang/ego_ws/install/traj_utils/include/traj_utils/traj_utils/msg/detail/data_disp__functions.h
[0.331s] -- Up-to-date: /home/quangsang/ego_ws/install/traj_utils/include/traj_utils/traj_utils/msg/detail/bspline__type_support.h
[0.331s] -- Up-to-date: /home/quangsang/ego_ws/install/traj_utils/include/traj_utils/traj_utils/msg/detail/data_disp__type_support.h
[0.331s] -- Up-to-date: /home/quangsang/ego_ws/install/traj_utils/include/traj_utils/traj_utils/msg/detail/multi_bsplines__type_support.h
[0.331s] -- Up-to-date: /home/quangsang/ego_ws/install/traj_utils/include/traj_utils/traj_utils/msg/detail/bspline__struct.h
[0.331s] -- Up-to-date: /home/quangsang/ego_ws/install/traj_utils/include/traj_utils/traj_utils/msg/detail/data_disp__functions.c
[0.331s] -- Up-to-date: /home/quangsang/ego_ws/install/traj_utils/include/traj_utils/traj_utils/msg/detail/bspline__functions.h
[0.331s] -- Up-to-date: /home/quangsang/ego_ws/install/traj_utils/include/traj_utils/traj_utils/msg/detail/multi_bsplines__functions.h
[0.331s] -- Up-to-date: /home/quangsang/ego_ws/install/traj_utils/include/traj_utils/traj_utils/msg/detail/data_disp__struct.h
[0.331s] -- Up-to-date: /home/quangsang/ego_ws/install/traj_utils/include/traj_utils/traj_utils/msg/multi_bsplines.h
[0.331s] -- Up-to-date: /home/quangsang/ego_ws/install/traj_utils/include/traj_utils/traj_utils/msg/bspline.h
[0.332s] -- Up-to-date: /home/quangsang/ego_ws/install/traj_utils/share/traj_utils/environment/library_path.sh
[0.332s] -- Up-to-date: /home/quangsang/ego_ws/install/traj_utils/share/traj_utils/environment/library_path.dsv
[0.332s] -- Up-to-date: /home/quangsang/ego_ws/install/traj_utils/lib/libtraj_utils__rosidl_generator_c.so
[0.332s] -- Up-to-date: /home/quangsang/ego_ws/install/traj_utils/include/traj_utils/traj_utils
[0.332s] -- Up-to-date: /home/quangsang/ego_ws/install/traj_utils/include/traj_utils/traj_utils/msg
[0.332s] -- Up-to-date: /home/quangsang/ego_ws/install/traj_utils/include/traj_utils/traj_utils/msg/rosidl_typesupport_fastrtps_c__visibility_control.h
[0.333s] -- Up-to-date: /home/quangsang/ego_ws/install/traj_utils/include/traj_utils/traj_utils/msg/detail
[0.333s] -- Up-to-date: /home/quangsang/ego_ws/install/traj_utils/include/traj_utils/traj_utils/msg/detail/multi_bsplines__rosidl_typesupport_fastrtps_c.h
[0.333s] -- Up-to-date: /home/quangsang/ego_ws/install/traj_utils/include/traj_utils/traj_utils/msg/detail/bspline__rosidl_typesupport_fastrtps_c.h
[0.333s] -- Up-to-date: /home/quangsang/ego_ws/install/traj_utils/include/traj_utils/traj_utils/msg/detail/data_disp__rosidl_typesupport_fastrtps_c.h
[0.333s] -- Up-to-date: /home/quangsang/ego_ws/install/traj_utils/lib/libtraj_utils__rosidl_typesupport_fastrtps_c.so
[0.334s] -- Up-to-date: /home/quangsang/ego_ws/install/traj_utils/include/traj_utils/traj_utils
[0.334s] -- Up-to-date: /home/quangsang/ego_ws/install/traj_utils/include/traj_utils/traj_utils/msg
[0.334s] -- Up-to-date: /home/quangsang/ego_ws/install/traj_utils/include/traj_utils/traj_utils/msg/data_disp.hpp
[0.334s] -- Up-to-date: /home/quangsang/ego_ws/install/traj_utils/include/traj_utils/traj_utils/msg/bspline.hpp
[0.334s] -- Up-to-date: /home/quangsang/ego_ws/install/traj_utils/include/traj_utils/traj_utils/msg/detail
[0.334s] -- Up-to-date: /home/quangsang/ego_ws/install/traj_utils/include/traj_utils/traj_utils/msg/detail/bspline__type_support.hpp
[0.334s] -- Up-to-date: /home/quangsang/ego_ws/install/traj_utils/include/traj_utils/traj_utils/msg/detail/bspline__builder.hpp
[0.334s] -- Up-to-date: /home/quangsang/ego_ws/install/traj_utils/include/traj_utils/traj_utils/msg/detail/bspline__traits.hpp
[0.334s] -- Up-to-date: /home/quangsang/ego_ws/install/traj_utils/include/traj_utils/traj_utils/msg/detail/multi_bsplines__type_support.hpp
[0.334s] -- Up-to-date: /home/quangsang/ego_ws/install/traj_utils/include/traj_utils/traj_utils/msg/detail/multi_bsplines__builder.hpp
[0.334s] -- Up-to-date: /home/quangsang/ego_ws/install/traj_utils/include/traj_utils/traj_utils/msg/detail/data_disp__builder.hpp
[0.334s] -- Up-to-date: /home/quangsang/ego_ws/install/traj_utils/include/traj_utils/traj_utils/msg/detail/multi_bsplines__struct.hpp
[0.335s] -- Up-to-date: /home/quangsang/ego_ws/install/traj_utils/include/traj_utils/traj_utils/msg/detail/data_disp__struct.hpp
[0.335s] -- Up-to-date: /home/quangsang/ego_ws/install/traj_utils/include/traj_utils/traj_utils/msg/detail/bspline__struct.hpp
[0.335s] -- Up-to-date: /home/quangsang/ego_ws/install/traj_utils/include/traj_utils/traj_utils/msg/detail/data_disp__traits.hpp
[0.335s] -- Up-to-date: /home/quangsang/ego_ws/install/traj_utils/include/traj_utils/traj_utils/msg/detail/data_disp__type_support.hpp
[0.335s] -- Up-to-date: /home/quangsang/ego_ws/install/traj_utils/include/traj_utils/traj_utils/msg/detail/multi_bsplines__traits.hpp
[0.335s] -- Up-to-date: /home/quangsang/ego_ws/install/traj_utils/include/traj_utils/traj_utils/msg/rosidl_generator_cpp__visibility_control.hpp
[0.335s] -- Up-to-date: /home/quangsang/ego_ws/install/traj_utils/include/traj_utils/traj_utils/msg/multi_bsplines.hpp
[0.335s] -- Up-to-date: /home/quangsang/ego_ws/install/traj_utils/include/traj_utils/traj_utils
[0.335s] -- Up-to-date: /home/quangsang/ego_ws/install/traj_utils/include/traj_utils/traj_utils/msg
[0.335s] -- Up-to-date: /home/quangsang/ego_ws/install/traj_utils/include/traj_utils/traj_utils/msg/detail
[0.335s] -- Up-to-date: /home/quangsang/ego_ws/install/traj_utils/include/traj_utils/traj_utils/msg/detail/data_disp__rosidl_typesupport_fastrtps_cpp.hpp
[0.335s] -- Up-to-date: /home/quangsang/ego_ws/install/traj_utils/include/traj_utils/traj_utils/msg/detail/bspline__rosidl_typesupport_fastrtps_cpp.hpp
[0.335s] -- Up-to-date: /home/quangsang/ego_ws/install/traj_utils/include/traj_utils/traj_utils/msg/detail/dds_fastrtps
[0.335s] -- Up-to-date: /home/quangsang/ego_ws/install/traj_utils/include/traj_utils/traj_utils/msg/detail/multi_bsplines__rosidl_typesupport_fastrtps_cpp.hpp
[0.335s] -- Up-to-date: /home/quangsang/ego_ws/install/traj_utils/include/traj_utils/traj_utils/msg/rosidl_typesupport_fastrtps_cpp__visibility_control.h
[0.335s] -- Up-to-date: /home/quangsang/ego_ws/install/traj_utils/lib/libtraj_utils__rosidl_typesupport_fastrtps_cpp.so
[0.335s] -- Up-to-date: /home/quangsang/ego_ws/install/traj_utils/include/traj_utils/traj_utils
[0.335s] -- Up-to-date: /home/quangsang/ego_ws/install/traj_utils/include/traj_utils/traj_utils/msg
[0.335s] -- Up-to-date: /home/quangsang/ego_ws/install/traj_utils/include/traj_utils/traj_utils/msg/detail
[0.335s] -- Up-to-date: /home/quangsang/ego_ws/install/traj_utils/include/traj_utils/traj_utils/msg/detail/bspline__type_support.c
[0.335s] -- Up-to-date: /home/quangsang/ego_ws/install/traj_utils/include/traj_utils/traj_utils/msg/detail/multi_bsplines__rosidl_typesupport_introspection_c.h
[0.336s] -- Up-to-date: /home/quangsang/ego_ws/install/traj_utils/include/traj_utils/traj_utils/msg/detail/data_disp__rosidl_typesupport_introspection_c.h
[0.336s] -- Up-to-date: /home/quangsang/ego_ws/install/traj_utils/include/traj_utils/traj_utils/msg/detail/data_disp__type_support.c
[0.336s] -- Up-to-date: /home/quangsang/ego_ws/install/traj_utils/include/traj_utils/traj_utils/msg/detail/multi_bsplines__type_support.c
[0.336s] -- Up-to-date: /home/quangsang/ego_ws/install/traj_utils/include/traj_utils/traj_utils/msg/detail/bspline__rosidl_typesupport_introspection_c.h
[0.336s] -- Up-to-date: /home/quangsang/ego_ws/install/traj_utils/include/traj_utils/traj_utils/msg/rosidl_typesupport_introspection_c__visibility_control.h
[0.336s] -- Up-to-date: /home/quangsang/ego_ws/install/traj_utils/lib/libtraj_utils__rosidl_typesupport_introspection_c.so
[0.336s] -- Up-to-date: /home/quangsang/ego_ws/install/traj_utils/lib/libtraj_utils__rosidl_typesupport_c.so
[0.336s] -- Up-to-date: /home/quangsang/ego_ws/install/traj_utils/include/traj_utils/traj_utils
[0.336s] -- Up-to-date: /home/quangsang/ego_ws/install/traj_utils/include/traj_utils/traj_utils/msg
[0.336s] -- Up-to-date: /home/quangsang/ego_ws/install/traj_utils/include/traj_utils/traj_utils/msg/detail
[0.336s] -- Up-to-date: /home/quangsang/ego_ws/install/traj_utils/include/traj_utils/traj_utils/msg/detail/bspline__type_support.cpp
[0.336s] -- Up-to-date: /home/quangsang/ego_ws/install/traj_utils/include/traj_utils/traj_utils/msg/detail/data_disp__type_support.cpp
[0.336s] -- Up-to-date: /home/quangsang/ego_ws/install/traj_utils/include/traj_utils/traj_utils/msg/detail/data_disp__rosidl_typesupport_introspection_cpp.hpp
[0.336s] -- Up-to-date: /home/quangsang/ego_ws/install/traj_utils/include/traj_utils/traj_utils/msg/detail/bspline__rosidl_typesupport_introspection_cpp.hpp
[0.336s] -- Up-to-date: /home/quangsang/ego_ws/install/traj_utils/include/traj_utils/traj_utils/msg/detail/multi_bsplines__type_support.cpp
[0.336s] -- Up-to-date: /home/quangsang/ego_ws/install/traj_utils/include/traj_utils/traj_utils/msg/detail/multi_bsplines__rosidl_typesupport_introspection_cpp.hpp
[0.336s] -- Up-to-date: /home/quangsang/ego_ws/install/traj_utils/lib/libtraj_utils__rosidl_typesupport_introspection_cpp.so
[0.337s] -- Up-to-date: /home/quangsang/ego_ws/install/traj_utils/lib/libtraj_utils__rosidl_typesupport_cpp.so
[0.337s] -- Up-to-date: /home/quangsang/ego_ws/install/traj_utils/share/traj_utils/environment/pythonpath.sh
[0.337s] -- Up-to-date: /home/quangsang/ego_ws/install/traj_utils/share/traj_utils/environment/pythonpath.dsv
[0.337s] -- Up-to-date: /home/quangsang/ego_ws/install/traj_utils/local/lib/python3.10/dist-packages/traj_utils-0.0.0-py3.10.egg-info
[0.337s] -- Installing: /home/quangsang/ego_ws/install/traj_utils/local/lib/python3.10/dist-packages/traj_utils-0.0.0-py3.10.egg-info/SOURCES.txt
[0.337s] -- Installing: /home/quangsang/ego_ws/install/traj_utils/local/lib/python3.10/dist-packages/traj_utils-0.0.0-py3.10.egg-info/dependency_links.txt
[0.337s] -- Installing: /home/quangsang/ego_ws/install/traj_utils/local/lib/python3.10/dist-packages/traj_utils-0.0.0-py3.10.egg-info/PKG-INFO
[0.338s] -- Installing: /home/quangsang/ego_ws/install/traj_utils/local/lib/python3.10/dist-packages/traj_utils-0.0.0-py3.10.egg-info/top_level.txt
[0.338s] -- Up-to-date: /home/quangsang/ego_ws/install/traj_utils/local/lib/python3.10/dist-packages/traj_utils
[0.338s] -- Up-to-date: /home/quangsang/ego_ws/install/traj_utils/local/lib/python3.10/dist-packages/traj_utils/traj_utils_s__rosidl_typesupport_fastrtps_c.cpython-310-x86_64-linux-gnu.so
[0.338s] -- Up-to-date: /home/quangsang/ego_ws/install/traj_utils/local/lib/python3.10/dist-packages/traj_utils/msg
[0.338s] -- Up-to-date: /home/quangsang/ego_ws/install/traj_utils/local/lib/python3.10/dist-packages/traj_utils/msg/_data_disp.py
[0.338s] -- Up-to-date: /home/quangsang/ego_ws/install/traj_utils/local/lib/python3.10/dist-packages/traj_utils/msg/_bspline.py
[0.338s] -- Up-to-date: /home/quangsang/ego_ws/install/traj_utils/local/lib/python3.10/dist-packages/traj_utils/msg/__init__.py
[0.338s] -- Up-to-date: /home/quangsang/ego_ws/install/traj_utils/local/lib/python3.10/dist-packages/traj_utils/msg/_multi_bsplines_s.c
[0.338s] -- Up-to-date: /home/quangsang/ego_ws/install/traj_utils/local/lib/python3.10/dist-packages/traj_utils/msg/_data_disp_s.c
[0.338s] -- Up-to-date: /home/quangsang/ego_ws/install/traj_utils/local/lib/python3.10/dist-packages/traj_utils/msg/_multi_bsplines.py
[0.338s] -- Up-to-date: /home/quangsang/ego_ws/install/traj_utils/local/lib/python3.10/dist-packages/traj_utils/msg/_bspline_s.c
[0.338s] -- Up-to-date: /home/quangsang/ego_ws/install/traj_utils/local/lib/python3.10/dist-packages/traj_utils/libtraj_utils__rosidl_generator_py.so
[0.338s] -- Up-to-date: /home/quangsang/ego_ws/install/traj_utils/local/lib/python3.10/dist-packages/traj_utils/_traj_utils_s.ep.rosidl_typesupport_introspection_c.c
[0.338s] -- Up-to-date: /home/quangsang/ego_ws/install/traj_utils/local/lib/python3.10/dist-packages/traj_utils/_traj_utils_s.ep.rosidl_typesupport_c.c
[0.338s] -- Up-to-date: /home/quangsang/ego_ws/install/traj_utils/local/lib/python3.10/dist-packages/traj_utils/_traj_utils_s.ep.rosidl_typesupport_fastrtps_c.c
[0.338s] -- Up-to-date: /home/quangsang/ego_ws/install/traj_utils/local/lib/python3.10/dist-packages/traj_utils/__init__.py
[0.338s] -- Up-to-date: /home/quangsang/ego_ws/install/traj_utils/local/lib/python3.10/dist-packages/traj_utils/traj_utils_s__rosidl_typesupport_c.cpython-310-x86_64-linux-gnu.so
[0.338s] -- Up-to-date: /home/quangsang/ego_ws/install/traj_utils/local/lib/python3.10/dist-packages/traj_utils/traj_utils_s__rosidl_typesupport_introspection_c.cpython-310-x86_64-linux-gnu.so
[0.346s] Listing '/home/quangsang/ego_ws/install/traj_utils/local/lib/python3.10/dist-packages/traj_utils'...
[0.346s] Listing '/home/quangsang/ego_ws/install/traj_utils/local/lib/python3.10/dist-packages/traj_utils/msg'...
[0.349s] -- Up-to-date: /home/quangsang/ego_ws/install/traj_utils/local/lib/python3.10/dist-packages/traj_utils/traj_utils_s__rosidl_typesupport_fastrtps_c.cpython-310-x86_64-linux-gnu.so
[0.349s] -- Up-to-date: /home/quangsang/ego_ws/install/traj_utils/local/lib/python3.10/dist-packages/traj_utils/traj_utils_s__rosidl_typesupport_introspection_c.cpython-310-x86_64-linux-gnu.so
[0.349s] -- Up-to-date: /home/quangsang/ego_ws/install/traj_utils/local/lib/python3.10/dist-packages/traj_utils/traj_utils_s__rosidl_typesupport_c.cpython-310-x86_64-linux-gnu.so
[0.349s] -- Up-to-date: /home/quangsang/ego_ws/install/traj_utils/lib/libtraj_utils__rosidl_generator_py.so
[0.349s] -- Up-to-date: /home/quangsang/ego_ws/install/traj_utils/share/traj_utils/msg/Bspline.idl
[0.350s] -- Up-to-date: /home/quangsang/ego_ws/install/traj_utils/share/traj_utils/msg/DataDisp.idl
[0.350s] -- Up-to-date: /home/quangsang/ego_ws/install/traj_utils/share/traj_utils/msg/MultiBsplines.idl
[0.350s] -- Up-to-date: /home/quangsang/ego_ws/install/traj_utils/share/traj_utils/msg/Bspline.msg
[0.351s] -- Up-to-date: /home/quangsang/ego_ws/install/traj_utils/share/traj_utils/msg/DataDisp.msg
[0.351s] -- Up-to-date: /home/quangsang/ego_ws/install/traj_utils/share/traj_utils/msg/MultiBsplines.msg
[0.351s] -- Up-to-date: /home/quangsang/ego_ws/install/traj_utils/lib/libtraj_utils_lib.so
[0.351s] -- Up-to-date: /home/quangsang/ego_ws/install/traj_utils/include/traj_utils/traj_utils
[0.351s] -- Up-to-date: /home/quangsang/ego_ws/install/traj_utils/include/traj_utils/traj_utils/planning_visualization.h
[0.351s] -- Up-to-date: /home/quangsang/ego_ws/install/traj_utils/include/traj_utils/traj_utils/polynomial_traj.h
[0.352s] -- Up-to-date: /home/quangsang/ego_ws/install/traj_utils/include/traj_utils/traj_utils/plan_container.hpp
[0.352s] -- Up-to-date: /home/quangsang/ego_ws/install/traj_utils/share/ament_index/resource_index/package_run_dependencies/traj_utils
[0.352s] -- Up-to-date: /home/quangsang/ego_ws/install/traj_utils/share/ament_index/resource_index/parent_prefix_path/traj_utils
[0.353s] -- Up-to-date: /home/quangsang/ego_ws/install/traj_utils/share/traj_utils/environment/ament_prefix_path.sh
[0.353s] -- Up-to-date: /home/quangsang/ego_ws/install/traj_utils/share/traj_utils/environment/ament_prefix_path.dsv
[0.353s] -- Up-to-date: /home/quangsang/ego_ws/install/traj_utils/share/traj_utils/environment/path.sh
[0.353s] -- Up-to-date: /home/quangsang/ego_ws/install/traj_utils/share/traj_utils/environment/path.dsv
[0.353s] -- Up-to-date: /home/quangsang/ego_ws/install/traj_utils/share/traj_utils/local_setup.bash
[0.354s] -- Up-to-date: /home/quangsang/ego_ws/install/traj_utils/share/traj_utils/local_setup.sh
[0.354s] -- Up-to-date: /home/quangsang/ego_ws/install/traj_utils/share/traj_utils/local_setup.zsh
[0.354s] -- Up-to-date: /home/quangsang/ego_ws/install/traj_utils/share/traj_utils/local_setup.dsv
[0.354s] -- Installing: /home/quangsang/ego_ws/install/traj_utils/share/traj_utils/package.dsv
[0.354s] -- Up-to-date: /home/quangsang/ego_ws/install/traj_utils/share/ament_index/resource_index/packages/traj_utils
[0.354s] -- Up-to-date: /home/quangsang/ego_ws/install/traj_utils/share/traj_utils/cmake/export_traj_utils__rosidl_generator_cExport.cmake
[0.354s] -- Up-to-date: /home/quangsang/ego_ws/install/traj_utils/share/traj_utils/cmake/export_traj_utils__rosidl_generator_cExport-release.cmake
[0.354s] -- Up-to-date: /home/quangsang/ego_ws/install/traj_utils/share/traj_utils/cmake/export_traj_utils__rosidl_typesupport_fastrtps_cExport.cmake
[0.354s] -- Up-to-date: /home/quangsang/ego_ws/install/traj_utils/share/traj_utils/cmake/export_traj_utils__rosidl_typesupport_fastrtps_cExport-release.cmake
[0.355s] -- Up-to-date: /home/quangsang/ego_ws/install/traj_utils/share/traj_utils/cmake/export_traj_utils__rosidl_generator_cppExport.cmake
[0.355s] -- Up-to-date: /home/quangsang/ego_ws/install/traj_utils/share/traj_utils/cmake/export_traj_utils__rosidl_typesupport_fastrtps_cppExport.cmake
[0.355s] -- Up-to-date: /home/quangsang/ego_ws/install/traj_utils/share/traj_utils/cmake/export_traj_utils__rosidl_typesupport_fastrtps_cppExport-release.cmake
[0.355s] -- Up-to-date: /home/quangsang/ego_ws/install/traj_utils/share/traj_utils/cmake/traj_utils__rosidl_typesupport_introspection_cExport.cmake
[0.355s] -- Up-to-date: /home/quangsang/ego_ws/install/traj_utils/share/traj_utils/cmake/traj_utils__rosidl_typesupport_introspection_cExport-release.cmake
[0.355s] -- Up-to-date: /home/quangsang/ego_ws/install/traj_utils/share/traj_utils/cmake/traj_utils__rosidl_typesupport_cExport.cmake
[0.355s] -- Up-to-date: /home/quangsang/ego_ws/install/traj_utils/share/traj_utils/cmake/traj_utils__rosidl_typesupport_cExport-release.cmake
[0.355s] -- Up-to-date: /home/quangsang/ego_ws/install/traj_utils/share/traj_utils/cmake/traj_utils__rosidl_typesupport_introspection_cppExport.cmake
[0.355s] -- Up-to-date: /home/quangsang/ego_ws/install/traj_utils/share/traj_utils/cmake/traj_utils__rosidl_typesupport_introspection_cppExport-release.cmake
[0.355s] -- Up-to-date: /home/quangsang/ego_ws/install/traj_utils/share/traj_utils/cmake/traj_utils__rosidl_typesupport_cppExport.cmake
[0.356s] -- Up-to-date: /home/quangsang/ego_ws/install/traj_utils/share/traj_utils/cmake/traj_utils__rosidl_typesupport_cppExport-release.cmake
[0.356s] -- Up-to-date: /home/quangsang/ego_ws/install/traj_utils/share/traj_utils/cmake/export_traj_utils__rosidl_generator_pyExport.cmake
[0.356s] -- Up-to-date: /home/quangsang/ego_ws/install/traj_utils/share/traj_utils/cmake/export_traj_utils__rosidl_generator_pyExport-release.cmake
[0.356s] -- Up-to-date: /home/quangsang/ego_ws/install/traj_utils/share/traj_utils/cmake/rosidl_cmake-extras.cmake
[0.356s] -- Up-to-date: /home/quangsang/ego_ws/install/traj_utils/share/traj_utils/cmake/ament_cmake_export_dependencies-extras.cmake
[0.356s] -- Up-to-date: /home/quangsang/ego_ws/install/traj_utils/share/traj_utils/cmake/ament_cmake_export_include_directories-extras.cmake
[0.356s] -- Up-to-date: /home/quangsang/ego_ws/install/traj_utils/share/traj_utils/cmake/ament_cmake_export_libraries-extras.cmake
[0.356s] -- Up-to-date: /home/quangsang/ego_ws/install/traj_utils/share/traj_utils/cmake/ament_cmake_export_targets-extras.cmake
[0.356s] -- Up-to-date: /home/quangsang/ego_ws/install/traj_utils/share/traj_utils/cmake/rosidl_cmake_export_typesupport_targets-extras.cmake
[0.356s] -- Up-to-date: /home/quangsang/ego_ws/install/traj_utils/share/traj_utils/cmake/rosidl_cmake_export_typesupport_libraries-extras.cmake
[0.357s] -- Up-to-date: /home/quangsang/ego_ws/install/traj_utils/share/traj_utils/cmake/traj_utilsConfig.cmake
[0.357s] -- Up-to-date: /home/quangsang/ego_ws/install/traj_utils/share/traj_utils/cmake/traj_utilsConfig-version.cmake
[0.357s] -- Up-to-date: /home/quangsang/ego_ws/install/traj_utils/share/traj_utils/package.xml
[0.372s] Invoked command in '/home/quangsang/ego_ws/build/traj_utils' returned '0': CMAKE_PREFIX_PATH=${CMAKE_PREFIX_PATH}:/home/quangsang/ros2_ws/install/gz_openvins_bridge:/home/quangsang/ros2_ws/install/obstacle_publisher:/opt/ros/humble /usr/bin/cmake --install /home/quangsang/ego_ws/build/traj_utils
