[0.007s] Invoking command in '/home/quangsang/ego_ws/build/uav_utils': CMAKE_PREFIX_PATH=/home/quangsang/ego_ws/install/cmake_utils:/home/quangsang/ros2_ws/install/ros_ign_bridge:/home/quangsang/ros2_ws/install/ros_gz_bridge:/home/quangsang/ros2_ws/install/ros_gz_interfaces:/home/quangsang/ros2_ws/install/rmw_cyclonedds_cpp:/home/quangsang/ros2_ws/install/px4_msgs:/home/quangsang/ros2_ws/install/gz_ros_bridge:/home/quangsang/ros2_ws/install/depthimage_to_pointcloud2:/home/quangsang/ros2_ws/install/cyclonedds:/home/quangsang/ego_ws/install/waypoint_generator:/home/quangsang/ego_ws/install/so3_quadrotor_simulator:/home/quangsang/ego_ws/install/uav_utils:/home/quangsang/ego_ws/install/rosmsg_tcp_bridge:/home/quangsang/ego_ws/install/offboard_control:/home/quangsang/ego_ws/install/ego_planner:/home/quangsang/ego_ws/install/bspline_opt:/home/quangsang/ego_ws/install/traj_utils:/home/quangsang/ego_ws/install/so3_control:/home/quangsang/ego_ws/install/poscmd_2_odom:/home/quangsang/ego_ws/install/odom_visualization:/home/quangsang/ego_ws/install/multi_map_server:/home/quangsang/ego_ws/install/local_sensing:/home/quangsang/ego_ws/install/quadrotor_msgs:/home/quangsang/ego_ws/install/px4_msgs:/home/quangsang/ego_ws/install/pose_utils:/home/quangsang/ego_ws/install/path_searching:/home/quangsang/ego_ws/install/plan_env:/home/quangsang/ego_ws/install/perception_pcl:/home/quangsang/ego_ws/install/mockamap:/home/quangsang/ego_ws/install/pcl_ros:/home/quangsang/ego_ws/install/map_generator:/home/quangsang/ego_ws/install/pcl_conversions:/home/quangsang/ego_ws/install/pcl_msgs:/home/quangsang/ego_ws/install/drone_detect:/home/quangsang/ros2_ws/install/gz_openvins_bridge:/home/quangsang/ros2_ws/install/obstacle_publisher:/opt/ros/humble /usr/bin/cmake /home/quangsang/ego_ws/src/ego-planner-swarm/src/uav_simulator/Utils/uav_utils -DCMAKE_INSTALL_PREFIX=/home/quangsang/ego_ws/install/uav_utils
[0.049s] -- The C compiler identification is GNU 9.5.0
[0.087s] -- The CXX compiler identification is GNU 9.5.0
[0.093s] -- Detecting C compiler ABI info
[0.150s] -- Detecting C compiler ABI info - done
[0.155s] -- Check for working C compiler: /usr/bin/cc - skipped
[0.155s] -- Detecting C compile features
[0.156s] -- Detecting C compile features - done
[0.158s] -- Detecting CXX compiler ABI info
[0.217s] -- Detecting CXX compiler ABI info - done
[0.225s] -- Check for working CXX compiler: /usr/bin/c++ - skipped
[0.225s] -- Detecting CXX compile features
[0.225s] -- Detecting CXX compile features - done
[0.228s] -- Found ament_cmake: 1.3.12 (/opt/ros/humble/share/ament_cmake/cmake)
[0.351s] -- Found Python3: /usr/bin/python3 (found version "3.10.12") found components: Interpreter 
[0.419s] -- Found rclcpp: 16.0.14 (/opt/ros/humble/share/rclcpp/cmake)
[0.452s] -- Found rosidl_generator_c: 3.1.7 (/opt/ros/humble/share/rosidl_generator_c/cmake)
[0.455s] -- Found rosidl_adapter: 3.1.7 (/opt/ros/humble/share/rosidl_adapter/cmake)
[0.461s] -- Found rosidl_generator_cpp: 3.1.7 (/opt/ros/humble/share/rosidl_generator_cpp/cmake)
[0.472s] -- Using all available rosidl_typesupport_c: rosidl_typesupport_fastrtps_c;rosidl_typesupport_introspection_c
[0.488s] -- Using all available rosidl_typesupport_cpp: rosidl_typesupport_fastrtps_cpp;rosidl_typesupport_introspection_cpp
[0.520s] -- Found rmw_implementation_cmake: 6.1.2 (/opt/ros/humble/share/rmw_implementation_cmake/cmake)
[0.522s] -- Found rmw_cyclonedds_cpp: 1.3.4 (/home/quangsang/ros2_ws/install/rmw_cyclonedds_cpp/share/rmw_cyclonedds_cpp/cmake)
[0.538s] -- Using RMW implementation 'rmw_cyclonedds_cpp' as default
[0.544s] -- Looking for pthread.h
[0.603s] -- Looking for pthread.h - found
[0.603s] -- Performing Test CMAKE_HAVE_LIBC_PTHREAD
[0.658s] -- Performing Test CMAKE_HAVE_LIBC_PTHREAD - Success
[0.659s] -- Found Threads: TRUE  
[0.718s] -- Found rclpy: 3.3.17 (/opt/ros/humble/share/rclpy/cmake)
[0.720s] -- Found nav_msgs: 4.9.0 (/opt/ros/humble/share/nav_msgs/cmake)
[0.753s] -- Found cmake_utils: 0.0.0 (/home/quangsang/ego_ws/install/cmake_utils/share/cmake_utils/cmake)
[0.755s] -- Found ament_cmake_gtest: 1.3.12 (/opt/ros/humble/share/ament_cmake_gtest/cmake)
[0.766s] -- Found ament_lint_auto: 0.12.14 (/opt/ros/humble/share/ament_lint_auto/cmake)
[0.862s] -- Found gtest sources under '/opt/ros/humble/src/gtest_vendor': C++ tests using 'Google Test' will be built
[0.873s] -- Added test 'cppcheck' to perform static code analysis on C / C++ code
[0.874s] -- Configured cppcheck include dirs: /home/quangsang/ego_ws/src/ego-planner-swarm/src/uav_simulator/Utils/uav_utils/include
[0.874s] -- Configured cppcheck exclude dirs and/or files: 
[0.874s] -- Added test 'flake8' to check Python code syntax and style conventions
[0.875s] -- Added test 'lint_cmake' to check CMake code style
[0.876s] -- Added test 'pep257' to check Python code against some of the docstring style conventions in PEP 257
[0.878s] -- Added test 'uncrustify' to check C / C++ code style
[0.878s] -- Configured uncrustify additional arguments: 
[0.878s] -- Added test 'xmllint' to check XML markup files
[0.881s] -- Configuring done
[0.893s] -- Generating done
[0.898s] -- Build files have been written to: /home/quangsang/ego_ws/build/uav_utils
[0.908s] Invoked command in '/home/quangsang/ego_ws/build/uav_utils' returned '0': CMAKE_PREFIX_PATH=/home/quangsang/ego_ws/install/cmake_utils:/home/quangsang/ros2_ws/install/ros_ign_bridge:/home/quangsang/ros2_ws/install/ros_gz_bridge:/home/quangsang/ros2_ws/install/ros_gz_interfaces:/home/quangsang/ros2_ws/install/rmw_cyclonedds_cpp:/home/quangsang/ros2_ws/install/px4_msgs:/home/quangsang/ros2_ws/install/gz_ros_bridge:/home/quangsang/ros2_ws/install/depthimage_to_pointcloud2:/home/quangsang/ros2_ws/install/cyclonedds:/home/quangsang/ego_ws/install/waypoint_generator:/home/quangsang/ego_ws/install/so3_quadrotor_simulator:/home/quangsang/ego_ws/install/uav_utils:/home/quangsang/ego_ws/install/rosmsg_tcp_bridge:/home/quangsang/ego_ws/install/offboard_control:/home/quangsang/ego_ws/install/ego_planner:/home/quangsang/ego_ws/install/bspline_opt:/home/quangsang/ego_ws/install/traj_utils:/home/quangsang/ego_ws/install/so3_control:/home/quangsang/ego_ws/install/poscmd_2_odom:/home/quangsang/ego_ws/install/odom_visualization:/home/quangsang/ego_ws/install/multi_map_server:/home/quangsang/ego_ws/install/local_sensing:/home/quangsang/ego_ws/install/quadrotor_msgs:/home/quangsang/ego_ws/install/px4_msgs:/home/quangsang/ego_ws/install/pose_utils:/home/quangsang/ego_ws/install/path_searching:/home/quangsang/ego_ws/install/plan_env:/home/quangsang/ego_ws/install/perception_pcl:/home/quangsang/ego_ws/install/mockamap:/home/quangsang/ego_ws/install/pcl_ros:/home/quangsang/ego_ws/install/map_generator:/home/quangsang/ego_ws/install/pcl_conversions:/home/quangsang/ego_ws/install/pcl_msgs:/home/quangsang/ego_ws/install/drone_detect:/home/quangsang/ros2_ws/install/gz_openvins_bridge:/home/quangsang/ros2_ws/install/obstacle_publisher:/opt/ros/humble /usr/bin/cmake /home/quangsang/ego_ws/src/ego-planner-swarm/src/uav_simulator/Utils/uav_utils -DCMAKE_INSTALL_PREFIX=/home/quangsang/ego_ws/install/uav_utils
[0.910s] Invoking command in '/home/quangsang/ego_ws/build/uav_utils': CMAKE_PREFIX_PATH=/home/quangsang/ego_ws/install/cmake_utils:/home/quangsang/ros2_ws/install/ros_ign_bridge:/home/quangsang/ros2_ws/install/ros_gz_bridge:/home/quangsang/ros2_ws/install/ros_gz_interfaces:/home/quangsang/ros2_ws/install/rmw_cyclonedds_cpp:/home/quangsang/ros2_ws/install/px4_msgs:/home/quangsang/ros2_ws/install/gz_ros_bridge:/home/quangsang/ros2_ws/install/depthimage_to_pointcloud2:/home/quangsang/ros2_ws/install/cyclonedds:/home/quangsang/ego_ws/install/waypoint_generator:/home/quangsang/ego_ws/install/so3_quadrotor_simulator:/home/quangsang/ego_ws/install/uav_utils:/home/quangsang/ego_ws/install/rosmsg_tcp_bridge:/home/quangsang/ego_ws/install/offboard_control:/home/quangsang/ego_ws/install/ego_planner:/home/quangsang/ego_ws/install/bspline_opt:/home/quangsang/ego_ws/install/traj_utils:/home/quangsang/ego_ws/install/so3_control:/home/quangsang/ego_ws/install/poscmd_2_odom:/home/quangsang/ego_ws/install/odom_visualization:/home/quangsang/ego_ws/install/multi_map_server:/home/quangsang/ego_ws/install/local_sensing:/home/quangsang/ego_ws/install/quadrotor_msgs:/home/quangsang/ego_ws/install/px4_msgs:/home/quangsang/ego_ws/install/pose_utils:/home/quangsang/ego_ws/install/path_searching:/home/quangsang/ego_ws/install/plan_env:/home/quangsang/ego_ws/install/perception_pcl:/home/quangsang/ego_ws/install/mockamap:/home/quangsang/ego_ws/install/pcl_ros:/home/quangsang/ego_ws/install/map_generator:/home/quangsang/ego_ws/install/pcl_conversions:/home/quangsang/ego_ws/install/pcl_msgs:/home/quangsang/ego_ws/install/drone_detect:/home/quangsang/ros2_ws/install/gz_openvins_bridge:/home/quangsang/ros2_ws/install/obstacle_publisher:/opt/ros/humble /usr/bin/cmake --build /home/quangsang/ego_ws/build/uav_utils -- -j20 -l20
[0.945s] [ 16%] [32mBuilding CXX object gtest/CMakeFiles/gtest_main.dir/src/gtest_main.cc.o[0m
[0.956s] [ 33%] [32mBuilding CXX object gtest/CMakeFiles/gtest.dir/src/gtest-all.cc.o[0m
[2.023s] [ 50%] [32m[1mLinking CXX static library libgtest_main.a[0m
[2.076s] [ 50%] Built target gtest_main
[13.346s] [ 66%] [32m[1mLinking CXX static library libgtest.a[0m
[13.432s] [ 66%] Built target gtest
[13.453s] [ 83%] [32mBuilding CXX object CMakeFiles/uav_utils_test.dir/src/uav_utils_test.cpp.o[0m
[16.559s] In file included from [01m[K/home/quangsang/ego_ws/src/ego-planner-swarm/src/uav_simulator/Utils/uav_utils/include/uav_utils/utils.h:6[m[K,
[16.559s]                  from [01m[K/home/quangsang/ego_ws/src/ego-planner-swarm/src/uav_simulator/Utils/uav_utils/src/uav_utils_test.cpp:2[m[K:
[16.559s] [01m[K/home/quangsang/ego_ws/src/ego-planner-swarm/src/uav_simulator/Utils/uav_utils/include/uav_utils/converters.h:16:66:[m[K [01;35m[Kwarning: [m[K‘[01m[Knav_msgs::msg::Odometry_<std::allocator<void> >::ConstPtr[m[K’ is deprecated [[01;35m[K-Wdeprecated-declarations[m[K]
[16.559s]    16 | ctor3d& v, Eigen::Quaterniond& q[01;35m[K)[m[K
[16.559s]       |                                 [01;35m[K^[m[K
[16.559s] 
[16.559s] In file included from [01m[K/opt/ros/humble/include/nav_msgs/nav_msgs/msg/odometry.hpp:7[m[K,
[16.559s]                  from [01m[K/home/quangsang/ego_ws/src/ego-planner-swarm/src/uav_simulator/Utils/uav_utils/include/uav_utils/converters.h:4[m[K,
[16.559s]                  from [01m[K/home/quangsang/ego_ws/src/ego-planner-swarm/src/uav_simulator/Utils/uav_utils/include/uav_utils/utils.h:6[m[K,
[16.559s]                  from [01m[K/home/quangsang/ego_ws/src/ego-planner-swarm/src/uav_simulator/Utils/uav_utils/src/uav_utils_test.cpp:2[m[K:
[16.559s] [01m[K/opt/ros/humble/include/nav_msgs/nav_msgs/msg/detail/odometry__struct.hpp:146:5:[m[K [01;36m[Knote: [m[Kdeclared here
[16.559s]   146 |     [01;36m[KConstPtr[m[K;
[16.560s]       |     [01;36m[K^~~~~~~~[m[K
[16.570s] In file included from [01m[K/home/quangsang/ego_ws/src/ego-planner-swarm/src/uav_simulator/Utils/uav_utils/include/uav_utils/utils.h:6[m[K,
[16.570s]                  from [01m[K/home/quangsang/ego_ws/src/ego-planner-swarm/src/uav_simulator/Utils/uav_utils/src/uav_utils_test.cpp:2[m[K:
[16.570s] [01m[K/home/quangsang/ego_ws/src/ego-planner-swarm/src/uav_simulator/Utils/uav_utils/include/uav_utils/converters.h:33:84:[m[K [01;35m[Kwarning: [m[K‘[01m[Knav_msgs::msg::Odometry_<std::allocator<void> >::ConstPtr[m[K’ is deprecated [[01;35m[K-Wdeprecated-declarations[m[K]
[16.570s]    33 | aterniond& q, Eigen::Vector3d& w[01;35m[K)[m[K
[16.570s]       |                                 [01;35m[K^[m[K
[16.571s] 
[16.571s] In file included from [01m[K/opt/ros/humble/include/nav_msgs/nav_msgs/msg/odometry.hpp:7[m[K,
[16.571s]                  from [01m[K/home/quangsang/ego_ws/src/ego-planner-swarm/src/uav_simulator/Utils/uav_utils/include/uav_utils/converters.h:4[m[K,
[16.571s]                  from [01m[K/home/quangsang/ego_ws/src/ego-planner-swarm/src/uav_simulator/Utils/uav_utils/include/uav_utils/utils.h:6[m[K,
[16.571s]                  from [01m[K/home/quangsang/ego_ws/src/ego-planner-swarm/src/uav_simulator/Utils/uav_utils/src/uav_utils_test.cpp:2[m[K:
[16.571s] [01m[K/opt/ros/humble/include/nav_msgs/nav_msgs/msg/detail/odometry__struct.hpp:146:5:[m[K [01;36m[Knote: [m[Kdeclared here
[16.571s]   146 |     [01;36m[KConstPtr[m[K;
[16.571s]       |     [01;36m[K^~~~~~~~[m[K
[55.449s] [100%] [32m[1mLinking CXX executable uav_utils_test[0m
[55.778s] [100%] Built target uav_utils_test
[55.797s] Invoked command in '/home/quangsang/ego_ws/build/uav_utils' returned '0': CMAKE_PREFIX_PATH=/home/quangsang/ego_ws/install/cmake_utils:/home/quangsang/ros2_ws/install/ros_ign_bridge:/home/quangsang/ros2_ws/install/ros_gz_bridge:/home/quangsang/ros2_ws/install/ros_gz_interfaces:/home/quangsang/ros2_ws/install/rmw_cyclonedds_cpp:/home/quangsang/ros2_ws/install/px4_msgs:/home/quangsang/ros2_ws/install/gz_ros_bridge:/home/quangsang/ros2_ws/install/depthimage_to_pointcloud2:/home/quangsang/ros2_ws/install/cyclonedds:/home/quangsang/ego_ws/install/waypoint_generator:/home/quangsang/ego_ws/install/so3_quadrotor_simulator:/home/quangsang/ego_ws/install/uav_utils:/home/quangsang/ego_ws/install/rosmsg_tcp_bridge:/home/quangsang/ego_ws/install/offboard_control:/home/quangsang/ego_ws/install/ego_planner:/home/quangsang/ego_ws/install/bspline_opt:/home/quangsang/ego_ws/install/traj_utils:/home/quangsang/ego_ws/install/so3_control:/home/quangsang/ego_ws/install/poscmd_2_odom:/home/quangsang/ego_ws/install/odom_visualization:/home/quangsang/ego_ws/install/multi_map_server:/home/quangsang/ego_ws/install/local_sensing:/home/quangsang/ego_ws/install/quadrotor_msgs:/home/quangsang/ego_ws/install/px4_msgs:/home/quangsang/ego_ws/install/pose_utils:/home/quangsang/ego_ws/install/path_searching:/home/quangsang/ego_ws/install/plan_env:/home/quangsang/ego_ws/install/perception_pcl:/home/quangsang/ego_ws/install/mockamap:/home/quangsang/ego_ws/install/pcl_ros:/home/quangsang/ego_ws/install/map_generator:/home/quangsang/ego_ws/install/pcl_conversions:/home/quangsang/ego_ws/install/pcl_msgs:/home/quangsang/ego_ws/install/drone_detect:/home/quangsang/ros2_ws/install/gz_openvins_bridge:/home/quangsang/ros2_ws/install/obstacle_publisher:/opt/ros/humble /usr/bin/cmake --build /home/quangsang/ego_ws/build/uav_utils -- -j20 -l20
[55.797s] Invoking command in '/home/quangsang/ego_ws/build/uav_utils': CMAKE_PREFIX_PATH=/home/quangsang/ego_ws/install/cmake_utils:/home/quangsang/ros2_ws/install/ros_ign_bridge:/home/quangsang/ros2_ws/install/ros_gz_bridge:/home/quangsang/ros2_ws/install/ros_gz_interfaces:/home/quangsang/ros2_ws/install/rmw_cyclonedds_cpp:/home/quangsang/ros2_ws/install/px4_msgs:/home/quangsang/ros2_ws/install/gz_ros_bridge:/home/quangsang/ros2_ws/install/depthimage_to_pointcloud2:/home/quangsang/ros2_ws/install/cyclonedds:/home/quangsang/ego_ws/install/waypoint_generator:/home/quangsang/ego_ws/install/so3_quadrotor_simulator:/home/quangsang/ego_ws/install/uav_utils:/home/quangsang/ego_ws/install/rosmsg_tcp_bridge:/home/quangsang/ego_ws/install/offboard_control:/home/quangsang/ego_ws/install/ego_planner:/home/quangsang/ego_ws/install/bspline_opt:/home/quangsang/ego_ws/install/traj_utils:/home/quangsang/ego_ws/install/so3_control:/home/quangsang/ego_ws/install/poscmd_2_odom:/home/quangsang/ego_ws/install/odom_visualization:/home/quangsang/ego_ws/install/multi_map_server:/home/quangsang/ego_ws/install/local_sensing:/home/quangsang/ego_ws/install/quadrotor_msgs:/home/quangsang/ego_ws/install/px4_msgs:/home/quangsang/ego_ws/install/pose_utils:/home/quangsang/ego_ws/install/path_searching:/home/quangsang/ego_ws/install/plan_env:/home/quangsang/ego_ws/install/perception_pcl:/home/quangsang/ego_ws/install/mockamap:/home/quangsang/ego_ws/install/pcl_ros:/home/quangsang/ego_ws/install/map_generator:/home/quangsang/ego_ws/install/pcl_conversions:/home/quangsang/ego_ws/install/pcl_msgs:/home/quangsang/ego_ws/install/drone_detect:/home/quangsang/ros2_ws/install/gz_openvins_bridge:/home/quangsang/ros2_ws/install/obstacle_publisher:/opt/ros/humble /usr/bin/cmake --install /home/quangsang/ego_ws/build/uav_utils
[55.815s] -- Install configuration: ""
[55.815s] -- Installing: /home/quangsang/ego_ws/install/uav_utils/include/uav_utils
[55.815s] -- Installing: /home/quangsang/ego_ws/install/uav_utils/include/uav_utils/converters.h
[55.815s] -- Installing: /home/quangsang/ego_ws/install/uav_utils/include/uav_utils/geometry_utils.h
[55.815s] -- Installing: /home/quangsang/ego_ws/install/uav_utils/include/uav_utils/utils.h
[55.815s] -- Installing: /home/quangsang/ego_ws/install/uav_utils/share/ament_index/resource_index/package_run_dependencies/uav_utils
[55.815s] -- Installing: /home/quangsang/ego_ws/install/uav_utils/share/ament_index/resource_index/parent_prefix_path/uav_utils
[55.815s] -- Installing: /home/quangsang/ego_ws/install/uav_utils/share/uav_utils/environment/ament_prefix_path.sh
[55.815s] -- Installing: /home/quangsang/ego_ws/install/uav_utils/share/uav_utils/environment/ament_prefix_path.dsv
[55.815s] -- Installing: /home/quangsang/ego_ws/install/uav_utils/share/uav_utils/environment/path.sh
[55.816s] -- Installing: /home/quangsang/ego_ws/install/uav_utils/share/uav_utils/environment/path.dsv
[55.816s] -- Installing: /home/quangsang/ego_ws/install/uav_utils/share/uav_utils/local_setup.bash
[55.816s] -- Installing: /home/quangsang/ego_ws/install/uav_utils/share/uav_utils/local_setup.sh
[55.816s] -- Installing: /home/quangsang/ego_ws/install/uav_utils/share/uav_utils/local_setup.zsh
[55.816s] -- Installing: /home/quangsang/ego_ws/install/uav_utils/share/uav_utils/local_setup.dsv
[55.816s] -- Installing: /home/quangsang/ego_ws/install/uav_utils/share/uav_utils/package.dsv
[55.816s] -- Installing: /home/quangsang/ego_ws/install/uav_utils/share/ament_index/resource_index/packages/uav_utils
[55.825s] -- Installing: /home/quangsang/ego_ws/install/uav_utils/share/uav_utils/cmake/ament_cmake_export_include_directories-extras.cmake
[55.825s] -- Installing: /home/quangsang/ego_ws/install/uav_utils/share/uav_utils/cmake/uav_utilsConfig.cmake
[55.825s] -- Installing: /home/quangsang/ego_ws/install/uav_utils/share/uav_utils/cmake/uav_utilsConfig-version.cmake
[55.825s] -- Installing: /home/quangsang/ego_ws/install/uav_utils/share/uav_utils/package.xml
[55.826s] Invoked command in '/home/quangsang/ego_ws/build/uav_utils' returned '0': CMAKE_PREFIX_PATH=/home/quangsang/ego_ws/install/cmake_utils:/home/quangsang/ros2_ws/install/ros_ign_bridge:/home/quangsang/ros2_ws/install/ros_gz_bridge:/home/quangsang/ros2_ws/install/ros_gz_interfaces:/home/quangsang/ros2_ws/install/rmw_cyclonedds_cpp:/home/quangsang/ros2_ws/install/px4_msgs:/home/quangsang/ros2_ws/install/gz_ros_bridge:/home/quangsang/ros2_ws/install/depthimage_to_pointcloud2:/home/quangsang/ros2_ws/install/cyclonedds:/home/quangsang/ego_ws/install/waypoint_generator:/home/quangsang/ego_ws/install/so3_quadrotor_simulator:/home/quangsang/ego_ws/install/uav_utils:/home/quangsang/ego_ws/install/rosmsg_tcp_bridge:/home/quangsang/ego_ws/install/offboard_control:/home/quangsang/ego_ws/install/ego_planner:/home/quangsang/ego_ws/install/bspline_opt:/home/quangsang/ego_ws/install/traj_utils:/home/quangsang/ego_ws/install/so3_control:/home/quangsang/ego_ws/install/poscmd_2_odom:/home/quangsang/ego_ws/install/odom_visualization:/home/quangsang/ego_ws/install/multi_map_server:/home/quangsang/ego_ws/install/local_sensing:/home/quangsang/ego_ws/install/quadrotor_msgs:/home/quangsang/ego_ws/install/px4_msgs:/home/quangsang/ego_ws/install/pose_utils:/home/quangsang/ego_ws/install/path_searching:/home/quangsang/ego_ws/install/plan_env:/home/quangsang/ego_ws/install/perception_pcl:/home/quangsang/ego_ws/install/mockamap:/home/quangsang/ego_ws/install/pcl_ros:/home/quangsang/ego_ws/install/map_generator:/home/quangsang/ego_ws/install/pcl_conversions:/home/quangsang/ego_ws/install/pcl_msgs:/home/quangsang/ego_ws/install/drone_detect:/home/quangsang/ros2_ws/install/gz_openvins_bridge:/home/quangsang/ros2_ws/install/obstacle_publisher:/opt/ros/humble /usr/bin/cmake --install /home/quangsang/ego_ws/build/uav_utils
