[0.017s] Invoking command in '/home/quangsang/ego_ws/build/cmake_utils': CMAKE_PREFIX_PATH=${CMAKE_PREFIX_PATH}:/home/quangsang/ros2_ws/install/gz_openvins_bridge:/home/quangsang/ros2_ws/install/obstacle_publisher:/opt/ros/humble /usr/bin/cmake /home/quangsang/ego_ws/src/ego-planner-swarm/src/uav_simulator/Utils/cmake_utils -DCMAKE_INSTALL_PREFIX=/home/quangsang/ego_ws/install/cmake_utils
[0.054s] -- The C compiler identification is GNU 9.5.0
[0.094s] -- The CXX compiler identification is GNU 9.5.0
[0.100s] -- Detecting C compiler ABI info
[0.149s] -- Detecting C compiler ABI info - done
[0.153s] -- Check for working C compiler: /usr/bin/cc - skipped
[0.153s] -- Detecting C compile features
[0.153s] -- Detecting C compile features - done
[0.156s] -- Detecting CXX compiler ABI info
[0.210s] -- Detecting CXX compiler ABI info - done
[0.215s] -- Check for working CXX compiler: /usr/bin/c++ - skipped
[0.215s] -- Detecting CXX compile features
[0.215s] -- Detecting CXX compile features - done
[0.217s] -- Found ament_cmake: 1.3.12 (/opt/ros/humble/share/ament_cmake/cmake)
[0.318s] -- Found Python3: /usr/bin/python3 (found version "3.10.12") found components: Interpreter 
[0.383s] -- Found rclcpp: 16.0.14 (/opt/ros/humble/share/rclcpp/cmake)
[0.416s] -- Found rosidl_generator_c: 3.1.7 (/opt/ros/humble/share/rosidl_generator_c/cmake)
[0.420s] -- Found rosidl_adapter: 3.1.7 (/opt/ros/humble/share/rosidl_adapter/cmake)
[0.426s] -- Found rosidl_generator_cpp: 3.1.7 (/opt/ros/humble/share/rosidl_generator_cpp/cmake)
[0.434s] -- Using all available rosidl_typesupport_c: rosidl_typesupport_fastrtps_c;rosidl_typesupport_introspection_c
[0.445s] -- Using all available rosidl_typesupport_cpp: rosidl_typesupport_fastrtps_cpp;rosidl_typesupport_introspection_cpp
[0.473s] -- Found rmw_implementation_cmake: 6.1.2 (/opt/ros/humble/share/rmw_implementation_cmake/cmake)
[0.475s] -- Found rmw_cyclonedds_cpp: 1.3.4 (/home/quangsang/ros2_ws/install/rmw_cyclonedds_cpp/share/rmw_cyclonedds_cpp/cmake)
[0.490s] -- Using RMW implementation 'rmw_cyclonedds_cpp' as default
[0.496s] -- Looking for pthread.h
[0.543s] -- Looking for pthread.h - found
[0.543s] -- Performing Test CMAKE_HAVE_LIBC_PTHREAD
[0.589s] -- Performing Test CMAKE_HAVE_LIBC_PTHREAD - Success
[0.590s] -- Found Threads: TRUE  
[0.624s] -- Found ament_lint_auto: 0.12.14 (/opt/ros/humble/share/ament_lint_auto/cmake)
[0.684s] -- Added test 'lint_cmake' to check CMake code style
[0.685s] -- Added test 'xmllint' to check XML markup files
[0.687s] -- Configuring done
[0.691s] -- Generating done
[0.693s] -- Build files have been written to: /home/quangsang/ego_ws/build/cmake_utils
[0.700s] Invoked command in '/home/quangsang/ego_ws/build/cmake_utils' returned '0': CMAKE_PREFIX_PATH=${CMAKE_PREFIX_PATH}:/home/quangsang/ros2_ws/install/gz_openvins_bridge:/home/quangsang/ros2_ws/install/obstacle_publisher:/opt/ros/humble /usr/bin/cmake /home/quangsang/ego_ws/src/ego-planner-swarm/src/uav_simulator/Utils/cmake_utils -DCMAKE_INSTALL_PREFIX=/home/quangsang/ego_ws/install/cmake_utils
[0.702s] Invoking command in '/home/quangsang/ego_ws/build/cmake_utils': CMAKE_PREFIX_PATH=${CMAKE_PREFIX_PATH}:/home/quangsang/ros2_ws/install/gz_openvins_bridge:/home/quangsang/ros2_ws/install/obstacle_publisher:/opt/ros/humble /usr/bin/cmake --build /home/quangsang/ego_ws/build/cmake_utils -- -j20 -l20
[0.730s] Invoked command in '/home/quangsang/ego_ws/build/cmake_utils' returned '0': CMAKE_PREFIX_PATH=${CMAKE_PREFIX_PATH}:/home/quangsang/ros2_ws/install/gz_openvins_bridge:/home/quangsang/ros2_ws/install/obstacle_publisher:/opt/ros/humble /usr/bin/cmake --build /home/quangsang/ego_ws/build/cmake_utils -- -j20 -l20
[0.737s] Invoking command in '/home/quangsang/ego_ws/build/cmake_utils': CMAKE_PREFIX_PATH=${CMAKE_PREFIX_PATH}:/home/quangsang/ros2_ws/install/gz_openvins_bridge:/home/quangsang/ros2_ws/install/obstacle_publisher:/opt/ros/humble /usr/bin/cmake --install /home/quangsang/ego_ws/build/cmake_utils
[0.744s] -- Install configuration: ""
[0.744s] -- Installing: /home/quangsang/ego_ws/install/cmake_utils/share/ament_index/resource_index/package_run_dependencies/cmake_utils
[0.744s] -- Installing: /home/quangsang/ego_ws/install/cmake_utils/share/ament_index/resource_index/parent_prefix_path/cmake_utils
[0.744s] -- Installing: /home/quangsang/ego_ws/install/cmake_utils/share/cmake_utils/environment/ament_prefix_path.sh
[0.744s] -- Installing: /home/quangsang/ego_ws/install/cmake_utils/share/cmake_utils/environment/ament_prefix_path.dsv
[0.744s] -- Installing: /home/quangsang/ego_ws/install/cmake_utils/share/cmake_utils/environment/path.sh
[0.744s] -- Installing: /home/quangsang/ego_ws/install/cmake_utils/share/cmake_utils/environment/path.dsv
[0.744s] -- Installing: /home/quangsang/ego_ws/install/cmake_utils/share/cmake_utils/local_setup.bash
[0.744s] -- Installing: /home/quangsang/ego_ws/install/cmake_utils/share/cmake_utils/local_setup.sh
[0.744s] -- Installing: /home/quangsang/ego_ws/install/cmake_utils/share/cmake_utils/local_setup.zsh
[0.745s] -- Installing: /home/quangsang/ego_ws/install/cmake_utils/share/cmake_utils/local_setup.dsv
[0.745s] -- Installing: /home/quangsang/ego_ws/install/cmake_utils/share/cmake_utils/package.dsv
[0.745s] -- Installing: /home/quangsang/ego_ws/install/cmake_utils/share/ament_index/resource_index/packages/cmake_utils
[0.745s] -- Installing: /home/quangsang/ego_ws/install/cmake_utils/share/cmake_utils/cmake/cmake_utilsConfig.cmake
[0.745s] -- Installing: /home/quangsang/ego_ws/install/cmake_utils/share/cmake_utils/cmake/cmake_utilsConfig-version.cmake
[0.745s] -- Installing: /home/quangsang/ego_ws/install/cmake_utils/share/cmake_utils/package.xml
[0.746s] Invoked command in '/home/quangsang/ego_ws/build/cmake_utils' returned '0': CMAKE_PREFIX_PATH=${CMAKE_PREFIX_PATH}:/home/quangsang/ros2_ws/install/gz_openvins_bridge:/home/quangsang/ros2_ws/install/obstacle_publisher:/opt/ros/humble /usr/bin/cmake --install /home/quangsang/ego_ws/build/cmake_utils
