In file included from [01m[K/home/quangsang/ego_ws/src/ego-planner-swarm/src/planner/drone_detect/src/drone_detector.cpp:1[m[K:
[01m[K/home/quangsang/ego_ws/src/ego-planner-swarm/src/planner/drone_detect/include/drone_detect/drone_detector.h:69:69:[m[K [01;35m[Kwarning: [m[K‘[01m[Ksensor_msgs::msg::Image_<std::allocator<void> >::ConstPtr[m[K’ is deprecated [[01;35m[K-Wdeprecated-declarations[m[K]
   69 |         const geometry_msgs::msg::PoseStamped::ConstPtr &camera_pose[01;35m[K)[m[K;
      |                                                                     [01;35m[K^[m[K
In file included from [01m[K/opt/ros/humble/include/sensor_msgs/sensor_msgs/msg/image.hpp:7[m[K,
                 from [01m[K/opt/ros/humble/include/cv_bridge/cv_bridge/cv_bridge.h:40[m[K,
                 from [01m[K/home/quangsang/ego_ws/src/ego-planner-swarm/src/planner/drone_detect/include/drone_detect/drone_detector.h:26[m[K,
                 from [01m[K/home/quangsang/ego_ws/src/ego-planner-swarm/src/planner/drone_detect/src/drone_detector.cpp:1[m[K:
[01m[K/opt/ros/humble/include/sensor_msgs/sensor_msgs/msg/detail/image__struct.hpp:173:5:[m[K [01;36m[Knote: [m[Kdeclared here
  173 |     [01;36m[KConstPtr[m[K;
      |     [01;36m[K^~~~~~~~[m[K
In file included from [01m[K/home/quangsang/ego_ws/src/ego-planner-swarm/src/planner/drone_detect/src/drone_detector.cpp:1[m[K:
[01m[K/home/quangsang/ego_ws/src/ego-planner-swarm/src/planner/drone_detect/include/drone_detect/drone_detector.h:69:69:[m[K [01;35m[Kwarning: [m[K‘[01m[Ksensor_msgs::msg::Image_<std::allocator<void> >::ConstPtr[m[K’ is deprecated [[01;35m[K-Wdeprecated-declarations[m[K]
   69 |         const geometry_msgs::msg::PoseStamped::ConstPtr &camera_pose[01;35m[K)[m[K;
      |                                                                     [01;35m[K^[m[K
In file included from [01m[K/opt/ros/humble/include/sensor_msgs/sensor_msgs/msg/image.hpp:7[m[K,
                 from [01m[K/opt/ros/humble/include/cv_bridge/cv_bridge/cv_bridge.h:40[m[K,
                 from [01m[K/home/quangsang/ego_ws/src/ego-planner-swarm/src/planner/drone_detect/include/drone_detect/drone_detector.h:26[m[K,
                 from [01m[K/home/quangsang/ego_ws/src/ego-planner-swarm/src/planner/drone_detect/src/drone_detector.cpp:1[m[K:
[01m[K/opt/ros/humble/include/sensor_msgs/sensor_msgs/msg/detail/image__struct.hpp:173:5:[m[K [01;36m[Knote: [m[Kdeclared here
  173 |     [01;36m[KConstPtr[m[K;
      |     [01;36m[K^~~~~~~~[m[K
In file included from [01m[K/home/quangsang/ego_ws/src/ego-planner-swarm/src/planner/drone_detect/src/drone_detector.cpp:1[m[K:
[01m[K/home/quangsang/ego_ws/src/ego-planner-swarm/src/planner/drone_detect/include/drone_detect/drone_detector.h:69:69:[m[K [01;35m[Kwarning: [m[K‘[01m[Kgeometry_msgs::msg::PoseStamped_<std::allocator<void> >::ConstPtr[m[K’ is deprecated [[01;35m[K-Wdeprecated-declarations[m[K]
   69 |         const geometry_msgs::msg::PoseStamped::ConstPtr &camera_pose[01;35m[K)[m[K;
      |                                                                     [01;35m[K^[m[K
In file included from [01m[K/opt/ros/humble/include/geometry_msgs/geometry_msgs/msg/pose_stamped.hpp:7[m[K,
                 from [01m[K/home/quangsang/ego_ws/src/ego-planner-swarm/src/planner/drone_detect/include/drone_detect/drone_detector.h:10[m[K,
                 from [01m[K/home/quangsang/ego_ws/src/ego-planner-swarm/src/planner/drone_detect/src/drone_detector.cpp:1[m[K:
[01m[K/opt/ros/humble/include/geometry_msgs/geometry_msgs/msg/detail/pose_stamped__struct.hpp:115:5:[m[K [01;36m[Knote: [m[Kdeclared here
  115 |     [01;36m[KConstPtr[m[K;
      |     [01;36m[K^~~~~~~~[m[K
In file included from [01m[K/home/quangsang/ego_ws/src/ego-planner-swarm/src/planner/drone_detect/src/drone_detector.cpp:1[m[K:
[01m[K/home/quangsang/ego_ws/src/ego-planner-swarm/src/planner/drone_detect/include/drone_detect/drone_detector.h:73:75:[m[K [01;35m[Kwarning: [m[K‘[01m[Ksensor_msgs::msg::Image_<std::allocator<void> >::ConstPtr[m[K’ is deprecated [[01;35m[K-Wdeprecated-declarations[m[K]
   73 |         const geometry_msgs::msg::PoseStamped::ConstSharedPtr &camera_pose[01;35m[K)[m[K;
      |                                                                           [01;35m[K^[m[K
In file included from [01m[K/opt/ros/humble/include/sensor_msgs/sensor_msgs/msg/image.hpp:7[m[K,
                 from [01m[K/opt/ros/humble/include/cv_bridge/cv_bridge/cv_bridge.h:40[m[K,
                 from [01m[K/home/quangsang/ego_ws/src/ego-planner-swarm/src/planner/drone_detect/include/drone_detect/drone_detector.h:26[m[K,
                 from [01m[K/home/quangsang/ego_ws/src/ego-planner-swarm/src/planner/drone_detect/src/drone_detector.cpp:1[m[K:
[01m[K/opt/ros/humble/include/sensor_msgs/sensor_msgs/msg/detail/image__struct.hpp:173:5:[m[K [01;36m[Knote: [m[Kdeclared here
  173 |     [01;36m[KConstPtr[m[K;
      |     [01;36m[K^~~~~~~~[m[K
In file included from [01m[K/home/quangsang/ego_ws/src/ego-planner-swarm/src/planner/drone_detect/src/drone_detector.cpp:1[m[K:
[01m[K/home/quangsang/ego_ws/src/ego-planner-swarm/src/planner/drone_detect/include/drone_detect/drone_detector.h:76:80:[m[K [01;35m[Kwarning: [m[K‘[01m[Ksensor_msgs::msg::Image_<std::allocator<void> >::ConstPtr[m[K’ is deprecated [[01;35m[K-Wdeprecated-declarations[m[K]
   76 |     void rcvDepthImgCallback(const sensor_msgs::msg::Image::ConstPtr &depth_img[01;35m[K)[m[K;
      |                                                                                [01;35m[K^[m[K
In file included from [01m[K/opt/ros/humble/include/sensor_msgs/sensor_msgs/msg/image.hpp:7[m[K,
                 from [01m[K/opt/ros/humble/include/cv_bridge/cv_bridge/cv_bridge.h:40[m[K,
                 from [01m[K/home/quangsang/ego_ws/src/ego-planner-swarm/src/planner/drone_detect/include/drone_detect/drone_detector.h:26[m[K,
                 from [01m[K/home/quangsang/ego_ws/src/ego-planner-swarm/src/planner/drone_detect/src/drone_detector.cpp:1[m[K:
[01m[K/opt/ros/humble/include/sensor_msgs/sensor_msgs/msg/detail/image__struct.hpp:173:5:[m[K [01;36m[Knote: [m[Kdeclared here
  173 |     [01;36m[KConstPtr[m[K;
      |     [01;36m[K^~~~~~~~[m[K
In file included from [01m[K/home/quangsang/ego_ws/src/ego-planner-swarm/src/planner/drone_detect/src/drone_detect_node.cpp:2[m[K:
[01m[K/home/quangsang/ego_ws/src/ego-planner-swarm/src/planner/drone_detect/include/drone_detect/drone_detector.h:69:69:[m[K [01;35m[Kwarning: [m[K‘[01m[Ksensor_msgs::msg::Image_<std::allocator<void> >::ConstPtr[m[K’ is deprecated [[01;35m[K-Wdeprecated-declarations[m[K]
   69 | seStamped::ConstPtr &camera_pose[01;35m[K)[m[K;
      |                                 [01;35m[K^[m[K

In file included from [01m[K/opt/ros/humble/include/sensor_msgs/sensor_msgs/msg/image.hpp:7[m[K,
                 from [01m[K/opt/ros/humble/include/cv_bridge/cv_bridge/cv_bridge.h:40[m[K,
                 from [01m[K/home/quangsang/ego_ws/src/ego-planner-swarm/src/planner/drone_detect/include/drone_detect/drone_detector.h:26[m[K,
                 from [01m[K/home/quangsang/ego_ws/src/ego-planner-swarm/src/planner/drone_detect/src/drone_detect_node.cpp:2[m[K:
[01m[K/opt/ros/humble/include/sensor_msgs/sensor_msgs/msg/detail/image__struct.hpp:173:5:[m[K [01;36m[Knote: [m[Kdeclared here
  173 |     [01;36m[KConstPtr[m[K;
      |     [01;36m[K^~~~~~~~[m[K
In file included from [01m[K/home/quangsang/ego_ws/src/ego-planner-swarm/src/planner/drone_detect/src/drone_detect_node.cpp:2[m[K:
[01m[K/home/quangsang/ego_ws/src/ego-planner-swarm/src/planner/drone_detect/include/drone_detect/drone_detector.h:69:69:[m[K [01;35m[Kwarning: [m[K‘[01m[Ksensor_msgs::msg::Image_<std::allocator<void> >::ConstPtr[m[K’ is deprecated [[01;35m[K-Wdeprecated-declarations[m[K]
   69 | seStamped::ConstPtr &camera_pose[01;35m[K)[m[K;
      |                                 [01;35m[K^[m[K

In file included from [01m[K/opt/ros/humble/include/sensor_msgs/sensor_msgs/msg/image.hpp:7[m[K,
                 from [01m[K/opt/ros/humble/include/cv_bridge/cv_bridge/cv_bridge.h:40[m[K,
                 from [01m[K/home/quangsang/ego_ws/src/ego-planner-swarm/src/planner/drone_detect/include/drone_detect/drone_detector.h:26[m[K,
                 from [01m[K/home/quangsang/ego_ws/src/ego-planner-swarm/src/planner/drone_detect/src/drone_detect_node.cpp:2[m[K:
[01m[K/opt/ros/humble/include/sensor_msgs/sensor_msgs/msg/detail/image__struct.hpp:173:5:[m[K [01;36m[Knote: [m[Kdeclared here
  173 |     [01;36m[KConstPtr[m[K;
      |     [01;36m[K^~~~~~~~[m[K
In file included from [01m[K/home/quangsang/ego_ws/src/ego-planner-swarm/src/planner/drone_detect/src/drone_detect_node.cpp:2[m[K:
[01m[K/home/quangsang/ego_ws/src/ego-planner-swarm/src/planner/drone_detect/include/drone_detect/drone_detector.h:69:69:[m[K [01;35m[Kwarning: [m[K‘[01m[Kgeometry_msgs::msg::PoseStamped_<std::allocator<void> >::ConstPtr[m[K’ is deprecated [[01;35m[K-Wdeprecated-declarations[m[K]
   69 | seStamped::ConstPtr &camera_pose[01;35m[K)[m[K;
      |                                 [01;35m[K^[m[K

In file included from [01m[K/opt/ros/humble/include/geometry_msgs/geometry_msgs/msg/pose_stamped.hpp:7[m[K,
                 from [01m[K/home/quangsang/ego_ws/src/ego-planner-swarm/src/planner/drone_detect/include/drone_detect/drone_detector.h:10[m[K,
                 from [01m[K/home/quangsang/ego_ws/src/ego-planner-swarm/src/planner/drone_detect/src/drone_detect_node.cpp:2[m[K:
[01m[K/opt/ros/humble/include/geometry_msgs/geometry_msgs/msg/detail/pose_stamped__struct.hpp:115:5:[m[K [01;36m[Knote: [m[Kdeclared here
  115 |     [01;36m[KConstPtr[m[K;
      |     [01;36m[K^~~~~~~~[m[K
In file included from [01m[K/home/quangsang/ego_ws/src/ego-planner-swarm/src/planner/drone_detect/src/drone_detect_node.cpp:2[m[K:
[01m[K/home/quangsang/ego_ws/src/ego-planner-swarm/src/planner/drone_detect/include/drone_detect/drone_detector.h:73:75:[m[K [01;35m[Kwarning: [m[K‘[01m[Ksensor_msgs::msg::Image_<std::allocator<void> >::ConstPtr[m[K’ is deprecated [[01;35m[K-Wdeprecated-declarations[m[K]
   73 | ped::ConstSharedPtr &camera_pose[01;35m[K)[m[K;
      |                                 [01;35m[K^[m[K

In file included from [01m[K/opt/ros/humble/include/sensor_msgs/sensor_msgs/msg/image.hpp:7[m[K,
                 from [01m[K/opt/ros/humble/include/cv_bridge/cv_bridge/cv_bridge.h:40[m[K,
                 from [01m[K/home/quangsang/ego_ws/src/ego-planner-swarm/src/planner/drone_detect/include/drone_detect/drone_detector.h:26[m[K,
                 from [01m[K/home/quangsang/ego_ws/src/ego-planner-swarm/src/planner/drone_detect/src/drone_detect_node.cpp:2[m[K:
[01m[K/opt/ros/humble/include/sensor_msgs/sensor_msgs/msg/detail/image__struct.hpp:173:5:[m[K [01;36m[Knote: [m[Kdeclared here
  173 |     [01;36m[KConstPtr[m[K;
      |     [01;36m[K^~~~~~~~[m[K
In file included from [01m[K/home/quangsang/ego_ws/src/ego-planner-swarm/src/planner/drone_detect/src/drone_detect_node.cpp:2[m[K:
[01m[K/home/quangsang/ego_ws/src/ego-planner-swarm/src/planner/drone_detect/include/drone_detect/drone_detector.h:76:80:[m[K [01;35m[Kwarning: [m[K‘[01m[Ksensor_msgs::msg::Image_<std::allocator<void> >::ConstPtr[m[K’ is deprecated [[01;35m[K-Wdeprecated-declarations[m[K]
   76 | :msg::Image::ConstPtr &depth_img[01;35m[K)[m[K;
      |                                 [01;35m[K^[m[K

In file included from [01m[K/opt/ros/humble/include/sensor_msgs/sensor_msgs/msg/image.hpp:7[m[K,
                 from [01m[K/opt/ros/humble/include/cv_bridge/cv_bridge/cv_bridge.h:40[m[K,
                 from [01m[K/home/quangsang/ego_ws/src/ego-planner-swarm/src/planner/drone_detect/include/drone_detect/drone_detector.h:26[m[K,
                 from [01m[K/home/quangsang/ego_ws/src/ego-planner-swarm/src/planner/drone_detect/src/drone_detect_node.cpp:2[m[K:
[01m[K/opt/ros/humble/include/sensor_msgs/sensor_msgs/msg/detail/image__struct.hpp:173:5:[m[K [01;36m[Knote: [m[Kdeclared here
  173 |     [01;36m[KConstPtr[m[K;
      |     [01;36m[K^~~~~~~~[m[K
[01m[K/home/quangsang/ego_ws/src/ego-planner-swarm/src/planner/drone_detect/src/drone_detector.cpp:190:93:[m[K [01;35m[Kwarning: [m[K‘[01m[Ksensor_msgs::msg::Image_<std::allocator<void> >::ConstPtr[m[K’ is deprecated [[01;35m[K-Wdeprecated-declarations[m[K]
  190 |   void DroneDetector::rcvDepthImgCallback(const sensor_msgs::msg::Image::ConstPtr &depth_img[01;35m[K)[m[K
      |                                                                                             [01;35m[K^[m[K
In file included from [01m[K/opt/ros/humble/include/sensor_msgs/sensor_msgs/msg/image.hpp:7[m[K,
                 from [01m[K/opt/ros/humble/include/cv_bridge/cv_bridge/cv_bridge.h:40[m[K,
                 from [01m[K/home/quangsang/ego_ws/src/ego-planner-swarm/src/planner/drone_detect/include/drone_detect/drone_detector.h:26[m[K,
                 from [01m[K/home/quangsang/ego_ws/src/ego-planner-swarm/src/planner/drone_detect/src/drone_detector.cpp:1[m[K:
[01m[K/opt/ros/humble/include/sensor_msgs/sensor_msgs/msg/detail/image__struct.hpp:173:5:[m[K [01;36m[Knote: [m[Kdeclared here
  173 |     [01;36m[KConstPtr[m[K;
      |     [01;36m[K^~~~~~~~[m[K
/usr/bin/ld: warning: libopencv_imgcodecs.so.4.5d, needed by /opt/ros/humble/lib/libcv_bridge.so, may conflict with libopencv_imgcodecs.so.413
/usr/bin/ld: warning: libopencv_imgproc.so.4.5d, needed by /opt/ros/humble/lib/libcv_bridge.so, may conflict with libopencv_imgproc.so.413
/usr/bin/ld: warning: libopencv_core.so.4.5d, needed by /opt/ros/humble/lib/libcv_bridge.so, may conflict with libopencv_core.so.413
