-- The C compiler identification is GNU 9.5.0
-- The CXX compiler identification is GNU 9.5.0
-- Detecting C compiler ABI info
-- Detecting C compiler ABI info - done
-- Check for working C compiler: /usr/bin/cc - skipped
-- Detecting C compile features
-- Detecting C compile features - done
-- Detecting CXX compiler ABI info
-- Detecting CXX compiler ABI info - done
-- Check for working CXX compiler: /usr/bin/c++ - skipped
-- Detecting CXX compile features
-- Detecting CXX compile features - done
-- Found ament_cmake: 1.3.12 (/opt/ros/humble/share/ament_cmake/cmake)
-- Found Python3: /usr/bin/python3 (found version "3.10.12") found components: Interpreter 
-- Found rclcpp: 16.0.14 (/opt/ros/humble/share/rclcpp/cmake)
-- Found rosidl_generator_c: 3.1.7 (/opt/ros/humble/share/rosidl_generator_c/cmake)
-- Found rosidl_adapter: 3.1.7 (/opt/ros/humble/share/rosidl_adapter/cmake)
-- Found rosidl_generator_cpp: 3.1.7 (/opt/ros/humble/share/rosidl_generator_cpp/cmake)
-- Using all available rosidl_typesupport_c: rosidl_typesupport_fastrtps_c;rosidl_typesupport_introspection_c
-- Using all available rosidl_typesupport_cpp: rosidl_typesupport_fastrtps_cpp;rosidl_typesupport_introspection_cpp
-- Found rmw_implementation_cmake: 6.1.2 (/opt/ros/humble/share/rmw_implementation_cmake/cmake)
-- Found rmw_cyclonedds_cpp: 1.3.4 (/home/quangsang/ros2_ws/install/rmw_cyclonedds_cpp/share/rmw_cyclonedds_cpp/cmake)
-- Using RMW implementation 'rmw_cyclonedds_cpp' as default
-- Looking for pthread.h
-- Looking for pthread.h - found
-- Performing Test CMAKE_HAVE_LIBC_PTHREAD
-- Performing Test CMAKE_HAVE_LIBC_PTHREAD - Success
-- Found Threads: TRUE  
-- Found sensor_msgs: 4.9.0 (/opt/ros/humble/share/sensor_msgs/cmake)
-- Found nav_msgs: 4.9.0 (/opt/ros/humble/share/nav_msgs/cmake)
-- Found std_srvs: 4.9.0 (/opt/ros/humble/share/std_srvs/cmake)
-- Found cv_bridge: 3.2.1 (/opt/ros/humble/share/cv_bridge/cmake)
-- Found OpenCV: /usr/local (found version "4.13.0") 
-- Found Boost: /usr/lib/x86_64-linux-gnu/cmake/Boost-1.74.0/BoostConfig.cmake (found version "1.74.0")  
-- Found message_filters: 4.3.8 (/opt/ros/humble/share/message_filters/cmake)
-- Found ament_lint_auto: 0.12.14 (/opt/ros/humble/share/ament_lint_auto/cmake)
-- Added test 'cppcheck' to perform static code analysis on C / C++ code
-- Configured cppcheck include dirs: /home/quangsang/ego_ws/src/ego-planner-swarm/src/planner/drone_detect/include
-- Configured cppcheck exclude dirs and/or files: 
-- Added test 'flake8' to check Python code syntax and style conventions
-- Added test 'lint_cmake' to check CMake code style
-- Added test 'pep257' to check Python code against some of the docstring style conventions in PEP 257
-- Added test 'uncrustify' to check C / C++ code style
-- Configured uncrustify additional arguments: 
-- Added test 'xmllint' to check XML markup files
-- Configuring done
-- Generating done
-- Build files have been written to: /home/quangsang/ego_ws/build/drone_detect
[ 66%] [32mBuilding CXX object CMakeFiles/drone_detect.dir/src/drone_detect_node.cpp.o[0m
[ 66%] [32mBuilding CXX object CMakeFiles/drone_detect.dir/src/drone_detector.cpp.o[0m
[100%] [32m[1mLinking CXX executable drone_detect[0m
[100%] Built target drone_detect
-- Install configuration: "Release"
-- Installing: /home/quangsang/ego_ws/install/drone_detect/lib/drone_detect/drone_detect
-- Set runtime path of "/home/quangsang/ego_ws/install/drone_detect/lib/drone_detect/drone_detect" to ""
-- Installing: /home/quangsang/ego_ws/install/drone_detect/include/drone_detect
-- Installing: /home/quangsang/ego_ws/install/drone_detect/include/drone_detect/drone_detector.h
-- Installing: /home/quangsang/ego_ws/install/drone_detect/share/drone_detect/doc
-- Installing: /home/quangsang/ego_ws/install/drone_detect/share/drone_detect/doc/demo.jpg
-- Installing: /home/quangsang/ego_ws/install/drone_detect/share/drone_detect/doc/example.jpg
-- Installing: /home/quangsang/ego_ws/install/drone_detect/share/drone_detect/launch
-- Installing: /home/quangsang/ego_ws/install/drone_detect/share/drone_detect/launch/ros_package_template_overlying_params.launch.py
-- Installing: /home/quangsang/ego_ws/install/drone_detect/share/drone_detect/launch/drone_detect.launch.py
-- Installing: /home/quangsang/ego_ws/install/drone_detect/share/drone_detect/config
-- Installing: /home/quangsang/ego_ws/install/drone_detect/share/drone_detect/config/camera.yaml
-- Installing: /home/quangsang/ego_ws/install/drone_detect/share/drone_detect/config/default.yaml
-- Installing: /home/quangsang/ego_ws/install/drone_detect/share/ament_index/resource_index/package_run_dependencies/drone_detect
-- Installing: /home/quangsang/ego_ws/install/drone_detect/share/ament_index/resource_index/parent_prefix_path/drone_detect
-- Installing: /home/quangsang/ego_ws/install/drone_detect/share/drone_detect/environment/ament_prefix_path.sh
-- Installing: /home/quangsang/ego_ws/install/drone_detect/share/drone_detect/environment/ament_prefix_path.dsv
-- Installing: /home/quangsang/ego_ws/install/drone_detect/share/drone_detect/environment/path.sh
-- Installing: /home/quangsang/ego_ws/install/drone_detect/share/drone_detect/environment/path.dsv
-- Installing: /home/quangsang/ego_ws/install/drone_detect/share/drone_detect/local_setup.bash
-- Installing: /home/quangsang/ego_ws/install/drone_detect/share/drone_detect/local_setup.sh
-- Installing: /home/quangsang/ego_ws/install/drone_detect/share/drone_detect/local_setup.zsh
-- Installing: /home/quangsang/ego_ws/install/drone_detect/share/drone_detect/local_setup.dsv
-- Installing: /home/quangsang/ego_ws/install/drone_detect/share/drone_detect/package.dsv
-- Installing: /home/quangsang/ego_ws/install/drone_detect/share/ament_index/resource_index/packages/drone_detect
-- Installing: /home/quangsang/ego_ws/install/drone_detect/share/drone_detect/cmake/drone_detectConfig.cmake
-- Installing: /home/quangsang/ego_ws/install/drone_detect/share/drone_detect/cmake/drone_detectConfig-version.cmake
-- Installing: /home/quangsang/ego_ws/install/drone_detect/share/drone_detect/package.xml
