[0.015s] Invoking command in '/home/quangsang/ego_ws/build/mockamap': CMAKE_PREFIX_PATH=/home/quangsang/ego_ws/install/pcl_ros:/home/quangsang/ego_ws/install/pcl_conversions:/home/quangsang/ego_ws/install/pcl_msgs:/home/quangsang/ros2_ws/install/ros_ign_bridge:/home/quangsang/ros2_ws/install/ros_gz_bridge:/home/quangsang/ros2_ws/install/ros_gz_interfaces:/home/quangsang/ros2_ws/install/rmw_cyclonedds_cpp:/home/quangsang/ros2_ws/install/px4_msgs:/home/quangsang/ros2_ws/install/gz_ros_bridge:/home/quangsang/ros2_ws/install/depthimage_to_pointcloud2:/home/quangsang/ros2_ws/install/cyclonedds:/home/quangsang/ego_ws/install/waypoint_generator:/home/quangsang/ego_ws/install/so3_quadrotor_simulator:/home/quangsang/ego_ws/install/uav_utils:/home/quangsang/ego_ws/install/rosmsg_tcp_bridge:/home/quangsang/ego_ws/install/offboard_control:/home/quangsang/ego_ws/install/ego_planner:/home/quangsang/ego_ws/install/bspline_opt:/home/quangsang/ego_ws/install/traj_utils:/home/quangsang/ego_ws/install/so3_control:/home/quangsang/ego_ws/install/poscmd_2_odom:/home/quangsang/ego_ws/install/odom_visualization:/home/quangsang/ego_ws/install/multi_map_server:/home/quangsang/ego_ws/install/local_sensing:/home/quangsang/ego_ws/install/quadrotor_msgs:/home/quangsang/ego_ws/install/px4_msgs:/home/quangsang/ego_ws/install/pose_utils:/home/quangsang/ego_ws/install/path_searching:/home/quangsang/ego_ws/install/plan_env:/home/quangsang/ego_ws/install/perception_pcl:/home/quangsang/ego_ws/install/mockamap:/home/quangsang/ego_ws/install/map_generator:/home/quangsang/ego_ws/install/drone_detect:/home/quangsang/ego_ws/install/cmake_utils:/home/quangsang/ros2_ws/install/gz_openvins_bridge:/home/quangsang/ros2_ws/install/obstacle_publisher:/opt/ros/humble LD_LIBRARY_PATH=/home/quangsang/ego_ws/install/pcl_ros/lib:/home/quangsang/ego_ws/install/pcl_msgs/lib:/home/quangsang/ros2_ws/install/ros_gz_bridge/lib:/home/quangsang/ros2_ws/install/ros_gz_interfaces/lib:/home/quangsang/ros2_ws/install/rmw_cyclonedds_cpp/lib:/home/quangsang/ros2_ws/install/px4_msgs/lib:/home/quangsang/ros2_ws/install/cyclonedds/lib:/home/quangsang/ego_ws/install/bspline_opt/lib:/home/quangsang/ego_ws/install/traj_utils/lib:/home/quangsang/ego_ws/install/so3_control/lib:/home/quangsang/ego_ws/install/multi_map_server/lib:/home/quangsang/ego_ws/install/quadrotor_msgs/lib:/home/quangsang/ego_ws/install/px4_msgs/lib:/home/quangsang/ego_ws/install/pose_utils/lib:/home/quangsang/ego_ws/install/path_searching/lib:/home/quangsang/ego_ws/install/plan_env/lib:/opt/ros/humble/opt/rviz_ogre_vendor/lib:/opt/ros/humble/lib/x86_64-linux-gnu:/opt/ros/humble/lib:/usr/local/cuda-11.8/lib64 /usr/bin/cmake /home/quangsang/ego_ws/src/ego-planner-swarm/src/uav_simulator/mockamap -DCMAKE_INSTALL_PREFIX=/home/quangsang/ego_ws/install/mockamap
[0.065s] -- The C compiler identification is GNU 9.5.0
[0.114s] -- The CXX compiler identification is GNU 9.5.0
[0.121s] -- Detecting C compiler ABI info
[0.185s] -- Detecting C compiler ABI info - done
[0.193s] -- Check for working C compiler: /usr/bin/cc - skipped
[0.193s] -- Detecting C compile features
[0.193s] -- Detecting C compile features - done
[0.196s] -- Detecting CXX compiler ABI info
[0.270s] -- Detecting CXX compiler ABI info - done
[0.277s] -- Check for working CXX compiler: /usr/bin/c++ - skipped
[0.277s] -- Detecting CXX compile features
[0.277s] -- Detecting CXX compile features - done
[0.280s] -- Found ament_cmake: 1.3.12 (/opt/ros/humble/share/ament_cmake/cmake)
[0.442s] -- Found Python3: /usr/bin/python3 (found version "3.10.12") found components: Interpreter 
[0.547s] -- Found rclcpp: 16.0.14 (/opt/ros/humble/share/rclcpp/cmake)
[0.603s] -- Found rosidl_generator_c: 3.1.7 (/opt/ros/humble/share/rosidl_generator_c/cmake)
[0.610s] -- Found rosidl_adapter: 3.1.7 (/opt/ros/humble/share/rosidl_adapter/cmake)
[0.621s] -- Found rosidl_generator_cpp: 3.1.7 (/opt/ros/humble/share/rosidl_generator_cpp/cmake)
[0.636s] -- Using all available rosidl_typesupport_c: rosidl_typesupport_fastrtps_c;rosidl_typesupport_introspection_c
[0.657s] -- Using all available rosidl_typesupport_cpp: rosidl_typesupport_fastrtps_cpp;rosidl_typesupport_introspection_cpp
[0.713s] -- Found rmw_implementation_cmake: 6.1.2 (/opt/ros/humble/share/rmw_implementation_cmake/cmake)
[0.717s] -- Found rmw_cyclonedds_cpp: 1.3.4 (/home/quangsang/ros2_ws/install/rmw_cyclonedds_cpp/share/rmw_cyclonedds_cpp/cmake)
[0.745s] -- Using RMW implementation 'rmw_cyclonedds_cpp' as default
[0.758s] -- Looking for pthread.h
[0.825s] -- Looking for pthread.h - found
[0.825s] -- Performing Test CMAKE_HAVE_LIBC_PTHREAD
[0.898s] -- Performing Test CMAKE_HAVE_LIBC_PTHREAD - Success
[0.898s] -- Found Threads: TRUE  
[0.950s] -- Found pcl_ros: 2.4.5 (/home/quangsang/ego_ws/install/pcl_ros/share/pcl_ros/cmake)
[1.027s] -- Checking for module 'eigen3'
[1.042s] --   Found eigen3, version 3.4.0
[1.076s] -- Found Eigen: /usr/include/eigen3 (Required is at least version "3.1") 
[1.076s] -- Eigen found (include: /usr/include/eigen3, version: 3.4.0)
[1.123s] -- Checking for module 'flann'
[1.138s] --   Found flann, version 1.9.1
[1.186s] -- Found FLANN: /usr/lib/x86_64-linux-gnu/libflann_cpp.so  
[1.186s] -- FLANN found (include: /usr/include, lib: /usr/lib/x86_64-linux-gnu/libflann_cpp.so)
[2.331s] -- Checking for module 'libusb-1.0'
[2.350s] --   Found libusb-1.0, version 1.0.25
[2.392s] -- Found libusb: /usr/lib/x86_64-linux-gnu/libusb-1.0.so  
[2.393s] -- OpenNI found (version: 1.5.4.0, include: /usr/include/ni, lib: /usr/lib/libOpenNI.so;libusb::libusb)
[2.473s] -- OpenNI2 found (version: 2.2.0.33, include: /usr/include/openni2, lib: /usr/lib/x86_64-linux-gnu/libOpenNI2.so;libusb::libusb)
[2.695s] -- Eigen found (include: /usr/include/eigen3, version: 3.4.0)
[2.703s] -- OpenNI found (version: 1.5.4.0, include: /usr/include/ni, lib: /usr/lib/libOpenNI.so;libusb::libusb)
[2.724s] -- OpenNI2 found (version: 2.2.0.33, include: /usr/include/openni2, lib: /usr/lib/x86_64-linux-gnu/libOpenNI2.so;libusb::libusb)
[2.984s] -- Found Qhull version 8.0.2
[3.252s] -- OpenNI found (version: 1.5.4.0, include: /usr/include/ni, lib: /usr/lib/libOpenNI.so;libusb::libusb)
[3.538s] -- Found PCL_COMMON: /usr/lib/x86_64-linux-gnu/libpcl_common.so  
[3.539s] -- Found PCL_KDTREE: /usr/lib/x86_64-linux-gnu/libpcl_kdtree.so  
[3.541s] -- Found PCL_OCTREE: /usr/lib/x86_64-linux-gnu/libpcl_octree.so  
[3.542s] -- Found PCL_SEARCH: /usr/lib/x86_64-linux-gnu/libpcl_search.so  
[3.543s] -- Found PCL_SAMPLE_CONSENSUS: /usr/lib/x86_64-linux-gnu/libpcl_sample_consensus.so  
[3.545s] -- Found PCL_FILTERS: /usr/lib/x86_64-linux-gnu/libpcl_filters.so  
[3.545s] -- Found PCL_2D: /usr/include/pcl-1.12  
[3.545s] -- Found PCL_GEOMETRY: /usr/include/pcl-1.12  
[3.550s] -- Found PCL_IO: /usr/lib/x86_64-linux-gnu/libpcl_io.so  
[3.550s] -- Found PCL_FEATURES: /usr/lib/x86_64-linux-gnu/libpcl_features.so  
[3.550s] -- Found PCL_ML: /usr/lib/x86_64-linux-gnu/libpcl_ml.so  
[3.550s] -- Found PCL_SEGMENTATION: /usr/lib/x86_64-linux-gnu/libpcl_segmentation.so  
[3.551s] -- Found PCL_VISUALIZATION: /usr/lib/x86_64-linux-gnu/libpcl_visualization.so  
[3.553s] -- Found PCL_SURFACE: /usr/lib/x86_64-linux-gnu/libpcl_surface.so  
[3.554s] -- Found PCL_REGISTRATION: /usr/lib/x86_64-linux-gnu/libpcl_registration.so  
[3.555s] -- Found PCL_KEYPOINTS: /usr/lib/x86_64-linux-gnu/libpcl_keypoints.so  
[3.557s] -- Found PCL_TRACKING: /usr/lib/x86_64-linux-gnu/libpcl_tracking.so  
[3.558s] -- Found PCL_RECOGNITION: /usr/lib/x86_64-linux-gnu/libpcl_recognition.so  
[3.560s] -- Found PCL_STEREO: /usr/lib/x86_64-linux-gnu/libpcl_stereo.so  
[3.562s] -- Found PCL_APPS: /usr/lib/x86_64-linux-gnu/libpcl_apps.so  
[3.562s] -- Found PCL_IN_HAND_SCANNER: /usr/include/pcl-1.12  
[3.563s] -- Found PCL_MODELER: /usr/include/pcl-1.12  
[3.563s] -- Found PCL_POINT_CLOUD_EDITOR: /usr/include/pcl-1.12  
[3.566s] -- Found PCL_OUTOFCORE: /usr/lib/x86_64-linux-gnu/libpcl_outofcore.so  
[3.566s] -- Found PCL_PEOPLE: /usr/lib/x86_64-linux-gnu/libpcl_people.so  
[3.606s] -- Found eigen3_cmake_module: 0.1.1 (/opt/ros/humble/share/eigen3_cmake_module/cmake)
[3.607s] -- Found Eigen3: TRUE (found version "3.4.0") 
[3.607s] -- Ensuring Eigen3 include directory is part of orocos-kdl CMake target
[3.676s] -- Found nav_msgs: 4.9.0 (/opt/ros/humble/share/nav_msgs/cmake)
[3.694s] -- Found visualization_msgs: 4.9.0 (/opt/ros/humble/share/visualization_msgs/cmake)
[3.716s] -- Found Boost: /usr/lib/x86_64-linux-gnu/cmake/Boost-1.74.0/BoostConfig.cmake (found version "1.74.0") found components: date_time 
[3.719s] -- Found ament_lint_auto: 0.12.14 (/opt/ros/humble/share/ament_lint_auto/cmake)
[3.836s] -- Added test 'cppcheck' to perform static code analysis on C / C++ code
[3.838s] -- Configured cppcheck include dirs: /home/quangsang/ego_ws/src/ego-planner-swarm/src/uav_simulator/mockamap/include/mockamap
[3.838s] -- Configured cppcheck exclude dirs and/or files: 
[3.839s] -- Added test 'flake8' to check Python code syntax and style conventions
[3.840s] -- Added test 'lint_cmake' to check CMake code style
[3.841s] -- Added test 'pep257' to check Python code against some of the docstring style conventions in PEP 257
[3.842s] -- Added test 'uncrustify' to check C / C++ code style
[3.842s] -- Configured uncrustify additional arguments: 
[3.843s] -- Added test 'xmllint' to check XML markup files
[3.846s] -- Configuring done
[3.891s] -- Generating done
[3.902s] -- Build files have been written to: /home/quangsang/ego_ws/build/mockamap
[3.924s] Invoked command in '/home/quangsang/ego_ws/build/mockamap' returned '0': CMAKE_PREFIX_PATH=/home/quangsang/ego_ws/install/pcl_ros:/home/quangsang/ego_ws/install/pcl_conversions:/home/quangsang/ego_ws/install/pcl_msgs:/home/quangsang/ros2_ws/install/ros_ign_bridge:/home/quangsang/ros2_ws/install/ros_gz_bridge:/home/quangsang/ros2_ws/install/ros_gz_interfaces:/home/quangsang/ros2_ws/install/rmw_cyclonedds_cpp:/home/quangsang/ros2_ws/install/px4_msgs:/home/quangsang/ros2_ws/install/gz_ros_bridge:/home/quangsang/ros2_ws/install/depthimage_to_pointcloud2:/home/quangsang/ros2_ws/install/cyclonedds:/home/quangsang/ego_ws/install/waypoint_generator:/home/quangsang/ego_ws/install/so3_quadrotor_simulator:/home/quangsang/ego_ws/install/uav_utils:/home/quangsang/ego_ws/install/rosmsg_tcp_bridge:/home/quangsang/ego_ws/install/offboard_control:/home/quangsang/ego_ws/install/ego_planner:/home/quangsang/ego_ws/install/bspline_opt:/home/quangsang/ego_ws/install/traj_utils:/home/quangsang/ego_ws/install/so3_control:/home/quangsang/ego_ws/install/poscmd_2_odom:/home/quangsang/ego_ws/install/odom_visualization:/home/quangsang/ego_ws/install/multi_map_server:/home/quangsang/ego_ws/install/local_sensing:/home/quangsang/ego_ws/install/quadrotor_msgs:/home/quangsang/ego_ws/install/px4_msgs:/home/quangsang/ego_ws/install/pose_utils:/home/quangsang/ego_ws/install/path_searching:/home/quangsang/ego_ws/install/plan_env:/home/quangsang/ego_ws/install/perception_pcl:/home/quangsang/ego_ws/install/mockamap:/home/quangsang/ego_ws/install/map_generator:/home/quangsang/ego_ws/install/drone_detect:/home/quangsang/ego_ws/install/cmake_utils:/home/quangsang/ros2_ws/install/gz_openvins_bridge:/home/quangsang/ros2_ws/install/obstacle_publisher:/opt/ros/humble LD_LIBRARY_PATH=/home/quangsang/ego_ws/install/pcl_ros/lib:/home/quangsang/ego_ws/install/pcl_msgs/lib:/home/quangsang/ros2_ws/install/ros_gz_bridge/lib:/home/quangsang/ros2_ws/install/ros_gz_interfaces/lib:/home/quangsang/ros2_ws/install/rmw_cyclonedds_cpp/lib:/home/quangsang/ros2_ws/install/px4_msgs/lib:/home/quangsang/ros2_ws/install/cyclonedds/lib:/home/quangsang/ego_ws/install/bspline_opt/lib:/home/quangsang/ego_ws/install/traj_utils/lib:/home/quangsang/ego_ws/install/so3_control/lib:/home/quangsang/ego_ws/install/multi_map_server/lib:/home/quangsang/ego_ws/install/quadrotor_msgs/lib:/home/quangsang/ego_ws/install/px4_msgs/lib:/home/quangsang/ego_ws/install/pose_utils/lib:/home/quangsang/ego_ws/install/path_searching/lib:/home/quangsang/ego_ws/install/plan_env/lib:/opt/ros/humble/opt/rviz_ogre_vendor/lib:/opt/ros/humble/lib/x86_64-linux-gnu:/opt/ros/humble/lib:/usr/local/cuda-11.8/lib64 /usr/bin/cmake /home/quangsang/ego_ws/src/ego-planner-swarm/src/uav_simulator/mockamap -DCMAKE_INSTALL_PREFIX=/home/quangsang/ego_ws/install/mockamap
[3.925s] Invoking command in '/home/quangsang/ego_ws/build/mockamap': CMAKE_PREFIX_PATH=/home/quangsang/ego_ws/install/pcl_ros:/home/quangsang/ego_ws/install/pcl_conversions:/home/quangsang/ego_ws/install/pcl_msgs:/home/quangsang/ros2_ws/install/ros_ign_bridge:/home/quangsang/ros2_ws/install/ros_gz_bridge:/home/quangsang/ros2_ws/install/ros_gz_interfaces:/home/quangsang/ros2_ws/install/rmw_cyclonedds_cpp:/home/quangsang/ros2_ws/install/px4_msgs:/home/quangsang/ros2_ws/install/gz_ros_bridge:/home/quangsang/ros2_ws/install/depthimage_to_pointcloud2:/home/quangsang/ros2_ws/install/cyclonedds:/home/quangsang/ego_ws/install/waypoint_generator:/home/quangsang/ego_ws/install/so3_quadrotor_simulator:/home/quangsang/ego_ws/install/uav_utils:/home/quangsang/ego_ws/install/rosmsg_tcp_bridge:/home/quangsang/ego_ws/install/offboard_control:/home/quangsang/ego_ws/install/ego_planner:/home/quangsang/ego_ws/install/bspline_opt:/home/quangsang/ego_ws/install/traj_utils:/home/quangsang/ego_ws/install/so3_control:/home/quangsang/ego_ws/install/poscmd_2_odom:/home/quangsang/ego_ws/install/odom_visualization:/home/quangsang/ego_ws/install/multi_map_server:/home/quangsang/ego_ws/install/local_sensing:/home/quangsang/ego_ws/install/quadrotor_msgs:/home/quangsang/ego_ws/install/px4_msgs:/home/quangsang/ego_ws/install/pose_utils:/home/quangsang/ego_ws/install/path_searching:/home/quangsang/ego_ws/install/plan_env:/home/quangsang/ego_ws/install/perception_pcl:/home/quangsang/ego_ws/install/mockamap:/home/quangsang/ego_ws/install/map_generator:/home/quangsang/ego_ws/install/drone_detect:/home/quangsang/ego_ws/install/cmake_utils:/home/quangsang/ros2_ws/install/gz_openvins_bridge:/home/quangsang/ros2_ws/install/obstacle_publisher:/opt/ros/humble LD_LIBRARY_PATH=/home/quangsang/ego_ws/install/pcl_ros/lib:/home/quangsang/ego_ws/install/pcl_msgs/lib:/home/quangsang/ros2_ws/install/ros_gz_bridge/lib:/home/quangsang/ros2_ws/install/ros_gz_interfaces/lib:/home/quangsang/ros2_ws/install/rmw_cyclonedds_cpp/lib:/home/quangsang/ros2_ws/install/px4_msgs/lib:/home/quangsang/ros2_ws/install/cyclonedds/lib:/home/quangsang/ego_ws/install/bspline_opt/lib:/home/quangsang/ego_ws/install/traj_utils/lib:/home/quangsang/ego_ws/install/so3_control/lib:/home/quangsang/ego_ws/install/multi_map_server/lib:/home/quangsang/ego_ws/install/quadrotor_msgs/lib:/home/quangsang/ego_ws/install/px4_msgs/lib:/home/quangsang/ego_ws/install/pose_utils/lib:/home/quangsang/ego_ws/install/path_searching/lib:/home/quangsang/ego_ws/install/plan_env/lib:/opt/ros/humble/opt/rviz_ogre_vendor/lib:/opt/ros/humble/lib/x86_64-linux-gnu:/opt/ros/humble/lib:/usr/local/cuda-11.8/lib64 /usr/bin/cmake --build /home/quangsang/ego_ws/build/mockamap -- -j20 -l20
[3.980s] [ 20%] [32mBuilding CXX object CMakeFiles/mockamap_node.dir/src/mockamap.cpp.o[0m
[3.981s] [ 40%] [32mBuilding CXX object CMakeFiles/mockamap_node.dir/src/perlinnoise.cpp.o[0m
[3.983s] [ 60%] [32mBuilding CXX object CMakeFiles/mockamap_node.dir/src/ces_randommap.cpp.o[0m
[3.985s] [ 80%] [32mBuilding CXX object CMakeFiles/mockamap_node.dir/src/maps.cpp.o[0m
[16.973s] [100%] [32m[1mLinking CXX executable mockamap_node[0m
[17.609s] [100%] Built target mockamap_node
[17.620s] Invoked command in '/home/quangsang/ego_ws/build/mockamap' returned '0': CMAKE_PREFIX_PATH=/home/quangsang/ego_ws/install/pcl_ros:/home/quangsang/ego_ws/install/pcl_conversions:/home/quangsang/ego_ws/install/pcl_msgs:/home/quangsang/ros2_ws/install/ros_ign_bridge:/home/quangsang/ros2_ws/install/ros_gz_bridge:/home/quangsang/ros2_ws/install/ros_gz_interfaces:/home/quangsang/ros2_ws/install/rmw_cyclonedds_cpp:/home/quangsang/ros2_ws/install/px4_msgs:/home/quangsang/ros2_ws/install/gz_ros_bridge:/home/quangsang/ros2_ws/install/depthimage_to_pointcloud2:/home/quangsang/ros2_ws/install/cyclonedds:/home/quangsang/ego_ws/install/waypoint_generator:/home/quangsang/ego_ws/install/so3_quadrotor_simulator:/home/quangsang/ego_ws/install/uav_utils:/home/quangsang/ego_ws/install/rosmsg_tcp_bridge:/home/quangsang/ego_ws/install/offboard_control:/home/quangsang/ego_ws/install/ego_planner:/home/quangsang/ego_ws/install/bspline_opt:/home/quangsang/ego_ws/install/traj_utils:/home/quangsang/ego_ws/install/so3_control:/home/quangsang/ego_ws/install/poscmd_2_odom:/home/quangsang/ego_ws/install/odom_visualization:/home/quangsang/ego_ws/install/multi_map_server:/home/quangsang/ego_ws/install/local_sensing:/home/quangsang/ego_ws/install/quadrotor_msgs:/home/quangsang/ego_ws/install/px4_msgs:/home/quangsang/ego_ws/install/pose_utils:/home/quangsang/ego_ws/install/path_searching:/home/quangsang/ego_ws/install/plan_env:/home/quangsang/ego_ws/install/perception_pcl:/home/quangsang/ego_ws/install/mockamap:/home/quangsang/ego_ws/install/map_generator:/home/quangsang/ego_ws/install/drone_detect:/home/quangsang/ego_ws/install/cmake_utils:/home/quangsang/ros2_ws/install/gz_openvins_bridge:/home/quangsang/ros2_ws/install/obstacle_publisher:/opt/ros/humble LD_LIBRARY_PATH=/home/quangsang/ego_ws/install/pcl_ros/lib:/home/quangsang/ego_ws/install/pcl_msgs/lib:/home/quangsang/ros2_ws/install/ros_gz_bridge/lib:/home/quangsang/ros2_ws/install/ros_gz_interfaces/lib:/home/quangsang/ros2_ws/install/rmw_cyclonedds_cpp/lib:/home/quangsang/ros2_ws/install/px4_msgs/lib:/home/quangsang/ros2_ws/install/cyclonedds/lib:/home/quangsang/ego_ws/install/bspline_opt/lib:/home/quangsang/ego_ws/install/traj_utils/lib:/home/quangsang/ego_ws/install/so3_control/lib:/home/quangsang/ego_ws/install/multi_map_server/lib:/home/quangsang/ego_ws/install/quadrotor_msgs/lib:/home/quangsang/ego_ws/install/px4_msgs/lib:/home/quangsang/ego_ws/install/pose_utils/lib:/home/quangsang/ego_ws/install/path_searching/lib:/home/quangsang/ego_ws/install/plan_env/lib:/opt/ros/humble/opt/rviz_ogre_vendor/lib:/opt/ros/humble/lib/x86_64-linux-gnu:/opt/ros/humble/lib:/usr/local/cuda-11.8/lib64 /usr/bin/cmake --build /home/quangsang/ego_ws/build/mockamap -- -j20 -l20
[17.622s] Invoking command in '/home/quangsang/ego_ws/build/mockamap': CMAKE_PREFIX_PATH=/home/quangsang/ego_ws/install/pcl_ros:/home/quangsang/ego_ws/install/pcl_conversions:/home/quangsang/ego_ws/install/pcl_msgs:/home/quangsang/ros2_ws/install/ros_ign_bridge:/home/quangsang/ros2_ws/install/ros_gz_bridge:/home/quangsang/ros2_ws/install/ros_gz_interfaces:/home/quangsang/ros2_ws/install/rmw_cyclonedds_cpp:/home/quangsang/ros2_ws/install/px4_msgs:/home/quangsang/ros2_ws/install/gz_ros_bridge:/home/quangsang/ros2_ws/install/depthimage_to_pointcloud2:/home/quangsang/ros2_ws/install/cyclonedds:/home/quangsang/ego_ws/install/waypoint_generator:/home/quangsang/ego_ws/install/so3_quadrotor_simulator:/home/quangsang/ego_ws/install/uav_utils:/home/quangsang/ego_ws/install/rosmsg_tcp_bridge:/home/quangsang/ego_ws/install/offboard_control:/home/quangsang/ego_ws/install/ego_planner:/home/quangsang/ego_ws/install/bspline_opt:/home/quangsang/ego_ws/install/traj_utils:/home/quangsang/ego_ws/install/so3_control:/home/quangsang/ego_ws/install/poscmd_2_odom:/home/quangsang/ego_ws/install/odom_visualization:/home/quangsang/ego_ws/install/multi_map_server:/home/quangsang/ego_ws/install/local_sensing:/home/quangsang/ego_ws/install/quadrotor_msgs:/home/quangsang/ego_ws/install/px4_msgs:/home/quangsang/ego_ws/install/pose_utils:/home/quangsang/ego_ws/install/path_searching:/home/quangsang/ego_ws/install/plan_env:/home/quangsang/ego_ws/install/perception_pcl:/home/quangsang/ego_ws/install/mockamap:/home/quangsang/ego_ws/install/map_generator:/home/quangsang/ego_ws/install/drone_detect:/home/quangsang/ego_ws/install/cmake_utils:/home/quangsang/ros2_ws/install/gz_openvins_bridge:/home/quangsang/ros2_ws/install/obstacle_publisher:/opt/ros/humble LD_LIBRARY_PATH=/home/quangsang/ego_ws/install/pcl_ros/lib:/home/quangsang/ego_ws/install/pcl_msgs/lib:/home/quangsang/ros2_ws/install/ros_gz_bridge/lib:/home/quangsang/ros2_ws/install/ros_gz_interfaces/lib:/home/quangsang/ros2_ws/install/rmw_cyclonedds_cpp/lib:/home/quangsang/ros2_ws/install/px4_msgs/lib:/home/quangsang/ros2_ws/install/cyclonedds/lib:/home/quangsang/ego_ws/install/bspline_opt/lib:/home/quangsang/ego_ws/install/traj_utils/lib:/home/quangsang/ego_ws/install/so3_control/lib:/home/quangsang/ego_ws/install/multi_map_server/lib:/home/quangsang/ego_ws/install/quadrotor_msgs/lib:/home/quangsang/ego_ws/install/px4_msgs/lib:/home/quangsang/ego_ws/install/pose_utils/lib:/home/quangsang/ego_ws/install/path_searching/lib:/home/quangsang/ego_ws/install/plan_env/lib:/opt/ros/humble/opt/rviz_ogre_vendor/lib:/opt/ros/humble/lib/x86_64-linux-gnu:/opt/ros/humble/lib:/usr/local/cuda-11.8/lib64 /usr/bin/cmake --install /home/quangsang/ego_ws/build/mockamap
[17.629s] -- Install configuration: "Release"
[17.629s] -- Installing: /home/quangsang/ego_ws/install/mockamap/lib/mockamap/mockamap_node
[17.639s] -- Set runtime path of "/home/quangsang/ego_ws/install/mockamap/lib/mockamap/mockamap_node" to ""
[17.639s] -- Installing: /home/quangsang/ego_ws/install/mockamap/share/mockamap/launch
[17.639s] -- Installing: /home/quangsang/ego_ws/install/mockamap/share/mockamap/launch/maze2d.launch.py
[17.639s] -- Installing: /home/quangsang/ego_ws/install/mockamap/share/mockamap/launch/post2d.launch.py
[17.639s] -- Installing: /home/quangsang/ego_ws/install/mockamap/share/mockamap/launch/mockamap.launch.py
[17.639s] -- Installing: /home/quangsang/ego_ws/install/mockamap/share/mockamap/launch/maze3d.launch.py
[17.639s] -- Installing: /home/quangsang/ego_ws/install/mockamap/share/mockamap/launch/perlin3d.launch.py
[17.639s] -- Installing: /home/quangsang/ego_ws/install/mockamap/share/mockamap/config
[17.639s] -- Installing: /home/quangsang/ego_ws/install/mockamap/share/mockamap/config/rviz.rviz
[17.639s] -- Installing: /home/quangsang/ego_ws/install/mockamap/share/ament_index/resource_index/package_run_dependencies/mockamap
[17.639s] -- Installing: /home/quangsang/ego_ws/install/mockamap/share/ament_index/resource_index/parent_prefix_path/mockamap
[17.640s] -- Installing: /home/quangsang/ego_ws/install/mockamap/share/mockamap/environment/ament_prefix_path.sh
[17.640s] -- Installing: /home/quangsang/ego_ws/install/mockamap/share/mockamap/environment/ament_prefix_path.dsv
[17.640s] -- Installing: /home/quangsang/ego_ws/install/mockamap/share/mockamap/environment/path.sh
[17.640s] -- Installing: /home/quangsang/ego_ws/install/mockamap/share/mockamap/environment/path.dsv
[17.640s] -- Installing: /home/quangsang/ego_ws/install/mockamap/share/mockamap/local_setup.bash
[17.640s] -- Installing: /home/quangsang/ego_ws/install/mockamap/share/mockamap/local_setup.sh
[17.640s] -- Installing: /home/quangsang/ego_ws/install/mockamap/share/mockamap/local_setup.zsh
[17.640s] -- Installing: /home/quangsang/ego_ws/install/mockamap/share/mockamap/local_setup.dsv
[17.640s] -- Installing: /home/quangsang/ego_ws/install/mockamap/share/mockamap/package.dsv
[17.640s] -- Installing: /home/quangsang/ego_ws/install/mockamap/share/ament_index/resource_index/packages/mockamap
[17.640s] -- Installing: /home/quangsang/ego_ws/install/mockamap/share/mockamap/cmake/ament_cmake_export_include_directories-extras.cmake
[17.640s] -- Installing: /home/quangsang/ego_ws/install/mockamap/share/mockamap/cmake/mockamapConfig.cmake
[17.640s] -- Installing: /home/quangsang/ego_ws/install/mockamap/share/mockamap/cmake/mockamapConfig-version.cmake
[17.641s] -- Installing: /home/quangsang/ego_ws/install/mockamap/share/mockamap/package.xml
[17.643s] Invoked command in '/home/quangsang/ego_ws/build/mockamap' returned '0': CMAKE_PREFIX_PATH=/home/quangsang/ego_ws/install/pcl_ros:/home/quangsang/ego_ws/install/pcl_conversions:/home/quangsang/ego_ws/install/pcl_msgs:/home/quangsang/ros2_ws/install/ros_ign_bridge:/home/quangsang/ros2_ws/install/ros_gz_bridge:/home/quangsang/ros2_ws/install/ros_gz_interfaces:/home/quangsang/ros2_ws/install/rmw_cyclonedds_cpp:/home/quangsang/ros2_ws/install/px4_msgs:/home/quangsang/ros2_ws/install/gz_ros_bridge:/home/quangsang/ros2_ws/install/depthimage_to_pointcloud2:/home/quangsang/ros2_ws/install/cyclonedds:/home/quangsang/ego_ws/install/waypoint_generator:/home/quangsang/ego_ws/install/so3_quadrotor_simulator:/home/quangsang/ego_ws/install/uav_utils:/home/quangsang/ego_ws/install/rosmsg_tcp_bridge:/home/quangsang/ego_ws/install/offboard_control:/home/quangsang/ego_ws/install/ego_planner:/home/quangsang/ego_ws/install/bspline_opt:/home/quangsang/ego_ws/install/traj_utils:/home/quangsang/ego_ws/install/so3_control:/home/quangsang/ego_ws/install/poscmd_2_odom:/home/quangsang/ego_ws/install/odom_visualization:/home/quangsang/ego_ws/install/multi_map_server:/home/quangsang/ego_ws/install/local_sensing:/home/quangsang/ego_ws/install/quadrotor_msgs:/home/quangsang/ego_ws/install/px4_msgs:/home/quangsang/ego_ws/install/pose_utils:/home/quangsang/ego_ws/install/path_searching:/home/quangsang/ego_ws/install/plan_env:/home/quangsang/ego_ws/install/perception_pcl:/home/quangsang/ego_ws/install/mockamap:/home/quangsang/ego_ws/install/map_generator:/home/quangsang/ego_ws/install/drone_detect:/home/quangsang/ego_ws/install/cmake_utils:/home/quangsang/ros2_ws/install/gz_openvins_bridge:/home/quangsang/ros2_ws/install/obstacle_publisher:/opt/ros/humble LD_LIBRARY_PATH=/home/quangsang/ego_ws/install/pcl_ros/lib:/home/quangsang/ego_ws/install/pcl_msgs/lib:/home/quangsang/ros2_ws/install/ros_gz_bridge/lib:/home/quangsang/ros2_ws/install/ros_gz_interfaces/lib:/home/quangsang/ros2_ws/install/rmw_cyclonedds_cpp/lib:/home/quangsang/ros2_ws/install/px4_msgs/lib:/home/quangsang/ros2_ws/install/cyclonedds/lib:/home/quangsang/ego_ws/install/bspline_opt/lib:/home/quangsang/ego_ws/install/traj_utils/lib:/home/quangsang/ego_ws/install/so3_control/lib:/home/quangsang/ego_ws/install/multi_map_server/lib:/home/quangsang/ego_ws/install/quadrotor_msgs/lib:/home/quangsang/ego_ws/install/px4_msgs/lib:/home/quangsang/ego_ws/install/pose_utils/lib:/home/quangsang/ego_ws/install/path_searching/lib:/home/quangsang/ego_ws/install/plan_env/lib:/opt/ros/humble/opt/rviz_ogre_vendor/lib:/opt/ros/humble/lib/x86_64-linux-gnu:/opt/ros/humble/lib:/usr/local/cuda-11.8/lib64 /usr/bin/cmake --install /home/quangsang/ego_ws/build/mockamap
