[0.018s] Invoking command in '/home/quangsang/ego_ws/build/pcl_ros': CMAKE_PREFIX_PATH=/home/quangsang/ego_ws/install/pcl_conversions:/home/quangsang/ego_ws/install/pcl_msgs:/home/quangsang/ros2_ws/install/ros_ign_bridge:/home/quangsang/ros2_ws/install/ros_gz_bridge:/home/quangsang/ros2_ws/install/ros_gz_interfaces:/home/quangsang/ros2_ws/install/rmw_cyclonedds_cpp:/home/quangsang/ros2_ws/install/px4_msgs:/home/quangsang/ros2_ws/install/gz_ros_bridge:/home/quangsang/ros2_ws/install/depthimage_to_pointcloud2:/home/quangsang/ros2_ws/install/cyclonedds:/home/quangsang/ego_ws/install/waypoint_generator:/home/quangsang/ego_ws/install/so3_quadrotor_simulator:/home/quangsang/ego_ws/install/uav_utils:/home/quangsang/ego_ws/install/rosmsg_tcp_bridge:/home/quangsang/ego_ws/install/offboard_control:/home/quangsang/ego_ws/install/ego_planner:/home/quangsang/ego_ws/install/bspline_opt:/home/quangsang/ego_ws/install/traj_utils:/home/quangsang/ego_ws/install/so3_control:/home/quangsang/ego_ws/install/poscmd_2_odom:/home/quangsang/ego_ws/install/odom_visualization:/home/quangsang/ego_ws/install/multi_map_server:/home/quangsang/ego_ws/install/local_sensing:/home/quangsang/ego_ws/install/quadrotor_msgs:/home/quangsang/ego_ws/install/px4_msgs:/home/quangsang/ego_ws/install/pose_utils:/home/quangsang/ego_ws/install/path_searching:/home/quangsang/ego_ws/install/plan_env:/home/quangsang/ego_ws/install/perception_pcl:/home/quangsang/ego_ws/install/mockamap:/home/quangsang/ego_ws/install/pcl_ros:/home/quangsang/ego_ws/install/map_generator:/home/quangsang/ego_ws/install/drone_detect:/home/quangsang/ego_ws/install/cmake_utils:/home/quangsang/ros2_ws/install/gz_openvins_bridge:/home/quangsang/ros2_ws/install/obstacle_publisher:/opt/ros/humble LD_LIBRARY_PATH=/home/quangsang/ego_ws/install/pcl_msgs/lib:/home/quangsang/ros2_ws/install/ros_gz_bridge/lib:/home/quangsang/ros2_ws/install/ros_gz_interfaces/lib:/home/quangsang/ros2_ws/install/rmw_cyclonedds_cpp/lib:/home/quangsang/ros2_ws/install/px4_msgs/lib:/home/quangsang/ros2_ws/install/cyclonedds/lib:/home/quangsang/ego_ws/install/bspline_opt/lib:/home/quangsang/ego_ws/install/traj_utils/lib:/home/quangsang/ego_ws/install/so3_control/lib:/home/quangsang/ego_ws/install/multi_map_server/lib:/home/quangsang/ego_ws/install/quadrotor_msgs/lib:/home/quangsang/ego_ws/install/px4_msgs/lib:/home/quangsang/ego_ws/install/pose_utils/lib:/home/quangsang/ego_ws/install/path_searching/lib:/home/quangsang/ego_ws/install/plan_env/lib:/home/quangsang/ego_ws/install/pcl_ros/lib:/opt/ros/humble/opt/rviz_ogre_vendor/lib:/opt/ros/humble/lib/x86_64-linux-gnu:/opt/ros/humble/lib:/usr/local/cuda-11.8/lib64 /usr/bin/cmake /home/quangsang/ego_ws/src/perception_pcl/pcl_ros -DCMAKE_INSTALL_PREFIX=/home/quangsang/ego_ws/install/pcl_ros
[0.067s] -- The C compiler identification is GNU 9.5.0
[0.123s] -- The CXX compiler identification is GNU 9.5.0
[0.129s] -- Detecting C compiler ABI info
[0.191s] -- Detecting C compiler ABI info - done
[0.199s] -- Check for working C compiler: /usr/bin/cc - skipped
[0.199s] -- Detecting C compile features
[0.199s] -- Detecting C compile features - done
[0.202s] -- Detecting CXX compiler ABI info
[0.268s] -- Detecting CXX compiler ABI info - done
[0.275s] -- Check for working CXX compiler: /usr/bin/c++ - skipped
[0.276s] -- Detecting CXX compile features
[0.276s] -- Detecting CXX compile features - done
[0.302s] -- Checking for module 'eigen3'
[0.316s] --   Found eigen3, version 3.4.0
[0.346s] -- Found Eigen: /usr/include/eigen3 (Required is at least version "3.1") 
[0.346s] -- Eigen found (include: /usr/include/eigen3, version: 3.4.0)
[0.388s] -- Checking for module 'flann'
[0.401s] --   Found flann, version 1.9.1
[0.451s] -- Found FLANN: /usr/lib/x86_64-linux-gnu/libflann_cpp.so  
[0.451s] -- FLANN found (include: /usr/include, lib: /usr/lib/x86_64-linux-gnu/libflann_cpp.so)
[1.645s] -- Checking for module 'libusb-1.0'
[1.660s] --   Found libusb-1.0, version 1.0.25
[1.695s] -- Found libusb: /usr/lib/x86_64-linux-gnu/libusb-1.0.so  
[1.696s] -- OpenNI found (version: 1.5.4.0, include: /usr/include/ni, lib: /usr/lib/libOpenNI.so;libusb::libusb)
[1.752s] -- OpenNI2 found (version: 2.2.0.33, include: /usr/include/openni2, lib: /usr/lib/x86_64-linux-gnu/libOpenNI2.so;libusb::libusb)
[1.899s] -- Eigen found (include: /usr/include/eigen3, version: 3.4.0)
[1.901s] -- Found Qhull version 8.0.2
[2.063s] -- Could NOT find PCL_CORE (missing: PCL_CORE_LIBRARY PCL_CORE_INCLUDE_DIR) 
[2.063s] -- Found PCL_COMMON: /usr/lib/x86_64-linux-gnu/libpcl_common.so  
[2.063s] -- Found PCL_KDTREE: /usr/lib/x86_64-linux-gnu/libpcl_kdtree.so  
[2.063s] -- Found PCL_OCTREE: /usr/lib/x86_64-linux-gnu/libpcl_octree.so  
[2.063s] -- Found PCL_SEARCH: /usr/lib/x86_64-linux-gnu/libpcl_search.so  
[2.063s] -- Found PCL_2D: /usr/include/pcl-1.12  
[2.063s] -- Found PCL_FEATURES: /usr/lib/x86_64-linux-gnu/libpcl_features.so  
[2.063s] -- Found PCL_SAMPLE_CONSENSUS: /usr/lib/x86_64-linux-gnu/libpcl_sample_consensus.so  
[2.064s] -- Found PCL_FILTERS: /usr/lib/x86_64-linux-gnu/libpcl_filters.so  
[2.066s] -- Found PCL_IO: /usr/lib/x86_64-linux-gnu/libpcl_io.so  
[2.066s] -- Found PCL_GEOMETRY: /usr/include/pcl-1.12  
[2.067s] -- Found PCL_ML: /usr/lib/x86_64-linux-gnu/libpcl_ml.so  
[2.068s] -- Found PCL_SEGMENTATION: /usr/lib/x86_64-linux-gnu/libpcl_segmentation.so  
[2.069s] -- Found PCL_SURFACE: /usr/lib/x86_64-linux-gnu/libpcl_surface.so  
[2.073s] -- Found ament_cmake: 1.3.12 (/opt/ros/humble/share/ament_cmake/cmake)
[2.214s] -- Found Python3: /usr/bin/python3 (found version "3.10.12") found components: Interpreter 
[2.297s] -- Found pcl_conversions: 2.4.5 (/home/quangsang/ego_ws/install/pcl_conversions/share/pcl_conversions/cmake)
[2.332s] -- Found rosidl_generator_c: 3.1.7 (/opt/ros/humble/share/rosidl_generator_c/cmake)
[2.336s] -- Found rosidl_adapter: 3.1.7 (/opt/ros/humble/share/rosidl_adapter/cmake)
[2.344s] -- Found rosidl_generator_cpp: 3.1.7 (/opt/ros/humble/share/rosidl_generator_cpp/cmake)
[2.354s] -- Using all available rosidl_typesupport_c: rosidl_typesupport_fastrtps_c;rosidl_typesupport_introspection_c
[2.369s] -- Using all available rosidl_typesupport_cpp: rosidl_typesupport_fastrtps_cpp;rosidl_typesupport_introspection_cpp
[2.405s] -- Found rmw_implementation_cmake: 6.1.2 (/opt/ros/humble/share/rmw_implementation_cmake/cmake)
[2.408s] -- Found rmw_cyclonedds_cpp: 1.3.4 (/home/quangsang/ros2_ws/install/rmw_cyclonedds_cpp/share/rmw_cyclonedds_cpp/cmake)
[2.425s] -- Using RMW implementation 'rmw_cyclonedds_cpp' as default
[2.431s] -- Found Threads: TRUE  
[2.526s] -- Found rclcpp_components: 16.0.14 (/opt/ros/humble/share/rclcpp_components/cmake)
[2.554s] -- Found tf2: 0.25.16 (/opt/ros/humble/share/tf2/cmake)
[2.558s] -- Found tf2_geometry_msgs: 0.25.16 (/opt/ros/humble/share/tf2_geometry_msgs/cmake)
[2.568s] -- Found eigen3_cmake_module: 0.1.1 (/opt/ros/humble/share/eigen3_cmake_module/cmake)
[2.569s] -- Found Eigen3: TRUE (found version "3.4.0") 
[2.569s] -- Ensuring Eigen3 include directory is part of orocos-kdl CMake target
[2.652s] -- Found ament_lint_auto: 0.12.14 (/opt/ros/humble/share/ament_lint_auto/cmake)
[2.714s] -- Added test 'cppcheck' to perform static code analysis on C / C++ code
[2.714s] -- Configured cppcheck include dirs: $<BUILD_INTERFACE:/home/quangsang/ego_ws/src/perception_pcl/pcl_ros/include>
[2.714s] -- Configured cppcheck exclude dirs and/or files: 
[2.717s] -- Added test 'cpplint' to check C / C++ code against the Google style
[2.717s] -- Configured cpplint exclude dirs and/or files: 
[2.718s] -- Added test 'flake8' to check Python code syntax and style conventions
[2.719s] -- Added test 'lint_cmake' to check CMake code style
[2.720s] -- Added test 'pep257' to check Python code against some of the docstring style conventions in PEP 257
[2.723s] -- Added test 'uncrustify' to check C / C++ code style
[2.723s] -- Configured uncrustify additional arguments: 
[2.723s] -- Added test 'xmllint' to check XML markup files
[2.725s] -- Configuring done
[2.760s] -- Generating done
[2.769s] -- Build files have been written to: /home/quangsang/ego_ws/build/pcl_ros
[2.783s] Invoked command in '/home/quangsang/ego_ws/build/pcl_ros' returned '0': CMAKE_PREFIX_PATH=/home/quangsang/ego_ws/install/pcl_conversions:/home/quangsang/ego_ws/install/pcl_msgs:/home/quangsang/ros2_ws/install/ros_ign_bridge:/home/quangsang/ros2_ws/install/ros_gz_bridge:/home/quangsang/ros2_ws/install/ros_gz_interfaces:/home/quangsang/ros2_ws/install/rmw_cyclonedds_cpp:/home/quangsang/ros2_ws/install/px4_msgs:/home/quangsang/ros2_ws/install/gz_ros_bridge:/home/quangsang/ros2_ws/install/depthimage_to_pointcloud2:/home/quangsang/ros2_ws/install/cyclonedds:/home/quangsang/ego_ws/install/waypoint_generator:/home/quangsang/ego_ws/install/so3_quadrotor_simulator:/home/quangsang/ego_ws/install/uav_utils:/home/quangsang/ego_ws/install/rosmsg_tcp_bridge:/home/quangsang/ego_ws/install/offboard_control:/home/quangsang/ego_ws/install/ego_planner:/home/quangsang/ego_ws/install/bspline_opt:/home/quangsang/ego_ws/install/traj_utils:/home/quangsang/ego_ws/install/so3_control:/home/quangsang/ego_ws/install/poscmd_2_odom:/home/quangsang/ego_ws/install/odom_visualization:/home/quangsang/ego_ws/install/multi_map_server:/home/quangsang/ego_ws/install/local_sensing:/home/quangsang/ego_ws/install/quadrotor_msgs:/home/quangsang/ego_ws/install/px4_msgs:/home/quangsang/ego_ws/install/pose_utils:/home/quangsang/ego_ws/install/path_searching:/home/quangsang/ego_ws/install/plan_env:/home/quangsang/ego_ws/install/perception_pcl:/home/quangsang/ego_ws/install/mockamap:/home/quangsang/ego_ws/install/pcl_ros:/home/quangsang/ego_ws/install/map_generator:/home/quangsang/ego_ws/install/drone_detect:/home/quangsang/ego_ws/install/cmake_utils:/home/quangsang/ros2_ws/install/gz_openvins_bridge:/home/quangsang/ros2_ws/install/obstacle_publisher:/opt/ros/humble LD_LIBRARY_PATH=/home/quangsang/ego_ws/install/pcl_msgs/lib:/home/quangsang/ros2_ws/install/ros_gz_bridge/lib:/home/quangsang/ros2_ws/install/ros_gz_interfaces/lib:/home/quangsang/ros2_ws/install/rmw_cyclonedds_cpp/lib:/home/quangsang/ros2_ws/install/px4_msgs/lib:/home/quangsang/ros2_ws/install/cyclonedds/lib:/home/quangsang/ego_ws/install/bspline_opt/lib:/home/quangsang/ego_ws/install/traj_utils/lib:/home/quangsang/ego_ws/install/so3_control/lib:/home/quangsang/ego_ws/install/multi_map_server/lib:/home/quangsang/ego_ws/install/quadrotor_msgs/lib:/home/quangsang/ego_ws/install/px4_msgs/lib:/home/quangsang/ego_ws/install/pose_utils/lib:/home/quangsang/ego_ws/install/path_searching/lib:/home/quangsang/ego_ws/install/plan_env/lib:/home/quangsang/ego_ws/install/pcl_ros/lib:/opt/ros/humble/opt/rviz_ogre_vendor/lib:/opt/ros/humble/lib/x86_64-linux-gnu:/opt/ros/humble/lib:/usr/local/cuda-11.8/lib64 /usr/bin/cmake /home/quangsang/ego_ws/src/perception_pcl/pcl_ros -DCMAKE_INSTALL_PREFIX=/home/quangsang/ego_ws/install/pcl_ros
[2.785s] Invoking command in '/home/quangsang/ego_ws/build/pcl_ros': CMAKE_PREFIX_PATH=/home/quangsang/ego_ws/install/pcl_conversions:/home/quangsang/ego_ws/install/pcl_msgs:/home/quangsang/ros2_ws/install/ros_ign_bridge:/home/quangsang/ros2_ws/install/ros_gz_bridge:/home/quangsang/ros2_ws/install/ros_gz_interfaces:/home/quangsang/ros2_ws/install/rmw_cyclonedds_cpp:/home/quangsang/ros2_ws/install/px4_msgs:/home/quangsang/ros2_ws/install/gz_ros_bridge:/home/quangsang/ros2_ws/install/depthimage_to_pointcloud2:/home/quangsang/ros2_ws/install/cyclonedds:/home/quangsang/ego_ws/install/waypoint_generator:/home/quangsang/ego_ws/install/so3_quadrotor_simulator:/home/quangsang/ego_ws/install/uav_utils:/home/quangsang/ego_ws/install/rosmsg_tcp_bridge:/home/quangsang/ego_ws/install/offboard_control:/home/quangsang/ego_ws/install/ego_planner:/home/quangsang/ego_ws/install/bspline_opt:/home/quangsang/ego_ws/install/traj_utils:/home/quangsang/ego_ws/install/so3_control:/home/quangsang/ego_ws/install/poscmd_2_odom:/home/quangsang/ego_ws/install/odom_visualization:/home/quangsang/ego_ws/install/multi_map_server:/home/quangsang/ego_ws/install/local_sensing:/home/quangsang/ego_ws/install/quadrotor_msgs:/home/quangsang/ego_ws/install/px4_msgs:/home/quangsang/ego_ws/install/pose_utils:/home/quangsang/ego_ws/install/path_searching:/home/quangsang/ego_ws/install/plan_env:/home/quangsang/ego_ws/install/perception_pcl:/home/quangsang/ego_ws/install/mockamap:/home/quangsang/ego_ws/install/pcl_ros:/home/quangsang/ego_ws/install/map_generator:/home/quangsang/ego_ws/install/drone_detect:/home/quangsang/ego_ws/install/cmake_utils:/home/quangsang/ros2_ws/install/gz_openvins_bridge:/home/quangsang/ros2_ws/install/obstacle_publisher:/opt/ros/humble LD_LIBRARY_PATH=/home/quangsang/ego_ws/install/pcl_msgs/lib:/home/quangsang/ros2_ws/install/ros_gz_bridge/lib:/home/quangsang/ros2_ws/install/ros_gz_interfaces/lib:/home/quangsang/ros2_ws/install/rmw_cyclonedds_cpp/lib:/home/quangsang/ros2_ws/install/px4_msgs/lib:/home/quangsang/ros2_ws/install/cyclonedds/lib:/home/quangsang/ego_ws/install/bspline_opt/lib:/home/quangsang/ego_ws/install/traj_utils/lib:/home/quangsang/ego_ws/install/so3_control/lib:/home/quangsang/ego_ws/install/multi_map_server/lib:/home/quangsang/ego_ws/install/quadrotor_msgs/lib:/home/quangsang/ego_ws/install/px4_msgs/lib:/home/quangsang/ego_ws/install/pose_utils/lib:/home/quangsang/ego_ws/install/path_searching/lib:/home/quangsang/ego_ws/install/plan_env/lib:/home/quangsang/ego_ws/install/pcl_ros/lib:/opt/ros/humble/opt/rviz_ogre_vendor/lib:/opt/ros/humble/lib/x86_64-linux-gnu:/opt/ros/humble/lib:/usr/local/cuda-11.8/lib64 /usr/bin/cmake --build /home/quangsang/ego_ws/build/pcl_ros -- -j20 -l20
[2.834s] [ 16%] [32mBuilding CXX object CMakeFiles/pcl_ros_tf.dir/src/transforms.cpp.o[0m
[2.834s] [ 50%] [32mBuilding CXX object CMakeFiles/pcd_to_pointcloud.dir/rclcpp_components/node_main_pcd_to_pointcloud.cpp.o[0m
[2.834s] [ 50%] [32mBuilding CXX object CMakeFiles/pcd_to_pointcloud_lib.dir/tools/pcd_to_pointcloud.cpp.o[0m
[4.958s] [ 66%] [32m[1mLinking CXX executable pcd_to_pointcloud[0m
[5.091s] [ 66%] Built target pcd_to_pointcloud
[8.458s] [ 83%] [32m[1mLinking CXX shared library libpcd_to_pointcloud_lib.so[0m
[8.926s] [ 83%] Built target pcd_to_pointcloud_lib
[10.711s] [100%] [32m[1mLinking CXX static library libpcl_ros_tf.a[0m
[10.787s] [100%] Built target pcl_ros_tf
[10.798s] Invoked command in '/home/quangsang/ego_ws/build/pcl_ros' returned '0': CMAKE_PREFIX_PATH=/home/quangsang/ego_ws/install/pcl_conversions:/home/quangsang/ego_ws/install/pcl_msgs:/home/quangsang/ros2_ws/install/ros_ign_bridge:/home/quangsang/ros2_ws/install/ros_gz_bridge:/home/quangsang/ros2_ws/install/ros_gz_interfaces:/home/quangsang/ros2_ws/install/rmw_cyclonedds_cpp:/home/quangsang/ros2_ws/install/px4_msgs:/home/quangsang/ros2_ws/install/gz_ros_bridge:/home/quangsang/ros2_ws/install/depthimage_to_pointcloud2:/home/quangsang/ros2_ws/install/cyclonedds:/home/quangsang/ego_ws/install/waypoint_generator:/home/quangsang/ego_ws/install/so3_quadrotor_simulator:/home/quangsang/ego_ws/install/uav_utils:/home/quangsang/ego_ws/install/rosmsg_tcp_bridge:/home/quangsang/ego_ws/install/offboard_control:/home/quangsang/ego_ws/install/ego_planner:/home/quangsang/ego_ws/install/bspline_opt:/home/quangsang/ego_ws/install/traj_utils:/home/quangsang/ego_ws/install/so3_control:/home/quangsang/ego_ws/install/poscmd_2_odom:/home/quangsang/ego_ws/install/odom_visualization:/home/quangsang/ego_ws/install/multi_map_server:/home/quangsang/ego_ws/install/local_sensing:/home/quangsang/ego_ws/install/quadrotor_msgs:/home/quangsang/ego_ws/install/px4_msgs:/home/quangsang/ego_ws/install/pose_utils:/home/quangsang/ego_ws/install/path_searching:/home/quangsang/ego_ws/install/plan_env:/home/quangsang/ego_ws/install/perception_pcl:/home/quangsang/ego_ws/install/mockamap:/home/quangsang/ego_ws/install/pcl_ros:/home/quangsang/ego_ws/install/map_generator:/home/quangsang/ego_ws/install/drone_detect:/home/quangsang/ego_ws/install/cmake_utils:/home/quangsang/ros2_ws/install/gz_openvins_bridge:/home/quangsang/ros2_ws/install/obstacle_publisher:/opt/ros/humble LD_LIBRARY_PATH=/home/quangsang/ego_ws/install/pcl_msgs/lib:/home/quangsang/ros2_ws/install/ros_gz_bridge/lib:/home/quangsang/ros2_ws/install/ros_gz_interfaces/lib:/home/quangsang/ros2_ws/install/rmw_cyclonedds_cpp/lib:/home/quangsang/ros2_ws/install/px4_msgs/lib:/home/quangsang/ros2_ws/install/cyclonedds/lib:/home/quangsang/ego_ws/install/bspline_opt/lib:/home/quangsang/ego_ws/install/traj_utils/lib:/home/quangsang/ego_ws/install/so3_control/lib:/home/quangsang/ego_ws/install/multi_map_server/lib:/home/quangsang/ego_ws/install/quadrotor_msgs/lib:/home/quangsang/ego_ws/install/px4_msgs/lib:/home/quangsang/ego_ws/install/pose_utils/lib:/home/quangsang/ego_ws/install/path_searching/lib:/home/quangsang/ego_ws/install/plan_env/lib:/home/quangsang/ego_ws/install/pcl_ros/lib:/opt/ros/humble/opt/rviz_ogre_vendor/lib:/opt/ros/humble/lib/x86_64-linux-gnu:/opt/ros/humble/lib:/usr/local/cuda-11.8/lib64 /usr/bin/cmake --build /home/quangsang/ego_ws/build/pcl_ros -- -j20 -l20
[10.800s] Invoking command in '/home/quangsang/ego_ws/build/pcl_ros': CMAKE_PREFIX_PATH=/home/quangsang/ego_ws/install/pcl_conversions:/home/quangsang/ego_ws/install/pcl_msgs:/home/quangsang/ros2_ws/install/ros_ign_bridge:/home/quangsang/ros2_ws/install/ros_gz_bridge:/home/quangsang/ros2_ws/install/ros_gz_interfaces:/home/quangsang/ros2_ws/install/rmw_cyclonedds_cpp:/home/quangsang/ros2_ws/install/px4_msgs:/home/quangsang/ros2_ws/install/gz_ros_bridge:/home/quangsang/ros2_ws/install/depthimage_to_pointcloud2:/home/quangsang/ros2_ws/install/cyclonedds:/home/quangsang/ego_ws/install/waypoint_generator:/home/quangsang/ego_ws/install/so3_quadrotor_simulator:/home/quangsang/ego_ws/install/uav_utils:/home/quangsang/ego_ws/install/rosmsg_tcp_bridge:/home/quangsang/ego_ws/install/offboard_control:/home/quangsang/ego_ws/install/ego_planner:/home/quangsang/ego_ws/install/bspline_opt:/home/quangsang/ego_ws/install/traj_utils:/home/quangsang/ego_ws/install/so3_control:/home/quangsang/ego_ws/install/poscmd_2_odom:/home/quangsang/ego_ws/install/odom_visualization:/home/quangsang/ego_ws/install/multi_map_server:/home/quangsang/ego_ws/install/local_sensing:/home/quangsang/ego_ws/install/quadrotor_msgs:/home/quangsang/ego_ws/install/px4_msgs:/home/quangsang/ego_ws/install/pose_utils:/home/quangsang/ego_ws/install/path_searching:/home/quangsang/ego_ws/install/plan_env:/home/quangsang/ego_ws/install/perception_pcl:/home/quangsang/ego_ws/install/mockamap:/home/quangsang/ego_ws/install/pcl_ros:/home/quangsang/ego_ws/install/map_generator:/home/quangsang/ego_ws/install/drone_detect:/home/quangsang/ego_ws/install/cmake_utils:/home/quangsang/ros2_ws/install/gz_openvins_bridge:/home/quangsang/ros2_ws/install/obstacle_publisher:/opt/ros/humble LD_LIBRARY_PATH=/home/quangsang/ego_ws/install/pcl_msgs/lib:/home/quangsang/ros2_ws/install/ros_gz_bridge/lib:/home/quangsang/ros2_ws/install/ros_gz_interfaces/lib:/home/quangsang/ros2_ws/install/rmw_cyclonedds_cpp/lib:/home/quangsang/ros2_ws/install/px4_msgs/lib:/home/quangsang/ros2_ws/install/cyclonedds/lib:/home/quangsang/ego_ws/install/bspline_opt/lib:/home/quangsang/ego_ws/install/traj_utils/lib:/home/quangsang/ego_ws/install/so3_control/lib:/home/quangsang/ego_ws/install/multi_map_server/lib:/home/quangsang/ego_ws/install/quadrotor_msgs/lib:/home/quangsang/ego_ws/install/px4_msgs/lib:/home/quangsang/ego_ws/install/pose_utils/lib:/home/quangsang/ego_ws/install/path_searching/lib:/home/quangsang/ego_ws/install/plan_env/lib:/home/quangsang/ego_ws/install/pcl_ros/lib:/opt/ros/humble/opt/rviz_ogre_vendor/lib:/opt/ros/humble/lib/x86_64-linux-gnu:/opt/ros/humble/lib:/usr/local/cuda-11.8/lib64 /usr/bin/cmake --install /home/quangsang/ego_ws/build/pcl_ros
[10.807s] -- Install configuration: ""
[10.807s] -- Installing: /home/quangsang/ego_ws/install/pcl_ros/lib/pcl_ros/pcd_to_pointcloud
[10.808s] -- Set runtime path of "/home/quangsang/ego_ws/install/pcl_ros/lib/pcl_ros/pcd_to_pointcloud" to ""
[10.808s] -- Installing: /home/quangsang/ego_ws/install/pcl_ros/include/pcl_ros
[10.808s] -- Installing: /home/quangsang/ego_ws/install/pcl_ros/include/pcl_ros/pcl_ros
[10.808s] -- Installing: /home/quangsang/ego_ws/install/pcl_ros/include/pcl_ros/pcl_ros/features
[10.808s] -- Installing: /home/quangsang/ego_ws/install/pcl_ros/include/pcl_ros/pcl_ros/features/shot.hpp
[10.808s] -- Installing: /home/quangsang/ego_ws/install/pcl_ros/include/pcl_ros/pcl_ros/features/normal_3d_tbb.hpp
[10.808s] -- Installing: /home/quangsang/ego_ws/install/pcl_ros/include/pcl_ros/pcl_ros/features/boundary.hpp
[10.808s] -- Installing: /home/quangsang/ego_ws/install/pcl_ros/include/pcl_ros/pcl_ros/features/shot_omp.hpp
[10.808s] -- Installing: /home/quangsang/ego_ws/install/pcl_ros/include/pcl_ros/pcl_ros/features/pfh.hpp
[10.808s] -- Installing: /home/quangsang/ego_ws/install/pcl_ros/include/pcl_ros/pcl_ros/features/moment_invariants.hpp
[10.808s] -- Installing: /home/quangsang/ego_ws/install/pcl_ros/include/pcl_ros/pcl_ros/features/vfh.hpp
[10.808s] -- Installing: /home/quangsang/ego_ws/install/pcl_ros/include/pcl_ros/pcl_ros/features/normal_3d_omp.hpp
[10.808s] -- Installing: /home/quangsang/ego_ws/install/pcl_ros/include/pcl_ros/pcl_ros/features/fpfh.hpp
[10.808s] -- Installing: /home/quangsang/ego_ws/install/pcl_ros/include/pcl_ros/pcl_ros/features/feature.hpp
[10.808s] -- Installing: /home/quangsang/ego_ws/install/pcl_ros/include/pcl_ros/pcl_ros/features/principal_curvatures.hpp
[10.809s] -- Installing: /home/quangsang/ego_ws/install/pcl_ros/include/pcl_ros/pcl_ros/features/fpfh_omp.hpp
[10.809s] -- Installing: /home/quangsang/ego_ws/install/pcl_ros/include/pcl_ros/pcl_ros/features/normal_3d.hpp
[10.809s] -- Installing: /home/quangsang/ego_ws/install/pcl_ros/include/pcl_ros/pcl_ros/point_cloud.hpp
[10.809s] -- Installing: /home/quangsang/ego_ws/install/pcl_ros/include/pcl_ros/pcl_ros/segmentation
[10.809s] -- Installing: /home/quangsang/ego_ws/install/pcl_ros/include/pcl_ros/pcl_ros/segmentation/extract_polygonal_prism_data.hpp
[10.809s] -- Installing: /home/quangsang/ego_ws/install/pcl_ros/include/pcl_ros/pcl_ros/segmentation/sac_segmentation.hpp
[10.809s] -- Installing: /home/quangsang/ego_ws/install/pcl_ros/include/pcl_ros/pcl_ros/segmentation/extract_clusters.hpp
[10.809s] -- Installing: /home/quangsang/ego_ws/install/pcl_ros/include/pcl_ros/pcl_ros/segmentation/segment_differences.hpp
[10.809s] -- Installing: /home/quangsang/ego_ws/install/pcl_ros/include/pcl_ros/pcl_ros/filters
[10.809s] -- Installing: /home/quangsang/ego_ws/install/pcl_ros/include/pcl_ros/pcl_ros/filters/extract_indices.hpp
[10.809s] -- Installing: /home/quangsang/ego_ws/install/pcl_ros/include/pcl_ros/pcl_ros/filters/crop_box.hpp
[10.809s] -- Installing: /home/quangsang/ego_ws/install/pcl_ros/include/pcl_ros/pcl_ros/filters/project_inliers.hpp
[10.809s] -- Installing: /home/quangsang/ego_ws/install/pcl_ros/include/pcl_ros/pcl_ros/filters/statistical_outlier_removal.hpp
[10.809s] -- Installing: /home/quangsang/ego_ws/install/pcl_ros/include/pcl_ros/pcl_ros/filters/passthrough.hpp
[10.809s] -- Installing: /home/quangsang/ego_ws/install/pcl_ros/include/pcl_ros/pcl_ros/filters/voxel_grid.hpp
[10.809s] -- Installing: /home/quangsang/ego_ws/install/pcl_ros/include/pcl_ros/pcl_ros/filters/radius_outlier_removal.hpp
[10.810s] -- Installing: /home/quangsang/ego_ws/install/pcl_ros/include/pcl_ros/pcl_ros/filters/filter.hpp
[10.810s] -- Installing: /home/quangsang/ego_ws/install/pcl_ros/include/pcl_ros/pcl_ros/transforms.hpp
[10.810s] -- Installing: /home/quangsang/ego_ws/install/pcl_ros/include/pcl_ros/pcl_ros/impl
[10.810s] -- Installing: /home/quangsang/ego_ws/install/pcl_ros/include/pcl_ros/pcl_ros/impl/transforms.hpp
[10.810s] -- Installing: /home/quangsang/ego_ws/install/pcl_ros/include/pcl_ros/pcl_ros/pcl_nodelet.hpp
[10.810s] -- Installing: /home/quangsang/ego_ws/install/pcl_ros/include/pcl_ros/pcl_ros/surface
[10.810s] -- Installing: /home/quangsang/ego_ws/install/pcl_ros/include/pcl_ros/pcl_ros/surface/moving_least_squares.hpp
[10.810s] -- Installing: /home/quangsang/ego_ws/install/pcl_ros/include/pcl_ros/pcl_ros/surface/convex_hull.hpp
[10.810s] -- Installing: /home/quangsang/ego_ws/install/pcl_ros/include/pcl_ros/pcl_ros/io
[10.810s] -- Installing: /home/quangsang/ego_ws/install/pcl_ros/include/pcl_ros/pcl_ros/io/concatenate_data.hpp
[10.810s] -- Installing: /home/quangsang/ego_ws/install/pcl_ros/include/pcl_ros/pcl_ros/io/pcd_io.hpp
[10.810s] -- Installing: /home/quangsang/ego_ws/install/pcl_ros/include/pcl_ros/pcl_ros/io/bag_io.hpp
[10.810s] -- Installing: /home/quangsang/ego_ws/install/pcl_ros/include/pcl_ros/pcl_ros/io/concatenate_fields.hpp
[10.810s] -- Installing: /home/quangsang/ego_ws/install/pcl_ros/include/pcl_ros/pcl_ros/publisher.hpp
[10.810s] -- Installing: /home/quangsang/ego_ws/install/pcl_ros/lib/libpcl_ros_tf.a
[10.812s] -- Installing: /home/quangsang/ego_ws/install/pcl_ros/lib/libpcd_to_pointcloud_lib.so
[10.813s] -- Set runtime path of "/home/quangsang/ego_ws/install/pcl_ros/lib/libpcd_to_pointcloud_lib.so" to ""
[10.813s] -- Installing: /home/quangsang/ego_ws/install/pcl_ros/share/pcl_ros/plugins
[10.813s] -- Installing: /home/quangsang/ego_ws/install/pcl_ros/share/pcl_ros/plugins/nodelet
[10.813s] -- Installing: /home/quangsang/ego_ws/install/pcl_ros/share/pcl_ros/plugins/nodelet/libpcl_ros_segmentation.xml
[10.814s] -- Installing: /home/quangsang/ego_ws/install/pcl_ros/share/pcl_ros/plugins/nodelet/libpcl_ros_io.xml
[10.814s] -- Installing: /home/quangsang/ego_ws/install/pcl_ros/share/pcl_ros/plugins/nodelet/libpcl_ros_filters.xml
[10.814s] -- Installing: /home/quangsang/ego_ws/install/pcl_ros/share/pcl_ros/plugins/nodelet/libpcl_ros_surface.xml
[10.814s] -- Installing: /home/quangsang/ego_ws/install/pcl_ros/share/pcl_ros/plugins/nodelet/libpcl_ros_features.xml
[10.814s] -- Installing: /home/quangsang/ego_ws/install/pcl_ros/share/pcl_ros/samples
[10.814s] -- Installing: /home/quangsang/ego_ws/install/pcl_ros/share/pcl_ros/samples/data
[10.814s] -- Installing: /home/quangsang/ego_ws/install/pcl_ros/share/pcl_ros/samples/data/.gitignore
[10.814s] -- Installing: /home/quangsang/ego_ws/install/pcl_ros/share/pcl_ros/samples/pcl_ros
[10.814s] -- Installing: /home/quangsang/ego_ws/install/pcl_ros/share/pcl_ros/samples/pcl_ros/features
[10.814s] -- Installing: /home/quangsang/ego_ws/install/pcl_ros/share/pcl_ros/samples/pcl_ros/features/sample_normal_3d.launch
[10.814s] -- Installing: /home/quangsang/ego_ws/install/pcl_ros/share/pcl_ros/samples/pcl_ros/segmentation
[10.814s] -- Installing: /home/quangsang/ego_ws/install/pcl_ros/share/pcl_ros/samples/pcl_ros/segmentation/sample_extract_clusters.launch
[10.814s] -- Installing: /home/quangsang/ego_ws/install/pcl_ros/share/pcl_ros/samples/pcl_ros/filters
[10.814s] -- Installing: /home/quangsang/ego_ws/install/pcl_ros/share/pcl_ros/samples/pcl_ros/filters/config
[10.814s] -- Installing: /home/quangsang/ego_ws/install/pcl_ros/share/pcl_ros/samples/pcl_ros/filters/config/voxel_grid.rviz
[10.814s] -- Installing: /home/quangsang/ego_ws/install/pcl_ros/share/pcl_ros/samples/pcl_ros/filters/config/statistical_outlier_removal.rviz
[10.814s] -- Installing: /home/quangsang/ego_ws/install/pcl_ros/share/pcl_ros/samples/pcl_ros/filters/sample_statistical_outlier_removal.launch
[10.814s] -- Installing: /home/quangsang/ego_ws/install/pcl_ros/share/pcl_ros/samples/pcl_ros/filters/sample_voxel_grid.launch
[10.815s] -- Installing: /home/quangsang/ego_ws/install/pcl_ros/share/pcl_ros/samples/pcl_ros/surface
[10.815s] -- Installing: /home/quangsang/ego_ws/install/pcl_ros/share/pcl_ros/samples/pcl_ros/surface/sample_convex_hull.launch
[10.815s] -- Installing: /home/quangsang/ego_ws/install/pcl_ros/share/pcl_ros/samples/pcl_ros/io
[10.815s] -- Installing: /home/quangsang/ego_ws/install/pcl_ros/share/pcl_ros/samples/pcl_ros/io/sample_concatenate_data.launch
[10.815s] -- Installing: /home/quangsang/ego_ws/install/pcl_ros/share/pcl_ros/environment/library_path.sh
[10.815s] -- Installing: /home/quangsang/ego_ws/install/pcl_ros/share/pcl_ros/environment/library_path.dsv
[10.815s] -- Installing: /home/quangsang/ego_ws/install/pcl_ros/share/ament_index/resource_index/package_run_dependencies/pcl_ros
[10.815s] -- Installing: /home/quangsang/ego_ws/install/pcl_ros/share/ament_index/resource_index/parent_prefix_path/pcl_ros
[10.815s] -- Installing: /home/quangsang/ego_ws/install/pcl_ros/share/pcl_ros/environment/ament_prefix_path.sh
[10.815s] -- Installing: /home/quangsang/ego_ws/install/pcl_ros/share/pcl_ros/environment/ament_prefix_path.dsv
[10.815s] -- Installing: /home/quangsang/ego_ws/install/pcl_ros/share/pcl_ros/environment/path.sh
[10.815s] -- Installing: /home/quangsang/ego_ws/install/pcl_ros/share/pcl_ros/environment/path.dsv
[10.815s] -- Installing: /home/quangsang/ego_ws/install/pcl_ros/share/pcl_ros/local_setup.bash
[10.815s] -- Installing: /home/quangsang/ego_ws/install/pcl_ros/share/pcl_ros/local_setup.sh
[10.815s] -- Installing: /home/quangsang/ego_ws/install/pcl_ros/share/pcl_ros/local_setup.zsh
[10.815s] -- Installing: /home/quangsang/ego_ws/install/pcl_ros/share/pcl_ros/local_setup.dsv
[10.816s] -- Installing: /home/quangsang/ego_ws/install/pcl_ros/share/pcl_ros/package.dsv
[10.816s] -- Installing: /home/quangsang/ego_ws/install/pcl_ros/share/ament_index/resource_index/packages/pcl_ros
[10.816s] -- Installing: /home/quangsang/ego_ws/install/pcl_ros/share/ament_index/resource_index/rclcpp_components/pcl_ros
[10.816s] -- Installing: /home/quangsang/ego_ws/install/pcl_ros/share/pcl_ros/cmake/export_pcl_rosExport.cmake
[10.816s] -- Installing: /home/quangsang/ego_ws/install/pcl_ros/share/pcl_ros/cmake/export_pcl_rosExport-noconfig.cmake
[10.816s] -- Installing: /home/quangsang/ego_ws/install/pcl_ros/share/pcl_ros/cmake/ament_cmake_export_include_directories-extras.cmake
[10.816s] -- Installing: /home/quangsang/ego_ws/install/pcl_ros/share/pcl_ros/cmake/ament_cmake_export_libraries-extras.cmake
[10.816s] -- Installing: /home/quangsang/ego_ws/install/pcl_ros/share/pcl_ros/cmake/ament_cmake_export_targets-extras.cmake
[10.816s] -- Installing: /home/quangsang/ego_ws/install/pcl_ros/share/pcl_ros/cmake/ament_cmake_export_dependencies-extras.cmake
[10.816s] -- Installing: /home/quangsang/ego_ws/install/pcl_ros/share/pcl_ros/cmake/pcl_rosConfig.cmake
[10.816s] -- Installing: /home/quangsang/ego_ws/install/pcl_ros/share/pcl_ros/cmake/pcl_rosConfig-version.cmake
[10.816s] -- Installing: /home/quangsang/ego_ws/install/pcl_ros/share/pcl_ros/package.xml
[10.819s] Invoked command in '/home/quangsang/ego_ws/build/pcl_ros' returned '0': CMAKE_PREFIX_PATH=/home/quangsang/ego_ws/install/pcl_conversions:/home/quangsang/ego_ws/install/pcl_msgs:/home/quangsang/ros2_ws/install/ros_ign_bridge:/home/quangsang/ros2_ws/install/ros_gz_bridge:/home/quangsang/ros2_ws/install/ros_gz_interfaces:/home/quangsang/ros2_ws/install/rmw_cyclonedds_cpp:/home/quangsang/ros2_ws/install/px4_msgs:/home/quangsang/ros2_ws/install/gz_ros_bridge:/home/quangsang/ros2_ws/install/depthimage_to_pointcloud2:/home/quangsang/ros2_ws/install/cyclonedds:/home/quangsang/ego_ws/install/waypoint_generator:/home/quangsang/ego_ws/install/so3_quadrotor_simulator:/home/quangsang/ego_ws/install/uav_utils:/home/quangsang/ego_ws/install/rosmsg_tcp_bridge:/home/quangsang/ego_ws/install/offboard_control:/home/quangsang/ego_ws/install/ego_planner:/home/quangsang/ego_ws/install/bspline_opt:/home/quangsang/ego_ws/install/traj_utils:/home/quangsang/ego_ws/install/so3_control:/home/quangsang/ego_ws/install/poscmd_2_odom:/home/quangsang/ego_ws/install/odom_visualization:/home/quangsang/ego_ws/install/multi_map_server:/home/quangsang/ego_ws/install/local_sensing:/home/quangsang/ego_ws/install/quadrotor_msgs:/home/quangsang/ego_ws/install/px4_msgs:/home/quangsang/ego_ws/install/pose_utils:/home/quangsang/ego_ws/install/path_searching:/home/quangsang/ego_ws/install/plan_env:/home/quangsang/ego_ws/install/perception_pcl:/home/quangsang/ego_ws/install/mockamap:/home/quangsang/ego_ws/install/pcl_ros:/home/quangsang/ego_ws/install/map_generator:/home/quangsang/ego_ws/install/drone_detect:/home/quangsang/ego_ws/install/cmake_utils:/home/quangsang/ros2_ws/install/gz_openvins_bridge:/home/quangsang/ros2_ws/install/obstacle_publisher:/opt/ros/humble LD_LIBRARY_PATH=/home/quangsang/ego_ws/install/pcl_msgs/lib:/home/quangsang/ros2_ws/install/ros_gz_bridge/lib:/home/quangsang/ros2_ws/install/ros_gz_interfaces/lib:/home/quangsang/ros2_ws/install/rmw_cyclonedds_cpp/lib:/home/quangsang/ros2_ws/install/px4_msgs/lib:/home/quangsang/ros2_ws/install/cyclonedds/lib:/home/quangsang/ego_ws/install/bspline_opt/lib:/home/quangsang/ego_ws/install/traj_utils/lib:/home/quangsang/ego_ws/install/so3_control/lib:/home/quangsang/ego_ws/install/multi_map_server/lib:/home/quangsang/ego_ws/install/quadrotor_msgs/lib:/home/quangsang/ego_ws/install/px4_msgs/lib:/home/quangsang/ego_ws/install/pose_utils/lib:/home/quangsang/ego_ws/install/path_searching/lib:/home/quangsang/ego_ws/install/plan_env/lib:/home/quangsang/ego_ws/install/pcl_ros/lib:/opt/ros/humble/opt/rviz_ogre_vendor/lib:/opt/ros/humble/lib/x86_64-linux-gnu:/opt/ros/humble/lib:/usr/local/cuda-11.8/lib64 /usr/bin/cmake --install /home/quangsang/ego_ws/build/pcl_ros
