[0.014s] Invoking command in '/home/quangsang/ego_ws/build/bspline_opt': CMAKE_PREFIX_PATH=/home/quangsang/ego_ws/install/path_searching:/home/quangsang/ego_ws/install/plan_env:/home/quangsang/ego_ws/install/pcl_conversions:/home/quangsang/ego_ws/install/traj_utils:/home/quangsang/ego_ws/install/pcl_msgs:/home/quangsang/ros2_ws/install/ros_ign_bridge:/home/quangsang/ros2_ws/install/ros_gz_bridge:/home/quangsang/ros2_ws/install/ros_gz_interfaces:/home/quangsang/ros2_ws/install/rmw_cyclonedds_cpp:/home/quangsang/ros2_ws/install/px4_msgs:/home/quangsang/ros2_ws/install/gz_ros_bridge:/home/quangsang/ros2_ws/install/depthimage_to_pointcloud2:/home/quangsang/ros2_ws/install/cyclonedds:/home/quangsang/ego_ws/install/waypoint_generator:/home/quangsang/ego_ws/install/so3_quadrotor_simulator:/home/quangsang/ego_ws/install/uav_utils:/home/quangsang/ego_ws/install/rosmsg_tcp_bridge:/home/quangsang/ego_ws/install/offboard_control:/home/quangsang/ego_ws/install/ego_planner:/home/quangsang/ego_ws/install/bspline_opt:/home/quangsang/ego_ws/install/so3_control:/home/quangsang/ego_ws/install/poscmd_2_odom:/home/quangsang/ego_ws/install/odom_visualization:/home/quangsang/ego_ws/install/multi_map_server:/home/quangsang/ego_ws/install/local_sensing:/home/quangsang/ego_ws/install/quadrotor_msgs:/home/quangsang/ego_ws/install/px4_msgs:/home/quangsang/ego_ws/install/pose_utils:/home/quangsang/ego_ws/install/perception_pcl:/home/quangsang/ego_ws/install/mockamap:/home/quangsang/ego_ws/install/pcl_ros:/home/quangsang/ego_ws/install/map_generator:/home/quangsang/ego_ws/install/drone_detect:/home/quangsang/ego_ws/install/cmake_utils:/home/quangsang/ros2_ws/install/gz_openvins_bridge:/home/quangsang/ros2_ws/install/obstacle_publisher:/opt/ros/humble LD_LIBRARY_PATH=/home/quangsang/ego_ws/install/path_searching/lib:/home/quangsang/ego_ws/install/plan_env/lib:/home/quangsang/ego_ws/install/traj_utils/lib:/home/quangsang/ego_ws/install/pcl_msgs/lib:/home/quangsang/ros2_ws/install/ros_gz_bridge/lib:/home/quangsang/ros2_ws/install/ros_gz_interfaces/lib:/home/quangsang/ros2_ws/install/rmw_cyclonedds_cpp/lib:/home/quangsang/ros2_ws/install/px4_msgs/lib:/home/quangsang/ros2_ws/install/cyclonedds/lib:/home/quangsang/ego_ws/install/bspline_opt/lib:/home/quangsang/ego_ws/install/so3_control/lib:/home/quangsang/ego_ws/install/multi_map_server/lib:/home/quangsang/ego_ws/install/quadrotor_msgs/lib:/home/quangsang/ego_ws/install/px4_msgs/lib:/home/quangsang/ego_ws/install/pose_utils/lib:/home/quangsang/ego_ws/install/pcl_ros/lib:/opt/ros/humble/opt/rviz_ogre_vendor/lib:/opt/ros/humble/lib/x86_64-linux-gnu:/opt/ros/humble/lib:/usr/local/cuda-11.8/lib64 /usr/bin/cmake --build /home/quangsang/ego_ws/build/bspline_opt -- -j20 -l20
[0.053s] [35m[1mConsolidate compiler generated dependencies of target bspline_opt[0m
[0.077s] [ 25%] [32mBuilding CXX object CMakeFiles/bspline_opt.dir/src/bspline_optimizer.cpp.o[0m
[3.786s] [01m[K/home/quangsang/ego_ws/src/ego-planner-swarm/src/planner/bspline_opt/src/bspline_optimizer.cpp:[m[K In static member function ‘[01m[Kstatic int ego_planner::BsplineOptimizer::earlyExit(void*, const double*, const double*, double, double, double, double, int, int, int)[m[K’:
[3.786s] [01m[K/home/quangsang/ego_ws/src/ego-planner-swarm/src/planner/bspline_opt/src/bspline_optimizer.cpp:841:66:[m[K [01;35m[Kwarning: [m[Kunused parameter ‘[01m[Kx[m[K’ [[01;35m[K-Wunused-parameter[m[K]
[3.786s]   841 | (void *func_data, [01;35m[Kconst double *x[m[K, const double *g, const double fx, const double xnorm, const double gnorm, const double step, int n, int k, int ls)
[3.786s]       |                   [01;35m[K~~~~~~~~~~~~~~^[m[K
[3.786s] 
[3.786s] [01m[K/home/quangsang/ego_ws/src/ego-planner-swarm/src/planner/bspline_opt/src/bspline_optimizer.cpp:841:83:[m[K [01;35m[Kwarning: [m[Kunused parameter ‘[01m[Kg[m[K’ [[01;35m[K-Wunused-parameter[m[K]
[3.786s]   841 |  const double *x, [01;35m[Kconst double *g[m[K, const double fx, const double xnorm, const double gnorm, const double step, int n, int k, int ls)
[3.786s]       |                   [01;35m[K~~~~~~~~~~~~~~^[m[K
[3.786s] 
[3.786s] [01m[K/home/quangsang/ego_ws/src/ego-planner-swarm/src/planner/bspline_opt/src/bspline_optimizer.cpp:841:99:[m[K [01;35m[Kwarning: [m[Kunused parameter ‘[01m[Kfx[m[K’ [[01;35m[K-Wunused-parameter[m[K]
[3.786s]   841 | , const double *g, [01;35m[Kconst double fx[m[K, const double xnorm, const double gnorm, const double step, int n, int k, int ls)
[3.786s]       |                    [01;35m[K~~~~~~~~~~~~~^~[m[K
[3.786s] 
[3.786s] [01m[K/home/quangsang/ego_ws/src/ego-planner-swarm/src/planner/bspline_opt/src/bspline_optimizer.cpp:841:116:[m[K [01;35m[Kwarning: [m[Kunused parameter ‘[01m[Kxnorm[m[K’ [[01;35m[K-Wunused-parameter[m[K]
[3.786s]   841 | , const double fx, [01;35m[Kconst double xnorm[m[K, const double gnorm, const double step, int n, int k, int ls)
[3.786s]       |                    [01;35m[K~~~~~~~~~~~~~^~~~~[m[K
[3.786s] 
[3.786s] [01m[K/home/quangsang/ego_ws/src/ego-planner-swarm/src/planner/bspline_opt/src/bspline_optimizer.cpp:841:136:[m[K [01;35m[Kwarning: [m[Kunused parameter ‘[01m[Kgnorm[m[K’ [[01;35m[K-Wunused-parameter[m[K]
[3.786s]   841 | onst double xnorm, [01;35m[Kconst double gnorm[m[K, const double step, int n, int k, int ls)
[3.786s]       |                    [01;35m[K~~~~~~~~~~~~~^~~~~[m[K
[3.786s] 
[3.787s] [01m[K/home/quangsang/ego_ws/src/ego-planner-swarm/src/planner/bspline_opt/src/bspline_optimizer.cpp:841:156:[m[K [01;35m[Kwarning: [m[Kunused parameter ‘[01m[Kstep[m[K’ [[01;35m[K-Wunused-parameter[m[K]
[3.787s]   841 | onst double gnorm, [01;35m[Kconst double step[m[K, int n, int k, int ls)
[3.787s]       |                    [01;35m[K~~~~~~~~~~~~~^~~~[m[K
[3.787s] 
[3.787s] [01m[K/home/quangsang/ego_ws/src/ego-planner-swarm/src/planner/bspline_opt/src/bspline_optimizer.cpp:841:166:[m[K [01;35m[Kwarning: [m[Kunused parameter ‘[01m[Kn[m[K’ [[01;35m[K-Wunused-parameter[m[K]
[3.787s]   841 | e gnorm, const double step, [01;35m[Kint n[m[K, int k, int ls)
[3.787s]       |                             [01;35m[K~~~~^[m[K
[3.787s] 
[3.787s] [01m[K/home/quangsang/ego_ws/src/ego-planner-swarm/src/planner/bspline_opt/src/bspline_optimizer.cpp:841:173:[m[K [01;35m[Kwarning: [m[Kunused parameter ‘[01m[Kk[m[K’ [[01;35m[K-Wunused-parameter[m[K]
[3.787s]   841 | e gnorm, const double step, int n, [01;35m[Kint k[m[K, int ls)
[3.787s]       |                                    [01;35m[K~~~~^[m[K
[3.787s] 
[3.787s] [01m[K/home/quangsang/ego_ws/src/ego-planner-swarm/src/planner/bspline_opt/src/bspline_optimizer.cpp:841:180:[m[K [01;35m[Kwarning: [m[Kunused parameter ‘[01m[Kls[m[K’ [[01;35m[K-Wunused-parameter[m[K]
[3.787s]   841 |  double step, int n, int k, [01;35m[Kint ls[m[K)
[3.787s]       |                             [01;35m[K~~~~^~[m[K
[3.787s] 
[4.021s] [01m[K/home/quangsang/ego_ws/src/ego-planner-swarm/src/planner/bspline_opt/src/bspline_optimizer.cpp:[m[K In member function ‘[01m[Kbool ego_planner::BsplineOptimizer::rebound_optimize(double&)[m[K’:
[4.021s] [01m[K/home/quangsang/ego_ws/src/ego-planner-swarm/src/planner/bspline_opt/src/bspline_optimizer.cpp:1567:14:[m[K [01;35m[Kwarning: [m[KISO C++ forbids variable length array ‘[01m[Kq[m[K’ [[01;35m[K-Wvla[m[K]
[4.021s]  1567 |       double [01;35m[Kq[m[K[variable_num_];
[4.021s]       |              [01;35m[K^[m[K
[4.030s] [01m[K/home/quangsang/ego_ws/src/ego-planner-swarm/src/planner/bspline_opt/src/bspline_optimizer.cpp:[m[K In member function ‘[01m[Kbool ego_planner::BsplineOptimizer::refine_optimize()[m[K’:
[4.031s] [01m[K/home/quangsang/ego_ws/src/ego-planner-swarm/src/planner/bspline_opt/src/bspline_optimizer.cpp:1732:12:[m[K [01;35m[Kwarning: [m[KISO C++ forbids variable length array ‘[01m[Kq[m[K’ [[01;35m[K-Wvla[m[K]
[4.031s]  1732 |     double [01;35m[Kq[m[K[variable_num_];
[4.031s]       |            [01;35m[K^[m[K
[11.834s] [ 50%] [32m[1mLinking CXX static library libbspline_opt.a[0m
[12.057s] [100%] Built target bspline_opt
[12.065s] Invoked command in '/home/quangsang/ego_ws/build/bspline_opt' returned '0': CMAKE_PREFIX_PATH=/home/quangsang/ego_ws/install/path_searching:/home/quangsang/ego_ws/install/plan_env:/home/quangsang/ego_ws/install/pcl_conversions:/home/quangsang/ego_ws/install/traj_utils:/home/quangsang/ego_ws/install/pcl_msgs:/home/quangsang/ros2_ws/install/ros_ign_bridge:/home/quangsang/ros2_ws/install/ros_gz_bridge:/home/quangsang/ros2_ws/install/ros_gz_interfaces:/home/quangsang/ros2_ws/install/rmw_cyclonedds_cpp:/home/quangsang/ros2_ws/install/px4_msgs:/home/quangsang/ros2_ws/install/gz_ros_bridge:/home/quangsang/ros2_ws/install/depthimage_to_pointcloud2:/home/quangsang/ros2_ws/install/cyclonedds:/home/quangsang/ego_ws/install/waypoint_generator:/home/quangsang/ego_ws/install/so3_quadrotor_simulator:/home/quangsang/ego_ws/install/uav_utils:/home/quangsang/ego_ws/install/rosmsg_tcp_bridge:/home/quangsang/ego_ws/install/offboard_control:/home/quangsang/ego_ws/install/ego_planner:/home/quangsang/ego_ws/install/bspline_opt:/home/quangsang/ego_ws/install/so3_control:/home/quangsang/ego_ws/install/poscmd_2_odom:/home/quangsang/ego_ws/install/odom_visualization:/home/quangsang/ego_ws/install/multi_map_server:/home/quangsang/ego_ws/install/local_sensing:/home/quangsang/ego_ws/install/quadrotor_msgs:/home/quangsang/ego_ws/install/px4_msgs:/home/quangsang/ego_ws/install/pose_utils:/home/quangsang/ego_ws/install/perception_pcl:/home/quangsang/ego_ws/install/mockamap:/home/quangsang/ego_ws/install/pcl_ros:/home/quangsang/ego_ws/install/map_generator:/home/quangsang/ego_ws/install/drone_detect:/home/quangsang/ego_ws/install/cmake_utils:/home/quangsang/ros2_ws/install/gz_openvins_bridge:/home/quangsang/ros2_ws/install/obstacle_publisher:/opt/ros/humble LD_LIBRARY_PATH=/home/quangsang/ego_ws/install/path_searching/lib:/home/quangsang/ego_ws/install/plan_env/lib:/home/quangsang/ego_ws/install/traj_utils/lib:/home/quangsang/ego_ws/install/pcl_msgs/lib:/home/quangsang/ros2_ws/install/ros_gz_bridge/lib:/home/quangsang/ros2_ws/install/ros_gz_interfaces/lib:/home/quangsang/ros2_ws/install/rmw_cyclonedds_cpp/lib:/home/quangsang/ros2_ws/install/px4_msgs/lib:/home/quangsang/ros2_ws/install/cyclonedds/lib:/home/quangsang/ego_ws/install/bspline_opt/lib:/home/quangsang/ego_ws/install/so3_control/lib:/home/quangsang/ego_ws/install/multi_map_server/lib:/home/quangsang/ego_ws/install/quadrotor_msgs/lib:/home/quangsang/ego_ws/install/px4_msgs/lib:/home/quangsang/ego_ws/install/pose_utils/lib:/home/quangsang/ego_ws/install/pcl_ros/lib:/opt/ros/humble/opt/rviz_ogre_vendor/lib:/opt/ros/humble/lib/x86_64-linux-gnu:/opt/ros/humble/lib:/usr/local/cuda-11.8/lib64 /usr/bin/cmake --build /home/quangsang/ego_ws/build/bspline_opt -- -j20 -l20
[12.067s] Invoking command in '/home/quangsang/ego_ws/build/bspline_opt': CMAKE_PREFIX_PATH=/home/quangsang/ego_ws/install/path_searching:/home/quangsang/ego_ws/install/plan_env:/home/quangsang/ego_ws/install/pcl_conversions:/home/quangsang/ego_ws/install/traj_utils:/home/quangsang/ego_ws/install/pcl_msgs:/home/quangsang/ros2_ws/install/ros_ign_bridge:/home/quangsang/ros2_ws/install/ros_gz_bridge:/home/quangsang/ros2_ws/install/ros_gz_interfaces:/home/quangsang/ros2_ws/install/rmw_cyclonedds_cpp:/home/quangsang/ros2_ws/install/px4_msgs:/home/quangsang/ros2_ws/install/gz_ros_bridge:/home/quangsang/ros2_ws/install/depthimage_to_pointcloud2:/home/quangsang/ros2_ws/install/cyclonedds:/home/quangsang/ego_ws/install/waypoint_generator:/home/quangsang/ego_ws/install/so3_quadrotor_simulator:/home/quangsang/ego_ws/install/uav_utils:/home/quangsang/ego_ws/install/rosmsg_tcp_bridge:/home/quangsang/ego_ws/install/offboard_control:/home/quangsang/ego_ws/install/ego_planner:/home/quangsang/ego_ws/install/bspline_opt:/home/quangsang/ego_ws/install/so3_control:/home/quangsang/ego_ws/install/poscmd_2_odom:/home/quangsang/ego_ws/install/odom_visualization:/home/quangsang/ego_ws/install/multi_map_server:/home/quangsang/ego_ws/install/local_sensing:/home/quangsang/ego_ws/install/quadrotor_msgs:/home/quangsang/ego_ws/install/px4_msgs:/home/quangsang/ego_ws/install/pose_utils:/home/quangsang/ego_ws/install/perception_pcl:/home/quangsang/ego_ws/install/mockamap:/home/quangsang/ego_ws/install/pcl_ros:/home/quangsang/ego_ws/install/map_generator:/home/quangsang/ego_ws/install/drone_detect:/home/quangsang/ego_ws/install/cmake_utils:/home/quangsang/ros2_ws/install/gz_openvins_bridge:/home/quangsang/ros2_ws/install/obstacle_publisher:/opt/ros/humble LD_LIBRARY_PATH=/home/quangsang/ego_ws/install/path_searching/lib:/home/quangsang/ego_ws/install/plan_env/lib:/home/quangsang/ego_ws/install/traj_utils/lib:/home/quangsang/ego_ws/install/pcl_msgs/lib:/home/quangsang/ros2_ws/install/ros_gz_bridge/lib:/home/quangsang/ros2_ws/install/ros_gz_interfaces/lib:/home/quangsang/ros2_ws/install/rmw_cyclonedds_cpp/lib:/home/quangsang/ros2_ws/install/px4_msgs/lib:/home/quangsang/ros2_ws/install/cyclonedds/lib:/home/quangsang/ego_ws/install/bspline_opt/lib:/home/quangsang/ego_ws/install/so3_control/lib:/home/quangsang/ego_ws/install/multi_map_server/lib:/home/quangsang/ego_ws/install/quadrotor_msgs/lib:/home/quangsang/ego_ws/install/px4_msgs/lib:/home/quangsang/ego_ws/install/pose_utils/lib:/home/quangsang/ego_ws/install/pcl_ros/lib:/opt/ros/humble/opt/rviz_ogre_vendor/lib:/opt/ros/humble/lib/x86_64-linux-gnu:/opt/ros/humble/lib:/usr/local/cuda-11.8/lib64 /usr/bin/cmake --install /home/quangsang/ego_ws/build/bspline_opt
[12.071s] -- Install configuration: "Release"
[12.071s] -- Installing: /home/quangsang/ego_ws/install/bspline_opt/lib/libbspline_opt.a
[12.106s] -- Up-to-date: /home/quangsang/ego_ws/install/bspline_opt/include/bspline_opt
[12.106s] -- Up-to-date: /home/quangsang/ego_ws/install/bspline_opt/include/bspline_opt/bspline_optimizer.h
[12.106s] -- Up-to-date: /home/quangsang/ego_ws/install/bspline_opt/include/bspline_opt/uniform_bspline.h
[12.106s] -- Up-to-date: /home/quangsang/ego_ws/install/bspline_opt/include/bspline_opt/gradient_descent_optimizer.h
[12.106s] -- Up-to-date: /home/quangsang/ego_ws/install/bspline_opt/include/bspline_opt/lbfgs.hpp
[12.106s] -- Up-to-date: /home/quangsang/ego_ws/install/bspline_opt/share/bspline_opt/environment/library_path.sh
[12.106s] -- Up-to-date: /home/quangsang/ego_ws/install/bspline_opt/share/bspline_opt/environment/library_path.dsv
[12.106s] -- Up-to-date: /home/quangsang/ego_ws/install/bspline_opt/share/ament_index/resource_index/package_run_dependencies/bspline_opt
[12.106s] -- Up-to-date: /home/quangsang/ego_ws/install/bspline_opt/share/ament_index/resource_index/parent_prefix_path/bspline_opt
[12.106s] -- Up-to-date: /home/quangsang/ego_ws/install/bspline_opt/share/bspline_opt/environment/ament_prefix_path.sh
[12.106s] -- Up-to-date: /home/quangsang/ego_ws/install/bspline_opt/share/bspline_opt/environment/ament_prefix_path.dsv
[12.106s] -- Up-to-date: /home/quangsang/ego_ws/install/bspline_opt/share/bspline_opt/environment/path.sh
[12.106s] -- Up-to-date: /home/quangsang/ego_ws/install/bspline_opt/share/bspline_opt/environment/path.dsv
[12.106s] -- Up-to-date: /home/quangsang/ego_ws/install/bspline_opt/share/bspline_opt/local_setup.bash
[12.107s] -- Up-to-date: /home/quangsang/ego_ws/install/bspline_opt/share/bspline_opt/local_setup.sh
[12.107s] -- Up-to-date: /home/quangsang/ego_ws/install/bspline_opt/share/bspline_opt/local_setup.zsh
[12.107s] -- Up-to-date: /home/quangsang/ego_ws/install/bspline_opt/share/bspline_opt/local_setup.dsv
[12.107s] -- Installing: /home/quangsang/ego_ws/install/bspline_opt/share/bspline_opt/package.dsv
[12.107s] -- Up-to-date: /home/quangsang/ego_ws/install/bspline_opt/share/ament_index/resource_index/packages/bspline_opt
[12.107s] -- Up-to-date: /home/quangsang/ego_ws/install/bspline_opt/share/bspline_opt/cmake/ament_cmake_export_include_directories-extras.cmake
[12.107s] -- Up-to-date: /home/quangsang/ego_ws/install/bspline_opt/share/bspline_opt/cmake/ament_cmake_export_libraries-extras.cmake
[12.107s] -- Up-to-date: /home/quangsang/ego_ws/install/bspline_opt/share/bspline_opt/cmake/bspline_optConfig.cmake
[12.107s] -- Up-to-date: /home/quangsang/ego_ws/install/bspline_opt/share/bspline_opt/cmake/bspline_optConfig-version.cmake
[12.107s] -- Up-to-date: /home/quangsang/ego_ws/install/bspline_opt/share/bspline_opt/package.xml
[12.108s] Invoked command in '/home/quangsang/ego_ws/build/bspline_opt' returned '0': CMAKE_PREFIX_PATH=/home/quangsang/ego_ws/install/path_searching:/home/quangsang/ego_ws/install/plan_env:/home/quangsang/ego_ws/install/pcl_conversions:/home/quangsang/ego_ws/install/traj_utils:/home/quangsang/ego_ws/install/pcl_msgs:/home/quangsang/ros2_ws/install/ros_ign_bridge:/home/quangsang/ros2_ws/install/ros_gz_bridge:/home/quangsang/ros2_ws/install/ros_gz_interfaces:/home/quangsang/ros2_ws/install/rmw_cyclonedds_cpp:/home/quangsang/ros2_ws/install/px4_msgs:/home/quangsang/ros2_ws/install/gz_ros_bridge:/home/quangsang/ros2_ws/install/depthimage_to_pointcloud2:/home/quangsang/ros2_ws/install/cyclonedds:/home/quangsang/ego_ws/install/waypoint_generator:/home/quangsang/ego_ws/install/so3_quadrotor_simulator:/home/quangsang/ego_ws/install/uav_utils:/home/quangsang/ego_ws/install/rosmsg_tcp_bridge:/home/quangsang/ego_ws/install/offboard_control:/home/quangsang/ego_ws/install/ego_planner:/home/quangsang/ego_ws/install/bspline_opt:/home/quangsang/ego_ws/install/so3_control:/home/quangsang/ego_ws/install/poscmd_2_odom:/home/quangsang/ego_ws/install/odom_visualization:/home/quangsang/ego_ws/install/multi_map_server:/home/quangsang/ego_ws/install/local_sensing:/home/quangsang/ego_ws/install/quadrotor_msgs:/home/quangsang/ego_ws/install/px4_msgs:/home/quangsang/ego_ws/install/pose_utils:/home/quangsang/ego_ws/install/perception_pcl:/home/quangsang/ego_ws/install/mockamap:/home/quangsang/ego_ws/install/pcl_ros:/home/quangsang/ego_ws/install/map_generator:/home/quangsang/ego_ws/install/drone_detect:/home/quangsang/ego_ws/install/cmake_utils:/home/quangsang/ros2_ws/install/gz_openvins_bridge:/home/quangsang/ros2_ws/install/obstacle_publisher:/opt/ros/humble LD_LIBRARY_PATH=/home/quangsang/ego_ws/install/path_searching/lib:/home/quangsang/ego_ws/install/plan_env/lib:/home/quangsang/ego_ws/install/traj_utils/lib:/home/quangsang/ego_ws/install/pcl_msgs/lib:/home/quangsang/ros2_ws/install/ros_gz_bridge/lib:/home/quangsang/ros2_ws/install/ros_gz_interfaces/lib:/home/quangsang/ros2_ws/install/rmw_cyclonedds_cpp/lib:/home/quangsang/ros2_ws/install/px4_msgs/lib:/home/quangsang/ros2_ws/install/cyclonedds/lib:/home/quangsang/ego_ws/install/bspline_opt/lib:/home/quangsang/ego_ws/install/so3_control/lib:/home/quangsang/ego_ws/install/multi_map_server/lib:/home/quangsang/ego_ws/install/quadrotor_msgs/lib:/home/quangsang/ego_ws/install/px4_msgs/lib:/home/quangsang/ego_ws/install/pose_utils/lib:/home/quangsang/ego_ws/install/pcl_ros/lib:/opt/ros/humble/opt/rviz_ogre_vendor/lib:/opt/ros/humble/lib/x86_64-linux-gnu:/opt/ros/humble/lib:/usr/local/cuda-11.8/lib64 /usr/bin/cmake --install /home/quangsang/ego_ws/build/bspline_opt
