[0.030s] Invoking command in '/home/quangsang/ego_ws/build/plan_env': CMAKE_PREFIX_PATH=/home/quangsang/ego_ws/install/pcl_conversions:/home/quangsang/ego_ws/install/pcl_msgs:/home/quangsang/ros2_ws/install/ros_ign_bridge:/home/quangsang/ros2_ws/install/ros_gz_bridge:/home/quangsang/ros2_ws/install/ros_gz_interfaces:/home/quangsang/ros2_ws/install/rmw_cyclonedds_cpp:/home/quangsang/ros2_ws/install/px4_msgs:/home/quangsang/ros2_ws/install/gz_ros_bridge:/home/quangsang/ros2_ws/install/depthimage_to_pointcloud2:/home/quangsang/ros2_ws/install/cyclonedds:/home/quangsang/ego_ws/install/waypoint_generator:/home/quangsang/ego_ws/install/so3_quadrotor_simulator:/home/quangsang/ego_ws/install/uav_utils:/home/quangsang/ego_ws/install/rosmsg_tcp_bridge:/home/quangsang/ego_ws/install/offboard_control:/home/quangsang/ego_ws/install/ego_planner:/home/quangsang/ego_ws/install/bspline_opt:/home/quangsang/ego_ws/install/traj_utils:/home/quangsang/ego_ws/install/so3_control:/home/quangsang/ego_ws/install/poscmd_2_odom:/home/quangsang/ego_ws/install/odom_visualization:/home/quangsang/ego_ws/install/multi_map_server:/home/quangsang/ego_ws/install/local_sensing:/home/quangsang/ego_ws/install/quadrotor_msgs:/home/quangsang/ego_ws/install/px4_msgs:/home/quangsang/ego_ws/install/pose_utils:/home/quangsang/ego_ws/install/path_searching:/home/quangsang/ego_ws/install/plan_env:/home/quangsang/ego_ws/install/perception_pcl:/home/quangsang/ego_ws/install/mockamap:/home/quangsang/ego_ws/install/pcl_ros:/home/quangsang/ego_ws/install/map_generator:/home/quangsang/ego_ws/install/drone_detect:/home/quangsang/ego_ws/install/cmake_utils:/home/quangsang/ros2_ws/install/gz_openvins_bridge:/home/quangsang/ros2_ws/install/obstacle_publisher:/opt/ros/humble LD_LIBRARY_PATH=/home/quangsang/ego_ws/install/pcl_msgs/lib:/home/quangsang/ros2_ws/install/ros_gz_bridge/lib:/home/quangsang/ros2_ws/install/ros_gz_interfaces/lib:/home/quangsang/ros2_ws/install/rmw_cyclonedds_cpp/lib:/home/quangsang/ros2_ws/install/px4_msgs/lib:/home/quangsang/ros2_ws/install/cyclonedds/lib:/home/quangsang/ego_ws/install/bspline_opt/lib:/home/quangsang/ego_ws/install/traj_utils/lib:/home/quangsang/ego_ws/install/so3_control/lib:/home/quangsang/ego_ws/install/multi_map_server/lib:/home/quangsang/ego_ws/install/quadrotor_msgs/lib:/home/quangsang/ego_ws/install/px4_msgs/lib:/home/quangsang/ego_ws/install/pose_utils/lib:/home/quangsang/ego_ws/install/path_searching/lib:/home/quangsang/ego_ws/install/plan_env/lib:/home/quangsang/ego_ws/install/pcl_ros/lib:/opt/ros/humble/opt/rviz_ogre_vendor/lib:/opt/ros/humble/lib/x86_64-linux-gnu:/opt/ros/humble/lib:/usr/local/cuda-11.8/lib64 /usr/bin/cmake /home/quangsang/ego_ws/src/ego-planner-swarm/src/planner/plan_env -DCMAKE_INSTALL_PREFIX=/home/quangsang/ego_ws/install/plan_env
[0.038s] -- Found ament_cmake: 1.3.12 (/opt/ros/humble/share/ament_cmake/cmake)
[0.131s] -- Found rclcpp: 16.0.14 (/opt/ros/humble/share/rclcpp/cmake)
[0.151s] -- Found rosidl_generator_c: 3.1.7 (/opt/ros/humble/share/rosidl_generator_c/cmake)
[0.153s] -- Found rosidl_adapter: 3.1.7 (/opt/ros/humble/share/rosidl_adapter/cmake)
[0.156s] -- Found rosidl_generator_cpp: 3.1.7 (/opt/ros/humble/share/rosidl_generator_cpp/cmake)
[0.168s] -- Using all available rosidl_typesupport_c: rosidl_typesupport_fastrtps_c;rosidl_typesupport_introspection_c
[0.257s] -- Using all available rosidl_typesupport_cpp: rosidl_typesupport_fastrtps_cpp;rosidl_typesupport_introspection_cpp
[0.383s] -- Found rmw_implementation_cmake: 6.1.2 (/opt/ros/humble/share/rmw_implementation_cmake/cmake)
[0.387s] -- Found rmw_cyclonedds_cpp: 1.3.4 (/home/quangsang/ros2_ws/install/rmw_cyclonedds_cpp/share/rmw_cyclonedds_cpp/cmake)
[0.432s] -- Using RMW implementation 'rmw_cyclonedds_cpp' as default
[0.477s] -- Found rclpy: 3.3.17 (/opt/ros/humble/share/rclpy/cmake)
[0.477s] -- Found visualization_msgs: 4.9.0 (/opt/ros/humble/share/visualization_msgs/cmake)
[0.483s] -- Found nav_msgs: 4.9.0 (/opt/ros/humble/share/nav_msgs/cmake)
[0.485s] -- Found cv_bridge: 3.2.1 (/opt/ros/humble/share/cv_bridge/cmake)
[0.486s] -- Found message_filters: 4.3.8 (/opt/ros/humble/share/message_filters/cmake)
[0.488s] -- Eigen found (include: /usr/include/eigen3, version: 3.4.0)
[0.491s] -- FLANN found (include: /usr/include, lib: /usr/lib/x86_64-linux-gnu/libflann_cpp.so)
[0.580s] -- OpenNI found (version: 1.5.4.0, include: /usr/include/ni, lib: /usr/lib/libOpenNI.so;libusb::libusb)
[0.586s] -- OpenNI2 found (version: 2.2.0.33, include: /usr/include/openni2, lib: /usr/lib/x86_64-linux-gnu/libOpenNI2.so;libusb::libusb)
[0.586s] [0m** WARNING ** io features related to pcap will be disabled[0m
[0.718s] -- Eigen found (include: /usr/include/eigen3, version: 3.4.0)
[0.724s] -- OpenNI found (version: 1.5.4.0, include: /usr/include/ni, lib: /usr/lib/libOpenNI.so;libusb::libusb)
[0.730s] -- OpenNI2 found (version: 2.2.0.33, include: /usr/include/openni2, lib: /usr/lib/x86_64-linux-gnu/libOpenNI2.so;libusb::libusb)
[0.851s] -- Found Qhull version 8.0.2
[0.976s] -- OpenNI found (version: 1.5.4.0, include: /usr/include/ni, lib: /usr/lib/libOpenNI.so;libusb::libusb)
[1.098s] -- looking for PCL_COMMON
[1.098s] -- looking for PCL_KDTREE
[1.099s] -- looking for PCL_OCTREE
[1.099s] -- looking for PCL_SEARCH
[1.099s] -- looking for PCL_SAMPLE_CONSENSUS
[1.099s] -- looking for PCL_FILTERS
[1.099s] -- looking for PCL_2D
[1.100s] -- looking for PCL_GEOMETRY
[1.100s] -- looking for PCL_IO
[1.100s] -- looking for PCL_FEATURES
[1.100s] -- looking for PCL_ML
[1.100s] -- looking for PCL_SEGMENTATION
[1.101s] -- looking for PCL_VISUALIZATION
[1.101s] -- looking for PCL_SURFACE
[1.101s] -- looking for PCL_REGISTRATION
[1.101s] -- looking for PCL_KEYPOINTS
[1.102s] -- looking for PCL_TRACKING
[1.102s] -- looking for PCL_RECOGNITION
[1.102s] -- looking for PCL_STEREO
[1.102s] -- looking for PCL_APPS
[1.103s] -- looking for PCL_IN_HAND_SCANNER
[1.103s] -- looking for PCL_MODELER
[1.103s] -- looking for PCL_POINT_CLOUD_EDITOR
[1.103s] -- looking for PCL_OUTOFCORE
[1.104s] -- looking for PCL_PEOPLE
[1.105s] -- Found pcl_conversions: 2.4.5 (/home/quangsang/ego_ws/install/pcl_conversions/share/pcl_conversions/cmake)
[1.117s] -- Found ament_lint_auto: 0.12.14 (/opt/ros/humble/share/ament_lint_auto/cmake)
[1.187s] -- Added test 'cppcheck' to perform static code analysis on C / C++ code
[1.187s] -- Configured cppcheck include dirs: /home/quangsang/ego_ws/src/ego-planner-swarm/src/planner/plan_env/include
[1.187s] -- Configured cppcheck exclude dirs and/or files: 
[1.187s] -- Added test 'lint_cmake' to check CMake code style
[1.188s] -- Added test 'uncrustify' to check C / C++ code style
[1.188s] -- Configured uncrustify additional arguments: 
[1.188s] -- Added test 'xmllint' to check XML markup files
[1.189s] -- Configuring done
[1.220s] -- Generating done
[1.231s] -- Build files have been written to: /home/quangsang/ego_ws/build/plan_env
[1.245s] Invoked command in '/home/quangsang/ego_ws/build/plan_env' returned '0': CMAKE_PREFIX_PATH=/home/quangsang/ego_ws/install/pcl_conversions:/home/quangsang/ego_ws/install/pcl_msgs:/home/quangsang/ros2_ws/install/ros_ign_bridge:/home/quangsang/ros2_ws/install/ros_gz_bridge:/home/quangsang/ros2_ws/install/ros_gz_interfaces:/home/quangsang/ros2_ws/install/rmw_cyclonedds_cpp:/home/quangsang/ros2_ws/install/px4_msgs:/home/quangsang/ros2_ws/install/gz_ros_bridge:/home/quangsang/ros2_ws/install/depthimage_to_pointcloud2:/home/quangsang/ros2_ws/install/cyclonedds:/home/quangsang/ego_ws/install/waypoint_generator:/home/quangsang/ego_ws/install/so3_quadrotor_simulator:/home/quangsang/ego_ws/install/uav_utils:/home/quangsang/ego_ws/install/rosmsg_tcp_bridge:/home/quangsang/ego_ws/install/offboard_control:/home/quangsang/ego_ws/install/ego_planner:/home/quangsang/ego_ws/install/bspline_opt:/home/quangsang/ego_ws/install/traj_utils:/home/quangsang/ego_ws/install/so3_control:/home/quangsang/ego_ws/install/poscmd_2_odom:/home/quangsang/ego_ws/install/odom_visualization:/home/quangsang/ego_ws/install/multi_map_server:/home/quangsang/ego_ws/install/local_sensing:/home/quangsang/ego_ws/install/quadrotor_msgs:/home/quangsang/ego_ws/install/px4_msgs:/home/quangsang/ego_ws/install/pose_utils:/home/quangsang/ego_ws/install/path_searching:/home/quangsang/ego_ws/install/plan_env:/home/quangsang/ego_ws/install/perception_pcl:/home/quangsang/ego_ws/install/mockamap:/home/quangsang/ego_ws/install/pcl_ros:/home/quangsang/ego_ws/install/map_generator:/home/quangsang/ego_ws/install/drone_detect:/home/quangsang/ego_ws/install/cmake_utils:/home/quangsang/ros2_ws/install/gz_openvins_bridge:/home/quangsang/ros2_ws/install/obstacle_publisher:/opt/ros/humble LD_LIBRARY_PATH=/home/quangsang/ego_ws/install/pcl_msgs/lib:/home/quangsang/ros2_ws/install/ros_gz_bridge/lib:/home/quangsang/ros2_ws/install/ros_gz_interfaces/lib:/home/quangsang/ros2_ws/install/rmw_cyclonedds_cpp/lib:/home/quangsang/ros2_ws/install/px4_msgs/lib:/home/quangsang/ros2_ws/install/cyclonedds/lib:/home/quangsang/ego_ws/install/bspline_opt/lib:/home/quangsang/ego_ws/install/traj_utils/lib:/home/quangsang/ego_ws/install/so3_control/lib:/home/quangsang/ego_ws/install/multi_map_server/lib:/home/quangsang/ego_ws/install/quadrotor_msgs/lib:/home/quangsang/ego_ws/install/px4_msgs/lib:/home/quangsang/ego_ws/install/pose_utils/lib:/home/quangsang/ego_ws/install/path_searching/lib:/home/quangsang/ego_ws/install/plan_env/lib:/home/quangsang/ego_ws/install/pcl_ros/lib:/opt/ros/humble/opt/rviz_ogre_vendor/lib:/opt/ros/humble/lib/x86_64-linux-gnu:/opt/ros/humble/lib:/usr/local/cuda-11.8/lib64 /usr/bin/cmake /home/quangsang/ego_ws/src/ego-planner-swarm/src/planner/plan_env -DCMAKE_INSTALL_PREFIX=/home/quangsang/ego_ws/install/plan_env
[1.247s] Invoking command in '/home/quangsang/ego_ws/build/plan_env': CMAKE_PREFIX_PATH=/home/quangsang/ego_ws/install/pcl_conversions:/home/quangsang/ego_ws/install/pcl_msgs:/home/quangsang/ros2_ws/install/ros_ign_bridge:/home/quangsang/ros2_ws/install/ros_gz_bridge:/home/quangsang/ros2_ws/install/ros_gz_interfaces:/home/quangsang/ros2_ws/install/rmw_cyclonedds_cpp:/home/quangsang/ros2_ws/install/px4_msgs:/home/quangsang/ros2_ws/install/gz_ros_bridge:/home/quangsang/ros2_ws/install/depthimage_to_pointcloud2:/home/quangsang/ros2_ws/install/cyclonedds:/home/quangsang/ego_ws/install/waypoint_generator:/home/quangsang/ego_ws/install/so3_quadrotor_simulator:/home/quangsang/ego_ws/install/uav_utils:/home/quangsang/ego_ws/install/rosmsg_tcp_bridge:/home/quangsang/ego_ws/install/offboard_control:/home/quangsang/ego_ws/install/ego_planner:/home/quangsang/ego_ws/install/bspline_opt:/home/quangsang/ego_ws/install/traj_utils:/home/quangsang/ego_ws/install/so3_control:/home/quangsang/ego_ws/install/poscmd_2_odom:/home/quangsang/ego_ws/install/odom_visualization:/home/quangsang/ego_ws/install/multi_map_server:/home/quangsang/ego_ws/install/local_sensing:/home/quangsang/ego_ws/install/quadrotor_msgs:/home/quangsang/ego_ws/install/px4_msgs:/home/quangsang/ego_ws/install/pose_utils:/home/quangsang/ego_ws/install/path_searching:/home/quangsang/ego_ws/install/plan_env:/home/quangsang/ego_ws/install/perception_pcl:/home/quangsang/ego_ws/install/mockamap:/home/quangsang/ego_ws/install/pcl_ros:/home/quangsang/ego_ws/install/map_generator:/home/quangsang/ego_ws/install/drone_detect:/home/quangsang/ego_ws/install/cmake_utils:/home/quangsang/ros2_ws/install/gz_openvins_bridge:/home/quangsang/ros2_ws/install/obstacle_publisher:/opt/ros/humble LD_LIBRARY_PATH=/home/quangsang/ego_ws/install/pcl_msgs/lib:/home/quangsang/ros2_ws/install/ros_gz_bridge/lib:/home/quangsang/ros2_ws/install/ros_gz_interfaces/lib:/home/quangsang/ros2_ws/install/rmw_cyclonedds_cpp/lib:/home/quangsang/ros2_ws/install/px4_msgs/lib:/home/quangsang/ros2_ws/install/cyclonedds/lib:/home/quangsang/ego_ws/install/bspline_opt/lib:/home/quangsang/ego_ws/install/traj_utils/lib:/home/quangsang/ego_ws/install/so3_control/lib:/home/quangsang/ego_ws/install/multi_map_server/lib:/home/quangsang/ego_ws/install/quadrotor_msgs/lib:/home/quangsang/ego_ws/install/px4_msgs/lib:/home/quangsang/ego_ws/install/pose_utils/lib:/home/quangsang/ego_ws/install/path_searching/lib:/home/quangsang/ego_ws/install/plan_env/lib:/home/quangsang/ego_ws/install/pcl_ros/lib:/opt/ros/humble/opt/rviz_ogre_vendor/lib:/opt/ros/humble/lib/x86_64-linux-gnu:/opt/ros/humble/lib:/usr/local/cuda-11.8/lib64 /usr/bin/cmake --build /home/quangsang/ego_ws/build/plan_env -- -j20 -l20
[1.282s] [35m[1mConsolidate compiler generated dependencies of target obj_generator[0m
[1.285s] [35m[1mConsolidate compiler generated dependencies of target plan_env[0m
[1.303s] [ 33%] Built target obj_generator
[1.316s] [ 50%] [32mBuilding CXX object CMakeFiles/plan_env.dir/src/grid_map.cpp.o[0m
[5.074s] [01m[K/home/quangsang/ego_ws/src/ego-planner-swarm/src/planner/plan_env/src/grid_map.cpp:775:86:[m[K [01;35m[Kwarning: [m[K‘[01m[Ksensor_msgs::msg::Image_<std::allocator<void> >::ConstPtr[m[K’ is deprecated [[01;35m[K-Wdeprecated-declarations[m[K]
[5.074s]   775 | msg::PoseStamped::ConstPtr &pose[01;35m[K)[m[K
[5.074s]       |                                 [01;35m[K^[m[K
[5.074s] 
[5.074s] In file included from [01m[K/opt/ros/humble/include/sensor_msgs/sensor_msgs/msg/image.hpp:7[m[K,
[5.075s]                  from [01m[K/opt/ros/humble/include/cv_bridge/cv_bridge/cv_bridge.h:40[m[K,
[5.075s]                  from [01m[K/home/quangsang/ego_ws/src/ego-planner-swarm/src/planner/plan_env/include/plan_env/grid_map.h:6[m[K,
[5.075s]                  from [01m[K/home/quangsang/ego_ws/src/ego-planner-swarm/src/planner/plan_env/src/grid_map.cpp:1[m[K:
[5.075s] [01m[K/opt/ros/humble/include/sensor_msgs/sensor_msgs/msg/detail/image__struct.hpp:173:5:[m[K [01;36m[Knote: [m[Kdeclared here
[5.075s]   173 |     [01;36m[KConstPtr[m[K;
[5.075s]       |     [01;36m[K^~~~~~~~[m[K
[5.075s] [01m[K/home/quangsang/ego_ws/src/ego-planner-swarm/src/planner/plan_env/src/grid_map.cpp:775:86:[m[K [01;35m[Kwarning: [m[K‘[01m[Kgeometry_msgs::msg::PoseStamped_<std::allocator<void> >::ConstPtr[m[K’ is deprecated [[01;35m[K-Wdeprecated-declarations[m[K]
[5.075s]   775 | msg::PoseStamped::ConstPtr &pose[01;35m[K)[m[K
[5.075s]       |                                 [01;35m[K^[m[K
[5.075s] 
[5.075s] In file included from [01m[K/opt/ros/humble/include/geometry_msgs/geometry_msgs/msg/pose_stamped.hpp:7[m[K,
[5.075s]                  from [01m[K/home/quangsang/ego_ws/src/ego-planner-swarm/src/planner/plan_env/include/plan_env/grid_map.h:7[m[K,
[5.075s]                  from [01m[K/home/quangsang/ego_ws/src/ego-planner-swarm/src/planner/plan_env/src/grid_map.cpp:1[m[K:
[5.075s] [01m[K/opt/ros/humble/include/geometry_msgs/geometry_msgs/msg/detail/pose_stamped__struct.hpp:115:5:[m[K [01;36m[Knote: [m[Kdeclared here
[5.075s]   115 |     [01;36m[KConstPtr[m[K;
[5.075s]       |     [01;36m[K^~~~~~~~[m[K
[5.098s] [01m[K/home/quangsang/ego_ws/src/ego-planner-swarm/src/planner/plan_env/src/grid_map.cpp:848:79:[m[K [01;35m[Kwarning: [m[K‘[01m[Ksensor_msgs::msg::PointCloud2_<std::allocator<void> >::ConstPtr[m[K’ is deprecated [[01;35m[K-Wdeprecated-declarations[m[K]
[5.098s]   848 | :msg::PointCloud2::ConstPtr &img[01;35m[K)[m[K
[5.098s]       |                                 [01;35m[K^[m[K
[5.098s] 
[5.098s] In file included from [01m[K/opt/ros/humble/include/sensor_msgs/sensor_msgs/msg/point_cloud2.hpp:7[m[K,
[5.098s]                  from [01m[K/home/quangsang/ego_ws/install/pcl_conversions/include/pcl_conversions/pcl_conversions/pcl_conversions.h:59[m[K,
[5.098s]                  from [01m[K/home/quangsang/ego_ws/src/ego-planner-swarm/src/planner/plan_env/include/plan_env/grid_map.h:18[m[K,
[5.098s]                  from [01m[K/home/quangsang/ego_ws/src/ego-planner-swarm/src/planner/plan_env/src/grid_map.cpp:1[m[K:
[5.098s] [01m[K/opt/ros/humble/include/sensor_msgs/sensor_msgs/msg/detail/point_cloud2__struct.hpp:194:5:[m[K [01;36m[Knote: [m[Kdeclared here
[5.098s]   194 |     [01;36m[KConstPtr[m[K;
[5.098s]       |     [01;36m[K^~~~~~~~[m[K
[5.116s] [01m[K/home/quangsang/ego_ws/src/ego-planner-swarm/src/planner/plan_env/src/grid_map.cpp:1105:78:[m[K [01;35m[Kwarning: [m[K‘[01m[Knav_msgs::msg::Odometry_<std::allocator<void> >::ConstPtr[m[K’ is deprecated [[01;35m[K-Wdeprecated-declarations[m[K]
[5.116s]  1105 | s::msg::Odometry::ConstPtr &odom[01;35m[K)[m[K
[5.116s]       |                                 [01;35m[K^[m[K
[5.116s] 
[5.116s] In file included from [01m[K/opt/ros/humble/include/nav_msgs/nav_msgs/msg/odometry.hpp:7[m[K,
[5.116s]                  from [01m[K/home/quangsang/ego_ws/src/ego-planner-swarm/src/planner/plan_env/include/plan_env/grid_map.h:10[m[K,
[5.116s]                  from [01m[K/home/quangsang/ego_ws/src/ego-planner-swarm/src/planner/plan_env/src/grid_map.cpp:1[m[K:
[5.117s] [01m[K/opt/ros/humble/include/nav_msgs/nav_msgs/msg/detail/odometry__struct.hpp:146:5:[m[K [01;36m[Knote: [m[Kdeclared here
[5.117s]   146 |     [01;36m[KConstPtr[m[K;
[5.117s]       |     [01;36m[K^~~~~~~~[m[K
[5.117s] [01m[K/home/quangsang/ego_ws/src/ego-planner-swarm/src/planner/plan_env/src/grid_map.cpp:1120:78:[m[K [01;35m[Kwarning: [m[K‘[01m[Ksensor_msgs::msg::Image_<std::allocator<void> >::ConstPtr[m[K’ is deprecated [[01;35m[K-Wdeprecated-declarations[m[K]
[5.117s]  1120 | s::msg::Odometry::ConstPtr &odom[01;35m[K)[m[K
[5.117s]       |                                 [01;35m[K^[m[K
[5.117s] 
[5.117s] In file included from [01m[K/opt/ros/humble/include/sensor_msgs/sensor_msgs/msg/image.hpp:7[m[K,
[5.117s]                  from [01m[K/opt/ros/humble/include/cv_bridge/cv_bridge/cv_bridge.h:40[m[K,
[5.117s]                  from [01m[K/home/quangsang/ego_ws/src/ego-planner-swarm/src/planner/plan_env/include/plan_env/grid_map.h:6[m[K,
[5.117s]                  from [01m[K/home/quangsang/ego_ws/src/ego-planner-swarm/src/planner/plan_env/src/grid_map.cpp:1[m[K:
[5.117s] [01m[K/opt/ros/humble/include/sensor_msgs/sensor_msgs/msg/detail/image__struct.hpp:173:5:[m[K [01;36m[Knote: [m[Kdeclared here
[5.117s]   173 |     [01;36m[KConstPtr[m[K;
[5.117s]       |     [01;36m[K^~~~~~~~[m[K
[5.117s] [01m[K/home/quangsang/ego_ws/src/ego-planner-swarm/src/planner/plan_env/src/grid_map.cpp:1120:78:[m[K [01;35m[Kwarning: [m[K‘[01m[Knav_msgs::msg::Odometry_<std::allocator<void> >::ConstPtr[m[K’ is deprecated [[01;35m[K-Wdeprecated-declarations[m[K]
[5.117s]  1120 | s::msg::Odometry::ConstPtr &odom[01;35m[K)[m[K
[5.117s]       |                                 [01;35m[K^[m[K
[5.117s] 
[5.117s] In file included from [01m[K/opt/ros/humble/include/nav_msgs/nav_msgs/msg/odometry.hpp:7[m[K,
[5.117s]                  from [01m[K/home/quangsang/ego_ws/src/ego-planner-swarm/src/planner/plan_env/include/plan_env/grid_map.h:10[m[K,
[5.117s]                  from [01m[K/home/quangsang/ego_ws/src/ego-planner-swarm/src/planner/plan_env/src/grid_map.cpp:1[m[K:
[5.117s] [01m[K/opt/ros/humble/include/nav_msgs/nav_msgs/msg/detail/odometry__struct.hpp:146:5:[m[K [01;36m[Knote: [m[Kdeclared here
[5.117s]   146 |     [01;36m[KConstPtr[m[K;
[5.117s]       |     [01;36m[K^~~~~~~~[m[K
[32.467s] [ 66%] [32m[1mLinking CXX shared library libplan_env.so[0m
[33.375s] [100%] Built target plan_env
[33.383s] Invoked command in '/home/quangsang/ego_ws/build/plan_env' returned '0': CMAKE_PREFIX_PATH=/home/quangsang/ego_ws/install/pcl_conversions:/home/quangsang/ego_ws/install/pcl_msgs:/home/quangsang/ros2_ws/install/ros_ign_bridge:/home/quangsang/ros2_ws/install/ros_gz_bridge:/home/quangsang/ros2_ws/install/ros_gz_interfaces:/home/quangsang/ros2_ws/install/rmw_cyclonedds_cpp:/home/quangsang/ros2_ws/install/px4_msgs:/home/quangsang/ros2_ws/install/gz_ros_bridge:/home/quangsang/ros2_ws/install/depthimage_to_pointcloud2:/home/quangsang/ros2_ws/install/cyclonedds:/home/quangsang/ego_ws/install/waypoint_generator:/home/quangsang/ego_ws/install/so3_quadrotor_simulator:/home/quangsang/ego_ws/install/uav_utils:/home/quangsang/ego_ws/install/rosmsg_tcp_bridge:/home/quangsang/ego_ws/install/offboard_control:/home/quangsang/ego_ws/install/ego_planner:/home/quangsang/ego_ws/install/bspline_opt:/home/quangsang/ego_ws/install/traj_utils:/home/quangsang/ego_ws/install/so3_control:/home/quangsang/ego_ws/install/poscmd_2_odom:/home/quangsang/ego_ws/install/odom_visualization:/home/quangsang/ego_ws/install/multi_map_server:/home/quangsang/ego_ws/install/local_sensing:/home/quangsang/ego_ws/install/quadrotor_msgs:/home/quangsang/ego_ws/install/px4_msgs:/home/quangsang/ego_ws/install/pose_utils:/home/quangsang/ego_ws/install/path_searching:/home/quangsang/ego_ws/install/plan_env:/home/quangsang/ego_ws/install/perception_pcl:/home/quangsang/ego_ws/install/mockamap:/home/quangsang/ego_ws/install/pcl_ros:/home/quangsang/ego_ws/install/map_generator:/home/quangsang/ego_ws/install/drone_detect:/home/quangsang/ego_ws/install/cmake_utils:/home/quangsang/ros2_ws/install/gz_openvins_bridge:/home/quangsang/ros2_ws/install/obstacle_publisher:/opt/ros/humble LD_LIBRARY_PATH=/home/quangsang/ego_ws/install/pcl_msgs/lib:/home/quangsang/ros2_ws/install/ros_gz_bridge/lib:/home/quangsang/ros2_ws/install/ros_gz_interfaces/lib:/home/quangsang/ros2_ws/install/rmw_cyclonedds_cpp/lib:/home/quangsang/ros2_ws/install/px4_msgs/lib:/home/quangsang/ros2_ws/install/cyclonedds/lib:/home/quangsang/ego_ws/install/bspline_opt/lib:/home/quangsang/ego_ws/install/traj_utils/lib:/home/quangsang/ego_ws/install/so3_control/lib:/home/quangsang/ego_ws/install/multi_map_server/lib:/home/quangsang/ego_ws/install/quadrotor_msgs/lib:/home/quangsang/ego_ws/install/px4_msgs/lib:/home/quangsang/ego_ws/install/pose_utils/lib:/home/quangsang/ego_ws/install/path_searching/lib:/home/quangsang/ego_ws/install/plan_env/lib:/home/quangsang/ego_ws/install/pcl_ros/lib:/opt/ros/humble/opt/rviz_ogre_vendor/lib:/opt/ros/humble/lib/x86_64-linux-gnu:/opt/ros/humble/lib:/usr/local/cuda-11.8/lib64 /usr/bin/cmake --build /home/quangsang/ego_ws/build/plan_env -- -j20 -l20
[33.385s] Invoking command in '/home/quangsang/ego_ws/build/plan_env': CMAKE_PREFIX_PATH=/home/quangsang/ego_ws/install/pcl_conversions:/home/quangsang/ego_ws/install/pcl_msgs:/home/quangsang/ros2_ws/install/ros_ign_bridge:/home/quangsang/ros2_ws/install/ros_gz_bridge:/home/quangsang/ros2_ws/install/ros_gz_interfaces:/home/quangsang/ros2_ws/install/rmw_cyclonedds_cpp:/home/quangsang/ros2_ws/install/px4_msgs:/home/quangsang/ros2_ws/install/gz_ros_bridge:/home/quangsang/ros2_ws/install/depthimage_to_pointcloud2:/home/quangsang/ros2_ws/install/cyclonedds:/home/quangsang/ego_ws/install/waypoint_generator:/home/quangsang/ego_ws/install/so3_quadrotor_simulator:/home/quangsang/ego_ws/install/uav_utils:/home/quangsang/ego_ws/install/rosmsg_tcp_bridge:/home/quangsang/ego_ws/install/offboard_control:/home/quangsang/ego_ws/install/ego_planner:/home/quangsang/ego_ws/install/bspline_opt:/home/quangsang/ego_ws/install/traj_utils:/home/quangsang/ego_ws/install/so3_control:/home/quangsang/ego_ws/install/poscmd_2_odom:/home/quangsang/ego_ws/install/odom_visualization:/home/quangsang/ego_ws/install/multi_map_server:/home/quangsang/ego_ws/install/local_sensing:/home/quangsang/ego_ws/install/quadrotor_msgs:/home/quangsang/ego_ws/install/px4_msgs:/home/quangsang/ego_ws/install/pose_utils:/home/quangsang/ego_ws/install/path_searching:/home/quangsang/ego_ws/install/plan_env:/home/quangsang/ego_ws/install/perception_pcl:/home/quangsang/ego_ws/install/mockamap:/home/quangsang/ego_ws/install/pcl_ros:/home/quangsang/ego_ws/install/map_generator:/home/quangsang/ego_ws/install/drone_detect:/home/quangsang/ego_ws/install/cmake_utils:/home/quangsang/ros2_ws/install/gz_openvins_bridge:/home/quangsang/ros2_ws/install/obstacle_publisher:/opt/ros/humble LD_LIBRARY_PATH=/home/quangsang/ego_ws/install/pcl_msgs/lib:/home/quangsang/ros2_ws/install/ros_gz_bridge/lib:/home/quangsang/ros2_ws/install/ros_gz_interfaces/lib:/home/quangsang/ros2_ws/install/rmw_cyclonedds_cpp/lib:/home/quangsang/ros2_ws/install/px4_msgs/lib:/home/quangsang/ros2_ws/install/cyclonedds/lib:/home/quangsang/ego_ws/install/bspline_opt/lib:/home/quangsang/ego_ws/install/traj_utils/lib:/home/quangsang/ego_ws/install/so3_control/lib:/home/quangsang/ego_ws/install/multi_map_server/lib:/home/quangsang/ego_ws/install/quadrotor_msgs/lib:/home/quangsang/ego_ws/install/px4_msgs/lib:/home/quangsang/ego_ws/install/pose_utils/lib:/home/quangsang/ego_ws/install/path_searching/lib:/home/quangsang/ego_ws/install/plan_env/lib:/home/quangsang/ego_ws/install/pcl_ros/lib:/opt/ros/humble/opt/rviz_ogre_vendor/lib:/opt/ros/humble/lib/x86_64-linux-gnu:/opt/ros/humble/lib:/usr/local/cuda-11.8/lib64 /usr/bin/cmake --install /home/quangsang/ego_ws/build/plan_env
[33.390s] -- Install configuration: "Release"
[33.390s] -- Installing: /home/quangsang/ego_ws/install/plan_env/lib/libplan_env.so
[33.449s] -- Set runtime path of "/home/quangsang/ego_ws/install/plan_env/lib/libplan_env.so" to ""
[33.449s] -- Up-to-date: /home/quangsang/ego_ws/install/plan_env/lib/plan_env/obj_generator
[33.449s] -- Up-to-date: /home/quangsang/ego_ws/install/plan_env/include/plan_env
[33.449s] -- Up-to-date: /home/quangsang/ego_ws/install/plan_env/include/plan_env/linear_obj_model.hpp
[33.449s] -- Up-to-date: /home/quangsang/ego_ws/install/plan_env/include/plan_env/raycast.h
[33.449s] -- Installing: /home/quangsang/ego_ws/install/plan_env/include/plan_env/grid_map.h
[33.449s] -- Up-to-date: /home/quangsang/ego_ws/install/plan_env/include/plan_env/obj_predictor.h
[33.449s] -- Up-to-date: /home/quangsang/ego_ws/install/plan_env/share/plan_env/environment/library_path.sh
[33.449s] -- Installing: /home/quangsang/ego_ws/install/plan_env/share/plan_env/environment/library_path.dsv
[33.450s] -- Up-to-date: /home/quangsang/ego_ws/install/plan_env/share/ament_index/resource_index/package_run_dependencies/plan_env
[33.450s] -- Up-to-date: /home/quangsang/ego_ws/install/plan_env/share/ament_index/resource_index/parent_prefix_path/plan_env
[33.450s] -- Up-to-date: /home/quangsang/ego_ws/install/plan_env/share/plan_env/environment/ament_prefix_path.sh
[33.450s] -- Installing: /home/quangsang/ego_ws/install/plan_env/share/plan_env/environment/ament_prefix_path.dsv
[33.450s] -- Up-to-date: /home/quangsang/ego_ws/install/plan_env/share/plan_env/environment/path.sh
[33.450s] -- Installing: /home/quangsang/ego_ws/install/plan_env/share/plan_env/environment/path.dsv
[33.450s] -- Up-to-date: /home/quangsang/ego_ws/install/plan_env/share/plan_env/local_setup.bash
[33.450s] -- Up-to-date: /home/quangsang/ego_ws/install/plan_env/share/plan_env/local_setup.sh
[33.450s] -- Up-to-date: /home/quangsang/ego_ws/install/plan_env/share/plan_env/local_setup.zsh
[33.450s] -- Installing: /home/quangsang/ego_ws/install/plan_env/share/plan_env/local_setup.dsv
[33.450s] -- Installing: /home/quangsang/ego_ws/install/plan_env/share/plan_env/package.dsv
[33.450s] -- Up-to-date: /home/quangsang/ego_ws/install/plan_env/share/ament_index/resource_index/packages/plan_env
[33.450s] -- Up-to-date: /home/quangsang/ego_ws/install/plan_env/share/plan_env/cmake/ament_cmake_export_include_directories-extras.cmake
[33.450s] -- Up-to-date: /home/quangsang/ego_ws/install/plan_env/share/plan_env/cmake/ament_cmake_export_libraries-extras.cmake
[33.451s] -- Up-to-date: /home/quangsang/ego_ws/install/plan_env/share/plan_env/cmake/plan_envConfig.cmake
[33.451s] -- Up-to-date: /home/quangsang/ego_ws/install/plan_env/share/plan_env/cmake/plan_envConfig-version.cmake
[33.451s] -- Up-to-date: /home/quangsang/ego_ws/install/plan_env/share/plan_env/package.xml
[33.451s] Invoked command in '/home/quangsang/ego_ws/build/plan_env' returned '0': CMAKE_PREFIX_PATH=/home/quangsang/ego_ws/install/pcl_conversions:/home/quangsang/ego_ws/install/pcl_msgs:/home/quangsang/ros2_ws/install/ros_ign_bridge:/home/quangsang/ros2_ws/install/ros_gz_bridge:/home/quangsang/ros2_ws/install/ros_gz_interfaces:/home/quangsang/ros2_ws/install/rmw_cyclonedds_cpp:/home/quangsang/ros2_ws/install/px4_msgs:/home/quangsang/ros2_ws/install/gz_ros_bridge:/home/quangsang/ros2_ws/install/depthimage_to_pointcloud2:/home/quangsang/ros2_ws/install/cyclonedds:/home/quangsang/ego_ws/install/waypoint_generator:/home/quangsang/ego_ws/install/so3_quadrotor_simulator:/home/quangsang/ego_ws/install/uav_utils:/home/quangsang/ego_ws/install/rosmsg_tcp_bridge:/home/quangsang/ego_ws/install/offboard_control:/home/quangsang/ego_ws/install/ego_planner:/home/quangsang/ego_ws/install/bspline_opt:/home/quangsang/ego_ws/install/traj_utils:/home/quangsang/ego_ws/install/so3_control:/home/quangsang/ego_ws/install/poscmd_2_odom:/home/quangsang/ego_ws/install/odom_visualization:/home/quangsang/ego_ws/install/multi_map_server:/home/quangsang/ego_ws/install/local_sensing:/home/quangsang/ego_ws/install/quadrotor_msgs:/home/quangsang/ego_ws/install/px4_msgs:/home/quangsang/ego_ws/install/pose_utils:/home/quangsang/ego_ws/install/path_searching:/home/quangsang/ego_ws/install/plan_env:/home/quangsang/ego_ws/install/perception_pcl:/home/quangsang/ego_ws/install/mockamap:/home/quangsang/ego_ws/install/pcl_ros:/home/quangsang/ego_ws/install/map_generator:/home/quangsang/ego_ws/install/drone_detect:/home/quangsang/ego_ws/install/cmake_utils:/home/quangsang/ros2_ws/install/gz_openvins_bridge:/home/quangsang/ros2_ws/install/obstacle_publisher:/opt/ros/humble LD_LIBRARY_PATH=/home/quangsang/ego_ws/install/pcl_msgs/lib:/home/quangsang/ros2_ws/install/ros_gz_bridge/lib:/home/quangsang/ros2_ws/install/ros_gz_interfaces/lib:/home/quangsang/ros2_ws/install/rmw_cyclonedds_cpp/lib:/home/quangsang/ros2_ws/install/px4_msgs/lib:/home/quangsang/ros2_ws/install/cyclonedds/lib:/home/quangsang/ego_ws/install/bspline_opt/lib:/home/quangsang/ego_ws/install/traj_utils/lib:/home/quangsang/ego_ws/install/so3_control/lib:/home/quangsang/ego_ws/install/multi_map_server/lib:/home/quangsang/ego_ws/install/quadrotor_msgs/lib:/home/quangsang/ego_ws/install/px4_msgs/lib:/home/quangsang/ego_ws/install/pose_utils/lib:/home/quangsang/ego_ws/install/path_searching/lib:/home/quangsang/ego_ws/install/plan_env/lib:/home/quangsang/ego_ws/install/pcl_ros/lib:/opt/ros/humble/opt/rviz_ogre_vendor/lib:/opt/ros/humble/lib/x86_64-linux-gnu:/opt/ros/humble/lib:/usr/local/cuda-11.8/lib64 /usr/bin/cmake --install /home/quangsang/ego_ws/build/plan_env
