[0.020s] Invoking command in '/home/quangsang/ego_ws/build/ego_planner': CMAKE_PREFIX_PATH=/home/quangsang/ego_ws/install/bspline_opt:/home/quangsang/ego_ws/install/path_searching:/home/quangsang/ego_ws/install/plan_env:/home/quangsang/ego_ws/install/pcl_conversions:/home/quangsang/ego_ws/install/traj_utils:/home/quangsang/ego_ws/install/quadrotor_msgs:/home/quangsang/ego_ws/install/pcl_msgs:/home/quangsang/ros2_ws/install/ros_ign_bridge:/home/quangsang/ros2_ws/install/ros_gz_bridge:/home/quangsang/ros2_ws/install/ros_gz_interfaces:/home/quangsang/ros2_ws/install/rmw_cyclonedds_cpp:/home/quangsang/ros2_ws/install/px4_msgs:/home/quangsang/ros2_ws/install/gz_ros_bridge:/home/quangsang/ros2_ws/install/depthimage_to_pointcloud2:/home/quangsang/ros2_ws/install/cyclonedds:/home/quangsang/ego_ws/install/waypoint_generator:/home/quangsang/ego_ws/install/so3_quadrotor_simulator:/home/quangsang/ego_ws/install/uav_utils:/home/quangsang/ego_ws/install/rosmsg_tcp_bridge:/home/quangsang/ego_ws/install/offboard_control:/home/quangsang/ego_ws/install/ego_planner:/home/quangsang/ego_ws/install/so3_control:/home/quangsang/ego_ws/install/poscmd_2_odom:/home/quangsang/ego_ws/install/odom_visualization:/home/quangsang/ego_ws/install/multi_map_server:/home/quangsang/ego_ws/install/local_sensing:/home/quangsang/ego_ws/install/px4_msgs:/home/quangsang/ego_ws/install/pose_utils:/home/quangsang/ego_ws/install/perception_pcl:/home/quangsang/ego_ws/install/mockamap:/home/quangsang/ego_ws/install/pcl_ros:/home/quangsang/ego_ws/install/map_generator:/home/quangsang/ego_ws/install/drone_detect:/home/quangsang/ego_ws/install/cmake_utils:/home/quangsang/ros2_ws/install/gz_openvins_bridge:/home/quangsang/ros2_ws/install/obstacle_publisher:/opt/ros/humble LD_LIBRARY_PATH=/home/quangsang/ego_ws/install/path_searching/lib:/home/quangsang/ego_ws/install/plan_env/lib:/home/quangsang/ego_ws/install/traj_utils/lib:/home/quangsang/ego_ws/install/quadrotor_msgs/lib:/home/quangsang/ego_ws/install/pcl_msgs/lib:/home/quangsang/ros2_ws/install/ros_gz_bridge/lib:/home/quangsang/ros2_ws/install/ros_gz_interfaces/lib:/home/quangsang/ros2_ws/install/rmw_cyclonedds_cpp/lib:/home/quangsang/ros2_ws/install/px4_msgs/lib:/home/quangsang/ros2_ws/install/cyclonedds/lib:/home/quangsang/ego_ws/install/bspline_opt/lib:/home/quangsang/ego_ws/install/so3_control/lib:/home/quangsang/ego_ws/install/multi_map_server/lib:/home/quangsang/ego_ws/install/px4_msgs/lib:/home/quangsang/ego_ws/install/pose_utils/lib:/home/quangsang/ego_ws/install/pcl_ros/lib:/opt/ros/humble/opt/rviz_ogre_vendor/lib:/opt/ros/humble/lib/x86_64-linux-gnu:/opt/ros/humble/lib:/usr/local/cuda-11.8/lib64 /usr/bin/cmake --build /home/quangsang/ego_ws/build/ego_planner -- -j20 -l20
[0.051s] [35m[1mConsolidate compiler generated dependencies of target traj_server[0m
[0.053s] [35m[1mConsolidate compiler generated dependencies of target ego_planner_node[0m
[0.068s] [ 16%] [32m[1mLinking CXX executable traj_server[0m
[0.083s] [ 50%] [32mBuilding CXX object CMakeFiles/ego_planner_node.dir/src/ego_replan_fsm.cpp.o[0m
[0.083s] [ 50%] [32mBuilding CXX object CMakeFiles/ego_planner_node.dir/src/ego_planner_node.cpp.o[0m
[0.083s] [ 66%] [32mBuilding CXX object CMakeFiles/ego_planner_node.dir/src/planner_manager.cpp.o[0m
[0.477s] [ 83%] Built target traj_server
[3.152s] In file included from [01m[K/home/quangsang/ego_ws/install/path_searching/include/path_searching/dyn_a_star.h:7[m[K,
[3.152s]                  from [01m[K/home/quangsang/ego_ws/install/bspline_opt/include/bspline_opt/bspline_optimizer.h:5[m[K,
[3.152s]                  from [01m[K/home/quangsang/ego_ws/src/ego-planner-swarm/src/planner/plan_manage/include/ego_planner/ego_replan_fsm.h:15[m[K,
[3.152s]                  from [01m[K/home/quangsang/ego_ws/src/ego-planner-swarm/src/planner/plan_manage/src/ego_replan_fsm.cpp:2[m[K:
[3.152s] [01m[K/home/quangsang/ego_ws/install/plan_env/include/plan_env/grid_map.h:213:79:[m[K [01;35m[Kwarning: [m[K‘[01m[Ksensor_msgs::msg::Image_<std::allocator<void> >::ConstPtr[m[K’ is deprecated [[01;35m[K-Wdeprecated-declarations[m[K]
[3.152s]   213 |                          const geometry_msgs::msg::PoseStamped::ConstPtr &pose[01;35m[K)[m[K;
[3.152s]       |                                                                               [01;35m[K^[m[K
[3.152s] In file included from [01m[K/opt/ros/humble/include/sensor_msgs/sensor_msgs/msg/image.hpp:7[m[K,
[3.152s]                  from [01m[K/opt/ros/humble/include/cv_bridge/cv_bridge/cv_bridge.h:40[m[K,
[3.152s]                  from [01m[K/home/quangsang/ego_ws/install/plan_env/include/plan_env/grid_map.h:6[m[K,
[3.152s]                  from [01m[K/home/quangsang/ego_ws/install/path_searching/include/path_searching/dyn_a_star.h:7[m[K,
[3.152s]                  from [01m[K/home/quangsang/ego_ws/install/bspline_opt/include/bspline_opt/bspline_optimizer.h:5[m[K,
[3.152s]                  from [01m[K/home/quangsang/ego_ws/src/ego-planner-swarm/src/planner/plan_manage/include/ego_planner/ego_replan_fsm.h:15[m[K,
[3.152s]                  from [01m[K/home/quangsang/ego_ws/src/ego-planner-swarm/src/planner/plan_manage/src/ego_replan_fsm.cpp:2[m[K:
[3.152s] [01m[K/opt/ros/humble/include/sensor_msgs/sensor_msgs/msg/detail/image__struct.hpp:173:5:[m[K [01;36m[Knote: [m[Kdeclared here
[3.153s]   173 |     [01;36m[KConstPtr[m[K;
[3.153s]       |     [01;36m[K^~~~~~~~[m[K
[3.153s] In file included from [01m[K/home/quangsang/ego_ws/install/path_searching/include/path_searching/dyn_a_star.h:7[m[K,
[3.153s]                  from [01m[K/home/quangsang/ego_ws/install/bspline_opt/include/bspline_opt/bspline_optimizer.h:5[m[K,
[3.153s]                  from [01m[K/home/quangsang/ego_ws/src/ego-planner-swarm/src/planner/plan_manage/include/ego_planner/ego_replan_fsm.h:15[m[K,
[3.153s]                  from [01m[K/home/quangsang/ego_ws/src/ego-planner-swarm/src/planner/plan_manage/src/ego_replan_fsm.cpp:2[m[K:
[3.153s] [01m[K/home/quangsang/ego_ws/install/plan_env/include/plan_env/grid_map.h:213:79:[m[K [01;35m[Kwarning: [m[K‘[01m[Kgeometry_msgs::msg::PoseStamped_<std::allocator<void> >::ConstPtr[m[K’ is deprecated [[01;35m[K-Wdeprecated-declarations[m[K]
[3.153s]   213 |                          const geometry_msgs::msg::PoseStamped::ConstPtr &pose[01;35m[K)[m[K;
[3.153s]       |                                                                               [01;35m[K^[m[K
[3.153s] In file included from [01m[K/opt/ros/humble/include/nav_msgs/nav_msgs/msg/detail/path__struct.hpp:22[m[K,
[3.153s]                  from [01m[K/opt/ros/humble/include/nav_msgs/nav_msgs/msg/path.hpp:7[m[K,
[3.153s]                  from [01m[K/home/quangsang/ego_ws/src/ego-planner-swarm/src/planner/plan_manage/include/ego_planner/ego_replan_fsm.h:7[m[K,
[3.153s]                  from [01m[K/home/quangsang/ego_ws/src/ego-planner-swarm/src/planner/plan_manage/src/ego_replan_fsm.cpp:2[m[K:
[3.153s] [01m[K/opt/ros/humble/include/geometry_msgs/geometry_msgs/msg/detail/pose_stamped__struct.hpp:115:5:[m[K [01;36m[Knote: [m[Kdeclared here
[3.153s]   115 |     [01;36m[KConstPtr[m[K;
[3.153s]       |     [01;36m[K^~~~~~~~[m[K
[3.153s] In file included from [01m[K/home/quangsang/ego_ws/install/path_searching/include/path_searching/dyn_a_star.h:7[m[K,
[3.153s]                  from [01m[K/home/quangsang/ego_ws/install/bspline_opt/include/bspline_opt/bspline_optimizer.h:5[m[K,
[3.153s]                  from [01m[K/home/quangsang/ego_ws/src/ego-planner-swarm/src/planner/plan_manage/include/ego_planner/ego_replan_fsm.h:15[m[K,
[3.153s]                  from [01m[K/home/quangsang/ego_ws/src/ego-planner-swarm/src/planner/plan_manage/src/ego_replan_fsm.cpp:2[m[K:
[3.153s] [01m[K/home/quangsang/ego_ws/install/plan_env/include/plan_env/grid_map.h:214:71:[m[K [01;35m[Kwarning: [m[K‘[01m[Knav_msgs::msg::Odometry_<std::allocator<void> >::ConstPtr[m[K’ is deprecated [[01;35m[K-Wdeprecated-declarations[m[K]
[3.153s]   214 |   void extrinsicCallback(const nav_msgs::msg::Odometry::ConstPtr &odom[01;35m[K)[m[K;
[3.153s]       |                                                                       [01;35m[K^[m[K
[3.153s] In file included from [01m[K/opt/ros/humble/include/nav_msgs/nav_msgs/msg/odometry.hpp:7[m[K,
[3.153s]                  from [01m[K/home/quangsang/ego_ws/src/ego-planner-swarm/src/planner/plan_manage/include/ego_planner/ego_replan_fsm.h:8[m[K,
[3.153s]                  from [01m[K/home/quangsang/ego_ws/src/ego-planner-swarm/src/planner/plan_manage/src/ego_replan_fsm.cpp:2[m[K:
[3.153s] [01m[K/opt/ros/humble/include/nav_msgs/nav_msgs/msg/detail/odometry__struct.hpp:146:5:[m[K [01;36m[Knote: [m[Kdeclared here
[3.153s]   146 |     [01;36m[KConstPtr[m[K;
[3.153s]       |     [01;36m[K^~~~~~~~[m[K
[3.153s] In file included from [01m[K/home/quangsang/ego_ws/install/path_searching/include/path_searching/dyn_a_star.h:7[m[K,
[3.153s]                  from [01m[K/home/quangsang/ego_ws/install/bspline_opt/include/bspline_opt/bspline_optimizer.h:5[m[K,
[3.153s]                  from [01m[K/home/quangsang/ego_ws/src/ego-planner-swarm/src/planner/plan_manage/include/ego_planner/ego_replan_fsm.h:15[m[K,
[3.153s]                  from [01m[K/home/quangsang/ego_ws/src/ego-planner-swarm/src/planner/plan_manage/src/ego_replan_fsm.cpp:2[m[K:
[3.153s] [01m[K/home/quangsang/ego_ws/install/plan_env/include/plan_env/grid_map.h:215:117:[m[K [01;35m[Kwarning: [m[K‘[01m[Ksensor_msgs::msg::Image_<std::allocator<void> >::ConstPtr[m[K’ is deprecated [[01;35m[K-Wdeprecated-declarations[m[K]
[3.153s]   215 |   void depthOdomCallback(const sensor_msgs::msg::Image::ConstPtr &img, const nav_msgs::msg::Odometry::ConstPtr &odom[01;35m[K)[m[K;
[3.153s]       |                                                                                                                     [01;35m[K^[m[K
[3.154s] In file included from [01m[K/opt/ros/humble/include/sensor_msgs/sensor_msgs/msg/image.hpp:7[m[K,
[3.154s]                  from [01m[K/opt/ros/humble/include/cv_bridge/cv_bridge/cv_bridge.h:40[m[K,
[3.154s]                  from [01m[K/home/quangsang/ego_ws/install/plan_env/include/plan_env/grid_map.h:6[m[K,
[3.154s]                  from [01m[K/home/quangsang/ego_ws/install/path_searching/include/path_searching/dyn_a_star.h:7[m[K,
[3.154s]                  from [01m[K/home/quangsang/ego_ws/install/bspline_opt/include/bspline_opt/bspline_optimizer.h:5[m[K,
[3.154s]                  from [01m[K/home/quangsang/ego_ws/src/ego-planner-swarm/src/planner/plan_manage/include/ego_planner/ego_replan_fsm.h:15[m[K,
[3.154s]                  from [01m[K/home/quangsang/ego_ws/src/ego-planner-swarm/src/planner/plan_manage/src/ego_replan_fsm.cpp:2[m[K:
[3.154s] [01m[K/opt/ros/humble/include/sensor_msgs/sensor_msgs/msg/detail/image__struct.hpp:173:5:[m[K [01;36m[Knote: [m[Kdeclared here
[3.154s]   173 |     [01;36m[KConstPtr[m[K;
[3.154s]       |     [01;36m[K^~~~~~~~[m[K
[3.154s] In file included from [01m[K/home/quangsang/ego_ws/install/path_searching/include/path_searching/dyn_a_star.h:7[m[K,
[3.154s]                  from [01m[K/home/quangsang/ego_ws/install/bspline_opt/include/bspline_opt/bspline_optimizer.h:5[m[K,
[3.154s]                  from [01m[K/home/quangsang/ego_ws/src/ego-planner-swarm/src/planner/plan_manage/include/ego_planner/ego_replan_fsm.h:15[m[K,
[3.154s]                  from [01m[K/home/quangsang/ego_ws/src/ego-planner-swarm/src/planner/plan_manage/src/ego_replan_fsm.cpp:2[m[K:
[3.154s] [01m[K/home/quangsang/ego_ws/install/plan_env/include/plan_env/grid_map.h:215:117:[m[K [01;35m[Kwarning: [m[K‘[01m[Knav_msgs::msg::Odometry_<std::allocator<void> >::ConstPtr[m[K’ is deprecated [[01;35m[K-Wdeprecated-declarations[m[K]
[3.154s]   215 |   void depthOdomCallback(const sensor_msgs::msg::Image::ConstPtr &img, const nav_msgs::msg::Odometry::ConstPtr &odom[01;35m[K)[m[K;
[3.154s]       |                                                                                                                     [01;35m[K^[m[K
[3.154s] In file included from [01m[K/opt/ros/humble/include/nav_msgs/nav_msgs/msg/odometry.hpp:7[m[K,
[3.154s]                  from [01m[K/home/quangsang/ego_ws/src/ego-planner-swarm/src/planner/plan_manage/include/ego_planner/ego_replan_fsm.h:8[m[K,
[3.154s]                  from [01m[K/home/quangsang/ego_ws/src/ego-planner-swarm/src/planner/plan_manage/src/ego_replan_fsm.cpp:2[m[K:
[3.154s] [01m[K/opt/ros/humble/include/nav_msgs/nav_msgs/msg/detail/odometry__struct.hpp:146:5:[m[K [01;36m[Knote: [m[Kdeclared here
[3.154s]   146 |     [01;36m[KConstPtr[m[K;
[3.154s]       |     [01;36m[K^~~~~~~~[m[K
[3.154s] In file included from [01m[K/home/quangsang/ego_ws/install/path_searching/include/path_searching/dyn_a_star.h:7[m[K,
[3.154s]                  from [01m[K/home/quangsang/ego_ws/install/bspline_opt/include/bspline_opt/bspline_optimizer.h:5[m[K,
[3.154s]                  from [01m[K/home/quangsang/ego_ws/src/ego-planner-swarm/src/planner/plan_manage/include/ego_planner/ego_replan_fsm.h:15[m[K,
[3.154s]                  from [01m[K/home/quangsang/ego_ws/src/ego-planner-swarm/src/planner/plan_manage/src/ego_replan_fsm.cpp:2[m[K:
[3.154s] [01m[K/home/quangsang/ego_ws/install/plan_env/include/plan_env/grid_map.h:216:72:[m[K [01;35m[Kwarning: [m[K‘[01m[Ksensor_msgs::msg::PointCloud2_<std::allocator<void> >::ConstPtr[m[K’ is deprecated [[01;35m[K-Wdeprecated-declarations[m[K]
[3.154s]   216 |   void cloudCallback(const sensor_msgs::msg::PointCloud2::ConstPtr &img[01;35m[K)[m[K;
[3.154s]       |                                                                        [01;35m[K^[m[K
[3.154s] In file included from [01m[K/opt/ros/humble/include/sensor_msgs/sensor_msgs/msg/point_cloud2.hpp:7[m[K,
[3.154s]                  from [01m[K/home/quangsang/ego_ws/install/pcl_conversions/include/pcl_conversions/pcl_conversions/pcl_conversions.h:59[m[K,
[3.154s]                  from [01m[K/home/quangsang/ego_ws/install/plan_env/include/plan_env/grid_map.h:18[m[K,
[3.154s]                  from [01m[K/home/quangsang/ego_ws/install/path_searching/include/path_searching/dyn_a_star.h:7[m[K,
[3.154s]                  from [01m[K/home/quangsang/ego_ws/install/bspline_opt/include/bspline_opt/bspline_optimizer.h:5[m[K,
[3.154s]                  from [01m[K/home/quangsang/ego_ws/src/ego-planner-swarm/src/planner/plan_manage/include/ego_planner/ego_replan_fsm.h:15[m[K,
[3.154s]                  from [01m[K/home/quangsang/ego_ws/src/ego-planner-swarm/src/planner/plan_manage/src/ego_replan_fsm.cpp:2[m[K:
[3.154s] [01m[K/opt/ros/humble/include/sensor_msgs/sensor_msgs/msg/detail/point_cloud2__struct.hpp:194:5:[m[K [01;36m[Knote: [m[Kdeclared here
[3.154s]   194 |     [01;36m[KConstPtr[m[K;
[3.154s]       |     [01;36m[K^~~~~~~~[m[K
[3.169s] In file included from [01m[K/home/quangsang/ego_ws/install/path_searching/include/path_searching/dyn_a_star.h:7[m[K,
[3.169s]                  from [01m[K/home/quangsang/ego_ws/install/bspline_opt/include/bspline_opt/bspline_optimizer.h:5[m[K,
[3.169s]                  from [01m[K/home/quangsang/ego_ws/src/ego-planner-swarm/src/planner/plan_manage/include/ego_planner/planner_manager.h:6[m[K,
[3.169s]                  from [01m[K/home/quangsang/ego_ws/src/ego-planner-swarm/src/planner/plan_manage/src/planner_manager.cpp:2[m[K:
[3.169s] [01m[K/home/quangsang/ego_ws/install/plan_env/include/plan_env/grid_map.h:213:79:[m[K [01;35m[Kwarning: [m[K‘[01m[Ksensor_msgs::msg::Image_<std::allocator<void> >::ConstPtr[m[K’ is deprecated [[01;35m[K-Wdeprecated-declarations[m[K]
[3.169s]   213 |                          const geometry_msgs::msg::PoseStamped::ConstPtr &pose[01;35m[K)[m[K;
[3.169s]       |                                                                               [01;35m[K^[m[K
[3.170s] In file included from [01m[K/opt/ros/humble/include/sensor_msgs/sensor_msgs/msg/image.hpp:7[m[K,
[3.170s]                  from [01m[K/opt/ros/humble/include/cv_bridge/cv_bridge/cv_bridge.h:40[m[K,
[3.170s]                  from [01m[K/home/quangsang/ego_ws/install/plan_env/include/plan_env/grid_map.h:6[m[K,
[3.170s]                  from [01m[K/home/quangsang/ego_ws/install/path_searching/include/path_searching/dyn_a_star.h:7[m[K,
[3.170s]                  from [01m[K/home/quangsang/ego_ws/install/bspline_opt/include/bspline_opt/bspline_optimizer.h:5[m[K,
[3.170s]                  from [01m[K/home/quangsang/ego_ws/src/ego-planner-swarm/src/planner/plan_manage/include/ego_planner/planner_manager.h:6[m[K,
[3.170s]                  from [01m[K/home/quangsang/ego_ws/src/ego-planner-swarm/src/planner/plan_manage/src/planner_manager.cpp:2[m[K:
[3.170s] [01m[K/opt/ros/humble/include/sensor_msgs/sensor_msgs/msg/detail/image__struct.hpp:173:5:[m[K [01;36m[Knote: [m[Kdeclared here
[3.170s]   173 |     [01;36m[KConstPtr[m[K;
[3.170s]       |     [01;36m[K^~~~~~~~[m[K
[3.170s] In file included from [01m[K/home/quangsang/ego_ws/install/path_searching/include/path_searching/dyn_a_star.h:7[m[K,
[3.170s]                  from [01m[K/home/quangsang/ego_ws/install/bspline_opt/include/bspline_opt/bspline_optimizer.h:5[m[K,
[3.170s]                  from [01m[K/home/quangsang/ego_ws/src/ego-planner-swarm/src/planner/plan_manage/include/ego_planner/planner_manager.h:6[m[K,
[3.170s]                  from [01m[K/home/quangsang/ego_ws/src/ego-planner-swarm/src/planner/plan_manage/src/planner_manager.cpp:2[m[K:
[3.170s] [01m[K/home/quangsang/ego_ws/install/plan_env/include/plan_env/grid_map.h:213:79:[m[K [01;35m[Kwarning: [m[K‘[01m[Kgeometry_msgs::msg::PoseStamped_<std::allocator<void> >::ConstPtr[m[K’ is deprecated [[01;35m[K-Wdeprecated-declarations[m[K]
[3.170s]   213 |                          const geometry_msgs::msg::PoseStamped::ConstPtr &pose[01;35m[K)[m[K;
[3.170s]       |                                                                               [01;35m[K^[m[K
[3.170s] In file included from [01m[K/opt/ros/humble/include/geometry_msgs/geometry_msgs/msg/pose_stamped.hpp:7[m[K,
[3.170s]                  from [01m[K/home/quangsang/ego_ws/install/plan_env/include/plan_env/grid_map.h:7[m[K,
[3.170s]                  from [01m[K/home/quangsang/ego_ws/install/path_searching/include/path_searching/dyn_a_star.h:7[m[K,
[3.170s]                  from [01m[K/home/quangsang/ego_ws/install/bspline_opt/include/bspline_opt/bspline_optimizer.h:5[m[K,
[3.170s]                  from [01m[K/home/quangsang/ego_ws/src/ego-planner-swarm/src/planner/plan_manage/include/ego_planner/planner_manager.h:6[m[K,
[3.170s]                  from [01m[K/home/quangsang/ego_ws/src/ego-planner-swarm/src/planner/plan_manage/src/planner_manager.cpp:2[m[K:
[3.170s] [01m[K/opt/ros/humble/include/geometry_msgs/geometry_msgs/msg/detail/pose_stamped__struct.hpp:115:5:[m[K [01;36m[Knote: [m[Kdeclared here
[3.170s]   115 |     [01;36m[KConstPtr[m[K;
[3.170s]       |     [01;36m[K^~~~~~~~[m[K
[3.170s] In file included from [01m[K/home/quangsang/ego_ws/install/path_searching/include/path_searching/dyn_a_star.h:7[m[K,
[3.170s]                  from [01m[K/home/quangsang/ego_ws/install/bspline_opt/include/bspline_opt/bspline_optimizer.h:5[m[K,
[3.170s]                  from [01m[K/home/quangsang/ego_ws/src/ego-planner-swarm/src/planner/plan_manage/include/ego_planner/planner_manager.h:6[m[K,
[3.170s]                  from [01m[K/home/quangsang/ego_ws/src/ego-planner-swarm/src/planner/plan_manage/src/planner_manager.cpp:2[m[K:
[3.170s] [01m[K/home/quangsang/ego_ws/install/plan_env/include/plan_env/grid_map.h:214:71:[m[K [01;35m[Kwarning: [m[K‘[01m[Knav_msgs::msg::Odometry_<std::allocator<void> >::ConstPtr[m[K’ is deprecated [[01;35m[K-Wdeprecated-declarations[m[K]
[3.170s]   214 |   void extrinsicCallback(const nav_msgs::msg::Odometry::ConstPtr &odom[01;35m[K)[m[K;
[3.170s]       |                                                                       [01;35m[K^[m[K
[3.170s] In file included from [01m[K/opt/ros/humble/include/nav_msgs/nav_msgs/msg/odometry.hpp:7[m[K,
[3.170s]                  from [01m[K/home/quangsang/ego_ws/install/plan_env/include/plan_env/grid_map.h:10[m[K,
[3.170s]                  from [01m[K/home/quangsang/ego_ws/install/path_searching/include/path_searching/dyn_a_star.h:7[m[K,
[3.170s]                  from [01m[K/home/quangsang/ego_ws/install/bspline_opt/include/bspline_opt/bspline_optimizer.h:5[m[K,
[3.170s]                  from [01m[K/home/quangsang/ego_ws/src/ego-planner-swarm/src/planner/plan_manage/include/ego_planner/planner_manager.h:6[m[K,
[3.170s]                  from [01m[K/home/quangsang/ego_ws/src/ego-planner-swarm/src/planner/plan_manage/src/planner_manager.cpp:2[m[K:
[3.170s] [01m[K/opt/ros/humble/include/nav_msgs/nav_msgs/msg/detail/odometry__struct.hpp:146:5:[m[K [01;36m[Knote: [m[Kdeclared here
[3.171s]   146 |     [01;36m[KConstPtr[m[K;
[3.171s]       |     [01;36m[K^~~~~~~~[m[K
[3.171s] In file included from [01m[K/home/quangsang/ego_ws/install/path_searching/include/path_searching/dyn_a_star.h:7[m[K,
[3.171s]                  from [01m[K/home/quangsang/ego_ws/install/bspline_opt/include/bspline_opt/bspline_optimizer.h:5[m[K,
[3.171s]                  from [01m[K/home/quangsang/ego_ws/src/ego-planner-swarm/src/planner/plan_manage/include/ego_planner/planner_manager.h:6[m[K,
[3.171s]                  from [01m[K/home/quangsang/ego_ws/src/ego-planner-swarm/src/planner/plan_manage/src/planner_manager.cpp:2[m[K:
[3.171s] [01m[K/home/quangsang/ego_ws/install/plan_env/include/plan_env/grid_map.h:215:117:[m[K [01;35m[Kwarning: [m[K‘[01m[Ksensor_msgs::msg::Image_<std::allocator<void> >::ConstPtr[m[K’ is deprecated [[01;35m[K-Wdeprecated-declarations[m[K]
[3.171s]   215 |   void depthOdomCallback(const sensor_msgs::msg::Image::ConstPtr &img, const nav_msgs::msg::Odometry::ConstPtr &odom[01;35m[K)[m[K;
[3.171s]       |                                                                                                                     [01;35m[K^[m[K
[3.171s] In file included from [01m[K/opt/ros/humble/include/sensor_msgs/sensor_msgs/msg/image.hpp:7[m[K,
[3.171s]                  from [01m[K/opt/ros/humble/include/cv_bridge/cv_bridge/cv_bridge.h:40[m[K,
[3.171s]                  from [01m[K/home/quangsang/ego_ws/install/plan_env/include/plan_env/grid_map.h:6[m[K,
[3.171s]                  from [01m[K/home/quangsang/ego_ws/install/path_searching/include/path_searching/dyn_a_star.h:7[m[K,
[3.171s]                  from [01m[K/home/quangsang/ego_ws/install/bspline_opt/include/bspline_opt/bspline_optimizer.h:5[m[K,
[3.171s]                  from [01m[K/home/quangsang/ego_ws/src/ego-planner-swarm/src/planner/plan_manage/include/ego_planner/planner_manager.h:6[m[K,
[3.171s]                  from [01m[K/home/quangsang/ego_ws/src/ego-planner-swarm/src/planner/plan_manage/src/planner_manager.cpp:2[m[K:
[3.171s] [01m[K/opt/ros/humble/include/sensor_msgs/sensor_msgs/msg/detail/image__struct.hpp:173:5:[m[K [01;36m[Knote: [m[Kdeclared here
[3.171s]   173 |     [01;36m[KConstPtr[m[K;
[3.171s]       |     [01;36m[K^~~~~~~~[m[K
[3.171s] In file included from [01m[K/home/quangsang/ego_ws/install/path_searching/include/path_searching/dyn_a_star.h:7[m[K,
[3.171s]                  from [01m[K/home/quangsang/ego_ws/install/bspline_opt/include/bspline_opt/bspline_optimizer.h:5[m[K,
[3.171s]                  from [01m[K/home/quangsang/ego_ws/src/ego-planner-swarm/src/planner/plan_manage/include/ego_planner/planner_manager.h:6[m[K,
[3.171s]                  from [01m[K/home/quangsang/ego_ws/src/ego-planner-swarm/src/planner/plan_manage/src/planner_manager.cpp:2[m[K:
[3.171s] [01m[K/home/quangsang/ego_ws/install/plan_env/include/plan_env/grid_map.h:215:117:[m[K [01;35m[Kwarning: [m[K‘[01m[Knav_msgs::msg::Odometry_<std::allocator<void> >::ConstPtr[m[K’ is deprecated [[01;35m[K-Wdeprecated-declarations[m[K]
[3.171s]   215 |   void depthOdomCallback(const sensor_msgs::msg::Image::ConstPtr &img, const nav_msgs::msg::Odometry::ConstPtr &odom[01;35m[K)[m[K;
[3.171s]       |                                                                                                                     [01;35m[K^[m[K
[3.171s] In file included from [01m[K/opt/ros/humble/include/nav_msgs/nav_msgs/msg/odometry.hpp:7[m[K,
[3.171s]                  from [01m[K/home/quangsang/ego_ws/install/plan_env/include/plan_env/grid_map.h:10[m[K,
[3.171s]                  from [01m[K/home/quangsang/ego_ws/install/path_searching/include/path_searching/dyn_a_star.h:7[m[K,
[3.171s]                  from [01m[K/home/quangsang/ego_ws/install/bspline_opt/include/bspline_opt/bspline_optimizer.h:5[m[K,
[3.171s]                  from [01m[K/home/quangsang/ego_ws/src/ego-planner-swarm/src/planner/plan_manage/include/ego_planner/planner_manager.h:6[m[K,
[3.171s]                  from [01m[K/home/quangsang/ego_ws/src/ego-planner-swarm/src/planner/plan_manage/src/planner_manager.cpp:2[m[K:
[3.171s] [01m[K/opt/ros/humble/include/nav_msgs/nav_msgs/msg/detail/odometry__struct.hpp:146:5:[m[K [01;36m[Knote: [m[Kdeclared here
[3.171s]   146 |     [01;36m[KConstPtr[m[K;
[3.171s]       |     [01;36m[K^~~~~~~~[m[K
[3.171s] In file included from [01m[K/home/quangsang/ego_ws/install/path_searching/include/path_searching/dyn_a_star.h:7[m[K,
[3.171s]                  from [01m[K/home/quangsang/ego_ws/install/bspline_opt/include/bspline_opt/bspline_optimizer.h:5[m[K,
[3.171s]                  from [01m[K/home/quangsang/ego_ws/src/ego-planner-swarm/src/planner/plan_manage/include/ego_planner/planner_manager.h:6[m[K,
[3.171s]                  from [01m[K/home/quangsang/ego_ws/src/ego-planner-swarm/src/planner/plan_manage/src/planner_manager.cpp:2[m[K:
[3.171s] [01m[K/home/quangsang/ego_ws/install/plan_env/include/plan_env/grid_map.h:216:72:[m[K [01;35m[Kwarning: [m[K‘[01m[Ksensor_msgs::msg::PointCloud2_<std::allocator<void> >::ConstPtr[m[K’ is deprecated [[01;35m[K-Wdeprecated-declarations[m[K]
[3.172s]   216 |   void cloudCallback(const sensor_msgs::msg::PointCloud2::ConstPtr &img[01;35m[K)[m[K;
[3.172s]       |                                                                        [01;35m[K^[m[K
[3.172s] In file included from [01m[K/opt/ros/humble/include/sensor_msgs/sensor_msgs/msg/point_cloud2.hpp:7[m[K,
[3.172s]                  from [01m[K/home/quangsang/ego_ws/install/pcl_conversions/include/pcl_conversions/pcl_conversions/pcl_conversions.h:59[m[K,
[3.172s]                  from [01m[K/home/quangsang/ego_ws/install/plan_env/include/plan_env/grid_map.h:18[m[K,
[3.172s]                  from [01m[K/home/quangsang/ego_ws/install/path_searching/include/path_searching/dyn_a_star.h:7[m[K,
[3.172s]                  from [01m[K/home/quangsang/ego_ws/install/bspline_opt/include/bspline_opt/bspline_optimizer.h:5[m[K,
[3.172s]                  from [01m[K/home/quangsang/ego_ws/src/ego-planner-swarm/src/planner/plan_manage/include/ego_planner/planner_manager.h:6[m[K,
[3.172s]                  from [01m[K/home/quangsang/ego_ws/src/ego-planner-swarm/src/planner/plan_manage/src/planner_manager.cpp:2[m[K:
[3.172s] [01m[K/opt/ros/humble/include/sensor_msgs/sensor_msgs/msg/detail/point_cloud2__struct.hpp:194:5:[m[K [01;36m[Knote: [m[Kdeclared here
[3.172s]   194 |     [01;36m[KConstPtr[m[K;
[3.172s]       |     [01;36m[K^~~~~~~~[m[K
[3.180s] In file included from [01m[K/home/quangsang/ego_ws/install/path_searching/include/path_searching/dyn_a_star.h:7[m[K,
[3.181s]                  from [01m[K/home/quangsang/ego_ws/install/bspline_opt/include/bspline_opt/bspline_optimizer.h:5[m[K,
[3.181s]                  from [01m[K/home/quangsang/ego_ws/src/ego-planner-swarm/src/planner/plan_manage/include/ego_planner/ego_replan_fsm.h:15[m[K,
[3.181s]                  from [01m[K/home/quangsang/ego_ws/src/ego-planner-swarm/src/planner/plan_manage/src/ego_planner_node.cpp:5[m[K:
[3.181s] [01m[K/home/quangsang/ego_ws/install/plan_env/include/plan_env/grid_map.h:213:79:[m[K [01;35m[Kwarning: [m[K‘[01m[Ksensor_msgs::msg::Image_<std::allocator<void> >::ConstPtr[m[K’ is deprecated [[01;35m[K-Wdeprecated-declarations[m[K]
[3.181s]   213 | msg::PoseStamped::ConstPtr &pose[01;35m[K)[m[K;
[3.181s]       |                                 [01;35m[K^[m[K
[3.181s] 
[3.181s] In file included from [01m[K/opt/ros/humble/include/sensor_msgs/sensor_msgs/msg/image.hpp:7[m[K,
[3.181s]                  from [01m[K/opt/ros/humble/include/cv_bridge/cv_bridge/cv_bridge.h:40[m[K,
[3.181s]                  from [01m[K/home/quangsang/ego_ws/install/plan_env/include/plan_env/grid_map.h:6[m[K,
[3.181s]                  from [01m[K/home/quangsang/ego_ws/install/path_searching/include/path_searching/dyn_a_star.h:7[m[K,
[3.181s]                  from [01m[K/home/quangsang/ego_ws/install/bspline_opt/include/bspline_opt/bspline_optimizer.h:5[m[K,
[3.181s]                  from [01m[K/home/quangsang/ego_ws/src/ego-planner-swarm/src/planner/plan_manage/include/ego_planner/ego_replan_fsm.h:15[m[K,
[3.181s]                  from [01m[K/home/quangsang/ego_ws/src/ego-planner-swarm/src/planner/plan_manage/src/ego_planner_node.cpp:5[m[K:
[3.181s] [01m[K/opt/ros/humble/include/sensor_msgs/sensor_msgs/msg/detail/image__struct.hpp:173:5:[m[K [01;36m[Knote: [m[Kdeclared here
[3.181s]   173 |     [01;36m[KConstPtr[m[K;
[3.181s]       |     [01;36m[K^~~~~~~~[m[K
[3.181s] In file included from [01m[K/home/quangsang/ego_ws/install/path_searching/include/path_searching/dyn_a_star.h:7[m[K,
[3.181s]                  from [01m[K/home/quangsang/ego_ws/install/bspline_opt/include/bspline_opt/bspline_optimizer.h:5[m[K,
[3.181s]                  from [01m[K/home/quangsang/ego_ws/src/ego-planner-swarm/src/planner/plan_manage/include/ego_planner/ego_replan_fsm.h:15[m[K,
[3.181s]                  from [01m[K/home/quangsang/ego_ws/src/ego-planner-swarm/src/planner/plan_manage/src/ego_planner_node.cpp:5[m[K:
[3.181s] [01m[K/home/quangsang/ego_ws/install/plan_env/include/plan_env/grid_map.h:213:79:[m[K [01;35m[Kwarning: [m[K‘[01m[Kgeometry_msgs::msg::PoseStamped_<std::allocator<void> >::ConstPtr[m[K’ is deprecated [[01;35m[K-Wdeprecated-declarations[m[K]
[3.181s]   213 | msg::PoseStamped::ConstPtr &pose[01;35m[K)[m[K;
[3.181s]       |                                 [01;35m[K^[m[K
[3.181s] 
[3.181s] In file included from [01m[K/opt/ros/humble/include/nav_msgs/nav_msgs/msg/detail/path__struct.hpp:22[m[K,
[3.181s]                  from [01m[K/opt/ros/humble/include/nav_msgs/nav_msgs/msg/path.hpp:7[m[K,
[3.181s]                  from [01m[K/home/quangsang/ego_ws/src/ego-planner-swarm/src/planner/plan_manage/include/ego_planner/ego_replan_fsm.h:7[m[K,
[3.181s]                  from [01m[K/home/quangsang/ego_ws/src/ego-planner-swarm/src/planner/plan_manage/src/ego_planner_node.cpp:5[m[K:
[3.181s] [01m[K/opt/ros/humble/include/geometry_msgs/geometry_msgs/msg/detail/pose_stamped__struct.hpp:115:5:[m[K [01;36m[Knote: [m[Kdeclared here
[3.181s]   115 |     [01;36m[KConstPtr[m[K;
[3.181s]       |     [01;36m[K^~~~~~~~[m[K
[3.181s] In file included from [01m[K/home/quangsang/ego_ws/install/path_searching/include/path_searching/dyn_a_star.h:7[m[K,
[3.181s]                  from [01m[K/home/quangsang/ego_ws/install/bspline_opt/include/bspline_opt/bspline_optimizer.h:5[m[K,
[3.181s]                  from [01m[K/home/quangsang/ego_ws/src/ego-planner-swarm/src/planner/plan_manage/include/ego_planner/ego_replan_fsm.h:15[m[K,
[3.181s]                  from [01m[K/home/quangsang/ego_ws/src/ego-planner-swarm/src/planner/plan_manage/src/ego_planner_node.cpp:5[m[K:
[3.181s] [01m[K/home/quangsang/ego_ws/install/plan_env/include/plan_env/grid_map.h:214:71:[m[K [01;35m[Kwarning: [m[K‘[01m[Knav_msgs::msg::Odometry_<std::allocator<void> >::ConstPtr[m[K’ is deprecated [[01;35m[K-Wdeprecated-declarations[m[K]
[3.181s]   214 | s::msg::Odometry::ConstPtr &odom[01;35m[K)[m[K;
[3.182s]       |                                 [01;35m[K^[m[K
[3.182s] 
[3.182s] In file included from [01m[K/opt/ros/humble/include/nav_msgs/nav_msgs/msg/odometry.hpp:7[m[K,
[3.182s]                  from [01m[K/home/quangsang/ego_ws/src/ego-planner-swarm/src/planner/plan_manage/include/ego_planner/ego_replan_fsm.h:8[m[K,
[3.182s]                  from [01m[K/home/quangsang/ego_ws/src/ego-planner-swarm/src/planner/plan_manage/src/ego_planner_node.cpp:5[m[K:
[3.182s] [01m[K/opt/ros/humble/include/nav_msgs/nav_msgs/msg/detail/odometry__struct.hpp:146:5:[m[K [01;36m[Knote: [m[Kdeclared here
[3.182s]   146 |     [01;36m[KConstPtr[m[K;
[3.182s]       |     [01;36m[K^~~~~~~~[m[K
[3.182s] In file included from [01m[K/home/quangsang/ego_ws/install/path_searching/include/path_searching/dyn_a_star.h:7[m[K,
[3.182s]                  from [01m[K/home/quangsang/ego_ws/install/bspline_opt/include/bspline_opt/bspline_optimizer.h:5[m[K,
[3.182s]                  from [01m[K/home/quangsang/ego_ws/src/ego-planner-swarm/src/planner/plan_manage/include/ego_planner/ego_replan_fsm.h:15[m[K,
[3.182s]                  from [01m[K/home/quangsang/ego_ws/src/ego-planner-swarm/src/planner/plan_manage/src/ego_planner_node.cpp:5[m[K:
[3.182s] [01m[K/home/quangsang/ego_ws/install/plan_env/include/plan_env/grid_map.h:215:117:[m[K [01;35m[Kwarning: [m[K‘[01m[Ksensor_msgs::msg::Image_<std::allocator<void> >::ConstPtr[m[K’ is deprecated [[01;35m[K-Wdeprecated-declarations[m[K]
[3.182s]   215 | s::msg::Odometry::ConstPtr &odom[01;35m[K)[m[K;
[3.182s]       |                                 [01;35m[K^[m[K
[3.182s] 
[3.182s] In file included from [01m[K/opt/ros/humble/include/sensor_msgs/sensor_msgs/msg/image.hpp:7[m[K,
[3.182s]                  from [01m[K/opt/ros/humble/include/cv_bridge/cv_bridge/cv_bridge.h:40[m[K,
[3.182s]                  from [01m[K/home/quangsang/ego_ws/install/plan_env/include/plan_env/grid_map.h:6[m[K,
[3.182s]                  from [01m[K/home/quangsang/ego_ws/install/path_searching/include/path_searching/dyn_a_star.h:7[m[K,
[3.182s]                  from [01m[K/home/quangsang/ego_ws/install/bspline_opt/include/bspline_opt/bspline_optimizer.h:5[m[K,
[3.182s]                  from [01m[K/home/quangsang/ego_ws/src/ego-planner-swarm/src/planner/plan_manage/include/ego_planner/ego_replan_fsm.h:15[m[K,
[3.182s]                  from [01m[K/home/quangsang/ego_ws/src/ego-planner-swarm/src/planner/plan_manage/src/ego_planner_node.cpp:5[m[K:
[3.182s] [01m[K/opt/ros/humble/include/sensor_msgs/sensor_msgs/msg/detail/image__struct.hpp:173:5:[m[K [01;36m[Knote: [m[Kdeclared here
[3.182s]   173 |     [01;36m[KConstPtr[m[K;
[3.182s]       |     [01;36m[K^~~~~~~~[m[K
[3.182s] In file included from [01m[K/home/quangsang/ego_ws/install/path_searching/include/path_searching/dyn_a_star.h:7[m[K,
[3.182s]                  from [01m[K/home/quangsang/ego_ws/install/bspline_opt/include/bspline_opt/bspline_optimizer.h:5[m[K,
[3.182s]                  from [01m[K/home/quangsang/ego_ws/src/ego-planner-swarm/src/planner/plan_manage/include/ego_planner/ego_replan_fsm.h:15[m[K,
[3.182s]                  from [01m[K/home/quangsang/ego_ws/src/ego-planner-swarm/src/planner/plan_manage/src/ego_planner_node.cpp:5[m[K:
[3.182s] [01m[K/home/quangsang/ego_ws/install/plan_env/include/plan_env/grid_map.h:215:117:[m[K [01;35m[Kwarning: [m[K‘[01m[Knav_msgs::msg::Odometry_<std::allocator<void> >::ConstPtr[m[K’ is deprecated [[01;35m[K-Wdeprecated-declarations[m[K]
[3.182s]   215 | s::msg::Odometry::ConstPtr &odom[01;35m[K)[m[K;
[3.182s]       |                                 [01;35m[K^[m[K
[3.182s] 
[3.182s] In file included from [01m[K/opt/ros/humble/include/nav_msgs/nav_msgs/msg/odometry.hpp:7[m[K,
[3.182s]                  from [01m[K/home/quangsang/ego_ws/src/ego-planner-swarm/src/planner/plan_manage/include/ego_planner/ego_replan_fsm.h:8[m[K,
[3.182s]                  from [01m[K/home/quangsang/ego_ws/src/ego-planner-swarm/src/planner/plan_manage/src/ego_planner_node.cpp:5[m[K:
[3.182s] [01m[K/opt/ros/humble/include/nav_msgs/nav_msgs/msg/detail/odometry__struct.hpp:146:5:[m[K [01;36m[Knote: [m[Kdeclared here
[3.182s]   146 |     [01;36m[KConstPtr[m[K;
[3.182s]       |     [01;36m[K^~~~~~~~[m[K
[3.183s] In file included from [01m[K/home/quangsang/ego_ws/install/path_searching/include/path_searching/dyn_a_star.h:7[m[K,
[3.183s]                  from [01m[K/home/quangsang/ego_ws/install/bspline_opt/include/bspline_opt/bspline_optimizer.h:5[m[K,
[3.183s]                  from [01m[K/home/quangsang/ego_ws/src/ego-planner-swarm/src/planner/plan_manage/include/ego_planner/ego_replan_fsm.h:15[m[K,
[3.183s]                  from [01m[K/home/quangsang/ego_ws/src/ego-planner-swarm/src/planner/plan_manage/src/ego_planner_node.cpp:5[m[K:
[3.183s] [01m[K/home/quangsang/ego_ws/install/plan_env/include/plan_env/grid_map.h:216:72:[m[K [01;35m[Kwarning: [m[K‘[01m[Ksensor_msgs::msg::PointCloud2_<std::allocator<void> >::ConstPtr[m[K’ is deprecated [[01;35m[K-Wdeprecated-declarations[m[K]
[3.183s]   216 | :msg::PointCloud2::ConstPtr &img[01;35m[K)[m[K;
[3.183s]       |                                 [01;35m[K^[m[K
[3.183s] 
[3.183s] In file included from [01m[K/opt/ros/humble/include/sensor_msgs/sensor_msgs/msg/point_cloud2.hpp:7[m[K,
[3.183s]                  from [01m[K/home/quangsang/ego_ws/install/pcl_conversions/include/pcl_conversions/pcl_conversions/pcl_conversions.h:59[m[K,
[3.183s]                  from [01m[K/home/quangsang/ego_ws/install/plan_env/include/plan_env/grid_map.h:18[m[K,
[3.183s]                  from [01m[K/home/quangsang/ego_ws/install/path_searching/include/path_searching/dyn_a_star.h:7[m[K,
[3.183s]                  from [01m[K/home/quangsang/ego_ws/install/bspline_opt/include/bspline_opt/bspline_optimizer.h:5[m[K,
[3.183s]                  from [01m[K/home/quangsang/ego_ws/src/ego-planner-swarm/src/planner/plan_manage/include/ego_planner/ego_replan_fsm.h:15[m[K,
[3.183s]                  from [01m[K/home/quangsang/ego_ws/src/ego-planner-swarm/src/planner/plan_manage/src/ego_planner_node.cpp:5[m[K:
[3.183s] [01m[K/opt/ros/humble/include/sensor_msgs/sensor_msgs/msg/detail/point_cloud2__struct.hpp:194:5:[m[K [01;36m[Knote: [m[Kdeclared here
[3.183s]   194 |     [01;36m[KConstPtr[m[K;
[3.183s]       |     [01;36m[K^~~~~~~~[m[K
[3.297s] In file included from [01m[K/home/quangsang/ego_ws/install/bspline_opt/include/bspline_opt/bspline_optimizer.h:5[m[K,
[3.297s]                  from [01m[K/home/quangsang/ego_ws/src/ego-planner-swarm/src/planner/plan_manage/include/ego_planner/ego_replan_fsm.h:15[m[K,
[3.297s]                  from [01m[K/home/quangsang/ego_ws/src/ego-planner-swarm/src/planner/plan_manage/src/ego_replan_fsm.cpp:2[m[K:
[3.297s] [01m[K/home/quangsang/ego_ws/install/path_searching/include/path_searching/dyn_a_star.h:99:2:[m[K [01;35m[Kwarning: [m[Kextra ‘[01m[K;[m[K’ [[01;35m[K-Wpedantic[m[K]
[3.297s]    99 | }[01;35m[K;[m[K
[3.297s]       |  [01;35m[K^[m[K
[3.315s] In file included from [01m[K/home/quangsang/ego_ws/install/bspline_opt/include/bspline_opt/bspline_optimizer.h:5[m[K,
[3.315s]                  from [01m[K/home/quangsang/ego_ws/src/ego-planner-swarm/src/planner/plan_manage/include/ego_planner/planner_manager.h:6[m[K,
[3.315s]                  from [01m[K/home/quangsang/ego_ws/src/ego-planner-swarm/src/planner/plan_manage/src/planner_manager.cpp:2[m[K:
[3.315s] [01m[K/home/quangsang/ego_ws/install/path_searching/include/path_searching/dyn_a_star.h:99:2:[m[K [01;35m[Kwarning: [m[Kextra ‘[01m[K;[m[K’ [[01;35m[K-Wpedantic[m[K]
[3.315s]    99 | }[01;35m[K;[m[K
[3.315s]       |  [01;35m[K^[m[K
[3.326s] In file included from [01m[K/home/quangsang/ego_ws/install/bspline_opt/include/bspline_opt/bspline_optimizer.h:5[m[K,
[3.327s]                  from [01m[K/home/quangsang/ego_ws/src/ego-planner-swarm/src/planner/plan_manage/include/ego_planner/ego_replan_fsm.h:15[m[K,
[3.327s]                  from [01m[K/home/quangsang/ego_ws/src/ego-planner-swarm/src/planner/plan_manage/src/ego_planner_node.cpp:5[m[K:
[3.327s] [01m[K/home/quangsang/ego_ws/install/path_searching/include/path_searching/dyn_a_star.h:99:2:[m[K [01;35m[Kwarning: [m[Kextra ‘[01m[K;[m[K’ [[01;35m[K-Wpedantic[m[K]
[3.327s]    99 | }[01;35m[K;[m[K
[3.327s]       |  [01;35m[K^[m[K
[3.334s] [01m[K/home/quangsang/ego_ws/install/path_searching/include/path_searching/dyn_a_star.h:112:2:[m[K [01;35m[Kwarning: [m[Kextra ‘[01m[K;[m[K’ [[01;35m[K-Wpedantic[m[K]
[3.334s]   112 | }[01;35m[K;[m[K
[3.334s]       |  [01;35m[K^[m[K
[3.351s] [01m[K/home/quangsang/ego_ws/install/path_searching/include/path_searching/dyn_a_star.h:112:2:[m[K [01;35m[Kwarning: [m[Kextra ‘[01m[K;[m[K’ [[01;35m[K-Wpedantic[m[K]
[3.351s]   112 | }[01;35m[K;[m[K
[3.351s]       |  [01;35m[K^[m[K
[3.364s] [01m[K/home/quangsang/ego_ws/install/path_searching/include/path_searching/dyn_a_star.h:112:2:[m[K [01;35m[Kwarning: [m[Kextra ‘[01m[K;[m[K’ [[01;35m[K-Wpedantic[m[K]
[3.364s]   112 | }[01;35m[K;[m[K
[3.364s]       |  [01;35m[K^[m[K
[3.413s] In file included from [01m[K/home/quangsang/ego_ws/install/bspline_opt/include/bspline_opt/bspline_optimizer.h:8[m[K,
[3.413s]                  from [01m[K/home/quangsang/ego_ws/src/ego-planner-swarm/src/planner/plan_manage/include/ego_planner/ego_replan_fsm.h:15[m[K,
[3.413s]                  from [01m[K/home/quangsang/ego_ws/src/ego-planner-swarm/src/planner/plan_manage/src/ego_planner_node.cpp:5[m[K:
[3.413s] [01m[K/home/quangsang/ego_ws/install/plan_env/include/plan_env/obj_predictor.h:126:75:[m[K [01;35m[Kwarning: [m[K‘[01m[Kgeometry_msgs::msg::PoseStamped_<std::allocator<void> >::ConstPtr[m[K’ is deprecated [[01;35m[K-Wdeprecated-declarations[m[K]
[3.413s]   126 | :msg::PoseStamped::ConstPtr &msg[01;35m[K)[m[K;
[3.413s]       |                                 [01;35m[K^[m[K
[3.413s] 
[3.413s] In file included from [01m[K/opt/ros/humble/include/nav_msgs/nav_msgs/msg/detail/path__struct.hpp:22[m[K,
[3.413s]                  from [01m[K/opt/ros/humble/include/nav_msgs/nav_msgs/msg/path.hpp:7[m[K,
[3.413s]                  from [01m[K/home/quangsang/ego_ws/src/ego-planner-swarm/src/planner/plan_manage/include/ego_planner/ego_replan_fsm.h:7[m[K,
[3.413s]                  from [01m[K/home/quangsang/ego_ws/src/ego-planner-swarm/src/planner/plan_manage/src/ego_planner_node.cpp:5[m[K:
[3.413s] [01m[K/opt/ros/humble/include/geometry_msgs/geometry_msgs/msg/detail/pose_stamped__struct.hpp:115:5:[m[K [01;36m[Knote: [m[Kdeclared here
[3.413s]   115 |     [01;36m[KConstPtr[m[K;
[3.413s]       |     [01;36m[K^~~~~~~~[m[K
[3.464s] In file included from [01m[K/home/quangsang/ego_ws/install/bspline_opt/include/bspline_opt/bspline_optimizer.h:8[m[K,
[3.464s]                  from [01m[K/home/quangsang/ego_ws/src/ego-planner-swarm/src/planner/plan_manage/include/ego_planner/ego_replan_fsm.h:15[m[K,
[3.464s]                  from [01m[K/home/quangsang/ego_ws/src/ego-planner-swarm/src/planner/plan_manage/src/ego_planner_node.cpp:5[m[K:
[3.464s] [01m[K/home/quangsang/ego_ws/install/plan_env/include/plan_env/obj_predictor.h:163:77:[m[K [01;35m[Kwarning: [m[K‘[01m[Kvisualization_msgs::msg::Marker_<std::allocator<void> >::ConstPtr[m[K’ is deprecated [[01;35m[K-Wdeprecated-declarations[m[K]
[3.464s]   163 | msgs::msg::Marker::ConstPtr &msg[01;35m[K)[m[K;
[3.464s]       |                                 [01;35m[K^[m[K
[3.464s] 
[3.464s] In file included from [01m[K/opt/ros/humble/include/visualization_msgs/visualization_msgs/msg/marker.hpp:7[m[K,
[3.464s]                  from [01m[K/home/quangsang/ego_ws/src/ego-planner-swarm/src/planner/plan_manage/src/ego_planner_node.cpp:2[m[K:
[3.464s] [01m[K/opt/ros/humble/include/visualization_msgs/visualization_msgs/msg/detail/marker__struct.hpp:364:5:[m[K [01;36m[Knote: [m[Kdeclared here
[3.464s]   364 |     [01;36m[KConstPtr[m[K;
[3.464s]       |     [01;36m[K^~~~~~~~[m[K
[3.467s] In file included from [01m[K/home/quangsang/ego_ws/install/bspline_opt/include/bspline_opt/bspline_optimizer.h:10[m[K,
[3.467s]                  from [01m[K/home/quangsang/ego_ws/src/ego-planner-swarm/src/planner/plan_manage/include/ego_planner/ego_replan_fsm.h:15[m[K,
[3.467s]                  from [01m[K/home/quangsang/ego_ws/src/ego-planner-swarm/src/planner/plan_manage/src/ego_planner_node.cpp:5[m[K:
[3.467s] [01m[K/home/quangsang/ego_ws/install/bspline_opt/include/bspline_opt/lbfgs.hpp:[m[K In function ‘[01m[Kint lbfgs::line_search_morethuente(int, double*, double*, double*, double*, double*, const double*, const double*, const double*, const double*, lbfgs::callback_data_t*, const lbfgs::lbfgs_parameter_t*)[m[K’:
[3.467s] [01m[K/home/quangsang/ego_ws/install/bspline_opt/include/bspline_opt/lbfgs.hpp:723:54:[m[K [01;35m[Kwarning: [m[Kunused parameter ‘[01m[Kgp[m[K’ [[01;35m[K-Wunused-parameter[m[K]
[3.467s]   723 |                   [01;35m[Kconst double *gp[m[K,
[3.467s]       |                   [01;35m[K~~~~~~~~~~~~~~^~[m[K
[3.467s] 
[3.672s] In file included from [01m[K/home/quangsang/ego_ws/install/bspline_opt/include/bspline_opt/bspline_optimizer.h:8[m[K,
[3.672s]                  from [01m[K/home/quangsang/ego_ws/src/ego-planner-swarm/src/planner/plan_manage/include/ego_planner/ego_replan_fsm.h:15[m[K,
[3.672s]                  from [01m[K/home/quangsang/ego_ws/src/ego-planner-swarm/src/planner/plan_manage/src/ego_replan_fsm.cpp:2[m[K:
[3.672s] [01m[K/home/quangsang/ego_ws/install/plan_env/include/plan_env/obj_predictor.h:126:75:[m[K [01;35m[Kwarning: [m[K‘[01m[Kgeometry_msgs::msg::PoseStamped_<std::allocator<void> >::ConstPtr[m[K’ is deprecated [[01;35m[K-Wdeprecated-declarations[m[K]
[3.672s]   126 |     void poseCallback(const geometry_msgs::msg::PoseStamped::ConstPtr &msg[01;35m[K)[m[K;
[3.672s]       |                                                                           [01;35m[K^[m[K
[3.672s] In file included from [01m[K/opt/ros/humble/include/nav_msgs/nav_msgs/msg/detail/path__struct.hpp:22[m[K,
[3.672s]                  from [01m[K/opt/ros/humble/include/nav_msgs/nav_msgs/msg/path.hpp:7[m[K,
[3.672s]                  from [01m[K/home/quangsang/ego_ws/src/ego-planner-swarm/src/planner/plan_manage/include/ego_planner/ego_replan_fsm.h:7[m[K,
[3.672s]                  from [01m[K/home/quangsang/ego_ws/src/ego-planner-swarm/src/planner/plan_manage/src/ego_replan_fsm.cpp:2[m[K:
[3.672s] [01m[K/opt/ros/humble/include/geometry_msgs/geometry_msgs/msg/detail/pose_stamped__struct.hpp:115:5:[m[K [01;36m[Knote: [m[Kdeclared here
[3.672s]   115 |     [01;36m[KConstPtr[m[K;
[3.672s]       |     [01;36m[K^~~~~~~~[m[K
[3.685s] In file included from [01m[K/home/quangsang/ego_ws/install/bspline_opt/include/bspline_opt/bspline_optimizer.h:8[m[K,
[3.685s]                  from [01m[K/home/quangsang/ego_ws/src/ego-planner-swarm/src/planner/plan_manage/include/ego_planner/planner_manager.h:6[m[K,
[3.685s]                  from [01m[K/home/quangsang/ego_ws/src/ego-planner-swarm/src/planner/plan_manage/src/planner_manager.cpp:2[m[K:
[3.685s] [01m[K/home/quangsang/ego_ws/install/plan_env/include/plan_env/obj_predictor.h:126:75:[m[K [01;35m[Kwarning: [m[K‘[01m[Kgeometry_msgs::msg::PoseStamped_<std::allocator<void> >::ConstPtr[m[K’ is deprecated [[01;35m[K-Wdeprecated-declarations[m[K]
[3.685s]   126 |     void poseCallback(const geometry_msgs::msg::PoseStamped::ConstPtr &msg[01;35m[K)[m[K;
[3.685s]       |                                                                           [01;35m[K^[m[K
[3.685s] In file included from [01m[K/opt/ros/humble/include/geometry_msgs/geometry_msgs/msg/pose_stamped.hpp:7[m[K,
[3.685s]                  from [01m[K/home/quangsang/ego_ws/install/plan_env/include/plan_env/grid_map.h:7[m[K,
[3.685s]                  from [01m[K/home/quangsang/ego_ws/install/path_searching/include/path_searching/dyn_a_star.h:7[m[K,
[3.685s]                  from [01m[K/home/quangsang/ego_ws/install/bspline_opt/include/bspline_opt/bspline_optimizer.h:5[m[K,
[3.685s]                  from [01m[K/home/quangsang/ego_ws/src/ego-planner-swarm/src/planner/plan_manage/include/ego_planner/planner_manager.h:6[m[K,
[3.686s]                  from [01m[K/home/quangsang/ego_ws/src/ego-planner-swarm/src/planner/plan_manage/src/planner_manager.cpp:2[m[K:
[3.686s] [01m[K/opt/ros/humble/include/geometry_msgs/geometry_msgs/msg/detail/pose_stamped__struct.hpp:115:5:[m[K [01;36m[Knote: [m[Kdeclared here
[3.686s]   115 |     [01;36m[KConstPtr[m[K;
[3.686s]       |     [01;36m[K^~~~~~~~[m[K
[3.723s] In file included from [01m[K/home/quangsang/ego_ws/install/bspline_opt/include/bspline_opt/bspline_optimizer.h:8[m[K,
[3.723s]                  from [01m[K/home/quangsang/ego_ws/src/ego-planner-swarm/src/planner/plan_manage/include/ego_planner/ego_replan_fsm.h:15[m[K,
[3.723s]                  from [01m[K/home/quangsang/ego_ws/src/ego-planner-swarm/src/planner/plan_manage/src/ego_replan_fsm.cpp:2[m[K:
[3.723s] [01m[K/home/quangsang/ego_ws/install/plan_env/include/plan_env/obj_predictor.h:163:77:[m[K [01;35m[Kwarning: [m[K‘[01m[Kvisualization_msgs::msg::Marker_<std::allocator<void> >::ConstPtr[m[K’ is deprecated [[01;35m[K-Wdeprecated-declarations[m[K]
[3.723s]   163 |     void markerCallback(const visualization_msgs::msg::Marker::ConstPtr &msg[01;35m[K)[m[K;
[3.723s]       |                                                                             [01;35m[K^[m[K
[3.723s] In file included from [01m[K/opt/ros/humble/include/visualization_msgs/visualization_msgs/msg/marker.hpp:7[m[K,
[3.723s]                  from [01m[K/home/quangsang/ego_ws/src/ego-planner-swarm/src/planner/plan_manage/include/ego_planner/ego_replan_fsm.h:13[m[K,
[3.723s]                  from [01m[K/home/quangsang/ego_ws/src/ego-planner-swarm/src/planner/plan_manage/src/ego_replan_fsm.cpp:2[m[K:
[3.723s] [01m[K/opt/ros/humble/include/visualization_msgs/visualization_msgs/msg/detail/marker__struct.hpp:364:5:[m[K [01;36m[Knote: [m[Kdeclared here
[3.723s]   364 |     [01;36m[KConstPtr[m[K;
[3.723s]       |     [01;36m[K^~~~~~~~[m[K
[3.726s] In file included from [01m[K/home/quangsang/ego_ws/install/bspline_opt/include/bspline_opt/bspline_optimizer.h:10[m[K,
[3.726s]                  from [01m[K/home/quangsang/ego_ws/src/ego-planner-swarm/src/planner/plan_manage/include/ego_planner/ego_replan_fsm.h:15[m[K,
[3.726s]                  from [01m[K/home/quangsang/ego_ws/src/ego-planner-swarm/src/planner/plan_manage/src/ego_replan_fsm.cpp:2[m[K:
[3.726s] [01m[K/home/quangsang/ego_ws/install/bspline_opt/include/bspline_opt/lbfgs.hpp:[m[K In function ‘[01m[Kint lbfgs::line_search_morethuente(int, double*, double*, double*, double*, double*, const double*, const double*, const double*, const double*, lbfgs::callback_data_t*, const lbfgs::lbfgs_parameter_t*)[m[K’:
[3.726s] [01m[K/home/quangsang/ego_ws/install/bspline_opt/include/bspline_opt/lbfgs.hpp:723:54:[m[K [01;35m[Kwarning: [m[Kunused parameter ‘[01m[Kgp[m[K’ [[01;35m[K-Wunused-parameter[m[K]
[3.726s]   723 |                                        [01;35m[Kconst double *gp[m[K,
[3.726s]       |                                        [01;35m[K~~~~~~~~~~~~~~^~[m[K
[3.736s] In file included from [01m[K/home/quangsang/ego_ws/install/bspline_opt/include/bspline_opt/bspline_optimizer.h:8[m[K,
[3.736s]                  from [01m[K/home/quangsang/ego_ws/src/ego-planner-swarm/src/planner/plan_manage/include/ego_planner/planner_manager.h:6[m[K,
[3.736s]                  from [01m[K/home/quangsang/ego_ws/src/ego-planner-swarm/src/planner/plan_manage/src/planner_manager.cpp:2[m[K:
[3.736s] [01m[K/home/quangsang/ego_ws/install/plan_env/include/plan_env/obj_predictor.h:163:77:[m[K [01;35m[Kwarning: [m[K‘[01m[Kvisualization_msgs::msg::Marker_<std::allocator<void> >::ConstPtr[m[K’ is deprecated [[01;35m[K-Wdeprecated-declarations[m[K]
[3.736s]   163 |     void markerCallback(const visualization_msgs::msg::Marker::ConstPtr &msg[01;35m[K)[m[K;
[3.736s]       |                                                                             [01;35m[K^[m[K
[3.736s] In file included from [01m[K/opt/ros/humble/include/visualization_msgs/visualization_msgs/msg/marker.hpp:7[m[K,
[3.736s]                  from [01m[K/home/quangsang/ego_ws/install/plan_env/include/plan_env/grid_map.h:14[m[K,
[3.736s]                  from [01m[K/home/quangsang/ego_ws/install/path_searching/include/path_searching/dyn_a_star.h:7[m[K,
[3.736s]                  from [01m[K/home/quangsang/ego_ws/install/bspline_opt/include/bspline_opt/bspline_optimizer.h:5[m[K,
[3.736s]                  from [01m[K/home/quangsang/ego_ws/src/ego-planner-swarm/src/planner/plan_manage/include/ego_planner/planner_manager.h:6[m[K,
[3.737s]                  from [01m[K/home/quangsang/ego_ws/src/ego-planner-swarm/src/planner/plan_manage/src/planner_manager.cpp:2[m[K:
[3.737s] [01m[K/opt/ros/humble/include/visualization_msgs/visualization_msgs/msg/detail/marker__struct.hpp:364:5:[m[K [01;36m[Knote: [m[Kdeclared here
[3.737s]   364 |     [01;36m[KConstPtr[m[K;
[3.737s]       |     [01;36m[K^~~~~~~~[m[K
[3.739s] In file included from [01m[K/home/quangsang/ego_ws/install/bspline_opt/include/bspline_opt/bspline_optimizer.h:10[m[K,
[3.739s]                  from [01m[K/home/quangsang/ego_ws/src/ego-planner-swarm/src/planner/plan_manage/include/ego_planner/planner_manager.h:6[m[K,
[3.739s]                  from [01m[K/home/quangsang/ego_ws/src/ego-planner-swarm/src/planner/plan_manage/src/planner_manager.cpp:2[m[K:
[3.739s] [01m[K/home/quangsang/ego_ws/install/bspline_opt/include/bspline_opt/lbfgs.hpp:[m[K In function ‘[01m[Kint lbfgs::line_search_morethuente(int, double*, double*, double*, double*, double*, const double*, const double*, const double*, const double*, lbfgs::callback_data_t*, const lbfgs::lbfgs_parameter_t*)[m[K’:
[3.739s] [01m[K/home/quangsang/ego_ws/install/bspline_opt/include/bspline_opt/lbfgs.hpp:723:54:[m[K [01;35m[Kwarning: [m[Kunused parameter ‘[01m[Kgp[m[K’ [[01;35m[K-Wunused-parameter[m[K]
[3.739s]   723 |                                        [01;35m[Kconst double *gp[m[K,
[3.739s]       |                                        [01;35m[K~~~~~~~~~~~~~~^~[m[K
[3.887s] [01m[K/home/quangsang/ego_ws/src/ego-planner-swarm/src/planner/plan_manage/src/ego_replan_fsm.cpp:[m[K In member function ‘[01m[Kvoid ego_planner::EGOReplanFSM::triggerCallback(const std::shared_ptr<const geometry_msgs::msg::PoseStamped_<std::allocator<void> > >&)[m[K’:
[3.887s] [01m[K/home/quangsang/ego_ws/src/ego-planner-swarm/src/planner/plan_manage/src/ego_replan_fsm.cpp:229:100:[m[K [01;35m[Kwarning: [m[Kunused parameter ‘[01m[Kmsg[m[K’ [[01;35m[K-Wunused-parameter[m[K]
[3.887s]   229 |   void EGOReplanFSM::triggerCallback([01;35m[Kconst std::shared_ptr<const geometry_msgs::msg::PoseStamped> &msg[m[K)
[3.887s]       |                                      [01;35m[K~~~~~~~~~~~~~~~~~~~~~~~~~~~~~~~~~~~~~~~~~~~~~~~~~~~~~~~~~~~~~~^~~[m[K
[24.684s] [100%] [32m[1mLinking CXX executable ego_planner_node[0m
[25.598s] /usr/bin/ld: warning: libopencv_core.so.4.5d, needed by /opt/ros/humble/lib/libcv_bridge.so, may conflict with libopencv_core.so.413
[25.606s] [100%] Built target ego_planner_node
[25.615s] Invoked command in '/home/quangsang/ego_ws/build/ego_planner' returned '0': CMAKE_PREFIX_PATH=/home/quangsang/ego_ws/install/bspline_opt:/home/quangsang/ego_ws/install/path_searching:/home/quangsang/ego_ws/install/plan_env:/home/quangsang/ego_ws/install/pcl_conversions:/home/quangsang/ego_ws/install/traj_utils:/home/quangsang/ego_ws/install/quadrotor_msgs:/home/quangsang/ego_ws/install/pcl_msgs:/home/quangsang/ros2_ws/install/ros_ign_bridge:/home/quangsang/ros2_ws/install/ros_gz_bridge:/home/quangsang/ros2_ws/install/ros_gz_interfaces:/home/quangsang/ros2_ws/install/rmw_cyclonedds_cpp:/home/quangsang/ros2_ws/install/px4_msgs:/home/quangsang/ros2_ws/install/gz_ros_bridge:/home/quangsang/ros2_ws/install/depthimage_to_pointcloud2:/home/quangsang/ros2_ws/install/cyclonedds:/home/quangsang/ego_ws/install/waypoint_generator:/home/quangsang/ego_ws/install/so3_quadrotor_simulator:/home/quangsang/ego_ws/install/uav_utils:/home/quangsang/ego_ws/install/rosmsg_tcp_bridge:/home/quangsang/ego_ws/install/offboard_control:/home/quangsang/ego_ws/install/ego_planner:/home/quangsang/ego_ws/install/so3_control:/home/quangsang/ego_ws/install/poscmd_2_odom:/home/quangsang/ego_ws/install/odom_visualization:/home/quangsang/ego_ws/install/multi_map_server:/home/quangsang/ego_ws/install/local_sensing:/home/quangsang/ego_ws/install/px4_msgs:/home/quangsang/ego_ws/install/pose_utils:/home/quangsang/ego_ws/install/perception_pcl:/home/quangsang/ego_ws/install/mockamap:/home/quangsang/ego_ws/install/pcl_ros:/home/quangsang/ego_ws/install/map_generator:/home/quangsang/ego_ws/install/drone_detect:/home/quangsang/ego_ws/install/cmake_utils:/home/quangsang/ros2_ws/install/gz_openvins_bridge:/home/quangsang/ros2_ws/install/obstacle_publisher:/opt/ros/humble LD_LIBRARY_PATH=/home/quangsang/ego_ws/install/path_searching/lib:/home/quangsang/ego_ws/install/plan_env/lib:/home/quangsang/ego_ws/install/traj_utils/lib:/home/quangsang/ego_ws/install/quadrotor_msgs/lib:/home/quangsang/ego_ws/install/pcl_msgs/lib:/home/quangsang/ros2_ws/install/ros_gz_bridge/lib:/home/quangsang/ros2_ws/install/ros_gz_interfaces/lib:/home/quangsang/ros2_ws/install/rmw_cyclonedds_cpp/lib:/home/quangsang/ros2_ws/install/px4_msgs/lib:/home/quangsang/ros2_ws/install/cyclonedds/lib:/home/quangsang/ego_ws/install/bspline_opt/lib:/home/quangsang/ego_ws/install/so3_control/lib:/home/quangsang/ego_ws/install/multi_map_server/lib:/home/quangsang/ego_ws/install/px4_msgs/lib:/home/quangsang/ego_ws/install/pose_utils/lib:/home/quangsang/ego_ws/install/pcl_ros/lib:/opt/ros/humble/opt/rviz_ogre_vendor/lib:/opt/ros/humble/lib/x86_64-linux-gnu:/opt/ros/humble/lib:/usr/local/cuda-11.8/lib64 /usr/bin/cmake --build /home/quangsang/ego_ws/build/ego_planner -- -j20 -l20
[25.615s] Invoking command in '/home/quangsang/ego_ws/build/ego_planner': CMAKE_PREFIX_PATH=/home/quangsang/ego_ws/install/bspline_opt:/home/quangsang/ego_ws/install/path_searching:/home/quangsang/ego_ws/install/plan_env:/home/quangsang/ego_ws/install/pcl_conversions:/home/quangsang/ego_ws/install/traj_utils:/home/quangsang/ego_ws/install/quadrotor_msgs:/home/quangsang/ego_ws/install/pcl_msgs:/home/quangsang/ros2_ws/install/ros_ign_bridge:/home/quangsang/ros2_ws/install/ros_gz_bridge:/home/quangsang/ros2_ws/install/ros_gz_interfaces:/home/quangsang/ros2_ws/install/rmw_cyclonedds_cpp:/home/quangsang/ros2_ws/install/px4_msgs:/home/quangsang/ros2_ws/install/gz_ros_bridge:/home/quangsang/ros2_ws/install/depthimage_to_pointcloud2:/home/quangsang/ros2_ws/install/cyclonedds:/home/quangsang/ego_ws/install/waypoint_generator:/home/quangsang/ego_ws/install/so3_quadrotor_simulator:/home/quangsang/ego_ws/install/uav_utils:/home/quangsang/ego_ws/install/rosmsg_tcp_bridge:/home/quangsang/ego_ws/install/offboard_control:/home/quangsang/ego_ws/install/ego_planner:/home/quangsang/ego_ws/install/so3_control:/home/quangsang/ego_ws/install/poscmd_2_odom:/home/quangsang/ego_ws/install/odom_visualization:/home/quangsang/ego_ws/install/multi_map_server:/home/quangsang/ego_ws/install/local_sensing:/home/quangsang/ego_ws/install/px4_msgs:/home/quangsang/ego_ws/install/pose_utils:/home/quangsang/ego_ws/install/perception_pcl:/home/quangsang/ego_ws/install/mockamap:/home/quangsang/ego_ws/install/pcl_ros:/home/quangsang/ego_ws/install/map_generator:/home/quangsang/ego_ws/install/drone_detect:/home/quangsang/ego_ws/install/cmake_utils:/home/quangsang/ros2_ws/install/gz_openvins_bridge:/home/quangsang/ros2_ws/install/obstacle_publisher:/opt/ros/humble LD_LIBRARY_PATH=/home/quangsang/ego_ws/install/path_searching/lib:/home/quangsang/ego_ws/install/plan_env/lib:/home/quangsang/ego_ws/install/traj_utils/lib:/home/quangsang/ego_ws/install/quadrotor_msgs/lib:/home/quangsang/ego_ws/install/pcl_msgs/lib:/home/quangsang/ros2_ws/install/ros_gz_bridge/lib:/home/quangsang/ros2_ws/install/ros_gz_interfaces/lib:/home/quangsang/ros2_ws/install/rmw_cyclonedds_cpp/lib:/home/quangsang/ros2_ws/install/px4_msgs/lib:/home/quangsang/ros2_ws/install/cyclonedds/lib:/home/quangsang/ego_ws/install/bspline_opt/lib:/home/quangsang/ego_ws/install/so3_control/lib:/home/quangsang/ego_ws/install/multi_map_server/lib:/home/quangsang/ego_ws/install/px4_msgs/lib:/home/quangsang/ego_ws/install/pose_utils/lib:/home/quangsang/ego_ws/install/pcl_ros/lib:/opt/ros/humble/opt/rviz_ogre_vendor/lib:/opt/ros/humble/lib/x86_64-linux-gnu:/opt/ros/humble/lib:/usr/local/cuda-11.8/lib64 /usr/bin/cmake --install /home/quangsang/ego_ws/build/ego_planner
[25.619s] -- Install configuration: "Release"
[25.619s] -- Installing: /home/quangsang/ego_ws/install/ego_planner/lib/ego_planner/ego_planner_node
[25.672s] -- Set runtime path of "/home/quangsang/ego_ws/install/ego_planner/lib/ego_planner/ego_planner_node" to ""
[25.672s] -- Installing: /home/quangsang/ego_ws/install/ego_planner/lib/ego_planner/traj_server
[25.689s] -- Set runtime path of "/home/quangsang/ego_ws/install/ego_planner/lib/ego_planner/traj_server" to ""
[25.689s] -- Up-to-date: /home/quangsang/ego_ws/install/ego_planner/share/ego_planner/launch
[25.689s] -- Up-to-date: /home/quangsang/ego_ws/install/ego_planner/share/ego_planner/launch/swarm_large.launch.py
[25.689s] -- Up-to-date: /home/quangsang/ego_ws/install/ego_planner/share/ego_planner/launch/rviz.launch.py
[25.689s] -- Up-to-date: /home/quangsang/ego_ws/install/ego_planner/share/ego_planner/launch/simulator.launch.py
[25.689s] -- Up-to-date: /home/quangsang/ego_ws/install/ego_planner/share/ego_planner/launch/single_run_in_sim.launch.py
[25.689s] -- Up-to-date: /home/quangsang/ego_ws/install/ego_planner/share/ego_planner/launch/advanced_param.launch.py
[25.689s] -- Up-to-date: /home/quangsang/ego_ws/install/ego_planner/share/ego_planner/launch/default.rviz
[25.689s] -- Up-to-date: /home/quangsang/ego_ws/install/ego_planner/share/ego_planner/launch/run_in_sim.launch.py
[25.689s] -- Up-to-date: /home/quangsang/ego_ws/install/ego_planner/share/ego_planner/launch/swarm.launch.py
[25.689s] -- Up-to-date: /home/quangsang/ego_ws/install/ego_planner/share/ament_index/resource_index/package_run_dependencies/ego_planner
[25.689s] -- Up-to-date: /home/quangsang/ego_ws/install/ego_planner/share/ament_index/resource_index/parent_prefix_path/ego_planner
[25.689s] -- Up-to-date: /home/quangsang/ego_ws/install/ego_planner/share/ego_planner/environment/ament_prefix_path.sh
[25.689s] -- Up-to-date: /home/quangsang/ego_ws/install/ego_planner/share/ego_planner/environment/ament_prefix_path.dsv
[25.689s] -- Up-to-date: /home/quangsang/ego_ws/install/ego_planner/share/ego_planner/environment/path.sh
[25.689s] -- Up-to-date: /home/quangsang/ego_ws/install/ego_planner/share/ego_planner/environment/path.dsv
[25.690s] -- Up-to-date: /home/quangsang/ego_ws/install/ego_planner/share/ego_planner/local_setup.bash
[25.690s] -- Up-to-date: /home/quangsang/ego_ws/install/ego_planner/share/ego_planner/local_setup.sh
[25.690s] -- Up-to-date: /home/quangsang/ego_ws/install/ego_planner/share/ego_planner/local_setup.zsh
[25.690s] -- Up-to-date: /home/quangsang/ego_ws/install/ego_planner/share/ego_planner/local_setup.dsv
[25.690s] -- Installing: /home/quangsang/ego_ws/install/ego_planner/share/ego_planner/package.dsv
[25.690s] -- Up-to-date: /home/quangsang/ego_ws/install/ego_planner/share/ament_index/resource_index/packages/ego_planner
[25.690s] -- Up-to-date: /home/quangsang/ego_ws/install/ego_planner/share/ego_planner/cmake/ego_plannerConfig.cmake
[25.690s] -- Up-to-date: /home/quangsang/ego_ws/install/ego_planner/share/ego_planner/cmake/ego_plannerConfig-version.cmake
[25.690s] -- Up-to-date: /home/quangsang/ego_ws/install/ego_planner/share/ego_planner/package.xml
[25.691s] Invoked command in '/home/quangsang/ego_ws/build/ego_planner' returned '0': CMAKE_PREFIX_PATH=/home/quangsang/ego_ws/install/bspline_opt:/home/quangsang/ego_ws/install/path_searching:/home/quangsang/ego_ws/install/plan_env:/home/quangsang/ego_ws/install/pcl_conversions:/home/quangsang/ego_ws/install/traj_utils:/home/quangsang/ego_ws/install/quadrotor_msgs:/home/quangsang/ego_ws/install/pcl_msgs:/home/quangsang/ros2_ws/install/ros_ign_bridge:/home/quangsang/ros2_ws/install/ros_gz_bridge:/home/quangsang/ros2_ws/install/ros_gz_interfaces:/home/quangsang/ros2_ws/install/rmw_cyclonedds_cpp:/home/quangsang/ros2_ws/install/px4_msgs:/home/quangsang/ros2_ws/install/gz_ros_bridge:/home/quangsang/ros2_ws/install/depthimage_to_pointcloud2:/home/quangsang/ros2_ws/install/cyclonedds:/home/quangsang/ego_ws/install/waypoint_generator:/home/quangsang/ego_ws/install/so3_quadrotor_simulator:/home/quangsang/ego_ws/install/uav_utils:/home/quangsang/ego_ws/install/rosmsg_tcp_bridge:/home/quangsang/ego_ws/install/offboard_control:/home/quangsang/ego_ws/install/ego_planner:/home/quangsang/ego_ws/install/so3_control:/home/quangsang/ego_ws/install/poscmd_2_odom:/home/quangsang/ego_ws/install/odom_visualization:/home/quangsang/ego_ws/install/multi_map_server:/home/quangsang/ego_ws/install/local_sensing:/home/quangsang/ego_ws/install/px4_msgs:/home/quangsang/ego_ws/install/pose_utils:/home/quangsang/ego_ws/install/perception_pcl:/home/quangsang/ego_ws/install/mockamap:/home/quangsang/ego_ws/install/pcl_ros:/home/quangsang/ego_ws/install/map_generator:/home/quangsang/ego_ws/install/drone_detect:/home/quangsang/ego_ws/install/cmake_utils:/home/quangsang/ros2_ws/install/gz_openvins_bridge:/home/quangsang/ros2_ws/install/obstacle_publisher:/opt/ros/humble LD_LIBRARY_PATH=/home/quangsang/ego_ws/install/path_searching/lib:/home/quangsang/ego_ws/install/plan_env/lib:/home/quangsang/ego_ws/install/traj_utils/lib:/home/quangsang/ego_ws/install/quadrotor_msgs/lib:/home/quangsang/ego_ws/install/pcl_msgs/lib:/home/quangsang/ros2_ws/install/ros_gz_bridge/lib:/home/quangsang/ros2_ws/install/ros_gz_interfaces/lib:/home/quangsang/ros2_ws/install/rmw_cyclonedds_cpp/lib:/home/quangsang/ros2_ws/install/px4_msgs/lib:/home/quangsang/ros2_ws/install/cyclonedds/lib:/home/quangsang/ego_ws/install/bspline_opt/lib:/home/quangsang/ego_ws/install/so3_control/lib:/home/quangsang/ego_ws/install/multi_map_server/lib:/home/quangsang/ego_ws/install/px4_msgs/lib:/home/quangsang/ego_ws/install/pose_utils/lib:/home/quangsang/ego_ws/install/pcl_ros/lib:/opt/ros/humble/opt/rviz_ogre_vendor/lib:/opt/ros/humble/lib/x86_64-linux-gnu:/opt/ros/humble/lib:/usr/local/cuda-11.8/lib64 /usr/bin/cmake --install /home/quangsang/ego_ws/build/ego_planner
