[0.014s] Invoking command in '/home/quangsang/ego_ws/build/bspline_opt': CMAKE_PREFIX_PATH=/home/quangsang/ego_ws/install/path_searching:/home/quangsang/ego_ws/install/plan_env:/home/quangsang/ego_ws/install/pcl_conversions:/home/quangsang/ego_ws/install/traj_utils:/home/quangsang/ego_ws/install/pcl_msgs:/home/quangsang/ros2_ws/install/ros_ign_bridge:/home/quangsang/ros2_ws/install/ros_gz_bridge:/home/quangsang/ros2_ws/install/ros_gz_interfaces:/home/quangsang/ros2_ws/install/rmw_cyclonedds_cpp:/home/quangsang/ros2_ws/install/px4_msgs:/home/quangsang/ros2_ws/install/gz_ros_bridge:/home/quangsang/ros2_ws/install/depthimage_to_pointcloud2:/home/quangsang/ros2_ws/install/cyclonedds:/home/quangsang/ego_ws/install/waypoint_generator:/home/quangsang/ego_ws/install/so3_quadrotor_simulator:/home/quangsang/ego_ws/install/uav_utils:/home/quangsang/ego_ws/install/rosmsg_tcp_bridge:/home/quangsang/ego_ws/install/offboard_control:/home/quangsang/ego_ws/install/ego_planner:/home/quangsang/ego_ws/install/bspline_opt:/home/quangsang/ego_ws/install/so3_control:/home/quangsang/ego_ws/install/poscmd_2_odom:/home/quangsang/ego_ws/install/odom_visualization:/home/quangsang/ego_ws/install/multi_map_server:/home/quangsang/ego_ws/install/local_sensing:/home/quangsang/ego_ws/install/quadrotor_msgs:/home/quangsang/ego_ws/install/px4_msgs:/home/quangsang/ego_ws/install/pose_utils:/home/quangsang/ego_ws/install/perception_pcl:/home/quangsang/ego_ws/install/mockamap:/home/quangsang/ego_ws/install/pcl_ros:/home/quangsang/ego_ws/install/map_generator:/home/quangsang/ego_ws/install/drone_detect:/home/quangsang/ego_ws/install/cmake_utils:/home/quangsang/ros2_ws/install/gz_openvins_bridge:/home/quangsang/ros2_ws/install/obstacle_publisher:/opt/ros/humble LD_LIBRARY_PATH=/home/quangsang/ego_ws/install/path_searching/lib:/home/quangsang/ego_ws/install/plan_env/lib:/home/quangsang/ego_ws/install/traj_utils/lib:/home/quangsang/ego_ws/install/pcl_msgs/lib:/home/quangsang/ros2_ws/install/ros_gz_bridge/lib:/home/quangsang/ros2_ws/install/ros_gz_interfaces/lib:/home/quangsang/ros2_ws/install/rmw_cyclonedds_cpp/lib:/home/quangsang/ros2_ws/install/px4_msgs/lib:/home/quangsang/ros2_ws/install/cyclonedds/lib:/home/quangsang/ego_ws/install/bspline_opt/lib:/home/quangsang/ego_ws/install/so3_control/lib:/home/quangsang/ego_ws/install/multi_map_server/lib:/home/quangsang/ego_ws/install/quadrotor_msgs/lib:/home/quangsang/ego_ws/install/px4_msgs/lib:/home/quangsang/ego_ws/install/pose_utils/lib:/home/quangsang/ego_ws/install/pcl_ros/lib:/opt/ros/humble/opt/rviz_ogre_vendor/lib:/opt/ros/humble/lib/x86_64-linux-gnu:/opt/ros/humble/lib:/usr/local/cuda-11.8/lib64 /usr/bin/cmake /home/quangsang/ego_ws/src/ego-planner-swarm/src/planner/bspline_opt -DCMAKE_INSTALL_PREFIX=/home/quangsang/ego_ws/install/bspline_opt
[0.058s] -- The C compiler identification is GNU 9.5.0
[0.094s] -- The CXX compiler identification is GNU 9.5.0
[0.099s] -- Detecting C compiler ABI info
[0.148s] -- Detecting C compiler ABI info - done
[0.151s] -- Check for working C compiler: /usr/bin/cc - skipped
[0.152s] -- Detecting C compile features
[0.152s] -- Detecting C compile features - done
[0.153s] -- Detecting CXX compiler ABI info
[0.207s] -- Detecting CXX compiler ABI info - done
[0.211s] -- Check for working CXX compiler: /usr/bin/c++ - skipped
[0.211s] -- Detecting CXX compile features
[0.211s] -- Detecting CXX compile features - done
[0.214s] -- Found ament_cmake: 1.3.12 (/opt/ros/humble/share/ament_cmake/cmake)
[0.318s] -- Found Python3: /usr/bin/python3 (found version "3.10.12") found components: Interpreter 
[0.387s] -- Found rclcpp: 16.0.14 (/opt/ros/humble/share/rclcpp/cmake)
[0.422s] -- Found rosidl_generator_c: 3.1.7 (/opt/ros/humble/share/rosidl_generator_c/cmake)
[0.427s] -- Found rosidl_adapter: 3.1.7 (/opt/ros/humble/share/rosidl_adapter/cmake)
[0.433s] -- Found rosidl_generator_cpp: 3.1.7 (/opt/ros/humble/share/rosidl_generator_cpp/cmake)
[0.442s] -- Using all available rosidl_typesupport_c: rosidl_typesupport_fastrtps_c;rosidl_typesupport_introspection_c
[0.454s] -- Using all available rosidl_typesupport_cpp: rosidl_typesupport_fastrtps_cpp;rosidl_typesupport_introspection_cpp
[0.487s] -- Found rmw_implementation_cmake: 6.1.2 (/opt/ros/humble/share/rmw_implementation_cmake/cmake)
[0.489s] -- Found rmw_cyclonedds_cpp: 1.3.4 (/home/quangsang/ros2_ws/install/rmw_cyclonedds_cpp/share/rmw_cyclonedds_cpp/cmake)
[0.507s] -- Using RMW implementation 'rmw_cyclonedds_cpp' as default
[0.515s] -- Looking for pthread.h
[0.565s] -- Looking for pthread.h - found
[0.566s] -- Performing Test CMAKE_HAVE_LIBC_PTHREAD
[0.622s] -- Performing Test CMAKE_HAVE_LIBC_PTHREAD - Success
[0.623s] -- Found Threads: TRUE  
[0.655s] -- Found rclpy: 3.3.17 (/opt/ros/humble/share/rclpy/cmake)
[0.657s] -- Found visualization_msgs: 4.9.0 (/opt/ros/humble/share/visualization_msgs/cmake)
[0.689s] -- Found nav_msgs: 4.9.0 (/opt/ros/humble/share/nav_msgs/cmake)
[0.699s] -- Found cv_bridge: 3.2.1 (/opt/ros/humble/share/cv_bridge/cmake)
[0.706s] -- Found plan_env: 0.0.0 (/home/quangsang/ego_ws/install/plan_env/share/plan_env/cmake)
[0.707s] -- Found traj_utils: 0.0.0 (/home/quangsang/ego_ws/install/traj_utils/share/traj_utils/cmake)
[0.719s] -- Found path_searching: 0.0.0 (/home/quangsang/ego_ws/install/path_searching/share/path_searching/cmake)
[0.729s] -- Checking for module 'eigen3'
[0.741s] --   Found eigen3, version 3.4.0
[0.767s] -- Found Eigen: /usr/include/eigen3 (Required is at least version "3.1") 
[0.767s] -- Eigen found (include: /usr/include/eigen3, version: 3.4.0)
[0.787s] -- Found Boost: /usr/lib/x86_64-linux-gnu/cmake/Boost-1.74.0/BoostConfig.cmake (found suitable version "1.74.0", minimum required is "1.65.0") found components: system filesystem date_time iostreams serialization 
[0.798s] -- Checking for module 'flann'
[0.810s] --   Found flann, version 1.9.1
[0.844s] -- Found FLANN: /usr/lib/x86_64-linux-gnu/libflann_cpp.so  
[0.844s] -- FLANN found (include: /usr/include, lib: /usr/lib/x86_64-linux-gnu/libflann_cpp.so)
[0.866s] -- Found GLEW: /usr/lib/x86_64-linux-gnu/libGLEW.so  
[0.871s] -- Found OpenGL: /usr/lib/x86_64-linux-gnu/libOpenGL.so  found components: OpenGL GLX 
[0.978s] -- Found MPI_C: /usr/lib/x86_64-linux-gnu/libmpi.so (found version "3.1") 
[0.979s] -- Found MPI: TRUE (found version "3.1") found components: C 
[0.980s] -- Found JsonCpp: /usr/lib/x86_64-linux-gnu/libjsoncpp.so (found suitable version "1.9.5", minimum required is "0.7.0") 
[0.987s] -- Found ZLIB: /usr/lib/x86_64-linux-gnu/libz.so (found version "1.2.11") 
[0.999s] -- Found PNG: /usr/lib/x86_64-linux-gnu/libpng.so (found version "1.6.37") 
[1.007s] -- Found Eigen3: /usr/include/eigen3 (found version "3.4.0") 
[1.087s] -- Found X11: /usr/include   
[1.087s] -- Looking for XOpenDisplay in /usr/lib/x86_64-linux-gnu/libX11.so;/usr/lib/x86_64-linux-gnu/libXext.so
[1.144s] -- Looking for XOpenDisplay in /usr/lib/x86_64-linux-gnu/libX11.so;/usr/lib/x86_64-linux-gnu/libXext.so - found
[1.144s] -- Looking for gethostbyname
[1.197s] -- Looking for gethostbyname - found
[1.197s] -- Looking for connect
[1.248s] -- Looking for connect - found
[1.248s] -- Looking for remove
[1.294s] -- Looking for remove - found
[1.294s] -- Looking for shmat
[1.342s] -- Looking for shmat - found
[1.342s] -- Looking for IceConnectionNumber in ICE
[1.393s] -- Looking for IceConnectionNumber in ICE - found
[1.467s] -- Found EXPAT: /usr/lib/x86_64-linux-gnu/libexpat.so (found version "2.4.7") 
[1.469s] -- Found double-conversion: /usr/lib/x86_64-linux-gnu/libdouble-conversion.so  
[1.470s] -- Found LZ4: /usr/lib/x86_64-linux-gnu/liblz4.so (found version "1.9.3") 
[1.471s] -- Found LZMA: /usr/lib/x86_64-linux-gnu/liblzma.so (found version "5.2.5") 
[1.481s] -- Found JPEG: /usr/lib/x86_64-linux-gnu/libjpeg.so (found version "80") 
[1.485s] -- Found TIFF: /usr/lib/x86_64-linux-gnu/libtiff.so (found version "4.3.0")  
[1.487s] -- Found Freetype: /usr/lib/x86_64-linux-gnu/libfreetype.so (found version "2.11.1") 
[1.491s] -- Found utf8cpp: /usr/include/utf8cpp  
[1.550s] -- Checking for module 'libusb-1.0'
[1.562s] --   Found libusb-1.0, version 1.0.25
[1.591s] -- Found libusb: /usr/lib/x86_64-linux-gnu/libusb-1.0.so  
[1.591s] -- Found OpenNI: /usr/lib/libOpenNI.so;libusb::libusb (found version "1.5.4.0") 
[1.591s] -- OpenNI found (version: 1.5.4.0, include: /usr/include/ni, lib: /usr/lib/libOpenNI.so;libusb::libusb)
[1.635s] -- Found OpenNI2: /usr/lib/x86_64-linux-gnu/libOpenNI2.so;libusb::libusb (found version "2.2.0.33") 
[1.635s] -- OpenNI2 found (version: 2.2.0.33, include: /usr/include/openni2, lib: /usr/lib/x86_64-linux-gnu/libOpenNI2.so;libusb::libusb)
[1.636s] [0m** WARNING ** io features related to pcap will be disabled[0m
[1.753s] -- Eigen found (include: /usr/include/eigen3, version: 3.4.0)
[1.756s] -- OpenNI found (version: 1.5.4.0, include: /usr/include/ni, lib: /usr/lib/libOpenNI.so;libusb::libusb)
[1.761s] -- OpenNI2 found (version: 2.2.0.33, include: /usr/include/openni2, lib: /usr/lib/x86_64-linux-gnu/libOpenNI2.so;libusb::libusb)
[1.880s] -- Found Qhull version 8.0.2
[1.995s] -- OpenNI found (version: 1.5.4.0, include: /usr/include/ni, lib: /usr/lib/libOpenNI.so;libusb::libusb)
[2.101s] -- looking for PCL_COMMON
[2.102s] -- Found PCL_COMMON: /usr/lib/x86_64-linux-gnu/libpcl_common.so  
[2.102s] -- looking for PCL_KDTREE
[2.102s] -- Found PCL_KDTREE: /usr/lib/x86_64-linux-gnu/libpcl_kdtree.so  
[2.103s] -- looking for PCL_OCTREE
[2.103s] -- Found PCL_OCTREE: /usr/lib/x86_64-linux-gnu/libpcl_octree.so  
[2.103s] -- looking for PCL_SEARCH
[2.104s] -- Found PCL_SEARCH: /usr/lib/x86_64-linux-gnu/libpcl_search.so  
[2.104s] -- looking for PCL_SAMPLE_CONSENSUS
[2.104s] -- Found PCL_SAMPLE_CONSENSUS: /usr/lib/x86_64-linux-gnu/libpcl_sample_consensus.so  
[2.104s] -- looking for PCL_FILTERS
[2.105s] -- Found PCL_FILTERS: /usr/lib/x86_64-linux-gnu/libpcl_filters.so  
[2.105s] -- looking for PCL_2D
[2.105s] -- Found PCL_2D: /usr/include/pcl-1.12  
[2.105s] -- looking for PCL_GEOMETRY
[2.105s] -- Found PCL_GEOMETRY: /usr/include/pcl-1.12  
[2.105s] -- looking for PCL_IO
[2.106s] -- Found PCL_IO: /usr/lib/x86_64-linux-gnu/libpcl_io.so  
[2.106s] -- looking for PCL_FEATURES
[2.106s] -- Found PCL_FEATURES: /usr/lib/x86_64-linux-gnu/libpcl_features.so  
[2.106s] -- looking for PCL_ML
[2.107s] -- Found PCL_ML: /usr/lib/x86_64-linux-gnu/libpcl_ml.so  
[2.107s] -- looking for PCL_SEGMENTATION
[2.108s] -- Found PCL_SEGMENTATION: /usr/lib/x86_64-linux-gnu/libpcl_segmentation.so  
[2.108s] -- looking for PCL_VISUALIZATION
[2.108s] -- Found PCL_VISUALIZATION: /usr/lib/x86_64-linux-gnu/libpcl_visualization.so  
[2.108s] -- looking for PCL_SURFACE
[2.109s] -- Found PCL_SURFACE: /usr/lib/x86_64-linux-gnu/libpcl_surface.so  
[2.109s] -- looking for PCL_REGISTRATION
[2.110s] -- Found PCL_REGISTRATION: /usr/lib/x86_64-linux-gnu/libpcl_registration.so  
[2.110s] -- looking for PCL_KEYPOINTS
[2.110s] -- Found PCL_KEYPOINTS: /usr/lib/x86_64-linux-gnu/libpcl_keypoints.so  
[2.110s] -- looking for PCL_TRACKING
[2.111s] -- Found PCL_TRACKING: /usr/lib/x86_64-linux-gnu/libpcl_tracking.so  
[2.111s] -- looking for PCL_RECOGNITION
[2.112s] -- Found PCL_RECOGNITION: /usr/lib/x86_64-linux-gnu/libpcl_recognition.so  
[2.112s] -- looking for PCL_STEREO
[2.112s] -- Found PCL_STEREO: /usr/lib/x86_64-linux-gnu/libpcl_stereo.so  
[2.112s] -- looking for PCL_APPS
[2.113s] -- Found PCL_APPS: /usr/lib/x86_64-linux-gnu/libpcl_apps.so  
[2.113s] -- looking for PCL_IN_HAND_SCANNER
[2.113s] -- Found PCL_IN_HAND_SCANNER: /usr/include/pcl-1.12  
[2.113s] -- looking for PCL_MODELER
[2.114s] -- Found PCL_MODELER: /usr/include/pcl-1.12  
[2.114s] -- looking for PCL_POINT_CLOUD_EDITOR
[2.114s] -- Found PCL_POINT_CLOUD_EDITOR: /usr/include/pcl-1.12  
[2.114s] -- looking for PCL_OUTOFCORE
[2.114s] -- Found PCL_OUTOFCORE: /usr/lib/x86_64-linux-gnu/libpcl_outofcore.so  
[2.114s] -- looking for PCL_PEOPLE
[2.115s] -- Found PCL_PEOPLE: /usr/lib/x86_64-linux-gnu/libpcl_people.so  
[2.116s] -- Found PCL: pcl_common;pcl_kdtree;pcl_octree;pcl_search;pcl_sample_consensus;pcl_filters;pcl_io;pcl_features;pcl_ml;pcl_segmentation;pcl_visualization;pcl_surface;pcl_registration;pcl_keypoints;pcl_tracking;pcl_recognition;pcl_stereo;pcl_apps;pcl_outofcore;pcl_people;Boost::system;Boost::filesystem;Boost::date_time;Boost::iostreams;Boost::serialization;/usr/lib/libOpenNI.so;libusb::libusb;/usr/lib/x86_64-linux-gnu/libOpenNI2.so;libusb::libusb;VTK::ChartsCore;VTK::CommonColor;VTK::CommonComputationalGeometry;VTK::CommonCore;VTK::CommonDataModel;VTK::CommonExecutionModel;VTK::CommonMath;VTK::CommonMisc;VTK::CommonTransforms;VTK::FiltersCore;VTK::FiltersExtraction;VTK::FiltersGeneral;VTK::FiltersGeometry;VTK::FiltersModeling;VTK::FiltersSources;VTK::ImagingCore;VTK::ImagingSources;VTK::InteractionImage;VTK::InteractionStyle;VTK::InteractionWidgets;VTK::IOCore;VTK::IOGeometry;VTK::IOImage;VTK::IOLegacy;VTK::IOPLY;VTK::RenderingAnnotation;VTK::RenderingCore;VTK::RenderingContext2D;VTK::RenderingLOD;VTK::RenderingFreeType;VTK::ViewsCore;VTK::ViewsContext2D;VTK::RenderingOpenGL2;VTK::GUISupportQt;FLANN::FLANN;QHULL::QHULL  
[2.116s] -- Found pcl_conversions: 2.4.5 (/home/quangsang/ego_ws/install/pcl_conversions/share/pcl_conversions/cmake)
[2.139s] -- Found ament_lint_auto: 0.12.14 (/opt/ros/humble/share/ament_lint_auto/cmake)
[2.208s] -- Added test 'cppcheck' to perform static code analysis on C / C++ code
[2.208s] -- Configured cppcheck include dirs: /home/quangsang/ego_ws/src/ego-planner-swarm/src/planner/bspline_opt/include
[2.208s] -- Configured cppcheck exclude dirs and/or files: 
[2.209s] -- Added test 'lint_cmake' to check CMake code style
[2.210s] -- Added test 'uncrustify' to check C / C++ code style
[2.210s] -- Configured uncrustify additional arguments: 
[2.210s] -- Added test 'xmllint' to check XML markup files
[2.212s] -- Configuring done
[2.228s] -- Generating done
[2.232s] -- Build files have been written to: /home/quangsang/ego_ws/build/bspline_opt
[2.244s] Invoked command in '/home/quangsang/ego_ws/build/bspline_opt' returned '0': CMAKE_PREFIX_PATH=/home/quangsang/ego_ws/install/path_searching:/home/quangsang/ego_ws/install/plan_env:/home/quangsang/ego_ws/install/pcl_conversions:/home/quangsang/ego_ws/install/traj_utils:/home/quangsang/ego_ws/install/pcl_msgs:/home/quangsang/ros2_ws/install/ros_ign_bridge:/home/quangsang/ros2_ws/install/ros_gz_bridge:/home/quangsang/ros2_ws/install/ros_gz_interfaces:/home/quangsang/ros2_ws/install/rmw_cyclonedds_cpp:/home/quangsang/ros2_ws/install/px4_msgs:/home/quangsang/ros2_ws/install/gz_ros_bridge:/home/quangsang/ros2_ws/install/depthimage_to_pointcloud2:/home/quangsang/ros2_ws/install/cyclonedds:/home/quangsang/ego_ws/install/waypoint_generator:/home/quangsang/ego_ws/install/so3_quadrotor_simulator:/home/quangsang/ego_ws/install/uav_utils:/home/quangsang/ego_ws/install/rosmsg_tcp_bridge:/home/quangsang/ego_ws/install/offboard_control:/home/quangsang/ego_ws/install/ego_planner:/home/quangsang/ego_ws/install/bspline_opt:/home/quangsang/ego_ws/install/so3_control:/home/quangsang/ego_ws/install/poscmd_2_odom:/home/quangsang/ego_ws/install/odom_visualization:/home/quangsang/ego_ws/install/multi_map_server:/home/quangsang/ego_ws/install/local_sensing:/home/quangsang/ego_ws/install/quadrotor_msgs:/home/quangsang/ego_ws/install/px4_msgs:/home/quangsang/ego_ws/install/pose_utils:/home/quangsang/ego_ws/install/perception_pcl:/home/quangsang/ego_ws/install/mockamap:/home/quangsang/ego_ws/install/pcl_ros:/home/quangsang/ego_ws/install/map_generator:/home/quangsang/ego_ws/install/drone_detect:/home/quangsang/ego_ws/install/cmake_utils:/home/quangsang/ros2_ws/install/gz_openvins_bridge:/home/quangsang/ros2_ws/install/obstacle_publisher:/opt/ros/humble LD_LIBRARY_PATH=/home/quangsang/ego_ws/install/path_searching/lib:/home/quangsang/ego_ws/install/plan_env/lib:/home/quangsang/ego_ws/install/traj_utils/lib:/home/quangsang/ego_ws/install/pcl_msgs/lib:/home/quangsang/ros2_ws/install/ros_gz_bridge/lib:/home/quangsang/ros2_ws/install/ros_gz_interfaces/lib:/home/quangsang/ros2_ws/install/rmw_cyclonedds_cpp/lib:/home/quangsang/ros2_ws/install/px4_msgs/lib:/home/quangsang/ros2_ws/install/cyclonedds/lib:/home/quangsang/ego_ws/install/bspline_opt/lib:/home/quangsang/ego_ws/install/so3_control/lib:/home/quangsang/ego_ws/install/multi_map_server/lib:/home/quangsang/ego_ws/install/quadrotor_msgs/lib:/home/quangsang/ego_ws/install/px4_msgs/lib:/home/quangsang/ego_ws/install/pose_utils/lib:/home/quangsang/ego_ws/install/pcl_ros/lib:/opt/ros/humble/opt/rviz_ogre_vendor/lib:/opt/ros/humble/lib/x86_64-linux-gnu:/opt/ros/humble/lib:/usr/local/cuda-11.8/lib64 /usr/bin/cmake /home/quangsang/ego_ws/src/ego-planner-swarm/src/planner/bspline_opt -DCMAKE_INSTALL_PREFIX=/home/quangsang/ego_ws/install/bspline_opt
[2.245s] Invoking command in '/home/quangsang/ego_ws/build/bspline_opt': CMAKE_PREFIX_PATH=/home/quangsang/ego_ws/install/path_searching:/home/quangsang/ego_ws/install/plan_env:/home/quangsang/ego_ws/install/pcl_conversions:/home/quangsang/ego_ws/install/traj_utils:/home/quangsang/ego_ws/install/pcl_msgs:/home/quangsang/ros2_ws/install/ros_ign_bridge:/home/quangsang/ros2_ws/install/ros_gz_bridge:/home/quangsang/ros2_ws/install/ros_gz_interfaces:/home/quangsang/ros2_ws/install/rmw_cyclonedds_cpp:/home/quangsang/ros2_ws/install/px4_msgs:/home/quangsang/ros2_ws/install/gz_ros_bridge:/home/quangsang/ros2_ws/install/depthimage_to_pointcloud2:/home/quangsang/ros2_ws/install/cyclonedds:/home/quangsang/ego_ws/install/waypoint_generator:/home/quangsang/ego_ws/install/so3_quadrotor_simulator:/home/quangsang/ego_ws/install/uav_utils:/home/quangsang/ego_ws/install/rosmsg_tcp_bridge:/home/quangsang/ego_ws/install/offboard_control:/home/quangsang/ego_ws/install/ego_planner:/home/quangsang/ego_ws/install/bspline_opt:/home/quangsang/ego_ws/install/so3_control:/home/quangsang/ego_ws/install/poscmd_2_odom:/home/quangsang/ego_ws/install/odom_visualization:/home/quangsang/ego_ws/install/multi_map_server:/home/quangsang/ego_ws/install/local_sensing:/home/quangsang/ego_ws/install/quadrotor_msgs:/home/quangsang/ego_ws/install/px4_msgs:/home/quangsang/ego_ws/install/pose_utils:/home/quangsang/ego_ws/install/perception_pcl:/home/quangsang/ego_ws/install/mockamap:/home/quangsang/ego_ws/install/pcl_ros:/home/quangsang/ego_ws/install/map_generator:/home/quangsang/ego_ws/install/drone_detect:/home/quangsang/ego_ws/install/cmake_utils:/home/quangsang/ros2_ws/install/gz_openvins_bridge:/home/quangsang/ros2_ws/install/obstacle_publisher:/opt/ros/humble LD_LIBRARY_PATH=/home/quangsang/ego_ws/install/path_searching/lib:/home/quangsang/ego_ws/install/plan_env/lib:/home/quangsang/ego_ws/install/traj_utils/lib:/home/quangsang/ego_ws/install/pcl_msgs/lib:/home/quangsang/ros2_ws/install/ros_gz_bridge/lib:/home/quangsang/ros2_ws/install/ros_gz_interfaces/lib:/home/quangsang/ros2_ws/install/rmw_cyclonedds_cpp/lib:/home/quangsang/ros2_ws/install/px4_msgs/lib:/home/quangsang/ros2_ws/install/cyclonedds/lib:/home/quangsang/ego_ws/install/bspline_opt/lib:/home/quangsang/ego_ws/install/so3_control/lib:/home/quangsang/ego_ws/install/multi_map_server/lib:/home/quangsang/ego_ws/install/quadrotor_msgs/lib:/home/quangsang/ego_ws/install/px4_msgs/lib:/home/quangsang/ego_ws/install/pose_utils/lib:/home/quangsang/ego_ws/install/pcl_ros/lib:/opt/ros/humble/opt/rviz_ogre_vendor/lib:/opt/ros/humble/lib/x86_64-linux-gnu:/opt/ros/humble/lib:/usr/local/cuda-11.8/lib64 /usr/bin/cmake --build /home/quangsang/ego_ws/build/bspline_opt -- -j20 -l20
[2.284s] [ 25%] [32mBuilding CXX object CMakeFiles/bspline_opt.dir/src/gradient_descent_optimizer.cpp.o[0m
[2.286s] [ 75%] [32mBuilding CXX object CMakeFiles/bspline_opt.dir/src/bspline_optimizer.cpp.o[0m
[2.286s] [ 75%] [32mBuilding CXX object CMakeFiles/bspline_opt.dir/src/uniform_bspline.cpp.o[0m
[6.055s] [01m[K/home/quangsang/ego_ws/src/ego-planner-swarm/src/planner/bspline_opt/src/bspline_optimizer.cpp:[m[K In static member function ‘[01m[Kstatic int ego_planner::BsplineOptimizer::earlyExit(void*, const double*, const double*, double, double, double, double, int, int, int)[m[K’:
[6.055s] [01m[K/home/quangsang/ego_ws/src/ego-planner-swarm/src/planner/bspline_opt/src/bspline_optimizer.cpp:841:66:[m[K [01;35m[Kwarning: [m[Kunused parameter ‘[01m[Kx[m[K’ [[01;35m[K-Wunused-parameter[m[K]
[6.055s]   841 |   int BsplineOptimizer::earlyExit(void *func_data, [01;35m[Kconst double *x[m[K, const double *g, const double fx, const double xnorm, const double gnorm, const double step, int n, int k, int ls)
[6.055s]       |                                                    [01;35m[K~~~~~~~~~~~~~~^[m[K
[6.055s] [01m[K/home/quangsang/ego_ws/src/ego-planner-swarm/src/planner/bspline_opt/src/bspline_optimizer.cpp:841:83:[m[K [01;35m[Kwarning: [m[Kunused parameter ‘[01m[Kg[m[K’ [[01;35m[K-Wunused-parameter[m[K]
[6.055s]   841 |   int BsplineOptimizer::earlyExit(void *func_data, const double *x, [01;35m[Kconst double *g[m[K, const double fx, const double xnorm, const double gnorm, const double step, int n, int k, int ls)
[6.055s]       |                                                                     [01;35m[K~~~~~~~~~~~~~~^[m[K
[6.055s] [01m[K/home/quangsang/ego_ws/src/ego-planner-swarm/src/planner/bspline_opt/src/bspline_optimizer.cpp:841:99:[m[K [01;35m[Kwarning: [m[Kunused parameter ‘[01m[Kfx[m[K’ [[01;35m[K-Wunused-parameter[m[K]
[6.055s]   841 |   int BsplineOptimizer::earlyExit(void *func_data, const double *x, const double *g, [01;35m[Kconst double fx[m[K, const double xnorm, const double gnorm, const double step, int n, int k, int ls)
[6.055s]       |                                                                                      [01;35m[K~~~~~~~~~~~~~^~[m[K
[6.056s] [01m[K/home/quangsang/ego_ws/src/ego-planner-swarm/src/planner/bspline_opt/src/bspline_optimizer.cpp:841:116:[m[K [01;35m[Kwarning: [m[Kunused parameter ‘[01m[Kxnorm[m[K’ [[01;35m[K-Wunused-parameter[m[K]
[6.056s]   841 |   int BsplineOptimizer::earlyExit(void *func_data, const double *x, const double *g, const double fx, [01;35m[Kconst double xnorm[m[K, const double gnorm, const double step, int n, int k, int ls)
[6.056s]       |                                                                                                       [01;35m[K~~~~~~~~~~~~~^~~~~[m[K
[6.056s] [01m[K/home/quangsang/ego_ws/src/ego-planner-swarm/src/planner/bspline_opt/src/bspline_optimizer.cpp:841:136:[m[K [01;35m[Kwarning: [m[Kunused parameter ‘[01m[Kgnorm[m[K’ [[01;35m[K-Wunused-parameter[m[K]
[6.056s]   841 |   int BsplineOptimizer::earlyExit(void *func_data, const double *x, const double *g, const double fx, const double xnorm, [01;35m[Kconst double gnorm[m[K, const double step, int n, int k, int ls)
[6.056s]       |                                                                                                                           [01;35m[K~~~~~~~~~~~~~^~~~~[m[K
[6.056s] [01m[K/home/quangsang/ego_ws/src/ego-planner-swarm/src/planner/bspline_opt/src/bspline_optimizer.cpp:841:156:[m[K [01;35m[Kwarning: [m[Kunused parameter ‘[01m[Kstep[m[K’ [[01;35m[K-Wunused-parameter[m[K]
[6.056s]   841 |   int BsplineOptimizer::earlyExit(void *func_data, const double *x, const double *g, const double fx, const double xnorm, const double gnorm, [01;35m[Kconst double step[m[K, int n, int k, int ls)
[6.056s]       |                                                                                                                                               [01;35m[K~~~~~~~~~~~~~^~~~[m[K
[6.056s] [01m[K/home/quangsang/ego_ws/src/ego-planner-swarm/src/planner/bspline_opt/src/bspline_optimizer.cpp:841:166:[m[K [01;35m[Kwarning: [m[Kunused parameter ‘[01m[Kn[m[K’ [[01;35m[K-Wunused-parameter[m[K]
[6.056s]   841 |   int BsplineOptimizer::earlyExit(void *func_data, const double *x, const double *g, const double fx, const double xnorm, const double gnorm, const double step, [01;35m[Kint n[m[K, int k, int ls)
[6.056s]       |                                                                                                                                                                  [01;35m[K~~~~^[m[K
[6.056s] [01m[K/home/quangsang/ego_ws/src/ego-planner-swarm/src/planner/bspline_opt/src/bspline_optimizer.cpp:841:173:[m[K [01;35m[Kwarning: [m[Kunused parameter ‘[01m[Kk[m[K’ [[01;35m[K-Wunused-parameter[m[K]
[6.056s]   841 |   int BsplineOptimizer::earlyExit(void *func_data, const double *x, const double *g, const double fx, const double xnorm, const double gnorm, const double step, int n, [01;35m[Kint k[m[K, int ls)
[6.056s]       |                                                                                                                                                                         [01;35m[K~~~~^[m[K
[6.056s] [01m[K/home/quangsang/ego_ws/src/ego-planner-swarm/src/planner/bspline_opt/src/bspline_optimizer.cpp:841:180:[m[K [01;35m[Kwarning: [m[Kunused parameter ‘[01m[Kls[m[K’ [[01;35m[K-Wunused-parameter[m[K]
[6.056s]   841 |   int BsplineOptimizer::earlyExit(void *func_data, const double *x, const double *g, const double fx, const double xnorm, const double gnorm, const double step, int n, int k, [01;35m[Kint ls[m[K)
[6.056s]       |                                                                                                                                                                                [01;35m[K~~~~^~[m[K
[6.283s] [01m[K/home/quangsang/ego_ws/src/ego-planner-swarm/src/planner/bspline_opt/src/bspline_optimizer.cpp:[m[K In member function ‘[01m[Kbool ego_planner::BsplineOptimizer::rebound_optimize(double&)[m[K’:
[6.283s] [01m[K/home/quangsang/ego_ws/src/ego-planner-swarm/src/planner/bspline_opt/src/bspline_optimizer.cpp:1567:14:[m[K [01;35m[Kwarning: [m[KISO C++ forbids variable length array ‘[01m[Kq[m[K’ [[01;35m[K-Wvla[m[K]
[6.283s]  1567 |       double [01;35m[Kq[m[K[variable_num_];
[6.283s]       |              [01;35m[K^[m[K
[6.292s] [01m[K/home/quangsang/ego_ws/src/ego-planner-swarm/src/planner/bspline_opt/src/bspline_optimizer.cpp:[m[K In member function ‘[01m[Kbool ego_planner::BsplineOptimizer::refine_optimize()[m[K’:
[6.292s] [01m[K/home/quangsang/ego_ws/src/ego-planner-swarm/src/planner/bspline_opt/src/bspline_optimizer.cpp:1732:12:[m[K [01;35m[Kwarning: [m[KISO C++ forbids variable length array ‘[01m[Kq[m[K’ [[01;35m[K-Wvla[m[K]
[6.292s]  1732 |     double [01;35m[Kq[m[K[variable_num_];
[6.292s]       |            [01;35m[K^[m[K
[13.928s] [100%] [32m[1mLinking CXX static library libbspline_opt.a[0m
[14.713s] [100%] Built target bspline_opt
[14.963s] Invoked command in '/home/quangsang/ego_ws/build/bspline_opt' returned '0': CMAKE_PREFIX_PATH=/home/quangsang/ego_ws/install/path_searching:/home/quangsang/ego_ws/install/plan_env:/home/quangsang/ego_ws/install/pcl_conversions:/home/quangsang/ego_ws/install/traj_utils:/home/quangsang/ego_ws/install/pcl_msgs:/home/quangsang/ros2_ws/install/ros_ign_bridge:/home/quangsang/ros2_ws/install/ros_gz_bridge:/home/quangsang/ros2_ws/install/ros_gz_interfaces:/home/quangsang/ros2_ws/install/rmw_cyclonedds_cpp:/home/quangsang/ros2_ws/install/px4_msgs:/home/quangsang/ros2_ws/install/gz_ros_bridge:/home/quangsang/ros2_ws/install/depthimage_to_pointcloud2:/home/quangsang/ros2_ws/install/cyclonedds:/home/quangsang/ego_ws/install/waypoint_generator:/home/quangsang/ego_ws/install/so3_quadrotor_simulator:/home/quangsang/ego_ws/install/uav_utils:/home/quangsang/ego_ws/install/rosmsg_tcp_bridge:/home/quangsang/ego_ws/install/offboard_control:/home/quangsang/ego_ws/install/ego_planner:/home/quangsang/ego_ws/install/bspline_opt:/home/quangsang/ego_ws/install/so3_control:/home/quangsang/ego_ws/install/poscmd_2_odom:/home/quangsang/ego_ws/install/odom_visualization:/home/quangsang/ego_ws/install/multi_map_server:/home/quangsang/ego_ws/install/local_sensing:/home/quangsang/ego_ws/install/quadrotor_msgs:/home/quangsang/ego_ws/install/px4_msgs:/home/quangsang/ego_ws/install/pose_utils:/home/quangsang/ego_ws/install/perception_pcl:/home/quangsang/ego_ws/install/mockamap:/home/quangsang/ego_ws/install/pcl_ros:/home/quangsang/ego_ws/install/map_generator:/home/quangsang/ego_ws/install/drone_detect:/home/quangsang/ego_ws/install/cmake_utils:/home/quangsang/ros2_ws/install/gz_openvins_bridge:/home/quangsang/ros2_ws/install/obstacle_publisher:/opt/ros/humble LD_LIBRARY_PATH=/home/quangsang/ego_ws/install/path_searching/lib:/home/quangsang/ego_ws/install/plan_env/lib:/home/quangsang/ego_ws/install/traj_utils/lib:/home/quangsang/ego_ws/install/pcl_msgs/lib:/home/quangsang/ros2_ws/install/ros_gz_bridge/lib:/home/quangsang/ros2_ws/install/ros_gz_interfaces/lib:/home/quangsang/ros2_ws/install/rmw_cyclonedds_cpp/lib:/home/quangsang/ros2_ws/install/px4_msgs/lib:/home/quangsang/ros2_ws/install/cyclonedds/lib:/home/quangsang/ego_ws/install/bspline_opt/lib:/home/quangsang/ego_ws/install/so3_control/lib:/home/quangsang/ego_ws/install/multi_map_server/lib:/home/quangsang/ego_ws/install/quadrotor_msgs/lib:/home/quangsang/ego_ws/install/px4_msgs/lib:/home/quangsang/ego_ws/install/pose_utils/lib:/home/quangsang/ego_ws/install/pcl_ros/lib:/opt/ros/humble/opt/rviz_ogre_vendor/lib:/opt/ros/humble/lib/x86_64-linux-gnu:/opt/ros/humble/lib:/usr/local/cuda-11.8/lib64 /usr/bin/cmake --build /home/quangsang/ego_ws/build/bspline_opt -- -j20 -l20
[14.965s] Invoking command in '/home/quangsang/ego_ws/build/bspline_opt': CMAKE_PREFIX_PATH=/home/quangsang/ego_ws/install/path_searching:/home/quangsang/ego_ws/install/plan_env:/home/quangsang/ego_ws/install/pcl_conversions:/home/quangsang/ego_ws/install/traj_utils:/home/quangsang/ego_ws/install/pcl_msgs:/home/quangsang/ros2_ws/install/ros_ign_bridge:/home/quangsang/ros2_ws/install/ros_gz_bridge:/home/quangsang/ros2_ws/install/ros_gz_interfaces:/home/quangsang/ros2_ws/install/rmw_cyclonedds_cpp:/home/quangsang/ros2_ws/install/px4_msgs:/home/quangsang/ros2_ws/install/gz_ros_bridge:/home/quangsang/ros2_ws/install/depthimage_to_pointcloud2:/home/quangsang/ros2_ws/install/cyclonedds:/home/quangsang/ego_ws/install/waypoint_generator:/home/quangsang/ego_ws/install/so3_quadrotor_simulator:/home/quangsang/ego_ws/install/uav_utils:/home/quangsang/ego_ws/install/rosmsg_tcp_bridge:/home/quangsang/ego_ws/install/offboard_control:/home/quangsang/ego_ws/install/ego_planner:/home/quangsang/ego_ws/install/bspline_opt:/home/quangsang/ego_ws/install/so3_control:/home/quangsang/ego_ws/install/poscmd_2_odom:/home/quangsang/ego_ws/install/odom_visualization:/home/quangsang/ego_ws/install/multi_map_server:/home/quangsang/ego_ws/install/local_sensing:/home/quangsang/ego_ws/install/quadrotor_msgs:/home/quangsang/ego_ws/install/px4_msgs:/home/quangsang/ego_ws/install/pose_utils:/home/quangsang/ego_ws/install/perception_pcl:/home/quangsang/ego_ws/install/mockamap:/home/quangsang/ego_ws/install/pcl_ros:/home/quangsang/ego_ws/install/map_generator:/home/quangsang/ego_ws/install/drone_detect:/home/quangsang/ego_ws/install/cmake_utils:/home/quangsang/ros2_ws/install/gz_openvins_bridge:/home/quangsang/ros2_ws/install/obstacle_publisher:/opt/ros/humble LD_LIBRARY_PATH=/home/quangsang/ego_ws/install/path_searching/lib:/home/quangsang/ego_ws/install/plan_env/lib:/home/quangsang/ego_ws/install/traj_utils/lib:/home/quangsang/ego_ws/install/pcl_msgs/lib:/home/quangsang/ros2_ws/install/ros_gz_bridge/lib:/home/quangsang/ros2_ws/install/ros_gz_interfaces/lib:/home/quangsang/ros2_ws/install/rmw_cyclonedds_cpp/lib:/home/quangsang/ros2_ws/install/px4_msgs/lib:/home/quangsang/ros2_ws/install/cyclonedds/lib:/home/quangsang/ego_ws/install/bspline_opt/lib:/home/quangsang/ego_ws/install/so3_control/lib:/home/quangsang/ego_ws/install/multi_map_server/lib:/home/quangsang/ego_ws/install/quadrotor_msgs/lib:/home/quangsang/ego_ws/install/px4_msgs/lib:/home/quangsang/ego_ws/install/pose_utils/lib:/home/quangsang/ego_ws/install/pcl_ros/lib:/opt/ros/humble/opt/rviz_ogre_vendor/lib:/opt/ros/humble/lib/x86_64-linux-gnu:/opt/ros/humble/lib:/usr/local/cuda-11.8/lib64 /usr/bin/cmake --install /home/quangsang/ego_ws/build/bspline_opt
[14.969s] -- Install configuration: "Release"
[14.969s] -- Installing: /home/quangsang/ego_ws/install/bspline_opt/lib/libbspline_opt.a
[14.992s] -- Installing: /home/quangsang/ego_ws/install/bspline_opt/include/bspline_opt
[14.992s] -- Installing: /home/quangsang/ego_ws/install/bspline_opt/include/bspline_opt/bspline_optimizer.h
[14.992s] -- Installing: /home/quangsang/ego_ws/install/bspline_opt/include/bspline_opt/uniform_bspline.h
[14.992s] -- Installing: /home/quangsang/ego_ws/install/bspline_opt/include/bspline_opt/gradient_descent_optimizer.h
[14.992s] -- Installing: /home/quangsang/ego_ws/install/bspline_opt/include/bspline_opt/lbfgs.hpp
[14.992s] -- Installing: /home/quangsang/ego_ws/install/bspline_opt/share/bspline_opt/environment/library_path.sh
[14.992s] -- Installing: /home/quangsang/ego_ws/install/bspline_opt/share/bspline_opt/environment/library_path.dsv
[14.992s] -- Installing: /home/quangsang/ego_ws/install/bspline_opt/share/ament_index/resource_index/package_run_dependencies/bspline_opt
[14.992s] -- Installing: /home/quangsang/ego_ws/install/bspline_opt/share/ament_index/resource_index/parent_prefix_path/bspline_opt
[14.992s] -- Installing: /home/quangsang/ego_ws/install/bspline_opt/share/bspline_opt/environment/ament_prefix_path.sh
[14.992s] -- Installing: /home/quangsang/ego_ws/install/bspline_opt/share/bspline_opt/environment/ament_prefix_path.dsv
[14.992s] -- Installing: /home/quangsang/ego_ws/install/bspline_opt/share/bspline_opt/environment/path.sh
[14.992s] -- Installing: /home/quangsang/ego_ws/install/bspline_opt/share/bspline_opt/environment/path.dsv
[14.992s] -- Installing: /home/quangsang/ego_ws/install/bspline_opt/share/bspline_opt/local_setup.bash
[14.992s] -- Installing: /home/quangsang/ego_ws/install/bspline_opt/share/bspline_opt/local_setup.sh
[14.992s] -- Installing: /home/quangsang/ego_ws/install/bspline_opt/share/bspline_opt/local_setup.zsh
[14.992s] -- Installing: /home/quangsang/ego_ws/install/bspline_opt/share/bspline_opt/local_setup.dsv
[14.992s] -- Installing: /home/quangsang/ego_ws/install/bspline_opt/share/bspline_opt/package.dsv
[14.992s] -- Installing: /home/quangsang/ego_ws/install/bspline_opt/share/ament_index/resource_index/packages/bspline_opt
[14.992s] -- Installing: /home/quangsang/ego_ws/install/bspline_opt/share/bspline_opt/cmake/ament_cmake_export_include_directories-extras.cmake
[14.992s] -- Installing: /home/quangsang/ego_ws/install/bspline_opt/share/bspline_opt/cmake/ament_cmake_export_libraries-extras.cmake
[14.992s] -- Installing: /home/quangsang/ego_ws/install/bspline_opt/share/bspline_opt/cmake/bspline_optConfig.cmake
[14.992s] -- Installing: /home/quangsang/ego_ws/install/bspline_opt/share/bspline_opt/cmake/bspline_optConfig-version.cmake
[14.992s] -- Installing: /home/quangsang/ego_ws/install/bspline_opt/share/bspline_opt/package.xml
[14.994s] Invoked command in '/home/quangsang/ego_ws/build/bspline_opt' returned '0': CMAKE_PREFIX_PATH=/home/quangsang/ego_ws/install/path_searching:/home/quangsang/ego_ws/install/plan_env:/home/quangsang/ego_ws/install/pcl_conversions:/home/quangsang/ego_ws/install/traj_utils:/home/quangsang/ego_ws/install/pcl_msgs:/home/quangsang/ros2_ws/install/ros_ign_bridge:/home/quangsang/ros2_ws/install/ros_gz_bridge:/home/quangsang/ros2_ws/install/ros_gz_interfaces:/home/quangsang/ros2_ws/install/rmw_cyclonedds_cpp:/home/quangsang/ros2_ws/install/px4_msgs:/home/quangsang/ros2_ws/install/gz_ros_bridge:/home/quangsang/ros2_ws/install/depthimage_to_pointcloud2:/home/quangsang/ros2_ws/install/cyclonedds:/home/quangsang/ego_ws/install/waypoint_generator:/home/quangsang/ego_ws/install/so3_quadrotor_simulator:/home/quangsang/ego_ws/install/uav_utils:/home/quangsang/ego_ws/install/rosmsg_tcp_bridge:/home/quangsang/ego_ws/install/offboard_control:/home/quangsang/ego_ws/install/ego_planner:/home/quangsang/ego_ws/install/bspline_opt:/home/quangsang/ego_ws/install/so3_control:/home/quangsang/ego_ws/install/poscmd_2_odom:/home/quangsang/ego_ws/install/odom_visualization:/home/quangsang/ego_ws/install/multi_map_server:/home/quangsang/ego_ws/install/local_sensing:/home/quangsang/ego_ws/install/quadrotor_msgs:/home/quangsang/ego_ws/install/px4_msgs:/home/quangsang/ego_ws/install/pose_utils:/home/quangsang/ego_ws/install/perception_pcl:/home/quangsang/ego_ws/install/mockamap:/home/quangsang/ego_ws/install/pcl_ros:/home/quangsang/ego_ws/install/map_generator:/home/quangsang/ego_ws/install/drone_detect:/home/quangsang/ego_ws/install/cmake_utils:/home/quangsang/ros2_ws/install/gz_openvins_bridge:/home/quangsang/ros2_ws/install/obstacle_publisher:/opt/ros/humble LD_LIBRARY_PATH=/home/quangsang/ego_ws/install/path_searching/lib:/home/quangsang/ego_ws/install/plan_env/lib:/home/quangsang/ego_ws/install/traj_utils/lib:/home/quangsang/ego_ws/install/pcl_msgs/lib:/home/quangsang/ros2_ws/install/ros_gz_bridge/lib:/home/quangsang/ros2_ws/install/ros_gz_interfaces/lib:/home/quangsang/ros2_ws/install/rmw_cyclonedds_cpp/lib:/home/quangsang/ros2_ws/install/px4_msgs/lib:/home/quangsang/ros2_ws/install/cyclonedds/lib:/home/quangsang/ego_ws/install/bspline_opt/lib:/home/quangsang/ego_ws/install/so3_control/lib:/home/quangsang/ego_ws/install/multi_map_server/lib:/home/quangsang/ego_ws/install/quadrotor_msgs/lib:/home/quangsang/ego_ws/install/px4_msgs/lib:/home/quangsang/ego_ws/install/pose_utils/lib:/home/quangsang/ego_ws/install/pcl_ros/lib:/opt/ros/humble/opt/rviz_ogre_vendor/lib:/opt/ros/humble/lib/x86_64-linux-gnu:/opt/ros/humble/lib:/usr/local/cuda-11.8/lib64 /usr/bin/cmake --install /home/quangsang/ego_ws/build/bspline_opt
