[01m[K/home/quangsang/ego_ws/src/ego-planner-swarm/src/uav_simulator/Utils/waypoint_generator/src/waypoint_generator.cpp:173:68:[m[K [01;35m[Kwarning: [m[K‘[01m[Knav_msgs::msg::Odometry_<std::allocator<void> >::ConstPtr[m[K’ is deprecated [[01;35m[K-Wdeprecated-declarations[m[K]
  173 | gs::msg::Odometry::ConstPtr &msg[01;35m[K)[m[K
      |                                 [01;35m[K^[m[K

In file included from [01m[K/opt/ros/humble/include/nav_msgs/nav_msgs/msg/odometry.hpp:7[m[K,
                 from [01m[K/home/quangsang/ego_ws/src/ego-planner-swarm/src/uav_simulator/Utils/waypoint_generator/src/waypoint_generator.cpp:4[m[K:
[01m[K/opt/ros/humble/include/nav_msgs/nav_msgs/msg/detail/odometry__struct.hpp:146:5:[m[K [01;36m[Knote: [m[Kdeclared here
  146 |     [01;36m[KConstPtr[m[K;
      |     [01;36m[K^~~~~~~~[m[K
[01m[K/home/quangsang/ego_ws/src/ego-planner-swarm/src/uav_simulator/Utils/waypoint_generator/src/waypoint_generator.cpp:206:76:[m[K [01;35m[Kwarning: [m[K‘[01m[Kgeometry_msgs::msg::PoseStamped_<std::allocator<void> >::ConstPtr[m[K’ is deprecated [[01;35m[K-Wdeprecated-declarations[m[K]
  206 | :msg::PoseStamped::ConstPtr &msg[01;35m[K)[m[K
      |                                 [01;35m[K^[m[K

In file included from [01m[K/opt/ros/humble/include/geometry_msgs/geometry_msgs/msg/pose_stamped.hpp:7[m[K,
                 from [01m[K/home/quangsang/ego_ws/src/ego-planner-swarm/src/uav_simulator/Utils/waypoint_generator/src/waypoint_generator.cpp:5[m[K:
[01m[K/opt/ros/humble/include/geometry_msgs/geometry_msgs/msg/detail/pose_stamped__struct.hpp:115:5:[m[K [01;36m[Knote: [m[Kdeclared here
  115 |     [01;36m[KConstPtr[m[K;
      |     [01;36m[K^~~~~~~~[m[K
[01m[K/home/quangsang/ego_ws/src/ego-planner-swarm/src/uav_simulator/Utils/waypoint_generator/src/waypoint_generator.cpp:[m[K In member function ‘[01m[Kvoid WaypointGenerator::traj_start_trigger_callback(const PoseStamped&)[m[K’:
[01m[K/home/quangsang/ego_ws/src/ego-planner-swarm/src/uav_simulator/Utils/waypoint_generator/src/waypoint_generator.cpp:305:77:[m[K [01;35m[Kwarning: [m[Kunused parameter ‘[01m[Kmsg[m[K’ [[01;35m[K-Wunused-parameter[m[K]
  305 | [01;35m[Keometry_msgs::msg::PoseStamped &msg[m[K)
      | [01;35m[K~~~~~~~~~~~~~~~~~~~~~~~~~~~~~~~~^~~[m[K

