[0.019s] Invoking command in '/home/quangsang/ego_ws/build/waypoint_generator': CMAKE_PREFIX_PATH=${CMAKE_PREFIX_PATH}:/home/quangsang/ros2_ws/install/gz_openvins_bridge:/home/quangsang/ros2_ws/install/obstacle_publisher:/opt/ros/humble /usr/bin/cmake /home/quangsang/ego_ws/src/ego-planner-swarm/src/uav_simulator/Utils/waypoint_generator -DCMAKE_INSTALL_PREFIX=/home/quangsang/ego_ws/install/waypoint_generator
[0.056s] -- The C compiler identification is GNU 9.5.0
[0.091s] -- The CXX compiler identification is GNU 9.5.0
[0.096s] -- Detecting C compiler ABI info
[0.140s] -- Detecting C compiler ABI info - done
[0.144s] -- Check for working C compiler: /usr/bin/cc - skipped
[0.144s] -- Detecting C compile features
[0.145s] -- Detecting C compile features - done
[0.147s] -- Detecting CXX compiler ABI info
[0.198s] -- Detecting CXX compiler ABI info - done
[0.204s] -- Check for working CXX compiler: /usr/bin/c++ - skipped
[0.204s] -- Detecting CXX compile features
[0.204s] -- Detecting CXX compile features - done
[0.205s] -- Found ament_cmake: 1.3.12 (/opt/ros/humble/share/ament_cmake/cmake)
[0.317s] -- Found Python3: /usr/bin/python3 (found version "3.10.12") found components: Interpreter 
[0.380s] -- Found rclcpp: 16.0.14 (/opt/ros/humble/share/rclcpp/cmake)
[0.410s] -- Found rosidl_generator_c: 3.1.7 (/opt/ros/humble/share/rosidl_generator_c/cmake)
[0.413s] -- Found rosidl_adapter: 3.1.7 (/opt/ros/humble/share/rosidl_adapter/cmake)
[0.420s] -- Found rosidl_generator_cpp: 3.1.7 (/opt/ros/humble/share/rosidl_generator_cpp/cmake)
[0.428s] -- Using all available rosidl_typesupport_c: rosidl_typesupport_fastrtps_c;rosidl_typesupport_introspection_c
[0.438s] -- Using all available rosidl_typesupport_cpp: rosidl_typesupport_fastrtps_cpp;rosidl_typesupport_introspection_cpp
[0.465s] -- Found rmw_implementation_cmake: 6.1.2 (/opt/ros/humble/share/rmw_implementation_cmake/cmake)
[0.467s] -- Found rmw_cyclonedds_cpp: 1.3.4 (/home/quangsang/ros2_ws/install/rmw_cyclonedds_cpp/share/rmw_cyclonedds_cpp/cmake)
[0.482s] -- Using RMW implementation 'rmw_cyclonedds_cpp' as default
[0.488s] -- Looking for pthread.h
[0.541s] -- Looking for pthread.h - found
[0.542s] -- Performing Test CMAKE_HAVE_LIBC_PTHREAD
[0.596s] -- Performing Test CMAKE_HAVE_LIBC_PTHREAD - Success
[0.596s] -- Found Threads: TRUE  
[0.634s] -- Found tf2: 0.25.16 (/opt/ros/humble/share/tf2/cmake)
[0.649s] -- Found tf2_geometry_msgs: 0.25.16 (/opt/ros/humble/share/tf2_geometry_msgs/cmake)
[0.661s] -- Found eigen3_cmake_module: 0.1.1 (/opt/ros/humble/share/eigen3_cmake_module/cmake)
[0.661s] -- Found Eigen3: TRUE (found version "3.4.0") 
[0.662s] -- Ensuring Eigen3 include directory is part of orocos-kdl CMake target
[0.722s] -- Found nav_msgs: 4.9.0 (/opt/ros/humble/share/nav_msgs/cmake)
[0.732s] -- Found ament_lint_auto: 0.12.14 (/opt/ros/humble/share/ament_lint_auto/cmake)
[0.793s] -- Added test 'cppcheck' to perform static code analysis on C / C++ code
[0.793s] -- Configured cppcheck include dirs: /home/quangsang/ego_ws/src/ego-planner-swarm/src/uav_simulator/Utils/waypoint_generator/include
[0.793s] -- Configured cppcheck exclude dirs and/or files: 
[0.794s] -- Added test 'lint_cmake' to check CMake code style
[0.795s] -- Added test 'uncrustify' to check C / C++ code style
[0.795s] -- Configured uncrustify additional arguments: 
[0.796s] -- Added test 'xmllint' to check XML markup files
[0.798s] -- Configuring done
[0.809s] -- Generating done
[0.813s] -- Build files have been written to: /home/quangsang/ego_ws/build/waypoint_generator
[0.822s] Invoked command in '/home/quangsang/ego_ws/build/waypoint_generator' returned '0': CMAKE_PREFIX_PATH=${CMAKE_PREFIX_PATH}:/home/quangsang/ros2_ws/install/gz_openvins_bridge:/home/quangsang/ros2_ws/install/obstacle_publisher:/opt/ros/humble /usr/bin/cmake /home/quangsang/ego_ws/src/ego-planner-swarm/src/uav_simulator/Utils/waypoint_generator -DCMAKE_INSTALL_PREFIX=/home/quangsang/ego_ws/install/waypoint_generator
[0.824s] Invoking command in '/home/quangsang/ego_ws/build/waypoint_generator': CMAKE_PREFIX_PATH=${CMAKE_PREFIX_PATH}:/home/quangsang/ros2_ws/install/gz_openvins_bridge:/home/quangsang/ros2_ws/install/obstacle_publisher:/opt/ros/humble /usr/bin/cmake --build /home/quangsang/ego_ws/build/waypoint_generator -- -j20 -l20
[0.865s] [ 50%] [32mBuilding CXX object CMakeFiles/waypoint_generator.dir/src/waypoint_generator.cpp.o[0m
[3.986s] [01m[K/home/quangsang/ego_ws/src/ego-planner-swarm/src/uav_simulator/Utils/waypoint_generator/src/waypoint_generator.cpp:173:68:[m[K [01;35m[Kwarning: [m[K‘[01m[Knav_msgs::msg::Odometry_<std::allocator<void> >::ConstPtr[m[K’ is deprecated [[01;35m[K-Wdeprecated-declarations[m[K]
[3.986s]   173 | gs::msg::Odometry::ConstPtr &msg[01;35m[K)[m[K
[3.986s]       |                                 [01;35m[K^[m[K
[3.986s] 
[3.986s] In file included from [01m[K/opt/ros/humble/include/nav_msgs/nav_msgs/msg/odometry.hpp:7[m[K,
[3.986s]                  from [01m[K/home/quangsang/ego_ws/src/ego-planner-swarm/src/uav_simulator/Utils/waypoint_generator/src/waypoint_generator.cpp:4[m[K:
[3.987s] [01m[K/opt/ros/humble/include/nav_msgs/nav_msgs/msg/detail/odometry__struct.hpp:146:5:[m[K [01;36m[Knote: [m[Kdeclared here
[3.987s]   146 |     [01;36m[KConstPtr[m[K;
[3.987s]       |     [01;36m[K^~~~~~~~[m[K
[3.987s] [01m[K/home/quangsang/ego_ws/src/ego-planner-swarm/src/uav_simulator/Utils/waypoint_generator/src/waypoint_generator.cpp:206:76:[m[K [01;35m[Kwarning: [m[K‘[01m[Kgeometry_msgs::msg::PoseStamped_<std::allocator<void> >::ConstPtr[m[K’ is deprecated [[01;35m[K-Wdeprecated-declarations[m[K]
[3.987s]   206 | :msg::PoseStamped::ConstPtr &msg[01;35m[K)[m[K
[3.987s]       |                                 [01;35m[K^[m[K
[3.987s] 
[3.987s] In file included from [01m[K/opt/ros/humble/include/geometry_msgs/geometry_msgs/msg/pose_stamped.hpp:7[m[K,
[3.987s]                  from [01m[K/home/quangsang/ego_ws/src/ego-planner-swarm/src/uav_simulator/Utils/waypoint_generator/src/waypoint_generator.cpp:5[m[K:
[3.987s] [01m[K/opt/ros/humble/include/geometry_msgs/geometry_msgs/msg/detail/pose_stamped__struct.hpp:115:5:[m[K [01;36m[Knote: [m[Kdeclared here
[3.987s]   115 |     [01;36m[KConstPtr[m[K;
[3.987s]       |     [01;36m[K^~~~~~~~[m[K
[4.274s] [01m[K/home/quangsang/ego_ws/src/ego-planner-swarm/src/uav_simulator/Utils/waypoint_generator/src/waypoint_generator.cpp:[m[K In member function ‘[01m[Kvoid WaypointGenerator::traj_start_trigger_callback(const PoseStamped&)[m[K’:
[4.274s] [01m[K/home/quangsang/ego_ws/src/ego-planner-swarm/src/uav_simulator/Utils/waypoint_generator/src/waypoint_generator.cpp:305:77:[m[K [01;35m[Kwarning: [m[Kunused parameter ‘[01m[Kmsg[m[K’ [[01;35m[K-Wunused-parameter[m[K]
[4.274s]   305 | [01;35m[Keometry_msgs::msg::PoseStamped &msg[m[K)
[4.274s]       | [01;35m[K~~~~~~~~~~~~~~~~~~~~~~~~~~~~~~~~^~~[m[K
[4.274s] 
[19.665s] [100%] [32m[1mLinking CXX executable waypoint_generator[0m
[19.824s] [100%] Built target waypoint_generator
[19.835s] Invoked command in '/home/quangsang/ego_ws/build/waypoint_generator' returned '0': CMAKE_PREFIX_PATH=${CMAKE_PREFIX_PATH}:/home/quangsang/ros2_ws/install/gz_openvins_bridge:/home/quangsang/ros2_ws/install/obstacle_publisher:/opt/ros/humble /usr/bin/cmake --build /home/quangsang/ego_ws/build/waypoint_generator -- -j20 -l20
[19.836s] Invoking command in '/home/quangsang/ego_ws/build/waypoint_generator': CMAKE_PREFIX_PATH=${CMAKE_PREFIX_PATH}:/home/quangsang/ros2_ws/install/gz_openvins_bridge:/home/quangsang/ros2_ws/install/obstacle_publisher:/opt/ros/humble /usr/bin/cmake --install /home/quangsang/ego_ws/build/waypoint_generator
[19.843s] -- Install configuration: ""
[19.843s] -- Installing: /home/quangsang/ego_ws/install/waypoint_generator/lib/waypoint_generator/waypoint_generator
[19.844s] -- Set runtime path of "/home/quangsang/ego_ws/install/waypoint_generator/lib/waypoint_generator/waypoint_generator" to ""
[19.844s] -- Installing: /home/quangsang/ego_ws/install/waypoint_generator/share/ament_index/resource_index/package_run_dependencies/waypoint_generator
[19.844s] -- Installing: /home/quangsang/ego_ws/install/waypoint_generator/share/ament_index/resource_index/parent_prefix_path/waypoint_generator
[19.845s] -- Installing: /home/quangsang/ego_ws/install/waypoint_generator/share/waypoint_generator/environment/ament_prefix_path.sh
[19.845s] -- Installing: /home/quangsang/ego_ws/install/waypoint_generator/share/waypoint_generator/environment/ament_prefix_path.dsv
[19.845s] -- Installing: /home/quangsang/ego_ws/install/waypoint_generator/share/waypoint_generator/environment/path.sh
[19.845s] -- Installing: /home/quangsang/ego_ws/install/waypoint_generator/share/waypoint_generator/environment/path.dsv
[19.845s] -- Installing: /home/quangsang/ego_ws/install/waypoint_generator/share/waypoint_generator/local_setup.bash
[19.845s] -- Installing: /home/quangsang/ego_ws/install/waypoint_generator/share/waypoint_generator/local_setup.sh
[19.845s] -- Installing: /home/quangsang/ego_ws/install/waypoint_generator/share/waypoint_generator/local_setup.zsh
[19.845s] -- Installing: /home/quangsang/ego_ws/install/waypoint_generator/share/waypoint_generator/local_setup.dsv
[19.845s] -- Installing: /home/quangsang/ego_ws/install/waypoint_generator/share/waypoint_generator/package.dsv
[19.845s] -- Installing: /home/quangsang/ego_ws/install/waypoint_generator/share/ament_index/resource_index/packages/waypoint_generator
[19.845s] -- Installing: /home/quangsang/ego_ws/install/waypoint_generator/share/waypoint_generator/cmake/waypoint_generatorConfig.cmake
[19.845s] -- Installing: /home/quangsang/ego_ws/install/waypoint_generator/share/waypoint_generator/cmake/waypoint_generatorConfig-version.cmake
[19.845s] -- Installing: /home/quangsang/ego_ws/install/waypoint_generator/share/waypoint_generator/package.xml
[19.848s] Invoked command in '/home/quangsang/ego_ws/build/waypoint_generator' returned '0': CMAKE_PREFIX_PATH=${CMAKE_PREFIX_PATH}:/home/quangsang/ros2_ws/install/gz_openvins_bridge:/home/quangsang/ros2_ws/install/obstacle_publisher:/opt/ros/humble /usr/bin/cmake --install /home/quangsang/ego_ws/build/waypoint_generator
