In file included from [01m[K/home/quangsang/ego_ws/src/ego-planner-swarm/src/uav_simulator/so3_quadrotor_simulator/src/dynamics/Quadrotor.cpp:1[m[K:
[01m[K/home/quangsang/ego_ws/src/ego-planner-swarm/src/uav_simulator/so3_quadrotor_simulator/include/so3_quadrotor_simulator/Quadrotor.h:20:36:[m[K [01;35m[Kwarning: [m[Kextra ‘[01m[K;[m[K’ [[01;35m[K-Wpedantic[m[K]
   20 |     EIGEN_MAKE_ALIGNED_OPERATOR_NEW[01;35m[K;[m[K
      |                                    [01;35m[K^[m[K
      |                                    [31m[K-[m[K
In file included from [01m[K/usr/include/boost/math/tools/cxx03_warn.hpp:9[m[K,
                 from [01m[K/usr/include/boost/math/constants/constants.hpp:11[m[K,
                 from [01m[K/usr/include/boost/math/special_functions/gamma.hpp:24[m[K,
                 from [01m[K/usr/include/boost/math/special_functions/factorials.hpp:14[m[K,
                 from [01m[K/usr/include/boost/math/special_functions/binomial.hpp:14[m[K,
                 from [01m[K/home/quangsang/ego_ws/src/ego-planner-swarm/src/uav_simulator/so3_quadrotor_simulator/include/ode/boost/numeric/odeint/stepper/bulirsch_stoer_dense_out.hpp:30[m[K,
                 from [01m[K/home/quangsang/ego_ws/src/ego-planner-swarm/src/uav_simulator/so3_quadrotor_simulator/include/ode/boost/numeric/odeint.hpp:45[m[K,
                 from [01m[K/home/quangsang/ego_ws/src/ego-planner-swarm/src/uav_simulator/so3_quadrotor_simulator/src/dynamics/Quadrotor.cpp:2[m[K:
[01m[K/usr/include/boost/bind.hpp:36:1:[m[K [01;36m[Knote: [m[K#pragma message: The practice of declaring the Bind placeholders (_1, _2, ...) in the global namespace is deprecated. Please use <boost/bind/bind.hpp> + using namespace boost::placeholders, or define BOOST_BIND_GLOBAL_PLACEHOLDERS to retain the current behavior.
   36 | [01;36m[KBOOST_PRAGMA_MESSAGE[m[K(
      | [01;36m[K^~~~~~~~~~~~~~~~~~~~[m[K
In file included from [01m[K/home/quangsang/ego_ws/src/ego-planner-swarm/src/uav_simulator/so3_quadrotor_simulator/src/quadrotor_simulator_so3.cpp:5[m[K:
[01m[K/home/quangsang/ego_ws/src/ego-planner-swarm/src/uav_simulator/so3_quadrotor_simulator/include/so3_quadrotor_simulator/Quadrotor.h:20:36:[m[K [01;35m[Kwarning: [m[Kextra ‘[01m[K;[m[K’ [[01;35m[K-Wpedantic[m[K]
   20 |     EIGEN_MAKE_ALIGNED_OPERATOR_NEW[01;35m[K;[m[K
      |                                    [01;35m[K^[m[K
      |                                    [31m[K-[m[K
[01m[K/home/quangsang/ego_ws/src/ego-planner-swarm/src/uav_simulator/so3_quadrotor_simulator/src/quadrotor_simulator_so3.cpp:175:66:[m[K [01;35m[Kwarning: [m[K‘[01m[Kquadrotor_msgs::msg::SO3Command_<std::allocator<void> >::ConstPtr[m[K’ is deprecated [[01;35m[K-Wdeprecated-declarations[m[K]
  175 | ::msg::SO3Command::ConstPtr &cmd[01;35m[K)[m[K
      |                                 [01;35m[K^[m[K

In file included from [01m[K/home/quangsang/ego_ws/install/quadrotor_msgs/include/quadrotor_msgs/quadrotor_msgs/msg/so3_command.hpp:7[m[K,
                 from [01m[K/home/quangsang/ego_ws/src/ego-planner-swarm/src/uav_simulator/so3_quadrotor_simulator/src/quadrotor_simulator_so3.cpp:3[m[K:
[01m[K/home/quangsang/ego_ws/install/quadrotor_msgs/include/quadrotor_msgs/quadrotor_msgs/msg/detail/so3_command__struct.hpp:171:5:[m[K [01;36m[Knote: [m[Kdeclared here
  171 |     [01;36m[KConstPtr[m[K;
      |     [01;36m[K^~~~~~~~[m[K
[01m[K/home/quangsang/ego_ws/src/ego-planner-swarm/src/uav_simulator/so3_quadrotor_simulator/src/quadrotor_simulator_so3.cpp:198:74:[m[K [01;35m[Kwarning: [m[K‘[01m[Kgeometry_msgs::msg::Vector3_<std::allocator<void> >::ConstPtr[m[K’ is deprecated [[01;35m[K-Wdeprecated-declarations[m[K]
  198 | _msgs::msg::Vector3::ConstPtr &f[01;35m[K)[m[K
      |                                 [01;35m[K^[m[K

In file included from [01m[K/opt/ros/humble/include/geometry_msgs/geometry_msgs/msg/detail/twist__struct.hpp:21[m[K,
                 from [01m[K/opt/ros/humble/include/geometry_msgs/geometry_msgs/msg/detail/twist_with_covariance__struct.hpp:20[m[K,
                 from [01m[K/opt/ros/humble/include/nav_msgs/nav_msgs/msg/detail/odometry__struct.hpp:24[m[K,
                 from [01m[K/opt/ros/humble/include/nav_msgs/nav_msgs/msg/odometry.hpp:7[m[K,
                 from [01m[K/home/quangsang/ego_ws/src/ego-planner-swarm/src/uav_simulator/so3_quadrotor_simulator/src/quadrotor_simulator_so3.cpp:2[m[K:
[01m[K/opt/ros/humble/include/geometry_msgs/geometry_msgs/msg/detail/vector3__struct.hpp:127:5:[m[K [01;36m[Knote: [m[Kdeclared here
  127 |     [01;36m[KConstPtr[m[K;
      |     [01;36m[K^~~~~~~~[m[K
[01m[K/home/quangsang/ego_ws/src/ego-planner-swarm/src/uav_simulator/so3_quadrotor_simulator/src/quadrotor_simulator_so3.cpp:206:75:[m[K [01;35m[Kwarning: [m[K‘[01m[Kgeometry_msgs::msg::Vector3_<std::allocator<void> >::ConstPtr[m[K’ is deprecated [[01;35m[K-Wdeprecated-declarations[m[K]
  206 | _msgs::msg::Vector3::ConstPtr &m[01;35m[K)[m[K
      |                                 [01;35m[K^[m[K

In file included from [01m[K/opt/ros/humble/include/geometry_msgs/geometry_msgs/msg/detail/twist__struct.hpp:21[m[K,
                 from [01m[K/opt/ros/humble/include/geometry_msgs/geometry_msgs/msg/detail/twist_with_covariance__struct.hpp:20[m[K,
                 from [01m[K/opt/ros/humble/include/nav_msgs/nav_msgs/msg/detail/odometry__struct.hpp:24[m[K,
                 from [01m[K/opt/ros/humble/include/nav_msgs/nav_msgs/msg/odometry.hpp:7[m[K,
                 from [01m[K/home/quangsang/ego_ws/src/ego-planner-swarm/src/uav_simulator/so3_quadrotor_simulator/src/quadrotor_simulator_so3.cpp:2[m[K:
[01m[K/opt/ros/humble/include/geometry_msgs/geometry_msgs/msg/detail/vector3__struct.hpp:127:5:[m[K [01;36m[Knote: [m[Kdeclared here
  127 |     [01;36m[KConstPtr[m[K;
      |     [01;36m[K^~~~~~~~[m[K
[01m[K/home/quangsang/ego_ws/src/ego-planner-swarm/src/uav_simulator/so3_quadrotor_simulator/src/quadrotor_simulator_so3.cpp:[m[K In function ‘[01m[Kint main(int, char**)[m[K’:
[01m[K/home/quangsang/ego_ws/src/ego-planner-swarm/src/uav_simulator/so3_quadrotor_simulator/src/quadrotor_simulator_so3.cpp:304:42:[m[K [01;35m[Kwarning: [m[Kvariable ‘[01m[Kstate[m[K’ set but not used [[01;35m[K-Wunused-but-set-variable[m[K]
  304 | otorSimulator::Quadrotor::State [01;35m[Kstate[m[K = quad.getState();
      |                                 [01;35m[K^~~~~[m[K

