-- The C compiler identification is GNU 9.5.0
-- The CXX compiler identification is GNU 9.5.0
-- Detecting C compiler ABI info
-- Detecting C compiler ABI info - done
-- Check for working C compiler: /usr/bin/cc - skipped
-- Detecting C compile features
-- Detecting C compile features - done
-- Detecting CXX compiler ABI info
-- Detecting CXX compiler ABI info - done
-- Check for working CXX compiler: /usr/bin/c++ - skipped
-- Detecting CXX compile features
-- Detecting CXX compile features - done
-- Found ament_cmake: 1.3.12 (/opt/ros/humble/share/ament_cmake/cmake)
-- Found Python3: /usr/bin/python3 (found version "3.10.12") found components: Interpreter 
-- Found rclcpp: 16.0.14 (/opt/ros/humble/share/rclcpp/cmake)
-- Found rosidl_generator_c: 3.1.7 (/opt/ros/humble/share/rosidl_generator_c/cmake)
-- Found rosidl_adapter: 3.1.7 (/opt/ros/humble/share/rosidl_adapter/cmake)
-- Found rosidl_generator_cpp: 3.1.7 (/opt/ros/humble/share/rosidl_generator_cpp/cmake)
-- Using all available rosidl_typesupport_c: rosidl_typesupport_fastrtps_c;rosidl_typesupport_introspection_c
-- Using all available rosidl_typesupport_cpp: rosidl_typesupport_fastrtps_cpp;rosidl_typesupport_introspection_cpp
-- Found rmw_implementation_cmake: 6.1.2 (/opt/ros/humble/share/rmw_implementation_cmake/cmake)
-- Found rmw_cyclonedds_cpp: 1.3.4 (/home/quangsang/ros2_ws/install/rmw_cyclonedds_cpp/share/rmw_cyclonedds_cpp/cmake)
-- Using RMW implementation 'rmw_cyclonedds_cpp' as default
-- Looking for pthread.h
-- Looking for pthread.h - found
-- Performing Test CMAKE_HAVE_LIBC_PTHREAD
-- Performing Test CMAKE_HAVE_LIBC_PTHREAD - Success
-- Found Threads: TRUE  
-- Found nav_msgs: 4.9.0 (/opt/ros/humble/share/nav_msgs/cmake)
-- Found sensor_msgs: 4.9.0 (/opt/ros/humble/share/sensor_msgs/cmake)
-- Found quadrotor_msgs: 0.0.0 (/home/quangsang/ego_ws/install/quadrotor_msgs/share/quadrotor_msgs/cmake)
-- Found Armadillo: /usr/include (found version "10.8.2") 
-- Found uav_utils: 0.0.0 (/home/quangsang/ego_ws/install/uav_utils/share/uav_utils/cmake)
-- Found ament_lint_auto: 0.12.14 (/opt/ros/humble/share/ament_lint_auto/cmake)
-- Added test 'cppcheck' to perform static code analysis on C / C++ code
-- Configured cppcheck include dirs: /home/quangsang/ego_ws/src/ego-planner-swarm/src/uav_simulator/so3_quadrotor_simulator/include;/home/quangsang/ego_ws/src/ego-planner-swarm/src/uav_simulator/so3_quadrotor_simulator/include/ode
-- Configured cppcheck exclude dirs and/or files: 
-- Added test 'flake8' to check Python code syntax and style conventions
-- Added test 'lint_cmake' to check CMake code style
-- Added test 'pep257' to check Python code against some of the docstring style conventions in PEP 257
-- Added test 'uncrustify' to check C / C++ code style
-- Configured uncrustify additional arguments: 
-- Added test 'xmllint' to check XML markup files
-- Configuring done
-- Generating done
-- Build files have been written to: /home/quangsang/ego_ws/build/so3_quadrotor_simulator
[ 25%] [32mBuilding CXX object CMakeFiles/quadrotor_dynamics.dir/src/dynamics/Quadrotor.cpp.o[0m
[ 50%] [32m[1mLinking CXX static library libquadrotor_dynamics.a[0m
[ 50%] Built target quadrotor_dynamics
[ 75%] [32mBuilding CXX object CMakeFiles/so3_quadrotor_simulator.dir/src/quadrotor_simulator_so3.cpp.o[0m
[100%] [32m[1mLinking CXX executable so3_quadrotor_simulator[0m
[100%] Built target so3_quadrotor_simulator
-- Install configuration: ""
-- Installing: /home/quangsang/ego_ws/install/so3_quadrotor_simulator/lib/so3_quadrotor_simulator/so3_quadrotor_simulator
-- Set runtime path of "/home/quangsang/ego_ws/install/so3_quadrotor_simulator/lib/so3_quadrotor_simulator/so3_quadrotor_simulator" to ""
-- Installing: /home/quangsang/ego_ws/install/so3_quadrotor_simulator/share/so3_quadrotor_simulator/launch
-- Installing: /home/quangsang/ego_ws/install/so3_quadrotor_simulator/share/so3_quadrotor_simulator/launch/simulator_example.launch.py
-- Installing: /home/quangsang/ego_ws/install/so3_quadrotor_simulator/share/so3_quadrotor_simulator/config
-- Installing: /home/quangsang/ego_ws/install/so3_quadrotor_simulator/share/so3_quadrotor_simulator/config/rviz.rviz
-- Installing: /home/quangsang/ego_ws/install/so3_quadrotor_simulator/share/ament_index/resource_index/package_run_dependencies/so3_quadrotor_simulator
-- Installing: /home/quangsang/ego_ws/install/so3_quadrotor_simulator/share/ament_index/resource_index/parent_prefix_path/so3_quadrotor_simulator
-- Installing: /home/quangsang/ego_ws/install/so3_quadrotor_simulator/share/so3_quadrotor_simulator/environment/ament_prefix_path.sh
-- Installing: /home/quangsang/ego_ws/install/so3_quadrotor_simulator/share/so3_quadrotor_simulator/environment/ament_prefix_path.dsv
-- Installing: /home/quangsang/ego_ws/install/so3_quadrotor_simulator/share/so3_quadrotor_simulator/environment/path.sh
-- Installing: /home/quangsang/ego_ws/install/so3_quadrotor_simulator/share/so3_quadrotor_simulator/environment/path.dsv
-- Installing: /home/quangsang/ego_ws/install/so3_quadrotor_simulator/share/so3_quadrotor_simulator/local_setup.bash
-- Installing: /home/quangsang/ego_ws/install/so3_quadrotor_simulator/share/so3_quadrotor_simulator/local_setup.sh
-- Installing: /home/quangsang/ego_ws/install/so3_quadrotor_simulator/share/so3_quadrotor_simulator/local_setup.zsh
-- Installing: /home/quangsang/ego_ws/install/so3_quadrotor_simulator/share/so3_quadrotor_simulator/local_setup.dsv
-- Installing: /home/quangsang/ego_ws/install/so3_quadrotor_simulator/share/so3_quadrotor_simulator/package.dsv
-- Installing: /home/quangsang/ego_ws/install/so3_quadrotor_simulator/share/ament_index/resource_index/packages/so3_quadrotor_simulator
-- Installing: /home/quangsang/ego_ws/install/so3_quadrotor_simulator/share/so3_quadrotor_simulator/cmake/so3_quadrotor_simulatorConfig.cmake
-- Installing: /home/quangsang/ego_ws/install/so3_quadrotor_simulator/share/so3_quadrotor_simulator/cmake/so3_quadrotor_simulatorConfig-version.cmake
-- Installing: /home/quangsang/ego_ws/install/so3_quadrotor_simulator/share/so3_quadrotor_simulator/package.xml
