-- The C compiler identification is GNU 9.5.0
-- The CXX compiler identification is GNU 9.5.0
-- Detecting C compiler ABI info
-- Detecting C compiler ABI info - done
-- Check for working C compiler: /usr/bin/cc - skipped
-- Detecting C compile features
-- Detecting C compile features - done
-- Detecting CXX compiler ABI info
-- Detecting CXX compiler ABI info - done
-- Check for working CXX compiler: /usr/bin/c++ - skipped
-- Detecting CXX compile features
-- Detecting CXX compile features - done
-- Found ament_cmake: 1.3.12 (/opt/ros/humble/share/ament_cmake/cmake)
-- Found Python3: /usr/bin/python3 (found version "3.10.12") found components: Interpreter 
-- Found rclcpp: 16.0.14 (/opt/ros/humble/share/rclcpp/cmake)
-- Found rosidl_generator_c: 3.1.7 (/opt/ros/humble/share/rosidl_generator_c/cmake)
-- Found rosidl_adapter: 3.1.7 (/opt/ros/humble/share/rosidl_adapter/cmake)
-- Found rosidl_generator_cpp: 3.1.7 (/opt/ros/humble/share/rosidl_generator_cpp/cmake)
-- Using all available rosidl_typesupport_c: rosidl_typesupport_fastrtps_c;rosidl_typesupport_introspection_c
-- Using all available rosidl_typesupport_cpp: rosidl_typesupport_fastrtps_cpp;rosidl_typesupport_introspection_cpp
-- Found rmw_implementation_cmake: 6.1.2 (/opt/ros/humble/share/rmw_implementation_cmake/cmake)
-- Found rmw_cyclonedds_cpp: 1.3.4 (/home/quangsang/ros2_ws/install/rmw_cyclonedds_cpp/share/rmw_cyclonedds_cpp/cmake)
-- Using RMW implementation 'rmw_cyclonedds_cpp' as default
-- Looking for pthread.h
-- Looking for pthread.h - found
-- Performing Test CMAKE_HAVE_LIBC_PTHREAD
-- Performing Test CMAKE_HAVE_LIBC_PTHREAD - Success
-- Found Threads: TRUE  
-- Found nav_msgs: 4.9.0 (/opt/ros/humble/share/nav_msgs/cmake)
-- Found sensor_msgs: 4.9.0 (/opt/ros/humble/share/sensor_msgs/cmake)
-- Found quadrotor_msgs: 0.0.0 (/home/quangsang/ego_ws/install/quadrotor_msgs/share/quadrotor_msgs/cmake)
-- Found Armadillo: /usr/include (found version "10.8.2") 
-- Found uav_utils: 0.0.0 (/home/quangsang/ego_ws/install/uav_utils/share/uav_utils/cmake)
-- Found ament_lint_auto: 0.12.14 (/opt/ros/humble/share/ament_lint_auto/cmake)
-- Added test 'cppcheck' to perform static code analysis on C / C++ code
-- Configured cppcheck include dirs: /home/quangsang/ego_ws/src/ego-planner-swarm/src/uav_simulator/so3_quadrotor_simulator/include;/home/quangsang/ego_ws/src/ego-planner-swarm/src/uav_simulator/so3_quadrotor_simulator/include/ode
-- Configured cppcheck exclude dirs and/or files: 
-- Added test 'flake8' to check Python code syntax and style conventions
-- Added test 'lint_cmake' to check CMake code style
-- Added test 'pep257' to check Python code against some of the docstring style conventions in PEP 257
-- Added test 'uncrustify' to check C / C++ code style
-- Configured uncrustify additional arguments: 
-- Added test 'xmllint' to check XML markup files
-- Configuring done
-- Generating done
-- Build files have been written to: /home/quangsang/ego_ws/build/so3_quadrotor_simulator
[ 25%] [32mBuilding CXX object CMakeFiles/quadrotor_dynamics.dir/src/dynamics/Quadrotor.cpp.o[0m
In file included from [01m[K/home/quangsang/ego_ws/src/ego-planner-swarm/src/uav_simulator/so3_quadrotor_simulator/src/dynamics/Quadrotor.cpp:1[m[K:
[01m[K/home/quangsang/ego_ws/src/ego-planner-swarm/src/uav_simulator/so3_quadrotor_simulator/include/so3_quadrotor_simulator/Quadrotor.h:20:36:[m[K [01;35m[Kwarning: [m[Kextra ‘[01m[K;[m[K’ [[01;35m[K-Wpedantic[m[K]
   20 |     EIGEN_MAKE_ALIGNED_OPERATOR_NEW[01;35m[K;[m[K
      |                                    [01;35m[K^[m[K
      |                                    [31m[K-[m[K
In file included from [01m[K/usr/include/boost/math/tools/cxx03_warn.hpp:9[m[K,
                 from [01m[K/usr/include/boost/math/constants/constants.hpp:11[m[K,
                 from [01m[K/usr/include/boost/math/special_functions/gamma.hpp:24[m[K,
                 from [01m[K/usr/include/boost/math/special_functions/factorials.hpp:14[m[K,
                 from [01m[K/usr/include/boost/math/special_functions/binomial.hpp:14[m[K,
                 from [01m[K/home/quangsang/ego_ws/src/ego-planner-swarm/src/uav_simulator/so3_quadrotor_simulator/include/ode/boost/numeric/odeint/stepper/bulirsch_stoer_dense_out.hpp:30[m[K,
                 from [01m[K/home/quangsang/ego_ws/src/ego-planner-swarm/src/uav_simulator/so3_quadrotor_simulator/include/ode/boost/numeric/odeint.hpp:45[m[K,
                 from [01m[K/home/quangsang/ego_ws/src/ego-planner-swarm/src/uav_simulator/so3_quadrotor_simulator/src/dynamics/Quadrotor.cpp:2[m[K:
[01m[K/usr/include/boost/bind.hpp:36:1:[m[K [01;36m[Knote: [m[K#pragma message: The practice of declaring the Bind placeholders (_1, _2, ...) in the global namespace is deprecated. Please use <boost/bind/bind.hpp> + using namespace boost::placeholders, or define BOOST_BIND_GLOBAL_PLACEHOLDERS to retain the current behavior.
   36 | [01;36m[KBOOST_PRAGMA_MESSAGE[m[K(
      | [01;36m[K^~~~~~~~~~~~~~~~~~~~[m[K
[ 50%] [32m[1mLinking CXX static library libquadrotor_dynamics.a[0m
[ 50%] Built target quadrotor_dynamics
[ 75%] [32mBuilding CXX object CMakeFiles/so3_quadrotor_simulator.dir/src/quadrotor_simulator_so3.cpp.o[0m
In file included from [01m[K/home/quangsang/ego_ws/src/ego-planner-swarm/src/uav_simulator/so3_quadrotor_simulator/src/quadrotor_simulator_so3.cpp:5[m[K:
[01m[K/home/quangsang/ego_ws/src/ego-planner-swarm/src/uav_simulator/so3_quadrotor_simulator/include/so3_quadrotor_simulator/Quadrotor.h:20:36:[m[K [01;35m[Kwarning: [m[Kextra ‘[01m[K;[m[K’ [[01;35m[K-Wpedantic[m[K]
   20 |     EIGEN_MAKE_ALIGNED_OPERATOR_NEW[01;35m[K;[m[K
      |                                    [01;35m[K^[m[K
      |                                    [31m[K-[m[K
[01m[K/home/quangsang/ego_ws/src/ego-planner-swarm/src/uav_simulator/so3_quadrotor_simulator/src/quadrotor_simulator_so3.cpp:175:66:[m[K [01;35m[Kwarning: [m[K‘[01m[Kquadrotor_msgs::msg::SO3Command_<std::allocator<void> >::ConstPtr[m[K’ is deprecated [[01;35m[K-Wdeprecated-declarations[m[K]
  175 | ::msg::SO3Command::ConstPtr &cmd[01;35m[K)[m[K
      |                                 [01;35m[K^[m[K

In file included from [01m[K/home/quangsang/ego_ws/install/quadrotor_msgs/include/quadrotor_msgs/quadrotor_msgs/msg/so3_command.hpp:7[m[K,
                 from [01m[K/home/quangsang/ego_ws/src/ego-planner-swarm/src/uav_simulator/so3_quadrotor_simulator/src/quadrotor_simulator_so3.cpp:3[m[K:
[01m[K/home/quangsang/ego_ws/install/quadrotor_msgs/include/quadrotor_msgs/quadrotor_msgs/msg/detail/so3_command__struct.hpp:171:5:[m[K [01;36m[Knote: [m[Kdeclared here
  171 |     [01;36m[KConstPtr[m[K;
      |     [01;36m[K^~~~~~~~[m[K
[01m[K/home/quangsang/ego_ws/src/ego-planner-swarm/src/uav_simulator/so3_quadrotor_simulator/src/quadrotor_simulator_so3.cpp:198:74:[m[K [01;35m[Kwarning: [m[K‘[01m[Kgeometry_msgs::msg::Vector3_<std::allocator<void> >::ConstPtr[m[K’ is deprecated [[01;35m[K-Wdeprecated-declarations[m[K]
  198 | _msgs::msg::Vector3::ConstPtr &f[01;35m[K)[m[K
      |                                 [01;35m[K^[m[K

In file included from [01m[K/opt/ros/humble/include/geometry_msgs/geometry_msgs/msg/detail/twist__struct.hpp:21[m[K,
                 from [01m[K/opt/ros/humble/include/geometry_msgs/geometry_msgs/msg/detail/twist_with_covariance__struct.hpp:20[m[K,
                 from [01m[K/opt/ros/humble/include/nav_msgs/nav_msgs/msg/detail/odometry__struct.hpp:24[m[K,
                 from [01m[K/opt/ros/humble/include/nav_msgs/nav_msgs/msg/odometry.hpp:7[m[K,
                 from [01m[K/home/quangsang/ego_ws/src/ego-planner-swarm/src/uav_simulator/so3_quadrotor_simulator/src/quadrotor_simulator_so3.cpp:2[m[K:
[01m[K/opt/ros/humble/include/geometry_msgs/geometry_msgs/msg/detail/vector3__struct.hpp:127:5:[m[K [01;36m[Knote: [m[Kdeclared here
  127 |     [01;36m[KConstPtr[m[K;
      |     [01;36m[K^~~~~~~~[m[K
[01m[K/home/quangsang/ego_ws/src/ego-planner-swarm/src/uav_simulator/so3_quadrotor_simulator/src/quadrotor_simulator_so3.cpp:206:75:[m[K [01;35m[Kwarning: [m[K‘[01m[Kgeometry_msgs::msg::Vector3_<std::allocator<void> >::ConstPtr[m[K’ is deprecated [[01;35m[K-Wdeprecated-declarations[m[K]
  206 | _msgs::msg::Vector3::ConstPtr &m[01;35m[K)[m[K
      |                                 [01;35m[K^[m[K

In file included from [01m[K/opt/ros/humble/include/geometry_msgs/geometry_msgs/msg/detail/twist__struct.hpp:21[m[K,
                 from [01m[K/opt/ros/humble/include/geometry_msgs/geometry_msgs/msg/detail/twist_with_covariance__struct.hpp:20[m[K,
                 from [01m[K/opt/ros/humble/include/nav_msgs/nav_msgs/msg/detail/odometry__struct.hpp:24[m[K,
                 from [01m[K/opt/ros/humble/include/nav_msgs/nav_msgs/msg/odometry.hpp:7[m[K,
                 from [01m[K/home/quangsang/ego_ws/src/ego-planner-swarm/src/uav_simulator/so3_quadrotor_simulator/src/quadrotor_simulator_so3.cpp:2[m[K:
[01m[K/opt/ros/humble/include/geometry_msgs/geometry_msgs/msg/detail/vector3__struct.hpp:127:5:[m[K [01;36m[Knote: [m[Kdeclared here
  127 |     [01;36m[KConstPtr[m[K;
      |     [01;36m[K^~~~~~~~[m[K
[01m[K/home/quangsang/ego_ws/src/ego-planner-swarm/src/uav_simulator/so3_quadrotor_simulator/src/quadrotor_simulator_so3.cpp:[m[K In function ‘[01m[Kint main(int, char**)[m[K’:
[01m[K/home/quangsang/ego_ws/src/ego-planner-swarm/src/uav_simulator/so3_quadrotor_simulator/src/quadrotor_simulator_so3.cpp:304:42:[m[K [01;35m[Kwarning: [m[Kvariable ‘[01m[Kstate[m[K’ set but not used [[01;35m[K-Wunused-but-set-variable[m[K]
  304 | otorSimulator::Quadrotor::State [01;35m[Kstate[m[K = quad.getState();
      |                                 [01;35m[K^~~~~[m[K

[100%] [32m[1mLinking CXX executable so3_quadrotor_simulator[0m
[100%] Built target so3_quadrotor_simulator
-- Install configuration: ""
-- Installing: /home/quangsang/ego_ws/install/so3_quadrotor_simulator/lib/so3_quadrotor_simulator/so3_quadrotor_simulator
-- Set runtime path of "/home/quangsang/ego_ws/install/so3_quadrotor_simulator/lib/so3_quadrotor_simulator/so3_quadrotor_simulator" to ""
-- Installing: /home/quangsang/ego_ws/install/so3_quadrotor_simulator/share/so3_quadrotor_simulator/launch
-- Installing: /home/quangsang/ego_ws/install/so3_quadrotor_simulator/share/so3_quadrotor_simulator/launch/simulator_example.launch.py
-- Installing: /home/quangsang/ego_ws/install/so3_quadrotor_simulator/share/so3_quadrotor_simulator/config
-- Installing: /home/quangsang/ego_ws/install/so3_quadrotor_simulator/share/so3_quadrotor_simulator/config/rviz.rviz
-- Installing: /home/quangsang/ego_ws/install/so3_quadrotor_simulator/share/ament_index/resource_index/package_run_dependencies/so3_quadrotor_simulator
-- Installing: /home/quangsang/ego_ws/install/so3_quadrotor_simulator/share/ament_index/resource_index/parent_prefix_path/so3_quadrotor_simulator
-- Installing: /home/quangsang/ego_ws/install/so3_quadrotor_simulator/share/so3_quadrotor_simulator/environment/ament_prefix_path.sh
-- Installing: /home/quangsang/ego_ws/install/so3_quadrotor_simulator/share/so3_quadrotor_simulator/environment/ament_prefix_path.dsv
-- Installing: /home/quangsang/ego_ws/install/so3_quadrotor_simulator/share/so3_quadrotor_simulator/environment/path.sh
-- Installing: /home/quangsang/ego_ws/install/so3_quadrotor_simulator/share/so3_quadrotor_simulator/environment/path.dsv
-- Installing: /home/quangsang/ego_ws/install/so3_quadrotor_simulator/share/so3_quadrotor_simulator/local_setup.bash
-- Installing: /home/quangsang/ego_ws/install/so3_quadrotor_simulator/share/so3_quadrotor_simulator/local_setup.sh
-- Installing: /home/quangsang/ego_ws/install/so3_quadrotor_simulator/share/so3_quadrotor_simulator/local_setup.zsh
-- Installing: /home/quangsang/ego_ws/install/so3_quadrotor_simulator/share/so3_quadrotor_simulator/local_setup.dsv
-- Installing: /home/quangsang/ego_ws/install/so3_quadrotor_simulator/share/so3_quadrotor_simulator/package.dsv
-- Installing: /home/quangsang/ego_ws/install/so3_quadrotor_simulator/share/ament_index/resource_index/packages/so3_quadrotor_simulator
-- Installing: /home/quangsang/ego_ws/install/so3_quadrotor_simulator/share/so3_quadrotor_simulator/cmake/so3_quadrotor_simulatorConfig.cmake
-- Installing: /home/quangsang/ego_ws/install/so3_quadrotor_simulator/share/so3_quadrotor_simulator/cmake/so3_quadrotor_simulatorConfig-version.cmake
-- Installing: /home/quangsang/ego_ws/install/so3_quadrotor_simulator/share/so3_quadrotor_simulator/package.xml
