[0.033s] Invoking command in '/home/quangsang/ego_ws/build/so3_quadrotor_simulator': CMAKE_PREFIX_PATH=/home/quangsang/ego_ws/install/uav_utils:/home/quangsang/ego_ws/install/quadrotor_msgs:/home/quangsang/ego_ws/install/cmake_utils:/home/quangsang/ros2_ws/install/ros_ign_bridge:/home/quangsang/ros2_ws/install/ros_gz_bridge:/home/quangsang/ros2_ws/install/ros_gz_interfaces:/home/quangsang/ros2_ws/install/rmw_cyclonedds_cpp:/home/quangsang/ros2_ws/install/px4_msgs:/home/quangsang/ros2_ws/install/gz_ros_bridge:/home/quangsang/ros2_ws/install/depthimage_to_pointcloud2:/home/quangsang/ros2_ws/install/cyclonedds:/home/quangsang/ego_ws/install/waypoint_generator:/home/quangsang/ego_ws/install/so3_quadrotor_simulator:/home/quangsang/ego_ws/install/rosmsg_tcp_bridge:/home/quangsang/ego_ws/install/offboard_control:/home/quangsang/ego_ws/install/ego_planner:/home/quangsang/ego_ws/install/bspline_opt:/home/quangsang/ego_ws/install/traj_utils:/home/quangsang/ego_ws/install/so3_control:/home/quangsang/ego_ws/install/poscmd_2_odom:/home/quangsang/ego_ws/install/odom_visualization:/home/quangsang/ego_ws/install/multi_map_server:/home/quangsang/ego_ws/install/local_sensing:/home/quangsang/ego_ws/install/px4_msgs:/home/quangsang/ego_ws/install/pose_utils:/home/quangsang/ego_ws/install/path_searching:/home/quangsang/ego_ws/install/plan_env:/home/quangsang/ego_ws/install/perception_pcl:/home/quangsang/ego_ws/install/mockamap:/home/quangsang/ego_ws/install/pcl_ros:/home/quangsang/ego_ws/install/map_generator:/home/quangsang/ego_ws/install/pcl_conversions:/home/quangsang/ego_ws/install/pcl_msgs:/home/quangsang/ego_ws/install/drone_detect:/home/quangsang/ros2_ws/install/gz_openvins_bridge:/home/quangsang/ros2_ws/install/obstacle_publisher:/opt/ros/humble LD_LIBRARY_PATH=/home/quangsang/ego_ws/install/quadrotor_msgs/lib:/home/quangsang/ros2_ws/install/ros_gz_bridge/lib:/home/quangsang/ros2_ws/install/ros_gz_interfaces/lib:/home/quangsang/ros2_ws/install/rmw_cyclonedds_cpp/lib:/home/quangsang/ros2_ws/install/px4_msgs/lib:/home/quangsang/ros2_ws/install/cyclonedds/lib:/home/quangsang/ego_ws/install/bspline_opt/lib:/home/quangsang/ego_ws/install/traj_utils/lib:/home/quangsang/ego_ws/install/so3_control/lib:/home/quangsang/ego_ws/install/multi_map_server/lib:/home/quangsang/ego_ws/install/px4_msgs/lib:/home/quangsang/ego_ws/install/pose_utils/lib:/home/quangsang/ego_ws/install/path_searching/lib:/home/quangsang/ego_ws/install/plan_env/lib:/home/quangsang/ego_ws/install/pcl_ros/lib:/home/quangsang/ego_ws/install/pcl_msgs/lib:/opt/ros/humble/opt/rviz_ogre_vendor/lib:/opt/ros/humble/lib/x86_64-linux-gnu:/opt/ros/humble/lib:/usr/local/cuda-11.8/lib64 /usr/bin/cmake /home/quangsang/ego_ws/src/ego-planner-swarm/src/uav_simulator/so3_quadrotor_simulator -DCMAKE_INSTALL_PREFIX=/home/quangsang/ego_ws/install/so3_quadrotor_simulator
[0.124s] -- The C compiler identification is GNU 9.5.0
[0.186s] -- The CXX compiler identification is GNU 9.5.0
[0.195s] -- Detecting C compiler ABI info
[0.300s] -- Detecting C compiler ABI info - done
[0.310s] -- Check for working C compiler: /usr/bin/cc - skipped
[0.310s] -- Detecting C compile features
[0.311s] -- Detecting C compile features - done
[0.317s] -- Detecting CXX compiler ABI info
[0.440s] -- Detecting CXX compiler ABI info - done
[0.452s] -- Check for working CXX compiler: /usr/bin/c++ - skipped
[0.452s] -- Detecting CXX compile features
[0.453s] -- Detecting CXX compile features - done
[0.457s] -- Found ament_cmake: 1.3.12 (/opt/ros/humble/share/ament_cmake/cmake)
[0.648s] -- Found Python3: /usr/bin/python3 (found version "3.10.12") found components: Interpreter 
[0.755s] -- Found rclcpp: 16.0.14 (/opt/ros/humble/share/rclcpp/cmake)
[0.793s] -- Found rosidl_generator_c: 3.1.7 (/opt/ros/humble/share/rosidl_generator_c/cmake)
[0.798s] -- Found rosidl_adapter: 3.1.7 (/opt/ros/humble/share/rosidl_adapter/cmake)
[0.804s] -- Found rosidl_generator_cpp: 3.1.7 (/opt/ros/humble/share/rosidl_generator_cpp/cmake)
[0.813s] -- Using all available rosidl_typesupport_c: rosidl_typesupport_fastrtps_c;rosidl_typesupport_introspection_c
[0.826s] -- Using all available rosidl_typesupport_cpp: rosidl_typesupport_fastrtps_cpp;rosidl_typesupport_introspection_cpp
[0.861s] -- Found rmw_implementation_cmake: 6.1.2 (/opt/ros/humble/share/rmw_implementation_cmake/cmake)
[0.862s] -- Found rmw_cyclonedds_cpp: 1.3.4 (/home/quangsang/ros2_ws/install/rmw_cyclonedds_cpp/share/rmw_cyclonedds_cpp/cmake)
[0.880s] -- Using RMW implementation 'rmw_cyclonedds_cpp' as default
[0.888s] -- Looking for pthread.h
[2.028s] -- Looking for pthread.h - found
[2.028s] -- Performing Test CMAKE_HAVE_LIBC_PTHREAD
[2.862s] -- Performing Test CMAKE_HAVE_LIBC_PTHREAD - Success
[2.863s] -- Found Threads: TRUE  
[3.261s] -- Found nav_msgs: 4.9.0 (/opt/ros/humble/share/nav_msgs/cmake)
[3.261s] -- Found sensor_msgs: 4.9.0 (/opt/ros/humble/share/sensor_msgs/cmake)
[3.261s] -- Found quadrotor_msgs: 0.0.0 (/home/quangsang/ego_ws/install/quadrotor_msgs/share/quadrotor_msgs/cmake)
[3.261s] -- Found Armadillo: /usr/include (found version "10.8.2") 
[3.261s] -- Found uav_utils: 0.0.0 (/home/quangsang/ego_ws/install/uav_utils/share/uav_utils/cmake)
[3.262s] -- Found ament_lint_auto: 0.12.14 (/opt/ros/humble/share/ament_lint_auto/cmake)
[3.338s] -- Added test 'cppcheck' to perform static code analysis on C / C++ code
[3.338s] -- Configured cppcheck include dirs: /home/quangsang/ego_ws/src/ego-planner-swarm/src/uav_simulator/so3_quadrotor_simulator/include;/home/quangsang/ego_ws/src/ego-planner-swarm/src/uav_simulator/so3_quadrotor_simulator/include/ode
[3.338s] -- Configured cppcheck exclude dirs and/or files: 
[3.339s] -- Added test 'flake8' to check Python code syntax and style conventions
[3.341s] -- Added test 'lint_cmake' to check CMake code style
[3.343s] -- Added test 'pep257' to check Python code against some of the docstring style conventions in PEP 257
[3.349s] -- Added test 'uncrustify' to check C / C++ code style
[3.349s] -- Configured uncrustify additional arguments: 
[3.351s] -- Added test 'xmllint' to check XML markup files
[3.352s] -- Configuring done
[3.359s] -- Generating done
[4.065s] -- Build files have been written to: /home/quangsang/ego_ws/build/so3_quadrotor_simulator
[4.065s] Invoked command in '/home/quangsang/ego_ws/build/so3_quadrotor_simulator' returned '0': CMAKE_PREFIX_PATH=/home/quangsang/ego_ws/install/uav_utils:/home/quangsang/ego_ws/install/quadrotor_msgs:/home/quangsang/ego_ws/install/cmake_utils:/home/quangsang/ros2_ws/install/ros_ign_bridge:/home/quangsang/ros2_ws/install/ros_gz_bridge:/home/quangsang/ros2_ws/install/ros_gz_interfaces:/home/quangsang/ros2_ws/install/rmw_cyclonedds_cpp:/home/quangsang/ros2_ws/install/px4_msgs:/home/quangsang/ros2_ws/install/gz_ros_bridge:/home/quangsang/ros2_ws/install/depthimage_to_pointcloud2:/home/quangsang/ros2_ws/install/cyclonedds:/home/quangsang/ego_ws/install/waypoint_generator:/home/quangsang/ego_ws/install/so3_quadrotor_simulator:/home/quangsang/ego_ws/install/rosmsg_tcp_bridge:/home/quangsang/ego_ws/install/offboard_control:/home/quangsang/ego_ws/install/ego_planner:/home/quangsang/ego_ws/install/bspline_opt:/home/quangsang/ego_ws/install/traj_utils:/home/quangsang/ego_ws/install/so3_control:/home/quangsang/ego_ws/install/poscmd_2_odom:/home/quangsang/ego_ws/install/odom_visualization:/home/quangsang/ego_ws/install/multi_map_server:/home/quangsang/ego_ws/install/local_sensing:/home/quangsang/ego_ws/install/px4_msgs:/home/quangsang/ego_ws/install/pose_utils:/home/quangsang/ego_ws/install/path_searching:/home/quangsang/ego_ws/install/plan_env:/home/quangsang/ego_ws/install/perception_pcl:/home/quangsang/ego_ws/install/mockamap:/home/quangsang/ego_ws/install/pcl_ros:/home/quangsang/ego_ws/install/map_generator:/home/quangsang/ego_ws/install/pcl_conversions:/home/quangsang/ego_ws/install/pcl_msgs:/home/quangsang/ego_ws/install/drone_detect:/home/quangsang/ros2_ws/install/gz_openvins_bridge:/home/quangsang/ros2_ws/install/obstacle_publisher:/opt/ros/humble LD_LIBRARY_PATH=/home/quangsang/ego_ws/install/quadrotor_msgs/lib:/home/quangsang/ros2_ws/install/ros_gz_bridge/lib:/home/quangsang/ros2_ws/install/ros_gz_interfaces/lib:/home/quangsang/ros2_ws/install/rmw_cyclonedds_cpp/lib:/home/quangsang/ros2_ws/install/px4_msgs/lib:/home/quangsang/ros2_ws/install/cyclonedds/lib:/home/quangsang/ego_ws/install/bspline_opt/lib:/home/quangsang/ego_ws/install/traj_utils/lib:/home/quangsang/ego_ws/install/so3_control/lib:/home/quangsang/ego_ws/install/multi_map_server/lib:/home/quangsang/ego_ws/install/px4_msgs/lib:/home/quangsang/ego_ws/install/pose_utils/lib:/home/quangsang/ego_ws/install/path_searching/lib:/home/quangsang/ego_ws/install/plan_env/lib:/home/quangsang/ego_ws/install/pcl_ros/lib:/home/quangsang/ego_ws/install/pcl_msgs/lib:/opt/ros/humble/opt/rviz_ogre_vendor/lib:/opt/ros/humble/lib/x86_64-linux-gnu:/opt/ros/humble/lib:/usr/local/cuda-11.8/lib64 /usr/bin/cmake /home/quangsang/ego_ws/src/ego-planner-swarm/src/uav_simulator/so3_quadrotor_simulator -DCMAKE_INSTALL_PREFIX=/home/quangsang/ego_ws/install/so3_quadrotor_simulator
[4.065s] Invoking command in '/home/quangsang/ego_ws/build/so3_quadrotor_simulator': CMAKE_PREFIX_PATH=/home/quangsang/ego_ws/install/uav_utils:/home/quangsang/ego_ws/install/quadrotor_msgs:/home/quangsang/ego_ws/install/cmake_utils:/home/quangsang/ros2_ws/install/ros_ign_bridge:/home/quangsang/ros2_ws/install/ros_gz_bridge:/home/quangsang/ros2_ws/install/ros_gz_interfaces:/home/quangsang/ros2_ws/install/rmw_cyclonedds_cpp:/home/quangsang/ros2_ws/install/px4_msgs:/home/quangsang/ros2_ws/install/gz_ros_bridge:/home/quangsang/ros2_ws/install/depthimage_to_pointcloud2:/home/quangsang/ros2_ws/install/cyclonedds:/home/quangsang/ego_ws/install/waypoint_generator:/home/quangsang/ego_ws/install/so3_quadrotor_simulator:/home/quangsang/ego_ws/install/rosmsg_tcp_bridge:/home/quangsang/ego_ws/install/offboard_control:/home/quangsang/ego_ws/install/ego_planner:/home/quangsang/ego_ws/install/bspline_opt:/home/quangsang/ego_ws/install/traj_utils:/home/quangsang/ego_ws/install/so3_control:/home/quangsang/ego_ws/install/poscmd_2_odom:/home/quangsang/ego_ws/install/odom_visualization:/home/quangsang/ego_ws/install/multi_map_server:/home/quangsang/ego_ws/install/local_sensing:/home/quangsang/ego_ws/install/px4_msgs:/home/quangsang/ego_ws/install/pose_utils:/home/quangsang/ego_ws/install/path_searching:/home/quangsang/ego_ws/install/plan_env:/home/quangsang/ego_ws/install/perception_pcl:/home/quangsang/ego_ws/install/mockamap:/home/quangsang/ego_ws/install/pcl_ros:/home/quangsang/ego_ws/install/map_generator:/home/quangsang/ego_ws/install/pcl_conversions:/home/quangsang/ego_ws/install/pcl_msgs:/home/quangsang/ego_ws/install/drone_detect:/home/quangsang/ros2_ws/install/gz_openvins_bridge:/home/quangsang/ros2_ws/install/obstacle_publisher:/opt/ros/humble LD_LIBRARY_PATH=/home/quangsang/ego_ws/install/quadrotor_msgs/lib:/home/quangsang/ros2_ws/install/ros_gz_bridge/lib:/home/quangsang/ros2_ws/install/ros_gz_interfaces/lib:/home/quangsang/ros2_ws/install/rmw_cyclonedds_cpp/lib:/home/quangsang/ros2_ws/install/px4_msgs/lib:/home/quangsang/ros2_ws/install/cyclonedds/lib:/home/quangsang/ego_ws/install/bspline_opt/lib:/home/quangsang/ego_ws/install/traj_utils/lib:/home/quangsang/ego_ws/install/so3_control/lib:/home/quangsang/ego_ws/install/multi_map_server/lib:/home/quangsang/ego_ws/install/px4_msgs/lib:/home/quangsang/ego_ws/install/pose_utils/lib:/home/quangsang/ego_ws/install/path_searching/lib:/home/quangsang/ego_ws/install/plan_env/lib:/home/quangsang/ego_ws/install/pcl_ros/lib:/home/quangsang/ego_ws/install/pcl_msgs/lib:/opt/ros/humble/opt/rviz_ogre_vendor/lib:/opt/ros/humble/lib/x86_64-linux-gnu:/opt/ros/humble/lib:/usr/local/cuda-11.8/lib64 /usr/bin/cmake --build /home/quangsang/ego_ws/build/so3_quadrotor_simulator -- -j20 -l20
[4.098s] [ 25%] [32mBuilding CXX object CMakeFiles/quadrotor_dynamics.dir/src/dynamics/Quadrotor.cpp.o[0m
[6.169s] In file included from [01m[K/home/quangsang/ego_ws/src/ego-planner-swarm/src/uav_simulator/so3_quadrotor_simulator/src/dynamics/Quadrotor.cpp:1[m[K:
[6.169s] [01m[K/home/quangsang/ego_ws/src/ego-planner-swarm/src/uav_simulator/so3_quadrotor_simulator/include/so3_quadrotor_simulator/Quadrotor.h:20:36:[m[K [01;35m[Kwarning: [m[Kextra ‘[01m[K;[m[K’ [[01;35m[K-Wpedantic[m[K]
[6.169s]    20 |     EIGEN_MAKE_ALIGNED_OPERATOR_NEW[01;35m[K;[m[K
[6.169s]       |                                    [01;35m[K^[m[K
[6.169s]       |                                    [31m[K-[m[K
[7.500s] In file included from [01m[K/usr/include/boost/math/tools/cxx03_warn.hpp:9[m[K,
[7.500s]                  from [01m[K/usr/include/boost/math/constants/constants.hpp:11[m[K,
[7.500s]                  from [01m[K/usr/include/boost/math/special_functions/gamma.hpp:24[m[K,
[7.501s]                  from [01m[K/usr/include/boost/math/special_functions/factorials.hpp:14[m[K,
[7.501s]                  from [01m[K/usr/include/boost/math/special_functions/binomial.hpp:14[m[K,
[7.501s]                  from [01m[K/home/quangsang/ego_ws/src/ego-planner-swarm/src/uav_simulator/so3_quadrotor_simulator/include/ode/boost/numeric/odeint/stepper/bulirsch_stoer_dense_out.hpp:30[m[K,
[7.501s]                  from [01m[K/home/quangsang/ego_ws/src/ego-planner-swarm/src/uav_simulator/so3_quadrotor_simulator/include/ode/boost/numeric/odeint.hpp:45[m[K,
[7.501s]                  from [01m[K/home/quangsang/ego_ws/src/ego-planner-swarm/src/uav_simulator/so3_quadrotor_simulator/src/dynamics/Quadrotor.cpp:2[m[K:
[7.501s] [01m[K/usr/include/boost/bind.hpp:36:1:[m[K [01;36m[Knote: [m[K#pragma message: The practice of declaring the Bind placeholders (_1, _2, ...) in the global namespace is deprecated. Please use <boost/bind/bind.hpp> + using namespace boost::placeholders, or define BOOST_BIND_GLOBAL_PLACEHOLDERS to retain the current behavior.
[7.501s]    36 | [01;36m[KBOOST_PRAGMA_MESSAGE[m[K(
[7.501s]       | [01;36m[K^~~~~~~~~~~~~~~~~~~~[m[K
[13.577s] [ 50%] [32m[1mLinking CXX static library libquadrotor_dynamics.a[0m
[13.675s] [ 50%] Built target quadrotor_dynamics
[13.696s] [ 75%] [32mBuilding CXX object CMakeFiles/so3_quadrotor_simulator.dir/src/quadrotor_simulator_so3.cpp.o[0m
[14.698s] In file included from [01m[K/home/quangsang/ego_ws/src/ego-planner-swarm/src/uav_simulator/so3_quadrotor_simulator/src/quadrotor_simulator_so3.cpp:5[m[K:
[14.698s] [01m[K/home/quangsang/ego_ws/src/ego-planner-swarm/src/uav_simulator/so3_quadrotor_simulator/include/so3_quadrotor_simulator/Quadrotor.h:20:36:[m[K [01;35m[Kwarning: [m[Kextra ‘[01m[K;[m[K’ [[01;35m[K-Wpedantic[m[K]
[14.698s]    20 |     EIGEN_MAKE_ALIGNED_OPERATOR_NEW[01;35m[K;[m[K
[14.698s]       |                                    [01;35m[K^[m[K
[14.699s]       |                                    [31m[K-[m[K
[15.549s] [01m[K/home/quangsang/ego_ws/src/ego-planner-swarm/src/uav_simulator/so3_quadrotor_simulator/src/quadrotor_simulator_so3.cpp:175:66:[m[K [01;35m[Kwarning: [m[K‘[01m[Kquadrotor_msgs::msg::SO3Command_<std::allocator<void> >::ConstPtr[m[K’ is deprecated [[01;35m[K-Wdeprecated-declarations[m[K]
[15.549s]   175 | ::msg::SO3Command::ConstPtr &cmd[01;35m[K)[m[K
[15.549s]       |                                 [01;35m[K^[m[K
[15.549s] 
[15.550s] In file included from [01m[K/home/quangsang/ego_ws/install/quadrotor_msgs/include/quadrotor_msgs/quadrotor_msgs/msg/so3_command.hpp:7[m[K,
[15.550s]                  from [01m[K/home/quangsang/ego_ws/src/ego-planner-swarm/src/uav_simulator/so3_quadrotor_simulator/src/quadrotor_simulator_so3.cpp:3[m[K:
[15.550s] [01m[K/home/quangsang/ego_ws/install/quadrotor_msgs/include/quadrotor_msgs/quadrotor_msgs/msg/detail/so3_command__struct.hpp:171:5:[m[K [01;36m[Knote: [m[Kdeclared here
[15.550s]   171 |     [01;36m[KConstPtr[m[K;
[15.550s]       |     [01;36m[K^~~~~~~~[m[K
[15.551s] [01m[K/home/quangsang/ego_ws/src/ego-planner-swarm/src/uav_simulator/so3_quadrotor_simulator/src/quadrotor_simulator_so3.cpp:198:74:[m[K [01;35m[Kwarning: [m[K‘[01m[Kgeometry_msgs::msg::Vector3_<std::allocator<void> >::ConstPtr[m[K’ is deprecated [[01;35m[K-Wdeprecated-declarations[m[K]
[15.551s]   198 | _msgs::msg::Vector3::ConstPtr &f[01;35m[K)[m[K
[15.551s]       |                                 [01;35m[K^[m[K
[15.551s] 
[15.551s] In file included from [01m[K/opt/ros/humble/include/geometry_msgs/geometry_msgs/msg/detail/twist__struct.hpp:21[m[K,
[15.551s]                  from [01m[K/opt/ros/humble/include/geometry_msgs/geometry_msgs/msg/detail/twist_with_covariance__struct.hpp:20[m[K,
[15.551s]                  from [01m[K/opt/ros/humble/include/nav_msgs/nav_msgs/msg/detail/odometry__struct.hpp:24[m[K,
[15.551s]                  from [01m[K/opt/ros/humble/include/nav_msgs/nav_msgs/msg/odometry.hpp:7[m[K,
[15.551s]                  from [01m[K/home/quangsang/ego_ws/src/ego-planner-swarm/src/uav_simulator/so3_quadrotor_simulator/src/quadrotor_simulator_so3.cpp:2[m[K:
[15.551s] [01m[K/opt/ros/humble/include/geometry_msgs/geometry_msgs/msg/detail/vector3__struct.hpp:127:5:[m[K [01;36m[Knote: [m[Kdeclared here
[15.551s]   127 |     [01;36m[KConstPtr[m[K;
[15.551s]       |     [01;36m[K^~~~~~~~[m[K
[15.552s] [01m[K/home/quangsang/ego_ws/src/ego-planner-swarm/src/uav_simulator/so3_quadrotor_simulator/src/quadrotor_simulator_so3.cpp:206:75:[m[K [01;35m[Kwarning: [m[K‘[01m[Kgeometry_msgs::msg::Vector3_<std::allocator<void> >::ConstPtr[m[K’ is deprecated [[01;35m[K-Wdeprecated-declarations[m[K]
[15.552s]   206 | _msgs::msg::Vector3::ConstPtr &m[01;35m[K)[m[K
[15.552s]       |                                 [01;35m[K^[m[K
[15.552s] 
[15.552s] In file included from [01m[K/opt/ros/humble/include/geometry_msgs/geometry_msgs/msg/detail/twist__struct.hpp:21[m[K,
[15.552s]                  from [01m[K/opt/ros/humble/include/geometry_msgs/geometry_msgs/msg/detail/twist_with_covariance__struct.hpp:20[m[K,
[15.552s]                  from [01m[K/opt/ros/humble/include/nav_msgs/nav_msgs/msg/detail/odometry__struct.hpp:24[m[K,
[15.553s]                  from [01m[K/opt/ros/humble/include/nav_msgs/nav_msgs/msg/odometry.hpp:7[m[K,
[15.553s]                  from [01m[K/home/quangsang/ego_ws/src/ego-planner-swarm/src/uav_simulator/so3_quadrotor_simulator/src/quadrotor_simulator_so3.cpp:2[m[K:
[15.553s] [01m[K/opt/ros/humble/include/geometry_msgs/geometry_msgs/msg/detail/vector3__struct.hpp:127:5:[m[K [01;36m[Knote: [m[Kdeclared here
[15.553s]   127 |     [01;36m[KConstPtr[m[K;
[15.553s]       |     [01;36m[K^~~~~~~~[m[K
[15.602s] [01m[K/home/quangsang/ego_ws/src/ego-planner-swarm/src/uav_simulator/so3_quadrotor_simulator/src/quadrotor_simulator_so3.cpp:[m[K In function ‘[01m[Kint main(int, char**)[m[K’:
[15.602s] [01m[K/home/quangsang/ego_ws/src/ego-planner-swarm/src/uav_simulator/so3_quadrotor_simulator/src/quadrotor_simulator_so3.cpp:304:42:[m[K [01;35m[Kwarning: [m[Kvariable ‘[01m[Kstate[m[K’ set but not used [[01;35m[K-Wunused-but-set-variable[m[K]
[15.602s]   304 | otorSimulator::Quadrotor::State [01;35m[Kstate[m[K = quad.getState();
[15.602s]       |                                 [01;35m[K^~~~~[m[K
[15.602s] 
[20.497s] [100%] [32m[1mLinking CXX executable so3_quadrotor_simulator[0m
[20.908s] [100%] Built target so3_quadrotor_simulator
[20.916s] Invoked command in '/home/quangsang/ego_ws/build/so3_quadrotor_simulator' returned '0': CMAKE_PREFIX_PATH=/home/quangsang/ego_ws/install/uav_utils:/home/quangsang/ego_ws/install/quadrotor_msgs:/home/quangsang/ego_ws/install/cmake_utils:/home/quangsang/ros2_ws/install/ros_ign_bridge:/home/quangsang/ros2_ws/install/ros_gz_bridge:/home/quangsang/ros2_ws/install/ros_gz_interfaces:/home/quangsang/ros2_ws/install/rmw_cyclonedds_cpp:/home/quangsang/ros2_ws/install/px4_msgs:/home/quangsang/ros2_ws/install/gz_ros_bridge:/home/quangsang/ros2_ws/install/depthimage_to_pointcloud2:/home/quangsang/ros2_ws/install/cyclonedds:/home/quangsang/ego_ws/install/waypoint_generator:/home/quangsang/ego_ws/install/so3_quadrotor_simulator:/home/quangsang/ego_ws/install/rosmsg_tcp_bridge:/home/quangsang/ego_ws/install/offboard_control:/home/quangsang/ego_ws/install/ego_planner:/home/quangsang/ego_ws/install/bspline_opt:/home/quangsang/ego_ws/install/traj_utils:/home/quangsang/ego_ws/install/so3_control:/home/quangsang/ego_ws/install/poscmd_2_odom:/home/quangsang/ego_ws/install/odom_visualization:/home/quangsang/ego_ws/install/multi_map_server:/home/quangsang/ego_ws/install/local_sensing:/home/quangsang/ego_ws/install/px4_msgs:/home/quangsang/ego_ws/install/pose_utils:/home/quangsang/ego_ws/install/path_searching:/home/quangsang/ego_ws/install/plan_env:/home/quangsang/ego_ws/install/perception_pcl:/home/quangsang/ego_ws/install/mockamap:/home/quangsang/ego_ws/install/pcl_ros:/home/quangsang/ego_ws/install/map_generator:/home/quangsang/ego_ws/install/pcl_conversions:/home/quangsang/ego_ws/install/pcl_msgs:/home/quangsang/ego_ws/install/drone_detect:/home/quangsang/ros2_ws/install/gz_openvins_bridge:/home/quangsang/ros2_ws/install/obstacle_publisher:/opt/ros/humble LD_LIBRARY_PATH=/home/quangsang/ego_ws/install/quadrotor_msgs/lib:/home/quangsang/ros2_ws/install/ros_gz_bridge/lib:/home/quangsang/ros2_ws/install/ros_gz_interfaces/lib:/home/quangsang/ros2_ws/install/rmw_cyclonedds_cpp/lib:/home/quangsang/ros2_ws/install/px4_msgs/lib:/home/quangsang/ros2_ws/install/cyclonedds/lib:/home/quangsang/ego_ws/install/bspline_opt/lib:/home/quangsang/ego_ws/install/traj_utils/lib:/home/quangsang/ego_ws/install/so3_control/lib:/home/quangsang/ego_ws/install/multi_map_server/lib:/home/quangsang/ego_ws/install/px4_msgs/lib:/home/quangsang/ego_ws/install/pose_utils/lib:/home/quangsang/ego_ws/install/path_searching/lib:/home/quangsang/ego_ws/install/plan_env/lib:/home/quangsang/ego_ws/install/pcl_ros/lib:/home/quangsang/ego_ws/install/pcl_msgs/lib:/opt/ros/humble/opt/rviz_ogre_vendor/lib:/opt/ros/humble/lib/x86_64-linux-gnu:/opt/ros/humble/lib:/usr/local/cuda-11.8/lib64 /usr/bin/cmake --build /home/quangsang/ego_ws/build/so3_quadrotor_simulator -- -j20 -l20
[20.917s] Invoking command in '/home/quangsang/ego_ws/build/so3_quadrotor_simulator': CMAKE_PREFIX_PATH=/home/quangsang/ego_ws/install/uav_utils:/home/quangsang/ego_ws/install/quadrotor_msgs:/home/quangsang/ego_ws/install/cmake_utils:/home/quangsang/ros2_ws/install/ros_ign_bridge:/home/quangsang/ros2_ws/install/ros_gz_bridge:/home/quangsang/ros2_ws/install/ros_gz_interfaces:/home/quangsang/ros2_ws/install/rmw_cyclonedds_cpp:/home/quangsang/ros2_ws/install/px4_msgs:/home/quangsang/ros2_ws/install/gz_ros_bridge:/home/quangsang/ros2_ws/install/depthimage_to_pointcloud2:/home/quangsang/ros2_ws/install/cyclonedds:/home/quangsang/ego_ws/install/waypoint_generator:/home/quangsang/ego_ws/install/so3_quadrotor_simulator:/home/quangsang/ego_ws/install/rosmsg_tcp_bridge:/home/quangsang/ego_ws/install/offboard_control:/home/quangsang/ego_ws/install/ego_planner:/home/quangsang/ego_ws/install/bspline_opt:/home/quangsang/ego_ws/install/traj_utils:/home/quangsang/ego_ws/install/so3_control:/home/quangsang/ego_ws/install/poscmd_2_odom:/home/quangsang/ego_ws/install/odom_visualization:/home/quangsang/ego_ws/install/multi_map_server:/home/quangsang/ego_ws/install/local_sensing:/home/quangsang/ego_ws/install/px4_msgs:/home/quangsang/ego_ws/install/pose_utils:/home/quangsang/ego_ws/install/path_searching:/home/quangsang/ego_ws/install/plan_env:/home/quangsang/ego_ws/install/perception_pcl:/home/quangsang/ego_ws/install/mockamap:/home/quangsang/ego_ws/install/pcl_ros:/home/quangsang/ego_ws/install/map_generator:/home/quangsang/ego_ws/install/pcl_conversions:/home/quangsang/ego_ws/install/pcl_msgs:/home/quangsang/ego_ws/install/drone_detect:/home/quangsang/ros2_ws/install/gz_openvins_bridge:/home/quangsang/ros2_ws/install/obstacle_publisher:/opt/ros/humble LD_LIBRARY_PATH=/home/quangsang/ego_ws/install/quadrotor_msgs/lib:/home/quangsang/ros2_ws/install/ros_gz_bridge/lib:/home/quangsang/ros2_ws/install/ros_gz_interfaces/lib:/home/quangsang/ros2_ws/install/rmw_cyclonedds_cpp/lib:/home/quangsang/ros2_ws/install/px4_msgs/lib:/home/quangsang/ros2_ws/install/cyclonedds/lib:/home/quangsang/ego_ws/install/bspline_opt/lib:/home/quangsang/ego_ws/install/traj_utils/lib:/home/quangsang/ego_ws/install/so3_control/lib:/home/quangsang/ego_ws/install/multi_map_server/lib:/home/quangsang/ego_ws/install/px4_msgs/lib:/home/quangsang/ego_ws/install/pose_utils/lib:/home/quangsang/ego_ws/install/path_searching/lib:/home/quangsang/ego_ws/install/plan_env/lib:/home/quangsang/ego_ws/install/pcl_ros/lib:/home/quangsang/ego_ws/install/pcl_msgs/lib:/opt/ros/humble/opt/rviz_ogre_vendor/lib:/opt/ros/humble/lib/x86_64-linux-gnu:/opt/ros/humble/lib:/usr/local/cuda-11.8/lib64 /usr/bin/cmake --install /home/quangsang/ego_ws/build/so3_quadrotor_simulator
[20.923s] -- Install configuration: ""
[20.923s] -- Installing: /home/quangsang/ego_ws/install/so3_quadrotor_simulator/lib/so3_quadrotor_simulator/so3_quadrotor_simulator
[20.926s] -- Set runtime path of "/home/quangsang/ego_ws/install/so3_quadrotor_simulator/lib/so3_quadrotor_simulator/so3_quadrotor_simulator" to ""
[20.926s] -- Installing: /home/quangsang/ego_ws/install/so3_quadrotor_simulator/share/so3_quadrotor_simulator/launch
[20.926s] -- Installing: /home/quangsang/ego_ws/install/so3_quadrotor_simulator/share/so3_quadrotor_simulator/launch/simulator_example.launch.py
[20.926s] -- Installing: /home/quangsang/ego_ws/install/so3_quadrotor_simulator/share/so3_quadrotor_simulator/config
[20.926s] -- Installing: /home/quangsang/ego_ws/install/so3_quadrotor_simulator/share/so3_quadrotor_simulator/config/rviz.rviz
[20.926s] -- Installing: /home/quangsang/ego_ws/install/so3_quadrotor_simulator/share/ament_index/resource_index/package_run_dependencies/so3_quadrotor_simulator
[20.926s] -- Installing: /home/quangsang/ego_ws/install/so3_quadrotor_simulator/share/ament_index/resource_index/parent_prefix_path/so3_quadrotor_simulator
[20.926s] -- Installing: /home/quangsang/ego_ws/install/so3_quadrotor_simulator/share/so3_quadrotor_simulator/environment/ament_prefix_path.sh
[20.926s] -- Installing: /home/quangsang/ego_ws/install/so3_quadrotor_simulator/share/so3_quadrotor_simulator/environment/ament_prefix_path.dsv
[20.926s] -- Installing: /home/quangsang/ego_ws/install/so3_quadrotor_simulator/share/so3_quadrotor_simulator/environment/path.sh
[20.926s] -- Installing: /home/quangsang/ego_ws/install/so3_quadrotor_simulator/share/so3_quadrotor_simulator/environment/path.dsv
[20.927s] -- Installing: /home/quangsang/ego_ws/install/so3_quadrotor_simulator/share/so3_quadrotor_simulator/local_setup.bash
[20.927s] -- Installing: /home/quangsang/ego_ws/install/so3_quadrotor_simulator/share/so3_quadrotor_simulator/local_setup.sh
[20.927s] -- Installing: /home/quangsang/ego_ws/install/so3_quadrotor_simulator/share/so3_quadrotor_simulator/local_setup.zsh
[20.927s] -- Installing: /home/quangsang/ego_ws/install/so3_quadrotor_simulator/share/so3_quadrotor_simulator/local_setup.dsv
[20.927s] -- Installing: /home/quangsang/ego_ws/install/so3_quadrotor_simulator/share/so3_quadrotor_simulator/package.dsv
[20.927s] -- Installing: /home/quangsang/ego_ws/install/so3_quadrotor_simulator/share/ament_index/resource_index/packages/so3_quadrotor_simulator
[20.927s] -- Installing: /home/quangsang/ego_ws/install/so3_quadrotor_simulator/share/so3_quadrotor_simulator/cmake/so3_quadrotor_simulatorConfig.cmake
[20.927s] -- Installing: /home/quangsang/ego_ws/install/so3_quadrotor_simulator/share/so3_quadrotor_simulator/cmake/so3_quadrotor_simulatorConfig-version.cmake
[20.927s] -- Installing: /home/quangsang/ego_ws/install/so3_quadrotor_simulator/share/so3_quadrotor_simulator/package.xml
[20.929s] Invoked command in '/home/quangsang/ego_ws/build/so3_quadrotor_simulator' returned '0': CMAKE_PREFIX_PATH=/home/quangsang/ego_ws/install/uav_utils:/home/quangsang/ego_ws/install/quadrotor_msgs:/home/quangsang/ego_ws/install/cmake_utils:/home/quangsang/ros2_ws/install/ros_ign_bridge:/home/quangsang/ros2_ws/install/ros_gz_bridge:/home/quangsang/ros2_ws/install/ros_gz_interfaces:/home/quangsang/ros2_ws/install/rmw_cyclonedds_cpp:/home/quangsang/ros2_ws/install/px4_msgs:/home/quangsang/ros2_ws/install/gz_ros_bridge:/home/quangsang/ros2_ws/install/depthimage_to_pointcloud2:/home/quangsang/ros2_ws/install/cyclonedds:/home/quangsang/ego_ws/install/waypoint_generator:/home/quangsang/ego_ws/install/so3_quadrotor_simulator:/home/quangsang/ego_ws/install/rosmsg_tcp_bridge:/home/quangsang/ego_ws/install/offboard_control:/home/quangsang/ego_ws/install/ego_planner:/home/quangsang/ego_ws/install/bspline_opt:/home/quangsang/ego_ws/install/traj_utils:/home/quangsang/ego_ws/install/so3_control:/home/quangsang/ego_ws/install/poscmd_2_odom:/home/quangsang/ego_ws/install/odom_visualization:/home/quangsang/ego_ws/install/multi_map_server:/home/quangsang/ego_ws/install/local_sensing:/home/quangsang/ego_ws/install/px4_msgs:/home/quangsang/ego_ws/install/pose_utils:/home/quangsang/ego_ws/install/path_searching:/home/quangsang/ego_ws/install/plan_env:/home/quangsang/ego_ws/install/perception_pcl:/home/quangsang/ego_ws/install/mockamap:/home/quangsang/ego_ws/install/pcl_ros:/home/quangsang/ego_ws/install/map_generator:/home/quangsang/ego_ws/install/pcl_conversions:/home/quangsang/ego_ws/install/pcl_msgs:/home/quangsang/ego_ws/install/drone_detect:/home/quangsang/ros2_ws/install/gz_openvins_bridge:/home/quangsang/ros2_ws/install/obstacle_publisher:/opt/ros/humble LD_LIBRARY_PATH=/home/quangsang/ego_ws/install/quadrotor_msgs/lib:/home/quangsang/ros2_ws/install/ros_gz_bridge/lib:/home/quangsang/ros2_ws/install/ros_gz_interfaces/lib:/home/quangsang/ros2_ws/install/rmw_cyclonedds_cpp/lib:/home/quangsang/ros2_ws/install/px4_msgs/lib:/home/quangsang/ros2_ws/install/cyclonedds/lib:/home/quangsang/ego_ws/install/bspline_opt/lib:/home/quangsang/ego_ws/install/traj_utils/lib:/home/quangsang/ego_ws/install/so3_control/lib:/home/quangsang/ego_ws/install/multi_map_server/lib:/home/quangsang/ego_ws/install/px4_msgs/lib:/home/quangsang/ego_ws/install/pose_utils/lib:/home/quangsang/ego_ws/install/path_searching/lib:/home/quangsang/ego_ws/install/plan_env/lib:/home/quangsang/ego_ws/install/pcl_ros/lib:/home/quangsang/ego_ws/install/pcl_msgs/lib:/opt/ros/humble/opt/rviz_ogre_vendor/lib:/opt/ros/humble/lib/x86_64-linux-gnu:/opt/ros/humble/lib:/usr/local/cuda-11.8/lib64 /usr/bin/cmake --install /home/quangsang/ego_ws/build/so3_quadrotor_simulator
