[0m** WARNING ** io features related to pcap will be disabled[0m
[01m[K/home/quangsang/ego_ws/src/ego-planner-swarm/src/planner/plan_env/src/obj_predictor.cpp:45:85:[m[K [01;35m[Kwarning: [m[K‘[01m[Kgeometry_msgs::msg::PoseStamped_<std::allocator<void> >::ConstPtr[m[K’ is deprecated [[01;35m[K-Wdeprecated-declarations[m[K]
   45 |   void ObjHistory::poseCallback(const geometry_msgs::msg::PoseStamped::ConstPtr &msg[01;35m[K)[m[K
      |                                                                                     [01;35m[K^[m[K
In file included from [01m[K/opt/ros/humble/include/geometry_msgs/geometry_msgs/msg/pose_stamped.hpp:7[m[K,
                 from [01m[K/home/quangsang/ego_ws/src/ego-planner-swarm/src/planner/plan_env/include/plan_env/obj_predictor.h:29[m[K,
                 from [01m[K/home/quangsang/ego_ws/src/ego-planner-swarm/src/planner/plan_env/src/obj_predictor.cpp:24[m[K:
[01m[K/opt/ros/humble/include/geometry_msgs/geometry_msgs/msg/detail/pose_stamped__struct.hpp:115:5:[m[K [01;36m[Knote: [m[Kdeclared here
  115 |     [01;36m[KConstPtr[m[K;
      |     [01;36m[K^~~~~~~~[m[K
[01m[K/home/quangsang/ego_ws/src/ego-planner-swarm/src/planner/plan_env/src/obj_predictor.cpp:[m[K In member function ‘[01m[Kvoid fast_planner::ObjHistory::poseCallback(const ConstPtr&)[m[K’:
[01m[K/home/quangsang/ego_ws/src/ego-planner-swarm/src/planner/plan_env/src/obj_predictor.cpp:58:25:[m[K [01;35m[Kwarning: [m[Kcomparison of integer expressions of different signedness: ‘[01m[Kstd::__cxx11::list<Eigen::Matrix<double, 4, 1> >::size_type[m[K’ {aka ‘[01m[Klong unsigned int[m[K’} and ‘[01m[Kint[m[K’ [[01;35m[K-Wsign-compare[m[K]
   58 |     if ([01;35m[Khistory_.size() > queue_size_[m[K)
      |         [01;35m[K~~~~~~~~~~~~~~~~^~~~~~~~~~~~~[m[K
[01m[K/home/quangsang/ego_ws/src/ego-planner-swarm/src/planner/plan_env/src/obj_predictor.cpp:[m[K At global scope:
[01m[K/home/quangsang/ego_ws/src/ego-planner-swarm/src/planner/plan_env/src/obj_predictor.cpp:203:89:[m[K [01;35m[Kwarning: [m[K‘[01m[Kvisualization_msgs::msg::Marker_<std::allocator<void> >::ConstPtr[m[K’ is deprecated [[01;35m[K-Wdeprecated-declarations[m[K]
  203 |   void ObjPredictor::markerCallback(const visualization_msgs::msg::Marker::ConstPtr &msg[01;35m[K)[m[K
      |                                                                                         [01;35m[K^[m[K
In file included from [01m[K/opt/ros/humble/include/visualization_msgs/visualization_msgs/msg/marker.hpp:7[m[K,
                 from [01m[K/home/quangsang/ego_ws/src/ego-planner-swarm/src/planner/plan_env/include/plan_env/obj_predictor.h:33[m[K,
                 from [01m[K/home/quangsang/ego_ws/src/ego-planner-swarm/src/planner/plan_env/src/obj_predictor.cpp:24[m[K:
[01m[K/opt/ros/humble/include/visualization_msgs/visualization_msgs/msg/detail/marker__struct.hpp:364:5:[m[K [01;36m[Knote: [m[Kdeclared here
  364 |     [01;36m[KConstPtr[m[K;
      |     [01;36m[K^~~~~~~~[m[K
[01m[K/home/quangsang/ego_ws/src/ego-planner-swarm/src/planner/plan_env/src/grid_map.cpp:776:86:[m[K [01;35m[Kwarning: [m[K‘[01m[Ksensor_msgs::msg::Image_<std::allocator<void> >::ConstPtr[m[K’ is deprecated [[01;35m[K-Wdeprecated-declarations[m[K]
  776 | msg::PoseStamped::ConstPtr &pose[01;35m[K)[m[K
      |                                 [01;35m[K^[m[K

In file included from [01m[K/opt/ros/humble/include/sensor_msgs/sensor_msgs/msg/image.hpp:7[m[K,
                 from [01m[K/opt/ros/humble/include/cv_bridge/cv_bridge/cv_bridge.h:40[m[K,
                 from [01m[K/home/quangsang/ego_ws/src/ego-planner-swarm/src/planner/plan_env/include/plan_env/grid_map.h:6[m[K,
                 from [01m[K/home/quangsang/ego_ws/src/ego-planner-swarm/src/planner/plan_env/src/grid_map.cpp:1[m[K:
[01m[K/opt/ros/humble/include/sensor_msgs/sensor_msgs/msg/detail/image__struct.hpp:173:5:[m[K [01;36m[Knote: [m[Kdeclared here
  173 |     [01;36m[KConstPtr[m[K;
      |     [01;36m[K^~~~~~~~[m[K
[01m[K/home/quangsang/ego_ws/src/ego-planner-swarm/src/planner/plan_env/src/grid_map.cpp:776:86:[m[K [01;35m[Kwarning: [m[K‘[01m[Kgeometry_msgs::msg::PoseStamped_<std::allocator<void> >::ConstPtr[m[K’ is deprecated [[01;35m[K-Wdeprecated-declarations[m[K]
  776 | msg::PoseStamped::ConstPtr &pose[01;35m[K)[m[K
      |                                 [01;35m[K^[m[K

In file included from [01m[K/opt/ros/humble/include/geometry_msgs/geometry_msgs/msg/pose_stamped.hpp:7[m[K,
                 from [01m[K/home/quangsang/ego_ws/src/ego-planner-swarm/src/planner/plan_env/include/plan_env/grid_map.h:7[m[K,
                 from [01m[K/home/quangsang/ego_ws/src/ego-planner-swarm/src/planner/plan_env/src/grid_map.cpp:1[m[K:
[01m[K/opt/ros/humble/include/geometry_msgs/geometry_msgs/msg/detail/pose_stamped__struct.hpp:115:5:[m[K [01;36m[Knote: [m[Kdeclared here
  115 |     [01;36m[KConstPtr[m[K;
      |     [01;36m[K^~~~~~~~[m[K
[01m[K/home/quangsang/ego_ws/src/ego-planner-swarm/src/planner/plan_env/src/grid_map.cpp:851:79:[m[K [01;35m[Kwarning: [m[K‘[01m[Ksensor_msgs::msg::PointCloud2_<std::allocator<void> >::ConstPtr[m[K’ is deprecated [[01;35m[K-Wdeprecated-declarations[m[K]
  851 | :msg::PointCloud2::ConstPtr &img[01;35m[K)[m[K
      |                                 [01;35m[K^[m[K

In file included from [01m[K/opt/ros/humble/include/sensor_msgs/sensor_msgs/msg/point_cloud2.hpp:7[m[K,
                 from [01m[K/home/quangsang/ego_ws/install/pcl_conversions/include/pcl_conversions/pcl_conversions/pcl_conversions.h:59[m[K,
                 from [01m[K/home/quangsang/ego_ws/src/ego-planner-swarm/src/planner/plan_env/include/plan_env/grid_map.h:18[m[K,
                 from [01m[K/home/quangsang/ego_ws/src/ego-planner-swarm/src/planner/plan_env/src/grid_map.cpp:1[m[K:
[01m[K/opt/ros/humble/include/sensor_msgs/sensor_msgs/msg/detail/point_cloud2__struct.hpp:194:5:[m[K [01;36m[Knote: [m[Kdeclared here
  194 |     [01;36m[KConstPtr[m[K;
      |     [01;36m[K^~~~~~~~[m[K
[01m[K/home/quangsang/ego_ws/src/ego-planner-swarm/src/planner/plan_env/src/grid_map.cpp:1133:78:[m[K [01;35m[Kwarning: [m[K‘[01m[Knav_msgs::msg::Odometry_<std::allocator<void> >::ConstPtr[m[K’ is deprecated [[01;35m[K-Wdeprecated-declarations[m[K]
 1133 | s::msg::Odometry::ConstPtr &odom[01;35m[K)[m[K
      |                                 [01;35m[K^[m[K

In file included from [01m[K/opt/ros/humble/include/nav_msgs/nav_msgs/msg/odometry.hpp:7[m[K,
                 from [01m[K/home/quangsang/ego_ws/src/ego-planner-swarm/src/planner/plan_env/include/plan_env/grid_map.h:10[m[K,
                 from [01m[K/home/quangsang/ego_ws/src/ego-planner-swarm/src/planner/plan_env/src/grid_map.cpp:1[m[K:
[01m[K/opt/ros/humble/include/nav_msgs/nav_msgs/msg/detail/odometry__struct.hpp:146:5:[m[K [01;36m[Knote: [m[Kdeclared here
  146 |     [01;36m[KConstPtr[m[K;
      |     [01;36m[K^~~~~~~~[m[K
[01m[K/home/quangsang/ego_ws/src/ego-planner-swarm/src/planner/plan_env/src/grid_map.cpp:1148:78:[m[K [01;35m[Kwarning: [m[K‘[01m[Ksensor_msgs::msg::Image_<std::allocator<void> >::ConstPtr[m[K’ is deprecated [[01;35m[K-Wdeprecated-declarations[m[K]
 1148 | s::msg::Odometry::ConstPtr &odom[01;35m[K)[m[K
      |                                 [01;35m[K^[m[K

In file included from [01m[K/opt/ros/humble/include/sensor_msgs/sensor_msgs/msg/image.hpp:7[m[K,
                 from [01m[K/opt/ros/humble/include/cv_bridge/cv_bridge/cv_bridge.h:40[m[K,
                 from [01m[K/home/quangsang/ego_ws/src/ego-planner-swarm/src/planner/plan_env/include/plan_env/grid_map.h:6[m[K,
                 from [01m[K/home/quangsang/ego_ws/src/ego-planner-swarm/src/planner/plan_env/src/grid_map.cpp:1[m[K:
[01m[K/opt/ros/humble/include/sensor_msgs/sensor_msgs/msg/detail/image__struct.hpp:173:5:[m[K [01;36m[Knote: [m[Kdeclared here
  173 |     [01;36m[KConstPtr[m[K;
      |     [01;36m[K^~~~~~~~[m[K
[01m[K/home/quangsang/ego_ws/src/ego-planner-swarm/src/planner/plan_env/src/grid_map.cpp:1148:78:[m[K [01;35m[Kwarning: [m[K‘[01m[Knav_msgs::msg::Odometry_<std::allocator<void> >::ConstPtr[m[K’ is deprecated [[01;35m[K-Wdeprecated-declarations[m[K]
 1148 | s::msg::Odometry::ConstPtr &odom[01;35m[K)[m[K
      |                                 [01;35m[K^[m[K

In file included from [01m[K/opt/ros/humble/include/nav_msgs/nav_msgs/msg/odometry.hpp:7[m[K,
                 from [01m[K/home/quangsang/ego_ws/src/ego-planner-swarm/src/planner/plan_env/include/plan_env/grid_map.h:10[m[K,
                 from [01m[K/home/quangsang/ego_ws/src/ego-planner-swarm/src/planner/plan_env/src/grid_map.cpp:1[m[K:
[01m[K/opt/ros/humble/include/nav_msgs/nav_msgs/msg/detail/odometry__struct.hpp:146:5:[m[K [01;36m[Knote: [m[Kdeclared here
  146 |     [01;36m[KConstPtr[m[K;
      |     [01;36m[K^~~~~~~~[m[K
