[0.025s] Invoking command in '/home/quangsang/ego_ws/build/pcl_ros': CMAKE_PREFIX_PATH=/home/quangsang/ego_ws/install/pcl_conversions:/home/quangsang/ego_ws/install/pcl_msgs:/home/quangsang/ros2_ws/install/ros_ign_bridge:/home/quangsang/ros2_ws/install/ros_gz_bridge:/home/quangsang/ros2_ws/install/ros_gz_interfaces:/home/quangsang/ros2_ws/install/rmw_cyclonedds_cpp:/home/quangsang/ros2_ws/install/px4_msgs:/home/quangsang/ros2_ws/install/gz_ros_bridge:/home/quangsang/ros2_ws/install/depthimage_to_pointcloud2:/home/quangsang/ros2_ws/install/cyclonedds:/home/quangsang/ego_ws/install/waypoint_generator:/home/quangsang/ego_ws/install/so3_quadrotor_simulator:/home/quangsang/ego_ws/install/uav_utils:/home/quangsang/ego_ws/install/rosmsg_tcp_bridge:/home/quangsang/ego_ws/install/offboard_control:/home/quangsang/ego_ws/install/ego_planner:/home/quangsang/ego_ws/install/bspline_opt:/home/quangsang/ego_ws/install/traj_utils:/home/quangsang/ego_ws/install/so3_control:/home/quangsang/ego_ws/install/poscmd_2_odom:/home/quangsang/ego_ws/install/odom_visualization:/home/quangsang/ego_ws/install/multi_map_server:/home/quangsang/ego_ws/install/local_sensing:/home/quangsang/ego_ws/install/quadrotor_msgs:/home/quangsang/ego_ws/install/px4_msgs:/home/quangsang/ego_ws/install/pose_utils:/home/quangsang/ego_ws/install/path_searching:/home/quangsang/ego_ws/install/plan_env:/home/quangsang/ego_ws/install/perception_pcl:/home/quangsang/ego_ws/install/mockamap:/home/quangsang/ego_ws/install/pcl_ros:/home/quangsang/ego_ws/install/map_generator:/home/quangsang/ego_ws/install/drone_detect:/home/quangsang/ego_ws/install/cmake_utils:/home/quangsang/ros2_ws/install/gz_openvins_bridge:/home/quangsang/ros2_ws/install/obstacle_publisher:/opt/ros/humble LD_LIBRARY_PATH=/home/quangsang/ego_ws/install/pcl_msgs/lib:/home/quangsang/ros2_ws/install/ros_gz_bridge/lib:/home/quangsang/ros2_ws/install/ros_gz_interfaces/lib:/home/quangsang/ros2_ws/install/rmw_cyclonedds_cpp/lib:/home/quangsang/ros2_ws/install/px4_msgs/lib:/home/quangsang/ros2_ws/install/cyclonedds/lib:/home/quangsang/ego_ws/install/bspline_opt/lib:/home/quangsang/ego_ws/install/traj_utils/lib:/home/quangsang/ego_ws/install/so3_control/lib:/home/quangsang/ego_ws/install/multi_map_server/lib:/home/quangsang/ego_ws/install/quadrotor_msgs/lib:/home/quangsang/ego_ws/install/px4_msgs/lib:/home/quangsang/ego_ws/install/pose_utils/lib:/home/quangsang/ego_ws/install/path_searching/lib:/home/quangsang/ego_ws/install/plan_env/lib:/home/quangsang/ego_ws/install/pcl_ros/lib:/opt/ros/humble/opt/rviz_ogre_vendor/lib:/opt/ros/humble/lib/x86_64-linux-gnu:/opt/ros/humble/lib:/usr/local/cuda-11.8/lib64 /usr/bin/cmake --build /home/quangsang/ego_ws/build/pcl_ros -- -j20 -l20
[0.064s] [ 33%] Built target pcd_to_pointcloud
[0.070s] [ 66%] Built target pcd_to_pointcloud_lib
[0.073s] [100%] Built target pcl_ros_tf
[0.087s] Invoked command in '/home/quangsang/ego_ws/build/pcl_ros' returned '0': CMAKE_PREFIX_PATH=/home/quangsang/ego_ws/install/pcl_conversions:/home/quangsang/ego_ws/install/pcl_msgs:/home/quangsang/ros2_ws/install/ros_ign_bridge:/home/quangsang/ros2_ws/install/ros_gz_bridge:/home/quangsang/ros2_ws/install/ros_gz_interfaces:/home/quangsang/ros2_ws/install/rmw_cyclonedds_cpp:/home/quangsang/ros2_ws/install/px4_msgs:/home/quangsang/ros2_ws/install/gz_ros_bridge:/home/quangsang/ros2_ws/install/depthimage_to_pointcloud2:/home/quangsang/ros2_ws/install/cyclonedds:/home/quangsang/ego_ws/install/waypoint_generator:/home/quangsang/ego_ws/install/so3_quadrotor_simulator:/home/quangsang/ego_ws/install/uav_utils:/home/quangsang/ego_ws/install/rosmsg_tcp_bridge:/home/quangsang/ego_ws/install/offboard_control:/home/quangsang/ego_ws/install/ego_planner:/home/quangsang/ego_ws/install/bspline_opt:/home/quangsang/ego_ws/install/traj_utils:/home/quangsang/ego_ws/install/so3_control:/home/quangsang/ego_ws/install/poscmd_2_odom:/home/quangsang/ego_ws/install/odom_visualization:/home/quangsang/ego_ws/install/multi_map_server:/home/quangsang/ego_ws/install/local_sensing:/home/quangsang/ego_ws/install/quadrotor_msgs:/home/quangsang/ego_ws/install/px4_msgs:/home/quangsang/ego_ws/install/pose_utils:/home/quangsang/ego_ws/install/path_searching:/home/quangsang/ego_ws/install/plan_env:/home/quangsang/ego_ws/install/perception_pcl:/home/quangsang/ego_ws/install/mockamap:/home/quangsang/ego_ws/install/pcl_ros:/home/quangsang/ego_ws/install/map_generator:/home/quangsang/ego_ws/install/drone_detect:/home/quangsang/ego_ws/install/cmake_utils:/home/quangsang/ros2_ws/install/gz_openvins_bridge:/home/quangsang/ros2_ws/install/obstacle_publisher:/opt/ros/humble LD_LIBRARY_PATH=/home/quangsang/ego_ws/install/pcl_msgs/lib:/home/quangsang/ros2_ws/install/ros_gz_bridge/lib:/home/quangsang/ros2_ws/install/ros_gz_interfaces/lib:/home/quangsang/ros2_ws/install/rmw_cyclonedds_cpp/lib:/home/quangsang/ros2_ws/install/px4_msgs/lib:/home/quangsang/ros2_ws/install/cyclonedds/lib:/home/quangsang/ego_ws/install/bspline_opt/lib:/home/quangsang/ego_ws/install/traj_utils/lib:/home/quangsang/ego_ws/install/so3_control/lib:/home/quangsang/ego_ws/install/multi_map_server/lib:/home/quangsang/ego_ws/install/quadrotor_msgs/lib:/home/quangsang/ego_ws/install/px4_msgs/lib:/home/quangsang/ego_ws/install/pose_utils/lib:/home/quangsang/ego_ws/install/path_searching/lib:/home/quangsang/ego_ws/install/plan_env/lib:/home/quangsang/ego_ws/install/pcl_ros/lib:/opt/ros/humble/opt/rviz_ogre_vendor/lib:/opt/ros/humble/lib/x86_64-linux-gnu:/opt/ros/humble/lib:/usr/local/cuda-11.8/lib64 /usr/bin/cmake --build /home/quangsang/ego_ws/build/pcl_ros -- -j20 -l20
[0.088s] Invoking command in '/home/quangsang/ego_ws/build/pcl_ros': CMAKE_PREFIX_PATH=/home/quangsang/ego_ws/install/pcl_conversions:/home/quangsang/ego_ws/install/pcl_msgs:/home/quangsang/ros2_ws/install/ros_ign_bridge:/home/quangsang/ros2_ws/install/ros_gz_bridge:/home/quangsang/ros2_ws/install/ros_gz_interfaces:/home/quangsang/ros2_ws/install/rmw_cyclonedds_cpp:/home/quangsang/ros2_ws/install/px4_msgs:/home/quangsang/ros2_ws/install/gz_ros_bridge:/home/quangsang/ros2_ws/install/depthimage_to_pointcloud2:/home/quangsang/ros2_ws/install/cyclonedds:/home/quangsang/ego_ws/install/waypoint_generator:/home/quangsang/ego_ws/install/so3_quadrotor_simulator:/home/quangsang/ego_ws/install/uav_utils:/home/quangsang/ego_ws/install/rosmsg_tcp_bridge:/home/quangsang/ego_ws/install/offboard_control:/home/quangsang/ego_ws/install/ego_planner:/home/quangsang/ego_ws/install/bspline_opt:/home/quangsang/ego_ws/install/traj_utils:/home/quangsang/ego_ws/install/so3_control:/home/quangsang/ego_ws/install/poscmd_2_odom:/home/quangsang/ego_ws/install/odom_visualization:/home/quangsang/ego_ws/install/multi_map_server:/home/quangsang/ego_ws/install/local_sensing:/home/quangsang/ego_ws/install/quadrotor_msgs:/home/quangsang/ego_ws/install/px4_msgs:/home/quangsang/ego_ws/install/pose_utils:/home/quangsang/ego_ws/install/path_searching:/home/quangsang/ego_ws/install/plan_env:/home/quangsang/ego_ws/install/perception_pcl:/home/quangsang/ego_ws/install/mockamap:/home/quangsang/ego_ws/install/pcl_ros:/home/quangsang/ego_ws/install/map_generator:/home/quangsang/ego_ws/install/drone_detect:/home/quangsang/ego_ws/install/cmake_utils:/home/quangsang/ros2_ws/install/gz_openvins_bridge:/home/quangsang/ros2_ws/install/obstacle_publisher:/opt/ros/humble LD_LIBRARY_PATH=/home/quangsang/ego_ws/install/pcl_msgs/lib:/home/quangsang/ros2_ws/install/ros_gz_bridge/lib:/home/quangsang/ros2_ws/install/ros_gz_interfaces/lib:/home/quangsang/ros2_ws/install/rmw_cyclonedds_cpp/lib:/home/quangsang/ros2_ws/install/px4_msgs/lib:/home/quangsang/ros2_ws/install/cyclonedds/lib:/home/quangsang/ego_ws/install/bspline_opt/lib:/home/quangsang/ego_ws/install/traj_utils/lib:/home/quangsang/ego_ws/install/so3_control/lib:/home/quangsang/ego_ws/install/multi_map_server/lib:/home/quangsang/ego_ws/install/quadrotor_msgs/lib:/home/quangsang/ego_ws/install/px4_msgs/lib:/home/quangsang/ego_ws/install/pose_utils/lib:/home/quangsang/ego_ws/install/path_searching/lib:/home/quangsang/ego_ws/install/plan_env/lib:/home/quangsang/ego_ws/install/pcl_ros/lib:/opt/ros/humble/opt/rviz_ogre_vendor/lib:/opt/ros/humble/lib/x86_64-linux-gnu:/opt/ros/humble/lib:/usr/local/cuda-11.8/lib64 /usr/bin/cmake --install /home/quangsang/ego_ws/build/pcl_ros
[0.091s] -- Install configuration: ""
[0.091s] -- Up-to-date: /home/quangsang/ego_ws/install/pcl_ros/lib/pcl_ros/pcd_to_pointcloud
[0.091s] -- Up-to-date: /home/quangsang/ego_ws/install/pcl_ros/include/pcl_ros
[0.091s] -- Up-to-date: /home/quangsang/ego_ws/install/pcl_ros/include/pcl_ros/pcl_ros
[0.091s] -- Up-to-date: /home/quangsang/ego_ws/install/pcl_ros/include/pcl_ros/pcl_ros/features
[0.092s] -- Up-to-date: /home/quangsang/ego_ws/install/pcl_ros/include/pcl_ros/pcl_ros/features/shot.hpp
[0.092s] -- Up-to-date: /home/quangsang/ego_ws/install/pcl_ros/include/pcl_ros/pcl_ros/features/normal_3d_tbb.hpp
[0.092s] -- Up-to-date: /home/quangsang/ego_ws/install/pcl_ros/include/pcl_ros/pcl_ros/features/boundary.hpp
[0.092s] -- Up-to-date: /home/quangsang/ego_ws/install/pcl_ros/include/pcl_ros/pcl_ros/features/shot_omp.hpp
[0.092s] -- Up-to-date: /home/quangsang/ego_ws/install/pcl_ros/include/pcl_ros/pcl_ros/features/pfh.hpp
[0.092s] -- Up-to-date: /home/quangsang/ego_ws/install/pcl_ros/include/pcl_ros/pcl_ros/features/moment_invariants.hpp
[0.092s] -- Up-to-date: /home/quangsang/ego_ws/install/pcl_ros/include/pcl_ros/pcl_ros/features/vfh.hpp
[0.092s] -- Up-to-date: /home/quangsang/ego_ws/install/pcl_ros/include/pcl_ros/pcl_ros/features/normal_3d_omp.hpp
[0.092s] -- Up-to-date: /home/quangsang/ego_ws/install/pcl_ros/include/pcl_ros/pcl_ros/features/fpfh.hpp
[0.092s] -- Up-to-date: /home/quangsang/ego_ws/install/pcl_ros/include/pcl_ros/pcl_ros/features/feature.hpp
[0.092s] -- Up-to-date: /home/quangsang/ego_ws/install/pcl_ros/include/pcl_ros/pcl_ros/features/principal_curvatures.hpp
[0.092s] -- Up-to-date: /home/quangsang/ego_ws/install/pcl_ros/include/pcl_ros/pcl_ros/features/fpfh_omp.hpp
[0.092s] -- Up-to-date: /home/quangsang/ego_ws/install/pcl_ros/include/pcl_ros/pcl_ros/features/normal_3d.hpp
[0.092s] -- Up-to-date: /home/quangsang/ego_ws/install/pcl_ros/include/pcl_ros/pcl_ros/point_cloud.hpp
[0.092s] -- Up-to-date: /home/quangsang/ego_ws/install/pcl_ros/include/pcl_ros/pcl_ros/segmentation
[0.092s] -- Up-to-date: /home/quangsang/ego_ws/install/pcl_ros/include/pcl_ros/pcl_ros/segmentation/extract_polygonal_prism_data.hpp
[0.093s] -- Up-to-date: /home/quangsang/ego_ws/install/pcl_ros/include/pcl_ros/pcl_ros/segmentation/sac_segmentation.hpp
[0.093s] -- Up-to-date: /home/quangsang/ego_ws/install/pcl_ros/include/pcl_ros/pcl_ros/segmentation/extract_clusters.hpp
[0.093s] -- Up-to-date: /home/quangsang/ego_ws/install/pcl_ros/include/pcl_ros/pcl_ros/segmentation/segment_differences.hpp
[0.093s] -- Up-to-date: /home/quangsang/ego_ws/install/pcl_ros/include/pcl_ros/pcl_ros/filters
[0.093s] -- Up-to-date: /home/quangsang/ego_ws/install/pcl_ros/include/pcl_ros/pcl_ros/filters/extract_indices.hpp
[0.093s] -- Up-to-date: /home/quangsang/ego_ws/install/pcl_ros/include/pcl_ros/pcl_ros/filters/crop_box.hpp
[0.093s] -- Up-to-date: /home/quangsang/ego_ws/install/pcl_ros/include/pcl_ros/pcl_ros/filters/project_inliers.hpp
[0.093s] -- Up-to-date: /home/quangsang/ego_ws/install/pcl_ros/include/pcl_ros/pcl_ros/filters/statistical_outlier_removal.hpp
[0.093s] -- Up-to-date: /home/quangsang/ego_ws/install/pcl_ros/include/pcl_ros/pcl_ros/filters/passthrough.hpp
[0.093s] -- Up-to-date: /home/quangsang/ego_ws/install/pcl_ros/include/pcl_ros/pcl_ros/filters/voxel_grid.hpp
[0.093s] -- Up-to-date: /home/quangsang/ego_ws/install/pcl_ros/include/pcl_ros/pcl_ros/filters/radius_outlier_removal.hpp
[0.093s] -- Up-to-date: /home/quangsang/ego_ws/install/pcl_ros/include/pcl_ros/pcl_ros/filters/filter.hpp
[0.093s] -- Up-to-date: /home/quangsang/ego_ws/install/pcl_ros/include/pcl_ros/pcl_ros/transforms.hpp
[0.093s] -- Up-to-date: /home/quangsang/ego_ws/install/pcl_ros/include/pcl_ros/pcl_ros/impl
[0.094s] -- Up-to-date: /home/quangsang/ego_ws/install/pcl_ros/include/pcl_ros/pcl_ros/impl/transforms.hpp
[0.094s] -- Up-to-date: /home/quangsang/ego_ws/install/pcl_ros/include/pcl_ros/pcl_ros/pcl_nodelet.hpp
[0.094s] -- Up-to-date: /home/quangsang/ego_ws/install/pcl_ros/include/pcl_ros/pcl_ros/surface
[0.094s] -- Up-to-date: /home/quangsang/ego_ws/install/pcl_ros/include/pcl_ros/pcl_ros/surface/moving_least_squares.hpp
[0.094s] -- Up-to-date: /home/quangsang/ego_ws/install/pcl_ros/include/pcl_ros/pcl_ros/surface/convex_hull.hpp
[0.094s] -- Up-to-date: /home/quangsang/ego_ws/install/pcl_ros/include/pcl_ros/pcl_ros/io
[0.094s] -- Up-to-date: /home/quangsang/ego_ws/install/pcl_ros/include/pcl_ros/pcl_ros/io/concatenate_data.hpp
[0.094s] -- Up-to-date: /home/quangsang/ego_ws/install/pcl_ros/include/pcl_ros/pcl_ros/io/pcd_io.hpp
[0.094s] -- Up-to-date: /home/quangsang/ego_ws/install/pcl_ros/include/pcl_ros/pcl_ros/io/bag_io.hpp
[0.094s] -- Up-to-date: /home/quangsang/ego_ws/install/pcl_ros/include/pcl_ros/pcl_ros/io/concatenate_fields.hpp
[0.094s] -- Up-to-date: /home/quangsang/ego_ws/install/pcl_ros/include/pcl_ros/pcl_ros/publisher.hpp
[0.094s] -- Up-to-date: /home/quangsang/ego_ws/install/pcl_ros/lib/libpcl_ros_tf.a
[0.094s] -- Up-to-date: /home/quangsang/ego_ws/install/pcl_ros/lib/libpcd_to_pointcloud_lib.so
[0.094s] -- Up-to-date: /home/quangsang/ego_ws/install/pcl_ros/share/pcl_ros/plugins
[0.094s] -- Up-to-date: /home/quangsang/ego_ws/install/pcl_ros/share/pcl_ros/plugins/nodelet
[0.094s] -- Up-to-date: /home/quangsang/ego_ws/install/pcl_ros/share/pcl_ros/plugins/nodelet/libpcl_ros_segmentation.xml
[0.094s] -- Up-to-date: /home/quangsang/ego_ws/install/pcl_ros/share/pcl_ros/plugins/nodelet/libpcl_ros_io.xml
[0.094s] -- Up-to-date: /home/quangsang/ego_ws/install/pcl_ros/share/pcl_ros/plugins/nodelet/libpcl_ros_filters.xml
[0.094s] -- Up-to-date: /home/quangsang/ego_ws/install/pcl_ros/share/pcl_ros/plugins/nodelet/libpcl_ros_surface.xml
[0.094s] -- Up-to-date: /home/quangsang/ego_ws/install/pcl_ros/share/pcl_ros/plugins/nodelet/libpcl_ros_features.xml
[0.094s] -- Up-to-date: /home/quangsang/ego_ws/install/pcl_ros/share/pcl_ros/samples
[0.094s] -- Up-to-date: /home/quangsang/ego_ws/install/pcl_ros/share/pcl_ros/samples/data
[0.094s] -- Up-to-date: /home/quangsang/ego_ws/install/pcl_ros/share/pcl_ros/samples/data/.gitignore
[0.094s] -- Up-to-date: /home/quangsang/ego_ws/install/pcl_ros/share/pcl_ros/samples/pcl_ros
[0.094s] -- Up-to-date: /home/quangsang/ego_ws/install/pcl_ros/share/pcl_ros/samples/pcl_ros/features
[0.094s] -- Up-to-date: /home/quangsang/ego_ws/install/pcl_ros/share/pcl_ros/samples/pcl_ros/features/sample_normal_3d.launch
[0.094s] -- Up-to-date: /home/quangsang/ego_ws/install/pcl_ros/share/pcl_ros/samples/pcl_ros/segmentation
[0.094s] -- Up-to-date: /home/quangsang/ego_ws/install/pcl_ros/share/pcl_ros/samples/pcl_ros/segmentation/sample_extract_clusters.launch
[0.094s] -- Up-to-date: /home/quangsang/ego_ws/install/pcl_ros/share/pcl_ros/samples/pcl_ros/filters
[0.094s] -- Up-to-date: /home/quangsang/ego_ws/install/pcl_ros/share/pcl_ros/samples/pcl_ros/filters/config
[0.094s] -- Up-to-date: /home/quangsang/ego_ws/install/pcl_ros/share/pcl_ros/samples/pcl_ros/filters/config/voxel_grid.rviz
[0.094s] -- Up-to-date: /home/quangsang/ego_ws/install/pcl_ros/share/pcl_ros/samples/pcl_ros/filters/config/statistical_outlier_removal.rviz
[0.095s] -- Up-to-date: /home/quangsang/ego_ws/install/pcl_ros/share/pcl_ros/samples/pcl_ros/filters/sample_statistical_outlier_removal.launch
[0.095s] -- Up-to-date: /home/quangsang/ego_ws/install/pcl_ros/share/pcl_ros/samples/pcl_ros/filters/sample_voxel_grid.launch
[0.095s] -- Up-to-date: /home/quangsang/ego_ws/install/pcl_ros/share/pcl_ros/samples/pcl_ros/surface
[0.095s] -- Up-to-date: /home/quangsang/ego_ws/install/pcl_ros/share/pcl_ros/samples/pcl_ros/surface/sample_convex_hull.launch
[0.095s] -- Up-to-date: /home/quangsang/ego_ws/install/pcl_ros/share/pcl_ros/samples/pcl_ros/io
[0.095s] -- Up-to-date: /home/quangsang/ego_ws/install/pcl_ros/share/pcl_ros/samples/pcl_ros/io/sample_concatenate_data.launch
[0.095s] -- Up-to-date: /home/quangsang/ego_ws/install/pcl_ros/share/pcl_ros/environment/library_path.sh
[0.095s] -- Up-to-date: /home/quangsang/ego_ws/install/pcl_ros/share/pcl_ros/environment/library_path.dsv
[0.095s] -- Up-to-date: /home/quangsang/ego_ws/install/pcl_ros/share/ament_index/resource_index/package_run_dependencies/pcl_ros
[0.095s] -- Up-to-date: /home/quangsang/ego_ws/install/pcl_ros/share/ament_index/resource_index/parent_prefix_path/pcl_ros
[0.095s] -- Up-to-date: /home/quangsang/ego_ws/install/pcl_ros/share/pcl_ros/environment/ament_prefix_path.sh
[0.095s] -- Up-to-date: /home/quangsang/ego_ws/install/pcl_ros/share/pcl_ros/environment/ament_prefix_path.dsv
[0.095s] -- Up-to-date: /home/quangsang/ego_ws/install/pcl_ros/share/pcl_ros/environment/path.sh
[0.095s] -- Up-to-date: /home/quangsang/ego_ws/install/pcl_ros/share/pcl_ros/environment/path.dsv
[0.095s] -- Up-to-date: /home/quangsang/ego_ws/install/pcl_ros/share/pcl_ros/local_setup.bash
[0.095s] -- Up-to-date: /home/quangsang/ego_ws/install/pcl_ros/share/pcl_ros/local_setup.sh
[0.095s] -- Up-to-date: /home/quangsang/ego_ws/install/pcl_ros/share/pcl_ros/local_setup.zsh
[0.095s] -- Up-to-date: /home/quangsang/ego_ws/install/pcl_ros/share/pcl_ros/local_setup.dsv
[0.095s] -- Installing: /home/quangsang/ego_ws/install/pcl_ros/share/pcl_ros/package.dsv
[0.095s] -- Up-to-date: /home/quangsang/ego_ws/install/pcl_ros/share/ament_index/resource_index/packages/pcl_ros
[0.095s] -- Up-to-date: /home/quangsang/ego_ws/install/pcl_ros/share/ament_index/resource_index/rclcpp_components/pcl_ros
[0.095s] -- Up-to-date: /home/quangsang/ego_ws/install/pcl_ros/share/pcl_ros/cmake/export_pcl_rosExport.cmake
[0.095s] -- Up-to-date: /home/quangsang/ego_ws/install/pcl_ros/share/pcl_ros/cmake/export_pcl_rosExport-noconfig.cmake
[0.095s] -- Up-to-date: /home/quangsang/ego_ws/install/pcl_ros/share/pcl_ros/cmake/ament_cmake_export_include_directories-extras.cmake
[0.095s] -- Up-to-date: /home/quangsang/ego_ws/install/pcl_ros/share/pcl_ros/cmake/ament_cmake_export_libraries-extras.cmake
[0.095s] -- Up-to-date: /home/quangsang/ego_ws/install/pcl_ros/share/pcl_ros/cmake/ament_cmake_export_targets-extras.cmake
[0.095s] -- Up-to-date: /home/quangsang/ego_ws/install/pcl_ros/share/pcl_ros/cmake/ament_cmake_export_dependencies-extras.cmake
[0.095s] -- Up-to-date: /home/quangsang/ego_ws/install/pcl_ros/share/pcl_ros/cmake/pcl_rosConfig.cmake
[0.095s] -- Up-to-date: /home/quangsang/ego_ws/install/pcl_ros/share/pcl_ros/cmake/pcl_rosConfig-version.cmake
[0.095s] -- Up-to-date: /home/quangsang/ego_ws/install/pcl_ros/share/pcl_ros/package.xml
[0.100s] Invoked command in '/home/quangsang/ego_ws/build/pcl_ros' returned '0': CMAKE_PREFIX_PATH=/home/quangsang/ego_ws/install/pcl_conversions:/home/quangsang/ego_ws/install/pcl_msgs:/home/quangsang/ros2_ws/install/ros_ign_bridge:/home/quangsang/ros2_ws/install/ros_gz_bridge:/home/quangsang/ros2_ws/install/ros_gz_interfaces:/home/quangsang/ros2_ws/install/rmw_cyclonedds_cpp:/home/quangsang/ros2_ws/install/px4_msgs:/home/quangsang/ros2_ws/install/gz_ros_bridge:/home/quangsang/ros2_ws/install/depthimage_to_pointcloud2:/home/quangsang/ros2_ws/install/cyclonedds:/home/quangsang/ego_ws/install/waypoint_generator:/home/quangsang/ego_ws/install/so3_quadrotor_simulator:/home/quangsang/ego_ws/install/uav_utils:/home/quangsang/ego_ws/install/rosmsg_tcp_bridge:/home/quangsang/ego_ws/install/offboard_control:/home/quangsang/ego_ws/install/ego_planner:/home/quangsang/ego_ws/install/bspline_opt:/home/quangsang/ego_ws/install/traj_utils:/home/quangsang/ego_ws/install/so3_control:/home/quangsang/ego_ws/install/poscmd_2_odom:/home/quangsang/ego_ws/install/odom_visualization:/home/quangsang/ego_ws/install/multi_map_server:/home/quangsang/ego_ws/install/local_sensing:/home/quangsang/ego_ws/install/quadrotor_msgs:/home/quangsang/ego_ws/install/px4_msgs:/home/quangsang/ego_ws/install/pose_utils:/home/quangsang/ego_ws/install/path_searching:/home/quangsang/ego_ws/install/plan_env:/home/quangsang/ego_ws/install/perception_pcl:/home/quangsang/ego_ws/install/mockamap:/home/quangsang/ego_ws/install/pcl_ros:/home/quangsang/ego_ws/install/map_generator:/home/quangsang/ego_ws/install/drone_detect:/home/quangsang/ego_ws/install/cmake_utils:/home/quangsang/ros2_ws/install/gz_openvins_bridge:/home/quangsang/ros2_ws/install/obstacle_publisher:/opt/ros/humble LD_LIBRARY_PATH=/home/quangsang/ego_ws/install/pcl_msgs/lib:/home/quangsang/ros2_ws/install/ros_gz_bridge/lib:/home/quangsang/ros2_ws/install/ros_gz_interfaces/lib:/home/quangsang/ros2_ws/install/rmw_cyclonedds_cpp/lib:/home/quangsang/ros2_ws/install/px4_msgs/lib:/home/quangsang/ros2_ws/install/cyclonedds/lib:/home/quangsang/ego_ws/install/bspline_opt/lib:/home/quangsang/ego_ws/install/traj_utils/lib:/home/quangsang/ego_ws/install/so3_control/lib:/home/quangsang/ego_ws/install/multi_map_server/lib:/home/quangsang/ego_ws/install/quadrotor_msgs/lib:/home/quangsang/ego_ws/install/px4_msgs/lib:/home/quangsang/ego_ws/install/pose_utils/lib:/home/quangsang/ego_ws/install/path_searching/lib:/home/quangsang/ego_ws/install/plan_env/lib:/home/quangsang/ego_ws/install/pcl_ros/lib:/opt/ros/humble/opt/rviz_ogre_vendor/lib:/opt/ros/humble/lib/x86_64-linux-gnu:/opt/ros/humble/lib:/usr/local/cuda-11.8/lib64 /usr/bin/cmake --install /home/quangsang/ego_ws/build/pcl_ros
