-- The C compiler identification is GNU 9.5.0
-- The CXX compiler identification is GNU 9.5.0
-- Detecting C compiler ABI info
-- Detecting C compiler ABI info - done
-- Check for working C compiler: /usr/bin/cc - skipped
-- Detecting C compile features
-- Detecting C compile features - done
-- Detecting CXX compiler ABI info
-- Detecting CXX compiler ABI info - done
-- Check for working CXX compiler: /usr/bin/c++ - skipped
-- Detecting CXX compile features
-- Detecting CXX compile features - done
-- Found ament_cmake: 1.3.12 (/opt/ros/humble/share/ament_cmake/cmake)
-- Found Python3: /usr/bin/python3 (found version "3.10.12") found components: Interpreter 
-- Found rclcpp: 16.0.14 (/opt/ros/humble/share/rclcpp/cmake)
-- Found rosidl_generator_c: 3.1.7 (/opt/ros/humble/share/rosidl_generator_c/cmake)
-- Found rosidl_adapter: 3.1.7 (/opt/ros/humble/share/rosidl_adapter/cmake)
-- Found rosidl_generator_cpp: 3.1.7 (/opt/ros/humble/share/rosidl_generator_cpp/cmake)
-- Using all available rosidl_typesupport_c: rosidl_typesupport_fastrtps_c;rosidl_typesupport_introspection_c
-- Using all available rosidl_typesupport_cpp: rosidl_typesupport_fastrtps_cpp;rosidl_typesupport_introspection_cpp
-- Found rmw_implementation_cmake: 6.1.2 (/opt/ros/humble/share/rmw_implementation_cmake/cmake)
-- Found rmw_cyclonedds_cpp: 1.3.4 (/home/quangsang/ros2_ws/install/rmw_cyclonedds_cpp/share/rmw_cyclonedds_cpp/cmake)
-- Using RMW implementation 'rmw_cyclonedds_cpp' as default
-- Looking for pthread.h
-- Looking for pthread.h - found
-- Performing Test CMAKE_HAVE_LIBC_PTHREAD
-- Performing Test CMAKE_HAVE_LIBC_PTHREAD - Success
-- Found Threads: TRUE  
-- Found nav_msgs: 4.9.0 (/opt/ros/humble/share/nav_msgs/cmake)
-- Found quadrotor_msgs: 0.0.0 (/home/quangsang/ego_ws/install/quadrotor_msgs/share/quadrotor_msgs/cmake)
-- Found ament_lint_auto: 0.12.14 (/opt/ros/humble/share/ament_lint_auto/cmake)
-- Added test 'cppcheck' to perform static code analysis on C / C++ code
-- Configured cppcheck include dirs: 
-- Configured cppcheck exclude dirs and/or files: 
-- Added test 'lint_cmake' to check CMake code style
-- Added test 'uncrustify' to check C / C++ code style
-- Configured uncrustify additional arguments: 
-- Added test 'xmllint' to check XML markup files
-- Configuring done
-- Generating done
-- Build files have been written to: /home/quangsang/ego_ws/build/poscmd_2_odom
[ 50%] [32mBuilding CXX object CMakeFiles/poscmd_2_odom.dir/src/poscmd_2_odom.cpp.o[0m
[100%] [32m[1mLinking CXX executable poscmd_2_odom[0m
[100%] Built target poscmd_2_odom
-- Install configuration: "Release"
-- Installing: /home/quangsang/ego_ws/install/poscmd_2_odom/lib/poscmd_2_odom/poscmd_2_odom
-- Set runtime path of "/home/quangsang/ego_ws/install/poscmd_2_odom/lib/poscmd_2_odom/poscmd_2_odom" to ""
-- Installing: /home/quangsang/ego_ws/install/poscmd_2_odom/share/ament_index/resource_index/package_run_dependencies/poscmd_2_odom
-- Installing: /home/quangsang/ego_ws/install/poscmd_2_odom/share/ament_index/resource_index/parent_prefix_path/poscmd_2_odom
-- Installing: /home/quangsang/ego_ws/install/poscmd_2_odom/share/poscmd_2_odom/environment/ament_prefix_path.sh
-- Installing: /home/quangsang/ego_ws/install/poscmd_2_odom/share/poscmd_2_odom/environment/ament_prefix_path.dsv
-- Installing: /home/quangsang/ego_ws/install/poscmd_2_odom/share/poscmd_2_odom/environment/path.sh
-- Installing: /home/quangsang/ego_ws/install/poscmd_2_odom/share/poscmd_2_odom/environment/path.dsv
-- Installing: /home/quangsang/ego_ws/install/poscmd_2_odom/share/poscmd_2_odom/local_setup.bash
-- Installing: /home/quangsang/ego_ws/install/poscmd_2_odom/share/poscmd_2_odom/local_setup.sh
-- Installing: /home/quangsang/ego_ws/install/poscmd_2_odom/share/poscmd_2_odom/local_setup.zsh
-- Installing: /home/quangsang/ego_ws/install/poscmd_2_odom/share/poscmd_2_odom/local_setup.dsv
-- Installing: /home/quangsang/ego_ws/install/poscmd_2_odom/share/poscmd_2_odom/package.dsv
-- Installing: /home/quangsang/ego_ws/install/poscmd_2_odom/share/ament_index/resource_index/packages/poscmd_2_odom
-- Installing: /home/quangsang/ego_ws/install/poscmd_2_odom/share/poscmd_2_odom/cmake/poscmd_2_odomConfig.cmake
-- Installing: /home/quangsang/ego_ws/install/poscmd_2_odom/share/poscmd_2_odom/cmake/poscmd_2_odomConfig-version.cmake
-- Installing: /home/quangsang/ego_ws/install/poscmd_2_odom/share/poscmd_2_odom/package.xml
