[0.025s] Invoking command in '/home/quangsang/ego_ws/build/pcl_msgs': CMAKE_PREFIX_PATH=${CMAKE_PREFIX_PATH}:/home/quangsang/ros2_ws/install/gz_openvins_bridge:/home/quangsang/ros2_ws/install/obstacle_publisher:/opt/ros/humble /usr/bin/cmake --build /home/quangsang/ego_ws/build/pcl_msgs -- -j20 -l20
[0.063s] [  1%] Built target pcl_msgs__cpp
[0.064s] [ 12%] Built target pcl_msgs__rosidl_generator_c
[0.076s] [ 12%] Built target ament_cmake_python_copy_pcl_msgs
[0.092s] [ 23%] Built target pcl_msgs__rosidl_typesupport_fastrtps_cpp
[0.094s] [ 34%] Built target pcl_msgs__rosidl_typesupport_introspection_cpp
[0.097s] [ 46%] Built target pcl_msgs__rosidl_typesupport_fastrtps_c
[0.097s] [ 57%] Built target pcl_msgs__rosidl_typesupport_cpp
[0.100s] [ 68%] Built target pcl_msgs__rosidl_typesupport_introspection_c
[0.102s] [ 79%] Built target pcl_msgs__rosidl_typesupport_c
[0.118s] [ 79%] Built target pcl_msgs
[0.133s] [ 80%] Built target pcl_msgs__py
[0.149s] [ 90%] Built target pcl_msgs__rosidl_generator_py
[0.166s] [ 93%] Built target pcl_msgs__rosidl_typesupport_fastrtps_c__pyext
[0.167s] [100%] Built target pcl_msgs__rosidl_typesupport_c__pyext
[0.168s] [100%] Built target pcl_msgs__rosidl_typesupport_introspection_c__pyext
[0.275s] running egg_info
[0.275s] writing pcl_msgs.egg-info/PKG-INFO
[0.275s] writing dependency_links to pcl_msgs.egg-info/dependency_links.txt
[0.275s] writing top-level names to pcl_msgs.egg-info/top_level.txt
[0.277s] reading manifest file 'pcl_msgs.egg-info/SOURCES.txt'
[0.277s] writing manifest file 'pcl_msgs.egg-info/SOURCES.txt'
[0.296s] [100%] Built target ament_cmake_python_build_pcl_msgs_egg
[0.307s] Invoked command in '/home/quangsang/ego_ws/build/pcl_msgs' returned '0': CMAKE_PREFIX_PATH=${CMAKE_PREFIX_PATH}:/home/quangsang/ros2_ws/install/gz_openvins_bridge:/home/quangsang/ros2_ws/install/obstacle_publisher:/opt/ros/humble /usr/bin/cmake --build /home/quangsang/ego_ws/build/pcl_msgs -- -j20 -l20
[0.308s] Invoking command in '/home/quangsang/ego_ws/build/pcl_msgs': CMAKE_PREFIX_PATH=${CMAKE_PREFIX_PATH}:/home/quangsang/ros2_ws/install/gz_openvins_bridge:/home/quangsang/ros2_ws/install/obstacle_publisher:/opt/ros/humble /usr/bin/cmake --install /home/quangsang/ego_ws/build/pcl_msgs
[0.313s] -- Install configuration: ""
[0.313s] -- Up-to-date: /home/quangsang/ego_ws/install/pcl_msgs/share/ament_index/resource_index/rosidl_interfaces/pcl_msgs
[0.313s] -- Up-to-date: /home/quangsang/ego_ws/install/pcl_msgs/include/pcl_msgs/pcl_msgs
[0.313s] -- Up-to-date: /home/quangsang/ego_ws/install/pcl_msgs/include/pcl_msgs/pcl_msgs/msg
[0.313s] -- Up-to-date: /home/quangsang/ego_ws/install/pcl_msgs/include/pcl_msgs/pcl_msgs/msg/rosidl_generator_c__visibility_control.h
[0.313s] -- Up-to-date: /home/quangsang/ego_ws/install/pcl_msgs/include/pcl_msgs/pcl_msgs/msg/detail
[0.314s] -- Up-to-date: /home/quangsang/ego_ws/install/pcl_msgs/include/pcl_msgs/pcl_msgs/msg/detail/vertices__struct.h
[0.314s] -- Up-to-date: /home/quangsang/ego_ws/install/pcl_msgs/include/pcl_msgs/pcl_msgs/msg/detail/vertices__functions.c
[0.314s] -- Up-to-date: /home/quangsang/ego_ws/install/pcl_msgs/include/pcl_msgs/pcl_msgs/msg/detail/point_indices__functions.h
[0.314s] -- Up-to-date: /home/quangsang/ego_ws/install/pcl_msgs/include/pcl_msgs/pcl_msgs/msg/detail/model_coefficients__functions.h
[0.314s] -- Up-to-date: /home/quangsang/ego_ws/install/pcl_msgs/include/pcl_msgs/pcl_msgs/msg/detail/polygon_mesh__functions.c
[0.314s] -- Up-to-date: /home/quangsang/ego_ws/install/pcl_msgs/include/pcl_msgs/pcl_msgs/msg/detail/model_coefficients__struct.h
[0.314s] -- Up-to-date: /home/quangsang/ego_ws/install/pcl_msgs/include/pcl_msgs/pcl_msgs/msg/detail/polygon_mesh__struct.h
[0.314s] -- Up-to-date: /home/quangsang/ego_ws/install/pcl_msgs/include/pcl_msgs/pcl_msgs/msg/detail/polygon_mesh__functions.h
[0.314s] -- Up-to-date: /home/quangsang/ego_ws/install/pcl_msgs/include/pcl_msgs/pcl_msgs/msg/detail/point_indices__type_support.h
[0.314s] -- Up-to-date: /home/quangsang/ego_ws/install/pcl_msgs/include/pcl_msgs/pcl_msgs/msg/detail/point_indices__functions.c
[0.314s] -- Up-to-date: /home/quangsang/ego_ws/install/pcl_msgs/include/pcl_msgs/pcl_msgs/msg/detail/vertices__functions.h
[0.314s] -- Up-to-date: /home/quangsang/ego_ws/install/pcl_msgs/include/pcl_msgs/pcl_msgs/msg/detail/model_coefficients__type_support.h
[0.314s] -- Up-to-date: /home/quangsang/ego_ws/install/pcl_msgs/include/pcl_msgs/pcl_msgs/msg/detail/polygon_mesh__type_support.h
[0.314s] -- Up-to-date: /home/quangsang/ego_ws/install/pcl_msgs/include/pcl_msgs/pcl_msgs/msg/detail/point_indices__struct.h
[0.314s] -- Up-to-date: /home/quangsang/ego_ws/install/pcl_msgs/include/pcl_msgs/pcl_msgs/msg/detail/vertices__type_support.h
[0.314s] -- Up-to-date: /home/quangsang/ego_ws/install/pcl_msgs/include/pcl_msgs/pcl_msgs/msg/detail/model_coefficients__functions.c
[0.314s] -- Up-to-date: /home/quangsang/ego_ws/install/pcl_msgs/include/pcl_msgs/pcl_msgs/msg/vertices.h
[0.314s] -- Up-to-date: /home/quangsang/ego_ws/install/pcl_msgs/include/pcl_msgs/pcl_msgs/msg/point_indices.h
[0.314s] -- Up-to-date: /home/quangsang/ego_ws/install/pcl_msgs/include/pcl_msgs/pcl_msgs/msg/polygon_mesh.h
[0.314s] -- Up-to-date: /home/quangsang/ego_ws/install/pcl_msgs/include/pcl_msgs/pcl_msgs/msg/model_coefficients.h
[0.315s] -- Up-to-date: /home/quangsang/ego_ws/install/pcl_msgs/include/pcl_msgs/pcl_msgs/srv
[0.315s] -- Up-to-date: /home/quangsang/ego_ws/install/pcl_msgs/include/pcl_msgs/pcl_msgs/srv/update_filename.h
[0.315s] -- Up-to-date: /home/quangsang/ego_ws/install/pcl_msgs/include/pcl_msgs/pcl_msgs/srv/detail
[0.315s] -- Up-to-date: /home/quangsang/ego_ws/install/pcl_msgs/include/pcl_msgs/pcl_msgs/srv/detail/update_filename__functions.h
[0.315s] -- Up-to-date: /home/quangsang/ego_ws/install/pcl_msgs/include/pcl_msgs/pcl_msgs/srv/detail/update_filename__struct.h
[0.315s] -- Up-to-date: /home/quangsang/ego_ws/install/pcl_msgs/include/pcl_msgs/pcl_msgs/srv/detail/update_filename__functions.c
[0.315s] -- Up-to-date: /home/quangsang/ego_ws/install/pcl_msgs/include/pcl_msgs/pcl_msgs/srv/detail/update_filename__type_support.h
[0.315s] -- Up-to-date: /home/quangsang/ego_ws/install/pcl_msgs/share/pcl_msgs/environment/library_path.sh
[0.315s] -- Up-to-date: /home/quangsang/ego_ws/install/pcl_msgs/share/pcl_msgs/environment/library_path.dsv
[0.315s] -- Up-to-date: /home/quangsang/ego_ws/install/pcl_msgs/lib/libpcl_msgs__rosidl_generator_c.so
[0.315s] -- Up-to-date: /home/quangsang/ego_ws/install/pcl_msgs/include/pcl_msgs/pcl_msgs
[0.315s] -- Up-to-date: /home/quangsang/ego_ws/install/pcl_msgs/include/pcl_msgs/pcl_msgs/msg
[0.315s] -- Up-to-date: /home/quangsang/ego_ws/install/pcl_msgs/include/pcl_msgs/pcl_msgs/msg/rosidl_typesupport_fastrtps_c__visibility_control.h
[0.315s] -- Up-to-date: /home/quangsang/ego_ws/install/pcl_msgs/include/pcl_msgs/pcl_msgs/msg/detail
[0.315s] -- Up-to-date: /home/quangsang/ego_ws/install/pcl_msgs/include/pcl_msgs/pcl_msgs/msg/detail/polygon_mesh__rosidl_typesupport_fastrtps_c.h
[0.315s] -- Up-to-date: /home/quangsang/ego_ws/install/pcl_msgs/include/pcl_msgs/pcl_msgs/msg/detail/model_coefficients__rosidl_typesupport_fastrtps_c.h
[0.315s] -- Up-to-date: /home/quangsang/ego_ws/install/pcl_msgs/include/pcl_msgs/pcl_msgs/msg/detail/point_indices__rosidl_typesupport_fastrtps_c.h
[0.315s] -- Up-to-date: /home/quangsang/ego_ws/install/pcl_msgs/include/pcl_msgs/pcl_msgs/msg/detail/vertices__rosidl_typesupport_fastrtps_c.h
[0.315s] -- Up-to-date: /home/quangsang/ego_ws/install/pcl_msgs/include/pcl_msgs/pcl_msgs/srv
[0.315s] -- Up-to-date: /home/quangsang/ego_ws/install/pcl_msgs/include/pcl_msgs/pcl_msgs/srv/detail
[0.316s] -- Up-to-date: /home/quangsang/ego_ws/install/pcl_msgs/include/pcl_msgs/pcl_msgs/srv/detail/update_filename__rosidl_typesupport_fastrtps_c.h
[0.316s] -- Up-to-date: /home/quangsang/ego_ws/install/pcl_msgs/lib/libpcl_msgs__rosidl_typesupport_fastrtps_c.so
[0.316s] -- Up-to-date: /home/quangsang/ego_ws/install/pcl_msgs/include/pcl_msgs/pcl_msgs
[0.316s] -- Up-to-date: /home/quangsang/ego_ws/install/pcl_msgs/include/pcl_msgs/pcl_msgs/msg
[0.316s] -- Up-to-date: /home/quangsang/ego_ws/install/pcl_msgs/include/pcl_msgs/pcl_msgs/msg/detail
[0.316s] -- Up-to-date: /home/quangsang/ego_ws/install/pcl_msgs/include/pcl_msgs/pcl_msgs/msg/detail/vertices__type_support.c
[0.316s] -- Up-to-date: /home/quangsang/ego_ws/install/pcl_msgs/include/pcl_msgs/pcl_msgs/msg/detail/polygon_mesh__rosidl_typesupport_introspection_c.h
[0.316s] -- Up-to-date: /home/quangsang/ego_ws/install/pcl_msgs/include/pcl_msgs/pcl_msgs/msg/detail/model_coefficients__rosidl_typesupport_introspection_c.h
[0.316s] -- Up-to-date: /home/quangsang/ego_ws/install/pcl_msgs/include/pcl_msgs/pcl_msgs/msg/detail/polygon_mesh__type_support.c
[0.316s] -- Up-to-date: /home/quangsang/ego_ws/install/pcl_msgs/include/pcl_msgs/pcl_msgs/msg/detail/point_indices__rosidl_typesupport_introspection_c.h
[0.316s] -- Up-to-date: /home/quangsang/ego_ws/install/pcl_msgs/include/pcl_msgs/pcl_msgs/msg/detail/model_coefficients__type_support.c
[0.316s] -- Up-to-date: /home/quangsang/ego_ws/install/pcl_msgs/include/pcl_msgs/pcl_msgs/msg/detail/vertices__rosidl_typesupport_introspection_c.h
[0.316s] -- Up-to-date: /home/quangsang/ego_ws/install/pcl_msgs/include/pcl_msgs/pcl_msgs/msg/detail/point_indices__type_support.c
[0.316s] -- Up-to-date: /home/quangsang/ego_ws/install/pcl_msgs/include/pcl_msgs/pcl_msgs/msg/rosidl_typesupport_introspection_c__visibility_control.h
[0.316s] -- Up-to-date: /home/quangsang/ego_ws/install/pcl_msgs/include/pcl_msgs/pcl_msgs/srv
[0.316s] -- Up-to-date: /home/quangsang/ego_ws/install/pcl_msgs/include/pcl_msgs/pcl_msgs/srv/detail
[0.316s] -- Up-to-date: /home/quangsang/ego_ws/install/pcl_msgs/include/pcl_msgs/pcl_msgs/srv/detail/update_filename__type_support.c
[0.316s] -- Up-to-date: /home/quangsang/ego_ws/install/pcl_msgs/include/pcl_msgs/pcl_msgs/srv/detail/update_filename__rosidl_typesupport_introspection_c.h
[0.316s] -- Up-to-date: /home/quangsang/ego_ws/install/pcl_msgs/lib/libpcl_msgs__rosidl_typesupport_introspection_c.so
[0.316s] -- Up-to-date: /home/quangsang/ego_ws/install/pcl_msgs/lib/libpcl_msgs__rosidl_typesupport_c.so
[0.316s] -- Up-to-date: /home/quangsang/ego_ws/install/pcl_msgs/include/pcl_msgs/pcl_msgs
[0.316s] -- Up-to-date: /home/quangsang/ego_ws/install/pcl_msgs/include/pcl_msgs/pcl_msgs/msg
[0.316s] -- Up-to-date: /home/quangsang/ego_ws/install/pcl_msgs/include/pcl_msgs/pcl_msgs/msg/model_coefficients.hpp
[0.316s] -- Up-to-date: /home/quangsang/ego_ws/install/pcl_msgs/include/pcl_msgs/pcl_msgs/msg/polygon_mesh.hpp
[0.316s] -- Up-to-date: /home/quangsang/ego_ws/install/pcl_msgs/include/pcl_msgs/pcl_msgs/msg/vertices.hpp
[0.316s] -- Up-to-date: /home/quangsang/ego_ws/install/pcl_msgs/include/pcl_msgs/pcl_msgs/msg/detail
[0.316s] -- Up-to-date: /home/quangsang/ego_ws/install/pcl_msgs/include/pcl_msgs/pcl_msgs/msg/detail/vertices__type_support.hpp
[0.316s] -- Up-to-date: /home/quangsang/ego_ws/install/pcl_msgs/include/pcl_msgs/pcl_msgs/msg/detail/point_indices__type_support.hpp
[0.317s] -- Up-to-date: /home/quangsang/ego_ws/install/pcl_msgs/include/pcl_msgs/pcl_msgs/msg/detail/point_indices__struct.hpp
[0.317s] -- Up-to-date: /home/quangsang/ego_ws/install/pcl_msgs/include/pcl_msgs/pcl_msgs/msg/detail/polygon_mesh__type_support.hpp
[0.317s] -- Up-to-date: /home/quangsang/ego_ws/install/pcl_msgs/include/pcl_msgs/pcl_msgs/msg/detail/polygon_mesh__struct.hpp
[0.317s] -- Up-to-date: /home/quangsang/ego_ws/install/pcl_msgs/include/pcl_msgs/pcl_msgs/msg/detail/polygon_mesh__builder.hpp
[0.317s] -- Up-to-date: /home/quangsang/ego_ws/install/pcl_msgs/include/pcl_msgs/pcl_msgs/msg/detail/model_coefficients__builder.hpp
[0.317s] -- Up-to-date: /home/quangsang/ego_ws/install/pcl_msgs/include/pcl_msgs/pcl_msgs/msg/detail/model_coefficients__type_support.hpp
[0.317s] -- Up-to-date: /home/quangsang/ego_ws/install/pcl_msgs/include/pcl_msgs/pcl_msgs/msg/detail/point_indices__builder.hpp
[0.317s] -- Up-to-date: /home/quangsang/ego_ws/install/pcl_msgs/include/pcl_msgs/pcl_msgs/msg/detail/vertices__builder.hpp
[0.317s] -- Up-to-date: /home/quangsang/ego_ws/install/pcl_msgs/include/pcl_msgs/pcl_msgs/msg/detail/point_indices__traits.hpp
[0.317s] -- Up-to-date: /home/quangsang/ego_ws/install/pcl_msgs/include/pcl_msgs/pcl_msgs/msg/detail/polygon_mesh__traits.hpp
[0.317s] -- Up-to-date: /home/quangsang/ego_ws/install/pcl_msgs/include/pcl_msgs/pcl_msgs/msg/detail/vertices__traits.hpp
[0.317s] -- Up-to-date: /home/quangsang/ego_ws/install/pcl_msgs/include/pcl_msgs/pcl_msgs/msg/detail/model_coefficients__struct.hpp
[0.317s] -- Up-to-date: /home/quangsang/ego_ws/install/pcl_msgs/include/pcl_msgs/pcl_msgs/msg/detail/vertices__struct.hpp
[0.317s] -- Up-to-date: /home/quangsang/ego_ws/install/pcl_msgs/include/pcl_msgs/pcl_msgs/msg/detail/model_coefficients__traits.hpp
[0.317s] -- Up-to-date: /home/quangsang/ego_ws/install/pcl_msgs/include/pcl_msgs/pcl_msgs/msg/point_indices.hpp
[0.317s] -- Up-to-date: /home/quangsang/ego_ws/install/pcl_msgs/include/pcl_msgs/pcl_msgs/msg/rosidl_generator_cpp__visibility_control.hpp
[0.318s] -- Up-to-date: /home/quangsang/ego_ws/install/pcl_msgs/include/pcl_msgs/pcl_msgs/srv
[0.318s] -- Up-to-date: /home/quangsang/ego_ws/install/pcl_msgs/include/pcl_msgs/pcl_msgs/srv/detail
[0.318s] -- Up-to-date: /home/quangsang/ego_ws/install/pcl_msgs/include/pcl_msgs/pcl_msgs/srv/detail/update_filename__type_support.hpp
[0.318s] -- Up-to-date: /home/quangsang/ego_ws/install/pcl_msgs/include/pcl_msgs/pcl_msgs/srv/detail/update_filename__traits.hpp
[0.319s] -- Up-to-date: /home/quangsang/ego_ws/install/pcl_msgs/include/pcl_msgs/pcl_msgs/srv/detail/update_filename__struct.hpp
[0.319s] -- Up-to-date: /home/quangsang/ego_ws/install/pcl_msgs/include/pcl_msgs/pcl_msgs/srv/detail/update_filename__builder.hpp
[0.319s] -- Up-to-date: /home/quangsang/ego_ws/install/pcl_msgs/include/pcl_msgs/pcl_msgs/srv/update_filename.hpp
[0.320s] -- Up-to-date: /home/quangsang/ego_ws/install/pcl_msgs/include/pcl_msgs/pcl_msgs
[0.320s] -- Up-to-date: /home/quangsang/ego_ws/install/pcl_msgs/include/pcl_msgs/pcl_msgs/msg
[0.320s] -- Up-to-date: /home/quangsang/ego_ws/install/pcl_msgs/include/pcl_msgs/pcl_msgs/msg/detail
[0.320s] -- Up-to-date: /home/quangsang/ego_ws/install/pcl_msgs/include/pcl_msgs/pcl_msgs/msg/detail/vertices__rosidl_typesupport_fastrtps_cpp.hpp
[0.321s] -- Up-to-date: /home/quangsang/ego_ws/install/pcl_msgs/include/pcl_msgs/pcl_msgs/msg/detail/polygon_mesh__rosidl_typesupport_fastrtps_cpp.hpp
[0.322s] -- Up-to-date: /home/quangsang/ego_ws/install/pcl_msgs/include/pcl_msgs/pcl_msgs/msg/detail/model_coefficients__rosidl_typesupport_fastrtps_cpp.hpp
[0.322s] -- Up-to-date: /home/quangsang/ego_ws/install/pcl_msgs/include/pcl_msgs/pcl_msgs/msg/detail/dds_fastrtps
[0.322s] -- Up-to-date: /home/quangsang/ego_ws/install/pcl_msgs/include/pcl_msgs/pcl_msgs/msg/detail/point_indices__rosidl_typesupport_fastrtps_cpp.hpp
[0.322s] -- Up-to-date: /home/quangsang/ego_ws/install/pcl_msgs/include/pcl_msgs/pcl_msgs/msg/rosidl_typesupport_fastrtps_cpp__visibility_control.h
[0.322s] -- Up-to-date: /home/quangsang/ego_ws/install/pcl_msgs/include/pcl_msgs/pcl_msgs/srv
[0.322s] -- Up-to-date: /home/quangsang/ego_ws/install/pcl_msgs/include/pcl_msgs/pcl_msgs/srv/detail
[0.322s] -- Up-to-date: /home/quangsang/ego_ws/install/pcl_msgs/include/pcl_msgs/pcl_msgs/srv/detail/update_filename__rosidl_typesupport_fastrtps_cpp.hpp
[0.322s] -- Up-to-date: /home/quangsang/ego_ws/install/pcl_msgs/include/pcl_msgs/pcl_msgs/srv/detail/dds_fastrtps
[0.322s] -- Up-to-date: /home/quangsang/ego_ws/install/pcl_msgs/lib/libpcl_msgs__rosidl_typesupport_fastrtps_cpp.so
[0.322s] -- Up-to-date: /home/quangsang/ego_ws/install/pcl_msgs/include/pcl_msgs/pcl_msgs
[0.322s] -- Up-to-date: /home/quangsang/ego_ws/install/pcl_msgs/include/pcl_msgs/pcl_msgs/msg
[0.322s] -- Up-to-date: /home/quangsang/ego_ws/install/pcl_msgs/include/pcl_msgs/pcl_msgs/msg/detail
[0.322s] -- Up-to-date: /home/quangsang/ego_ws/install/pcl_msgs/include/pcl_msgs/pcl_msgs/msg/detail/vertices__rosidl_typesupport_introspection_cpp.hpp
[0.322s] -- Up-to-date: /home/quangsang/ego_ws/install/pcl_msgs/include/pcl_msgs/pcl_msgs/msg/detail/vertices__type_support.cpp
[0.322s] -- Up-to-date: /home/quangsang/ego_ws/install/pcl_msgs/include/pcl_msgs/pcl_msgs/msg/detail/point_indices__rosidl_typesupport_introspection_cpp.hpp
[0.322s] -- Up-to-date: /home/quangsang/ego_ws/install/pcl_msgs/include/pcl_msgs/pcl_msgs/msg/detail/polygon_mesh__type_support.cpp
[0.322s] -- Up-to-date: /home/quangsang/ego_ws/install/pcl_msgs/include/pcl_msgs/pcl_msgs/msg/detail/model_coefficients__type_support.cpp
[0.322s] -- Up-to-date: /home/quangsang/ego_ws/install/pcl_msgs/include/pcl_msgs/pcl_msgs/msg/detail/model_coefficients__rosidl_typesupport_introspection_cpp.hpp
[0.322s] -- Up-to-date: /home/quangsang/ego_ws/install/pcl_msgs/include/pcl_msgs/pcl_msgs/msg/detail/point_indices__type_support.cpp
[0.322s] -- Up-to-date: /home/quangsang/ego_ws/install/pcl_msgs/include/pcl_msgs/pcl_msgs/msg/detail/polygon_mesh__rosidl_typesupport_introspection_cpp.hpp
[0.322s] -- Up-to-date: /home/quangsang/ego_ws/install/pcl_msgs/include/pcl_msgs/pcl_msgs/srv
[0.322s] -- Up-to-date: /home/quangsang/ego_ws/install/pcl_msgs/include/pcl_msgs/pcl_msgs/srv/detail
[0.322s] -- Up-to-date: /home/quangsang/ego_ws/install/pcl_msgs/include/pcl_msgs/pcl_msgs/srv/detail/update_filename__type_support.cpp
[0.322s] -- Up-to-date: /home/quangsang/ego_ws/install/pcl_msgs/include/pcl_msgs/pcl_msgs/srv/detail/update_filename__rosidl_typesupport_introspection_cpp.hpp
[0.322s] -- Up-to-date: /home/quangsang/ego_ws/install/pcl_msgs/lib/libpcl_msgs__rosidl_typesupport_introspection_cpp.so
[0.322s] -- Up-to-date: /home/quangsang/ego_ws/install/pcl_msgs/lib/libpcl_msgs__rosidl_typesupport_cpp.so
[0.323s] -- Up-to-date: /home/quangsang/ego_ws/install/pcl_msgs/share/pcl_msgs/environment/pythonpath.sh
[0.323s] -- Up-to-date: /home/quangsang/ego_ws/install/pcl_msgs/share/pcl_msgs/environment/pythonpath.dsv
[0.323s] -- Up-to-date: /home/quangsang/ego_ws/install/pcl_msgs/local/lib/python3.10/dist-packages/pcl_msgs-1.0.0-py3.10.egg-info
[0.323s] -- Installing: /home/quangsang/ego_ws/install/pcl_msgs/local/lib/python3.10/dist-packages/pcl_msgs-1.0.0-py3.10.egg-info/SOURCES.txt
[0.323s] -- Installing: /home/quangsang/ego_ws/install/pcl_msgs/local/lib/python3.10/dist-packages/pcl_msgs-1.0.0-py3.10.egg-info/dependency_links.txt
[0.323s] -- Installing: /home/quangsang/ego_ws/install/pcl_msgs/local/lib/python3.10/dist-packages/pcl_msgs-1.0.0-py3.10.egg-info/PKG-INFO
[0.323s] -- Installing: /home/quangsang/ego_ws/install/pcl_msgs/local/lib/python3.10/dist-packages/pcl_msgs-1.0.0-py3.10.egg-info/top_level.txt
[0.323s] -- Up-to-date: /home/quangsang/ego_ws/install/pcl_msgs/local/lib/python3.10/dist-packages/pcl_msgs
[0.323s] -- Up-to-date: /home/quangsang/ego_ws/install/pcl_msgs/local/lib/python3.10/dist-packages/pcl_msgs/pcl_msgs_s__rosidl_typesupport_introspection_c.cpython-310-x86_64-linux-gnu.so
[0.323s] -- Up-to-date: /home/quangsang/ego_ws/install/pcl_msgs/local/lib/python3.10/dist-packages/pcl_msgs/_pcl_msgs_s.ep.rosidl_typesupport_fastrtps_c.c
[0.323s] -- Up-to-date: /home/quangsang/ego_ws/install/pcl_msgs/local/lib/python3.10/dist-packages/pcl_msgs/_pcl_msgs_s.ep.rosidl_typesupport_introspection_c.c
[0.323s] -- Up-to-date: /home/quangsang/ego_ws/install/pcl_msgs/local/lib/python3.10/dist-packages/pcl_msgs/msg
[0.323s] -- Up-to-date: /home/quangsang/ego_ws/install/pcl_msgs/local/lib/python3.10/dist-packages/pcl_msgs/msg/_model_coefficients.py
[0.323s] -- Up-to-date: /home/quangsang/ego_ws/install/pcl_msgs/local/lib/python3.10/dist-packages/pcl_msgs/msg/_vertices_s.c
[0.323s] -- Up-to-date: /home/quangsang/ego_ws/install/pcl_msgs/local/lib/python3.10/dist-packages/pcl_msgs/msg/_vertices.py
[0.323s] -- Up-to-date: /home/quangsang/ego_ws/install/pcl_msgs/local/lib/python3.10/dist-packages/pcl_msgs/msg/_point_indices.py
[0.323s] -- Up-to-date: /home/quangsang/ego_ws/install/pcl_msgs/local/lib/python3.10/dist-packages/pcl_msgs/msg/_model_coefficients_s.c
[0.323s] -- Up-to-date: /home/quangsang/ego_ws/install/pcl_msgs/local/lib/python3.10/dist-packages/pcl_msgs/msg/__init__.py
[0.323s] -- Up-to-date: /home/quangsang/ego_ws/install/pcl_msgs/local/lib/python3.10/dist-packages/pcl_msgs/msg/_polygon_mesh.py
[0.323s] -- Up-to-date: /home/quangsang/ego_ws/install/pcl_msgs/local/lib/python3.10/dist-packages/pcl_msgs/msg/_point_indices_s.c
[0.323s] -- Up-to-date: /home/quangsang/ego_ws/install/pcl_msgs/local/lib/python3.10/dist-packages/pcl_msgs/msg/_polygon_mesh_s.c
[0.323s] -- Up-to-date: /home/quangsang/ego_ws/install/pcl_msgs/local/lib/python3.10/dist-packages/pcl_msgs/libpcl_msgs__rosidl_generator_py.so
[0.323s] -- Up-to-date: /home/quangsang/ego_ws/install/pcl_msgs/local/lib/python3.10/dist-packages/pcl_msgs/srv
[0.323s] -- Up-to-date: /home/quangsang/ego_ws/install/pcl_msgs/local/lib/python3.10/dist-packages/pcl_msgs/srv/_update_filename.py
[0.323s] -- Up-to-date: /home/quangsang/ego_ws/install/pcl_msgs/local/lib/python3.10/dist-packages/pcl_msgs/srv/_update_filename_s.c
[0.323s] -- Up-to-date: /home/quangsang/ego_ws/install/pcl_msgs/local/lib/python3.10/dist-packages/pcl_msgs/srv/__init__.py
[0.323s] -- Up-to-date: /home/quangsang/ego_ws/install/pcl_msgs/local/lib/python3.10/dist-packages/pcl_msgs/__init__.py
[0.323s] -- Up-to-date: /home/quangsang/ego_ws/install/pcl_msgs/local/lib/python3.10/dist-packages/pcl_msgs/pcl_msgs_s__rosidl_typesupport_fastrtps_c.cpython-310-x86_64-linux-gnu.so
[0.323s] -- Up-to-date: /home/quangsang/ego_ws/install/pcl_msgs/local/lib/python3.10/dist-packages/pcl_msgs/pcl_msgs_s__rosidl_typesupport_c.cpython-310-x86_64-linux-gnu.so
[0.323s] -- Up-to-date: /home/quangsang/ego_ws/install/pcl_msgs/local/lib/python3.10/dist-packages/pcl_msgs/_pcl_msgs_s.ep.rosidl_typesupport_c.c
[0.344s] Listing '/home/quangsang/ego_ws/install/pcl_msgs/local/lib/python3.10/dist-packages/pcl_msgs'...
[0.344s] Listing '/home/quangsang/ego_ws/install/pcl_msgs/local/lib/python3.10/dist-packages/pcl_msgs/msg'...
[0.344s] Listing '/home/quangsang/ego_ws/install/pcl_msgs/local/lib/python3.10/dist-packages/pcl_msgs/srv'...
[0.345s] -- Up-to-date: /home/quangsang/ego_ws/install/pcl_msgs/local/lib/python3.10/dist-packages/pcl_msgs/pcl_msgs_s__rosidl_typesupport_fastrtps_c.cpython-310-x86_64-linux-gnu.so
[0.345s] -- Up-to-date: /home/quangsang/ego_ws/install/pcl_msgs/local/lib/python3.10/dist-packages/pcl_msgs/pcl_msgs_s__rosidl_typesupport_introspection_c.cpython-310-x86_64-linux-gnu.so
[0.345s] -- Up-to-date: /home/quangsang/ego_ws/install/pcl_msgs/local/lib/python3.10/dist-packages/pcl_msgs/pcl_msgs_s__rosidl_typesupport_c.cpython-310-x86_64-linux-gnu.so
[0.345s] -- Up-to-date: /home/quangsang/ego_ws/install/pcl_msgs/lib/libpcl_msgs__rosidl_generator_py.so
[0.345s] -- Up-to-date: /home/quangsang/ego_ws/install/pcl_msgs/share/pcl_msgs/msg/ModelCoefficients.idl
[0.345s] -- Up-to-date: /home/quangsang/ego_ws/install/pcl_msgs/share/pcl_msgs/msg/PointIndices.idl
[0.346s] -- Up-to-date: /home/quangsang/ego_ws/install/pcl_msgs/share/pcl_msgs/msg/PolygonMesh.idl
[0.346s] -- Up-to-date: /home/quangsang/ego_ws/install/pcl_msgs/share/pcl_msgs/msg/Vertices.idl
[0.346s] -- Up-to-date: /home/quangsang/ego_ws/install/pcl_msgs/share/pcl_msgs/srv/UpdateFilename.idl
[0.346s] -- Up-to-date: /home/quangsang/ego_ws/install/pcl_msgs/share/pcl_msgs/msg/ModelCoefficients.msg
[0.346s] -- Up-to-date: /home/quangsang/ego_ws/install/pcl_msgs/share/pcl_msgs/msg/PointIndices.msg
[0.346s] -- Up-to-date: /home/quangsang/ego_ws/install/pcl_msgs/share/pcl_msgs/msg/PolygonMesh.msg
[0.346s] -- Up-to-date: /home/quangsang/ego_ws/install/pcl_msgs/share/pcl_msgs/msg/Vertices.msg
[0.346s] -- Up-to-date: /home/quangsang/ego_ws/install/pcl_msgs/share/pcl_msgs/srv/UpdateFilename.srv
[0.346s] -- Up-to-date: /home/quangsang/ego_ws/install/pcl_msgs/share/pcl_msgs/srv/UpdateFilename_Request.msg
[0.346s] -- Up-to-date: /home/quangsang/ego_ws/install/pcl_msgs/share/pcl_msgs/srv/UpdateFilename_Response.msg
[0.346s] -- Up-to-date: /home/quangsang/ego_ws/install/pcl_msgs/share/ament_index/resource_index/package_run_dependencies/pcl_msgs
[0.346s] -- Up-to-date: /home/quangsang/ego_ws/install/pcl_msgs/share/ament_index/resource_index/parent_prefix_path/pcl_msgs
[0.346s] -- Up-to-date: /home/quangsang/ego_ws/install/pcl_msgs/share/pcl_msgs/environment/ament_prefix_path.sh
[0.346s] -- Up-to-date: /home/quangsang/ego_ws/install/pcl_msgs/share/pcl_msgs/environment/ament_prefix_path.dsv
[0.346s] -- Up-to-date: /home/quangsang/ego_ws/install/pcl_msgs/share/pcl_msgs/environment/path.sh
[0.347s] -- Up-to-date: /home/quangsang/ego_ws/install/pcl_msgs/share/pcl_msgs/environment/path.dsv
[0.347s] -- Up-to-date: /home/quangsang/ego_ws/install/pcl_msgs/share/pcl_msgs/local_setup.bash
[0.347s] -- Up-to-date: /home/quangsang/ego_ws/install/pcl_msgs/share/pcl_msgs/local_setup.sh
[0.347s] -- Up-to-date: /home/quangsang/ego_ws/install/pcl_msgs/share/pcl_msgs/local_setup.zsh
[0.347s] -- Up-to-date: /home/quangsang/ego_ws/install/pcl_msgs/share/pcl_msgs/local_setup.dsv
[0.347s] -- Installing: /home/quangsang/ego_ws/install/pcl_msgs/share/pcl_msgs/package.dsv
[0.347s] -- Up-to-date: /home/quangsang/ego_ws/install/pcl_msgs/share/ament_index/resource_index/packages/pcl_msgs
[0.347s] -- Up-to-date: /home/quangsang/ego_ws/install/pcl_msgs/share/pcl_msgs/cmake/export_pcl_msgs__rosidl_generator_cExport.cmake
[0.347s] -- Up-to-date: /home/quangsang/ego_ws/install/pcl_msgs/share/pcl_msgs/cmake/export_pcl_msgs__rosidl_generator_cExport-noconfig.cmake
[0.347s] -- Up-to-date: /home/quangsang/ego_ws/install/pcl_msgs/share/pcl_msgs/cmake/export_pcl_msgs__rosidl_typesupport_fastrtps_cExport.cmake
[0.347s] -- Up-to-date: /home/quangsang/ego_ws/install/pcl_msgs/share/pcl_msgs/cmake/export_pcl_msgs__rosidl_typesupport_fastrtps_cExport-noconfig.cmake
[0.347s] -- Up-to-date: /home/quangsang/ego_ws/install/pcl_msgs/share/pcl_msgs/cmake/pcl_msgs__rosidl_typesupport_introspection_cExport.cmake
[0.347s] -- Up-to-date: /home/quangsang/ego_ws/install/pcl_msgs/share/pcl_msgs/cmake/pcl_msgs__rosidl_typesupport_introspection_cExport-noconfig.cmake
[0.347s] -- Up-to-date: /home/quangsang/ego_ws/install/pcl_msgs/share/pcl_msgs/cmake/pcl_msgs__rosidl_typesupport_cExport.cmake
[0.347s] -- Up-to-date: /home/quangsang/ego_ws/install/pcl_msgs/share/pcl_msgs/cmake/pcl_msgs__rosidl_typesupport_cExport-noconfig.cmake
[0.347s] -- Up-to-date: /home/quangsang/ego_ws/install/pcl_msgs/share/pcl_msgs/cmake/export_pcl_msgs__rosidl_generator_cppExport.cmake
[0.347s] -- Up-to-date: /home/quangsang/ego_ws/install/pcl_msgs/share/pcl_msgs/cmake/export_pcl_msgs__rosidl_typesupport_fastrtps_cppExport.cmake
[0.347s] -- Up-to-date: /home/quangsang/ego_ws/install/pcl_msgs/share/pcl_msgs/cmake/export_pcl_msgs__rosidl_typesupport_fastrtps_cppExport-noconfig.cmake
[0.348s] -- Up-to-date: /home/quangsang/ego_ws/install/pcl_msgs/share/pcl_msgs/cmake/pcl_msgs__rosidl_typesupport_introspection_cppExport.cmake
[0.348s] -- Up-to-date: /home/quangsang/ego_ws/install/pcl_msgs/share/pcl_msgs/cmake/pcl_msgs__rosidl_typesupport_introspection_cppExport-noconfig.cmake
[0.348s] -- Up-to-date: /home/quangsang/ego_ws/install/pcl_msgs/share/pcl_msgs/cmake/pcl_msgs__rosidl_typesupport_cppExport.cmake
[0.348s] -- Up-to-date: /home/quangsang/ego_ws/install/pcl_msgs/share/pcl_msgs/cmake/pcl_msgs__rosidl_typesupport_cppExport-noconfig.cmake
[0.348s] -- Up-to-date: /home/quangsang/ego_ws/install/pcl_msgs/share/pcl_msgs/cmake/export_pcl_msgs__rosidl_generator_pyExport.cmake
[0.348s] -- Up-to-date: /home/quangsang/ego_ws/install/pcl_msgs/share/pcl_msgs/cmake/export_pcl_msgs__rosidl_generator_pyExport-noconfig.cmake
[0.348s] -- Up-to-date: /home/quangsang/ego_ws/install/pcl_msgs/share/pcl_msgs/cmake/rosidl_cmake-extras.cmake
[0.348s] -- Up-to-date: /home/quangsang/ego_ws/install/pcl_msgs/share/pcl_msgs/cmake/ament_cmake_export_dependencies-extras.cmake
[0.348s] -- Up-to-date: /home/quangsang/ego_ws/install/pcl_msgs/share/pcl_msgs/cmake/ament_cmake_export_include_directories-extras.cmake
[0.348s] -- Up-to-date: /home/quangsang/ego_ws/install/pcl_msgs/share/pcl_msgs/cmake/ament_cmake_export_libraries-extras.cmake
[0.348s] -- Up-to-date: /home/quangsang/ego_ws/install/pcl_msgs/share/pcl_msgs/cmake/ament_cmake_export_targets-extras.cmake
[0.348s] -- Up-to-date: /home/quangsang/ego_ws/install/pcl_msgs/share/pcl_msgs/cmake/rosidl_cmake_export_typesupport_targets-extras.cmake
[0.348s] -- Up-to-date: /home/quangsang/ego_ws/install/pcl_msgs/share/pcl_msgs/cmake/rosidl_cmake_export_typesupport_libraries-extras.cmake
[0.348s] -- Up-to-date: /home/quangsang/ego_ws/install/pcl_msgs/share/pcl_msgs/cmake/pcl_msgsConfig.cmake
[0.348s] -- Up-to-date: /home/quangsang/ego_ws/install/pcl_msgs/share/pcl_msgs/cmake/pcl_msgsConfig-version.cmake
[0.348s] -- Up-to-date: /home/quangsang/ego_ws/install/pcl_msgs/share/pcl_msgs/package.xml
[0.349s] Invoked command in '/home/quangsang/ego_ws/build/pcl_msgs' returned '0': CMAKE_PREFIX_PATH=${CMAKE_PREFIX_PATH}:/home/quangsang/ros2_ws/install/gz_openvins_bridge:/home/quangsang/ros2_ws/install/obstacle_publisher:/opt/ros/humble /usr/bin/cmake --install /home/quangsang/ego_ws/build/pcl_msgs
