[ 33%] [32mBuilding CXX object CMakeFiles/drone_detect.dir/src/drone_detector.cpp.o[0m
In file included from [01m[K/home/quangsang/ego_ws/src/ego-planner-swarm/src/planner/drone_detect/src/drone_detector.cpp:1[m[K:
[01m[K/home/quangsang/ego_ws/src/ego-planner-swarm/src/planner/drone_detect/include/drone_detect/drone_detector.h:69:69:[m[K [01;35m[Kwarning: [m[K‘[01m[Ksensor_msgs::msg::Image_<std::allocator<void> >::ConstPtr[m[K’ is deprecated [[01;35m[K-Wdeprecated-declarations[m[K]
   69 | seStamped::ConstPtr &camera_pose[01;35m[K)[m[K;
      |                                 [01;35m[K^[m[K

In file included from [01m[K/opt/ros/humble/include/sensor_msgs/sensor_msgs/msg/image.hpp:7[m[K,
                 from [01m[K/opt/ros/humble/include/cv_bridge/cv_bridge/cv_bridge.h:40[m[K,
                 from [01m[K/home/quangsang/ego_ws/src/ego-planner-swarm/src/planner/drone_detect/include/drone_detect/drone_detector.h:26[m[K,
                 from [01m[K/home/quangsang/ego_ws/src/ego-planner-swarm/src/planner/drone_detect/src/drone_detector.cpp:1[m[K:
[01m[K/opt/ros/humble/include/sensor_msgs/sensor_msgs/msg/detail/image__struct.hpp:173:5:[m[K [01;36m[Knote: [m[Kdeclared here
  173 |     [01;36m[KConstPtr[m[K;
      |     [01;36m[K^~~~~~~~[m[K
In file included from [01m[K/home/quangsang/ego_ws/src/ego-planner-swarm/src/planner/drone_detect/src/drone_detector.cpp:1[m[K:
[01m[K/home/quangsang/ego_ws/src/ego-planner-swarm/src/planner/drone_detect/include/drone_detect/drone_detector.h:69:69:[m[K [01;35m[Kwarning: [m[K‘[01m[Ksensor_msgs::msg::Image_<std::allocator<void> >::ConstPtr[m[K’ is deprecated [[01;35m[K-Wdeprecated-declarations[m[K]
   69 | seStamped::ConstPtr &camera_pose[01;35m[K)[m[K;
      |                                 [01;35m[K^[m[K

In file included from [01m[K/opt/ros/humble/include/sensor_msgs/sensor_msgs/msg/image.hpp:7[m[K,
                 from [01m[K/opt/ros/humble/include/cv_bridge/cv_bridge/cv_bridge.h:40[m[K,
                 from [01m[K/home/quangsang/ego_ws/src/ego-planner-swarm/src/planner/drone_detect/include/drone_detect/drone_detector.h:26[m[K,
                 from [01m[K/home/quangsang/ego_ws/src/ego-planner-swarm/src/planner/drone_detect/src/drone_detector.cpp:1[m[K:
[01m[K/opt/ros/humble/include/sensor_msgs/sensor_msgs/msg/detail/image__struct.hpp:173:5:[m[K [01;36m[Knote: [m[Kdeclared here
  173 |     [01;36m[KConstPtr[m[K;
      |     [01;36m[K^~~~~~~~[m[K
In file included from [01m[K/home/quangsang/ego_ws/src/ego-planner-swarm/src/planner/drone_detect/src/drone_detector.cpp:1[m[K:
[01m[K/home/quangsang/ego_ws/src/ego-planner-swarm/src/planner/drone_detect/include/drone_detect/drone_detector.h:69:69:[m[K [01;35m[Kwarning: [m[K‘[01m[Kgeometry_msgs::msg::PoseStamped_<std::allocator<void> >::ConstPtr[m[K’ is deprecated [[01;35m[K-Wdeprecated-declarations[m[K]
   69 | seStamped::ConstPtr &camera_pose[01;35m[K)[m[K;
      |                                 [01;35m[K^[m[K

In file included from [01m[K/opt/ros/humble/include/geometry_msgs/geometry_msgs/msg/pose_stamped.hpp:7[m[K,
                 from [01m[K/home/quangsang/ego_ws/src/ego-planner-swarm/src/planner/drone_detect/include/drone_detect/drone_detector.h:10[m[K,
                 from [01m[K/home/quangsang/ego_ws/src/ego-planner-swarm/src/planner/drone_detect/src/drone_detector.cpp:1[m[K:
[01m[K/opt/ros/humble/include/geometry_msgs/geometry_msgs/msg/detail/pose_stamped__struct.hpp:115:5:[m[K [01;36m[Knote: [m[Kdeclared here
  115 |     [01;36m[KConstPtr[m[K;
      |     [01;36m[K^~~~~~~~[m[K
In file included from [01m[K/home/quangsang/ego_ws/src/ego-planner-swarm/src/planner/drone_detect/src/drone_detector.cpp:1[m[K:
[01m[K/home/quangsang/ego_ws/src/ego-planner-swarm/src/planner/drone_detect/include/drone_detect/drone_detector.h:73:75:[m[K [01;35m[Kwarning: [m[K‘[01m[Ksensor_msgs::msg::Image_<std::allocator<void> >::ConstPtr[m[K’ is deprecated [[01;35m[K-Wdeprecated-declarations[m[K]
   73 | ped::ConstSharedPtr &camera_pose[01;35m[K)[m[K;
      |                                 [01;35m[K^[m[K

In file included from [01m[K/opt/ros/humble/include/sensor_msgs/sensor_msgs/msg/image.hpp:7[m[K,
                 from [01m[K/opt/ros/humble/include/cv_bridge/cv_bridge/cv_bridge.h:40[m[K,
                 from [01m[K/home/quangsang/ego_ws/src/ego-planner-swarm/src/planner/drone_detect/include/drone_detect/drone_detector.h:26[m[K,
                 from [01m[K/home/quangsang/ego_ws/src/ego-planner-swarm/src/planner/drone_detect/src/drone_detector.cpp:1[m[K:
[01m[K/opt/ros/humble/include/sensor_msgs/sensor_msgs/msg/detail/image__struct.hpp:173:5:[m[K [01;36m[Knote: [m[Kdeclared here
  173 |     [01;36m[KConstPtr[m[K;
      |     [01;36m[K^~~~~~~~[m[K
In file included from [01m[K/home/quangsang/ego_ws/src/ego-planner-swarm/src/planner/drone_detect/src/drone_detector.cpp:1[m[K:
[01m[K/home/quangsang/ego_ws/src/ego-planner-swarm/src/planner/drone_detect/include/drone_detect/drone_detector.h:76:80:[m[K [01;35m[Kwarning: [m[K‘[01m[Ksensor_msgs::msg::Image_<std::allocator<void> >::ConstPtr[m[K’ is deprecated [[01;35m[K-Wdeprecated-declarations[m[K]
   76 | :msg::Image::ConstPtr &depth_img[01;35m[K)[m[K;
      |                                 [01;35m[K^[m[K

In file included from [01m[K/opt/ros/humble/include/sensor_msgs/sensor_msgs/msg/image.hpp:7[m[K,
                 from [01m[K/opt/ros/humble/include/cv_bridge/cv_bridge/cv_bridge.h:40[m[K,
                 from [01m[K/home/quangsang/ego_ws/src/ego-planner-swarm/src/planner/drone_detect/include/drone_detect/drone_detector.h:26[m[K,
                 from [01m[K/home/quangsang/ego_ws/src/ego-planner-swarm/src/planner/drone_detect/src/drone_detector.cpp:1[m[K:
[01m[K/opt/ros/humble/include/sensor_msgs/sensor_msgs/msg/detail/image__struct.hpp:173:5:[m[K [01;36m[Knote: [m[Kdeclared here
  173 |     [01;36m[KConstPtr[m[K;
      |     [01;36m[K^~~~~~~~[m[K
[01m[K/home/quangsang/ego_ws/src/ego-planner-swarm/src/planner/drone_detect/src/drone_detector.cpp:190:93:[m[K [01;35m[Kwarning: [m[K‘[01m[Ksensor_msgs::msg::Image_<std::allocator<void> >::ConstPtr[m[K’ is deprecated [[01;35m[K-Wdeprecated-declarations[m[K]
  190 | :msg::Image::ConstPtr &depth_img[01;35m[K)[m[K
      |                                 [01;35m[K^[m[K

In file included from [01m[K/opt/ros/humble/include/sensor_msgs/sensor_msgs/msg/image.hpp:7[m[K,
                 from [01m[K/opt/ros/humble/include/cv_bridge/cv_bridge/cv_bridge.h:40[m[K,
                 from [01m[K/home/quangsang/ego_ws/src/ego-planner-swarm/src/planner/drone_detect/include/drone_detect/drone_detector.h:26[m[K,
                 from [01m[K/home/quangsang/ego_ws/src/ego-planner-swarm/src/planner/drone_detect/src/drone_detector.cpp:1[m[K:
[01m[K/opt/ros/humble/include/sensor_msgs/sensor_msgs/msg/detail/image__struct.hpp:173:5:[m[K [01;36m[Knote: [m[Kdeclared here
  173 |     [01;36m[KConstPtr[m[K;
      |     [01;36m[K^~~~~~~~[m[K
[ 66%] [32m[1mLinking CXX executable drone_detect[0m
/usr/bin/ld: warning: libopencv_imgcodecs.so.4.5d, needed by /opt/ros/humble/lib/libcv_bridge.so, may conflict with libopencv_imgcodecs.so.413
/usr/bin/ld: warning: libopencv_imgproc.so.4.5d, needed by /opt/ros/humble/lib/libcv_bridge.so, may conflict with libopencv_imgproc.so.413
/usr/bin/ld: warning: libopencv_core.so.4.5d, needed by /opt/ros/humble/lib/libcv_bridge.so, may conflict with libopencv_core.so.413
[100%] Built target drone_detect
-- Install configuration: "Release"
-- Installing: /home/quangsang/ego_ws/install/drone_detect/lib/drone_detect/drone_detect
-- Set runtime path of "/home/quangsang/ego_ws/install/drone_detect/lib/drone_detect/drone_detect" to ""
-- Up-to-date: /home/quangsang/ego_ws/install/drone_detect/include/drone_detect
-- Up-to-date: /home/quangsang/ego_ws/install/drone_detect/include/drone_detect/drone_detector.h
-- Up-to-date: /home/quangsang/ego_ws/install/drone_detect/share/drone_detect/doc
-- Up-to-date: /home/quangsang/ego_ws/install/drone_detect/share/drone_detect/doc/demo.jpg
-- Up-to-date: /home/quangsang/ego_ws/install/drone_detect/share/drone_detect/doc/example.jpg
-- Up-to-date: /home/quangsang/ego_ws/install/drone_detect/share/drone_detect/launch
-- Up-to-date: /home/quangsang/ego_ws/install/drone_detect/share/drone_detect/launch/ros_package_template_overlying_params.launch.py
-- Up-to-date: /home/quangsang/ego_ws/install/drone_detect/share/drone_detect/launch/drone_detect.launch.py
-- Up-to-date: /home/quangsang/ego_ws/install/drone_detect/share/drone_detect/config
-- Up-to-date: /home/quangsang/ego_ws/install/drone_detect/share/drone_detect/config/camera.yaml
-- Up-to-date: /home/quangsang/ego_ws/install/drone_detect/share/drone_detect/config/default.yaml
-- Up-to-date: /home/quangsang/ego_ws/install/drone_detect/share/ament_index/resource_index/package_run_dependencies/drone_detect
-- Up-to-date: /home/quangsang/ego_ws/install/drone_detect/share/ament_index/resource_index/parent_prefix_path/drone_detect
-- Up-to-date: /home/quangsang/ego_ws/install/drone_detect/share/drone_detect/environment/ament_prefix_path.sh
-- Up-to-date: /home/quangsang/ego_ws/install/drone_detect/share/drone_detect/environment/ament_prefix_path.dsv
-- Up-to-date: /home/quangsang/ego_ws/install/drone_detect/share/drone_detect/environment/path.sh
-- Up-to-date: /home/quangsang/ego_ws/install/drone_detect/share/drone_detect/environment/path.dsv
-- Up-to-date: /home/quangsang/ego_ws/install/drone_detect/share/drone_detect/local_setup.bash
-- Up-to-date: /home/quangsang/ego_ws/install/drone_detect/share/drone_detect/local_setup.sh
-- Up-to-date: /home/quangsang/ego_ws/install/drone_detect/share/drone_detect/local_setup.zsh
-- Up-to-date: /home/quangsang/ego_ws/install/drone_detect/share/drone_detect/local_setup.dsv
-- Installing: /home/quangsang/ego_ws/install/drone_detect/share/drone_detect/package.dsv
-- Up-to-date: /home/quangsang/ego_ws/install/drone_detect/share/ament_index/resource_index/packages/drone_detect
-- Up-to-date: /home/quangsang/ego_ws/install/drone_detect/share/drone_detect/cmake/drone_detectConfig.cmake
-- Up-to-date: /home/quangsang/ego_ws/install/drone_detect/share/drone_detect/cmake/drone_detectConfig-version.cmake
-- Up-to-date: /home/quangsang/ego_ws/install/drone_detect/share/drone_detect/package.xml
