[0.017s] Invoking command in '/home/quangsang/ego_ws/build/drone_detect': CMAKE_PREFIX_PATH=${CMAKE_PREFIX_PATH}:/home/quangsang/ros2_ws/install/gz_openvins_bridge:/home/quangsang/ros2_ws/install/obstacle_publisher:/opt/ros/humble /usr/bin/cmake --build /home/quangsang/ego_ws/build/drone_detect -- -j20 -l20
[0.066s] [ 33%] [32mBuilding CXX object CMakeFiles/drone_detect.dir/src/drone_detector.cpp.o[0m
[2.699s] In file included from [01m[K/home/quangsang/ego_ws/src/ego-planner-swarm/src/planner/drone_detect/src/drone_detector.cpp:1[m[K:
[2.699s] [01m[K/home/quangsang/ego_ws/src/ego-planner-swarm/src/planner/drone_detect/include/drone_detect/drone_detector.h:69:69:[m[K [01;35m[Kwarning: [m[K‘[01m[Ksensor_msgs::msg::Image_<std::allocator<void> >::ConstPtr[m[K’ is deprecated [[01;35m[K-Wdeprecated-declarations[m[K]
[2.699s]    69 | seStamped::ConstPtr &camera_pose[01;35m[K)[m[K;
[2.699s]       |                                 [01;35m[K^[m[K
[2.699s] 
[2.699s] In file included from [01m[K/opt/ros/humble/include/sensor_msgs/sensor_msgs/msg/image.hpp:7[m[K,
[2.699s]                  from [01m[K/opt/ros/humble/include/cv_bridge/cv_bridge/cv_bridge.h:40[m[K,
[2.699s]                  from [01m[K/home/quangsang/ego_ws/src/ego-planner-swarm/src/planner/drone_detect/include/drone_detect/drone_detector.h:26[m[K,
[2.700s]                  from [01m[K/home/quangsang/ego_ws/src/ego-planner-swarm/src/planner/drone_detect/src/drone_detector.cpp:1[m[K:
[2.700s] [01m[K/opt/ros/humble/include/sensor_msgs/sensor_msgs/msg/detail/image__struct.hpp:173:5:[m[K [01;36m[Knote: [m[Kdeclared here
[2.700s]   173 |     [01;36m[KConstPtr[m[K;
[2.700s]       |     [01;36m[K^~~~~~~~[m[K
[2.700s] In file included from [01m[K/home/quangsang/ego_ws/src/ego-planner-swarm/src/planner/drone_detect/src/drone_detector.cpp:1[m[K:
[2.700s] [01m[K/home/quangsang/ego_ws/src/ego-planner-swarm/src/planner/drone_detect/include/drone_detect/drone_detector.h:69:69:[m[K [01;35m[Kwarning: [m[K‘[01m[Ksensor_msgs::msg::Image_<std::allocator<void> >::ConstPtr[m[K’ is deprecated [[01;35m[K-Wdeprecated-declarations[m[K]
[2.700s]    69 | seStamped::ConstPtr &camera_pose[01;35m[K)[m[K;
[2.700s]       |                                 [01;35m[K^[m[K
[2.700s] 
[2.700s] In file included from [01m[K/opt/ros/humble/include/sensor_msgs/sensor_msgs/msg/image.hpp:7[m[K,
[2.700s]                  from [01m[K/opt/ros/humble/include/cv_bridge/cv_bridge/cv_bridge.h:40[m[K,
[2.700s]                  from [01m[K/home/quangsang/ego_ws/src/ego-planner-swarm/src/planner/drone_detect/include/drone_detect/drone_detector.h:26[m[K,
[2.700s]                  from [01m[K/home/quangsang/ego_ws/src/ego-planner-swarm/src/planner/drone_detect/src/drone_detector.cpp:1[m[K:
[2.700s] [01m[K/opt/ros/humble/include/sensor_msgs/sensor_msgs/msg/detail/image__struct.hpp:173:5:[m[K [01;36m[Knote: [m[Kdeclared here
[2.700s]   173 |     [01;36m[KConstPtr[m[K;
[2.700s]       |     [01;36m[K^~~~~~~~[m[K
[2.700s] In file included from [01m[K/home/quangsang/ego_ws/src/ego-planner-swarm/src/planner/drone_detect/src/drone_detector.cpp:1[m[K:
[2.700s] [01m[K/home/quangsang/ego_ws/src/ego-planner-swarm/src/planner/drone_detect/include/drone_detect/drone_detector.h:69:69:[m[K [01;35m[Kwarning: [m[K‘[01m[Kgeometry_msgs::msg::PoseStamped_<std::allocator<void> >::ConstPtr[m[K’ is deprecated [[01;35m[K-Wdeprecated-declarations[m[K]
[2.700s]    69 | seStamped::ConstPtr &camera_pose[01;35m[K)[m[K;
[2.700s]       |                                 [01;35m[K^[m[K
[2.700s] 
[2.700s] In file included from [01m[K/opt/ros/humble/include/geometry_msgs/geometry_msgs/msg/pose_stamped.hpp:7[m[K,
[2.700s]                  from [01m[K/home/quangsang/ego_ws/src/ego-planner-swarm/src/planner/drone_detect/include/drone_detect/drone_detector.h:10[m[K,
[2.700s]                  from [01m[K/home/quangsang/ego_ws/src/ego-planner-swarm/src/planner/drone_detect/src/drone_detector.cpp:1[m[K:
[2.700s] [01m[K/opt/ros/humble/include/geometry_msgs/geometry_msgs/msg/detail/pose_stamped__struct.hpp:115:5:[m[K [01;36m[Knote: [m[Kdeclared here
[2.700s]   115 |     [01;36m[KConstPtr[m[K;
[2.700s]       |     [01;36m[K^~~~~~~~[m[K
[2.700s] In file included from [01m[K/home/quangsang/ego_ws/src/ego-planner-swarm/src/planner/drone_detect/src/drone_detector.cpp:1[m[K:
[2.700s] [01m[K/home/quangsang/ego_ws/src/ego-planner-swarm/src/planner/drone_detect/include/drone_detect/drone_detector.h:73:75:[m[K [01;35m[Kwarning: [m[K‘[01m[Ksensor_msgs::msg::Image_<std::allocator<void> >::ConstPtr[m[K’ is deprecated [[01;35m[K-Wdeprecated-declarations[m[K]
[2.700s]    73 | ped::ConstSharedPtr &camera_pose[01;35m[K)[m[K;
[2.700s]       |                                 [01;35m[K^[m[K
[2.700s] 
[2.700s] In file included from [01m[K/opt/ros/humble/include/sensor_msgs/sensor_msgs/msg/image.hpp:7[m[K,
[2.700s]                  from [01m[K/opt/ros/humble/include/cv_bridge/cv_bridge/cv_bridge.h:40[m[K,
[2.700s]                  from [01m[K/home/quangsang/ego_ws/src/ego-planner-swarm/src/planner/drone_detect/include/drone_detect/drone_detector.h:26[m[K,
[2.700s]                  from [01m[K/home/quangsang/ego_ws/src/ego-planner-swarm/src/planner/drone_detect/src/drone_detector.cpp:1[m[K:
[2.700s] [01m[K/opt/ros/humble/include/sensor_msgs/sensor_msgs/msg/detail/image__struct.hpp:173:5:[m[K [01;36m[Knote: [m[Kdeclared here
[2.700s]   173 |     [01;36m[KConstPtr[m[K;
[2.701s]       |     [01;36m[K^~~~~~~~[m[K
[2.701s] In file included from [01m[K/home/quangsang/ego_ws/src/ego-planner-swarm/src/planner/drone_detect/src/drone_detector.cpp:1[m[K:
[2.701s] [01m[K/home/quangsang/ego_ws/src/ego-planner-swarm/src/planner/drone_detect/include/drone_detect/drone_detector.h:76:80:[m[K [01;35m[Kwarning: [m[K‘[01m[Ksensor_msgs::msg::Image_<std::allocator<void> >::ConstPtr[m[K’ is deprecated [[01;35m[K-Wdeprecated-declarations[m[K]
[2.701s]    76 | :msg::Image::ConstPtr &depth_img[01;35m[K)[m[K;
[2.701s]       |                                 [01;35m[K^[m[K
[2.701s] 
[2.701s] In file included from [01m[K/opt/ros/humble/include/sensor_msgs/sensor_msgs/msg/image.hpp:7[m[K,
[2.701s]                  from [01m[K/opt/ros/humble/include/cv_bridge/cv_bridge/cv_bridge.h:40[m[K,
[2.701s]                  from [01m[K/home/quangsang/ego_ws/src/ego-planner-swarm/src/planner/drone_detect/include/drone_detect/drone_detector.h:26[m[K,
[2.701s]                  from [01m[K/home/quangsang/ego_ws/src/ego-planner-swarm/src/planner/drone_detect/src/drone_detector.cpp:1[m[K:
[2.701s] [01m[K/opt/ros/humble/include/sensor_msgs/sensor_msgs/msg/detail/image__struct.hpp:173:5:[m[K [01;36m[Knote: [m[Kdeclared here
[2.701s]   173 |     [01;36m[KConstPtr[m[K;
[2.701s]       |     [01;36m[K^~~~~~~~[m[K
[2.830s] [01m[K/home/quangsang/ego_ws/src/ego-planner-swarm/src/planner/drone_detect/src/drone_detector.cpp:190:93:[m[K [01;35m[Kwarning: [m[K‘[01m[Ksensor_msgs::msg::Image_<std::allocator<void> >::ConstPtr[m[K’ is deprecated [[01;35m[K-Wdeprecated-declarations[m[K]
[2.830s]   190 | :msg::Image::ConstPtr &depth_img[01;35m[K)[m[K
[2.830s]       |                                 [01;35m[K^[m[K
[2.830s] 
[2.830s] In file included from [01m[K/opt/ros/humble/include/sensor_msgs/sensor_msgs/msg/image.hpp:7[m[K,
[2.830s]                  from [01m[K/opt/ros/humble/include/cv_bridge/cv_bridge/cv_bridge.h:40[m[K,
[2.830s]                  from [01m[K/home/quangsang/ego_ws/src/ego-planner-swarm/src/planner/drone_detect/include/drone_detect/drone_detector.h:26[m[K,
[2.830s]                  from [01m[K/home/quangsang/ego_ws/src/ego-planner-swarm/src/planner/drone_detect/src/drone_detector.cpp:1[m[K:
[2.830s] [01m[K/opt/ros/humble/include/sensor_msgs/sensor_msgs/msg/detail/image__struct.hpp:173:5:[m[K [01;36m[Knote: [m[Kdeclared here
[2.830s]   173 |     [01;36m[KConstPtr[m[K;
[2.830s]       |     [01;36m[K^~~~~~~~[m[K
[16.812s] [ 66%] [32m[1mLinking CXX executable drone_detect[0m
[17.251s] /usr/bin/ld: warning: libopencv_imgcodecs.so.4.5d, needed by /opt/ros/humble/lib/libcv_bridge.so, may conflict with libopencv_imgcodecs.so.413
[17.251s] /usr/bin/ld: warning: libopencv_imgproc.so.4.5d, needed by /opt/ros/humble/lib/libcv_bridge.so, may conflict with libopencv_imgproc.so.413
[17.251s] /usr/bin/ld: warning: libopencv_core.so.4.5d, needed by /opt/ros/humble/lib/libcv_bridge.so, may conflict with libopencv_core.so.413
[17.258s] [100%] Built target drone_detect
[17.267s] Invoked command in '/home/quangsang/ego_ws/build/drone_detect' returned '0': CMAKE_PREFIX_PATH=${CMAKE_PREFIX_PATH}:/home/quangsang/ros2_ws/install/gz_openvins_bridge:/home/quangsang/ros2_ws/install/obstacle_publisher:/opt/ros/humble /usr/bin/cmake --build /home/quangsang/ego_ws/build/drone_detect -- -j20 -l20
[17.267s] Invoking command in '/home/quangsang/ego_ws/build/drone_detect': CMAKE_PREFIX_PATH=${CMAKE_PREFIX_PATH}:/home/quangsang/ros2_ws/install/gz_openvins_bridge:/home/quangsang/ros2_ws/install/obstacle_publisher:/opt/ros/humble /usr/bin/cmake --install /home/quangsang/ego_ws/build/drone_detect
[17.273s] -- Install configuration: "Release"
[17.273s] -- Installing: /home/quangsang/ego_ws/install/drone_detect/lib/drone_detect/drone_detect
[17.293s] -- Set runtime path of "/home/quangsang/ego_ws/install/drone_detect/lib/drone_detect/drone_detect" to ""
[17.293s] -- Up-to-date: /home/quangsang/ego_ws/install/drone_detect/include/drone_detect
[17.293s] -- Up-to-date: /home/quangsang/ego_ws/install/drone_detect/include/drone_detect/drone_detector.h
[17.293s] -- Up-to-date: /home/quangsang/ego_ws/install/drone_detect/share/drone_detect/doc
[17.293s] -- Up-to-date: /home/quangsang/ego_ws/install/drone_detect/share/drone_detect/doc/demo.jpg
[17.293s] -- Up-to-date: /home/quangsang/ego_ws/install/drone_detect/share/drone_detect/doc/example.jpg
[17.293s] -- Up-to-date: /home/quangsang/ego_ws/install/drone_detect/share/drone_detect/launch
[17.294s] -- Up-to-date: /home/quangsang/ego_ws/install/drone_detect/share/drone_detect/launch/ros_package_template_overlying_params.launch.py
[17.294s] -- Up-to-date: /home/quangsang/ego_ws/install/drone_detect/share/drone_detect/launch/drone_detect.launch.py
[17.294s] -- Up-to-date: /home/quangsang/ego_ws/install/drone_detect/share/drone_detect/config
[17.294s] -- Up-to-date: /home/quangsang/ego_ws/install/drone_detect/share/drone_detect/config/camera.yaml
[17.294s] -- Up-to-date: /home/quangsang/ego_ws/install/drone_detect/share/drone_detect/config/default.yaml
[17.294s] -- Up-to-date: /home/quangsang/ego_ws/install/drone_detect/share/ament_index/resource_index/package_run_dependencies/drone_detect
[17.294s] -- Up-to-date: /home/quangsang/ego_ws/install/drone_detect/share/ament_index/resource_index/parent_prefix_path/drone_detect
[17.294s] -- Up-to-date: /home/quangsang/ego_ws/install/drone_detect/share/drone_detect/environment/ament_prefix_path.sh
[17.294s] -- Up-to-date: /home/quangsang/ego_ws/install/drone_detect/share/drone_detect/environment/ament_prefix_path.dsv
[17.294s] -- Up-to-date: /home/quangsang/ego_ws/install/drone_detect/share/drone_detect/environment/path.sh
[17.294s] -- Up-to-date: /home/quangsang/ego_ws/install/drone_detect/share/drone_detect/environment/path.dsv
[17.294s] -- Up-to-date: /home/quangsang/ego_ws/install/drone_detect/share/drone_detect/local_setup.bash
[17.294s] -- Up-to-date: /home/quangsang/ego_ws/install/drone_detect/share/drone_detect/local_setup.sh
[17.294s] -- Up-to-date: /home/quangsang/ego_ws/install/drone_detect/share/drone_detect/local_setup.zsh
[17.294s] -- Up-to-date: /home/quangsang/ego_ws/install/drone_detect/share/drone_detect/local_setup.dsv
[17.294s] -- Installing: /home/quangsang/ego_ws/install/drone_detect/share/drone_detect/package.dsv
[17.294s] -- Up-to-date: /home/quangsang/ego_ws/install/drone_detect/share/ament_index/resource_index/packages/drone_detect
[17.294s] -- Up-to-date: /home/quangsang/ego_ws/install/drone_detect/share/drone_detect/cmake/drone_detectConfig.cmake
[17.294s] -- Up-to-date: /home/quangsang/ego_ws/install/drone_detect/share/drone_detect/cmake/drone_detectConfig-version.cmake
[17.294s] -- Up-to-date: /home/quangsang/ego_ws/install/drone_detect/share/drone_detect/package.xml
[17.295s] Invoked command in '/home/quangsang/ego_ws/build/drone_detect' returned '0': CMAKE_PREFIX_PATH=${CMAKE_PREFIX_PATH}:/home/quangsang/ros2_ws/install/gz_openvins_bridge:/home/quangsang/ros2_ws/install/obstacle_publisher:/opt/ros/humble /usr/bin/cmake --install /home/quangsang/ego_ws/build/drone_detect
